nohup: ignoring input
1 0 GRU 20 1 True 0.01 5000 0.0 ['hvac', 'fridge', 'dr', 'dw', 'mw']
Round: 500 Training Error: 182.3917236328125 Validation Error: 155.919921875 Test Error: 148.50515747070312
Round: 1000 Training Error: 157.44085693359375 Validation Error: 133.27622985839844 Test Error: 124.03654479980469
Round: 1500 Training Error: 138.52650451660156 Validation Error: 115.83528137207031 Test Error: 105.82408905029297
Round: 2000 Training Error: 120.55471801757812 Validation Error: 99.19283294677734 Test Error: 89.51029205322266
Round: 2500 Training Error: 107.02005767822266 Validation Error: 87.03437042236328 Test Error: 78.52395629882812
Round: 3000 Training Error: 97.6697006225586 Validation Error: 78.52156829833984 Test Error: 71.24127960205078
Round: 3500 Training Error: 88.99797058105469 Validation Error: 72.57257080078125 Test Error: 64.43428039550781
Round: 4000 Training Error: 85.49040222167969 Validation Error: 70.10623168945312 Test Error: 61.924560546875
Round: 4500 Training Error: 82.85736083984375 Validation Error: 68.32295227050781 Test Error: 60.239620208740234
Round: 5000 Training Error: 80.991455078125 Validation Error: 66.8919677734375 Test Error: 58.63234329223633
1 0 GRU 20 1 True 0.01 5000 0.0 ['hvac', 'fridge', 'dr', 'mw', 'dw']
Round: 500 Training Error: 180.8196258544922 Validation Error: 153.69007873535156 Test Error: 146.00706481933594
Round: 1000 Training Error: 152.78436279296875 Validation Error: 128.22250366210938 Test Error: 119.3039321899414
Round: 1500 Training Error: 134.9523468017578 Validation Error: 112.45822143554688 Test Error: 103.4250717163086
Round: 2000 Training Error: 120.91173553466797 Validation Error: 99.88045501708984 Test Error: 91.98918914794922
Round: 2500 Training Error: 109.48410034179688 Validation Error: 89.0400619506836 Test Error: 82.67781829833984
Round: 3000 Training Error: 100.92091369628906 Validation Error: 81.92548370361328 Test Error: 76.07848358154297
Round: 3500 Training Error: 96.30009460449219 Validation Error: 77.89334106445312 Test Error: 72.51094055175781
Round: 4000 Training Error: 89.60413360595703 Validation Error: 73.08990478515625 Test Error: 67.13825225830078
Round: 4500 Training Error: 84.54010772705078 Validation Error: 69.71698760986328 Test Error: 63.56835174560547
Round: 5000 Training Error: 79.95669555664062 Validation Error: 66.32957458496094 Test Error: 60.46553421020508
1 0 GRU 20 1 True 0.01 5000 0.0 ['hvac', 'fridge', 'dw', 'dr', 'mw']
Round: 500 Training Error: 183.58836364746094 Validation Error: 156.9682159423828 Test Error: 149.4174041748047
Round: 1000 Training Error: 155.7279815673828 Validation Error: 130.8652801513672 Test Error: 121.91090393066406
Round: 1500 Training Error: 134.46261596679688 Validation Error: 112.06946563720703 Test Error: 103.01753997802734
Round: 2000 Training Error: 119.3910140991211 Validation Error: 98.68099975585938 Test Error: 90.40978240966797
Round: 2500 Training Error: 107.97662353515625 Validation Error: 88.2264633178711 Test Error: 81.06884765625
Round: 3000 Training Error: 98.796875 Validation Error: 79.97976684570312 Test Error: 73.76119995117188
Round: 3500 Training Error: 92.27095031738281 Validation Error: 76.23194885253906 Test Error: 69.00676727294922
Round: 4000 Training Error: 88.52421569824219 Validation Error: 72.14183044433594 Test Error: 65.78026580810547
Round: 4500 Training Error: 82.57193756103516 Validation Error: 68.62669372558594 Test Error: 61.370201110839844
Round: 5000 Training Error: 77.89655303955078 Validation Error: 65.25086212158203 Test Error: 58.3157958984375
1 0 GRU 20 1 True 0.01 5000 0.0 ['hvac', 'fridge', 'dw', 'mw', 'dr']
Round: 500 Training Error: 181.5879364013672 Validation Error: 154.53921508789062 Test Error: 147.35867309570312
Round: 1000 Training Error: 161.22544860839844 Validation Error: 136.31698608398438 Test Error: 128.25323486328125
Round: 1500 Training Error: 136.44859313964844 Validation Error: 114.6606216430664 Test Error: 104.78433227539062
Round: 2000 Training Error: 122.3590087890625 Validation Error: 101.54175567626953 Test Error: 91.71913146972656
Round: 2500 Training Error: 109.00514221191406 Validation Error: 89.28235626220703 Test Error: 79.99832916259766
Round: 3000 Training Error: 101.6427001953125 Validation Error: 82.968017578125 Test Error: 74.02108764648438
Round: 3500 Training Error: 92.05801391601562 Validation Error: 74.52924346923828 Test Error: 65.82891845703125
Round: 4000 Training Error: 83.96320343017578 Validation Error: 68.2997055053711 Test Error: 59.4032096862793
Round: 4500 Training Error: 77.65909576416016 Validation Error: 63.326622009277344 Test Error: 54.440860748291016
Round: 5000 Training Error: 84.9932861328125 Validation Error: 69.6756591796875 Test Error: 60.425785064697266
1 0 GRU 20 1 True 0.01 5000 0.0 ['hvac', 'fridge', 'mw', 'dr', 'dw']
Round: 500 Training Error: 178.50271606445312 Validation Error: 152.04017639160156 Test Error: 144.93081665039062
Round: 1000 Training Error: 150.1744842529297 Validation Error: 126.29692840576172 Test Error: 117.55834197998047
Round: 1500 Training Error: 129.11727905273438 Validation Error: 107.88732147216797 Test Error: 98.1585693359375
Round: 2000 Training Error: 113.57557678222656 Validation Error: 93.67289733886719 Test Error: 84.65434265136719
Round: 2500 Training Error: 100.59909057617188 Validation Error: 81.78614807128906 Test Error: 73.19834899902344
Round: 3000 Training Error: 90.18663024902344 Validation Error: 73.0090560913086 Test Error: 64.40814971923828
Round: 3500 Training Error: 82.00973510742188 Validation Error: 66.47100067138672 Test Error: 57.77245330810547
Round: 4000 Training Error: 81.46942138671875 Validation Error: 66.60795593261719 Test Error: 57.39797592163086
Round: 4500 Training Error: 74.39812469482422 Validation Error: 61.34822082519531 Test Error: 51.69975662231445
Round: 5000 Training Error: 72.04087829589844 Validation Error: 60.19601058959961 Test Error: 50.18244171142578
1 0 GRU 20 1 True 0.01 5000 0.0 ['hvac', 'fridge', 'mw', 'dw', 'dr']
Round: 500 Training Error: 185.0406494140625 Validation Error: 158.2145233154297 Test Error: 150.88693237304688
Round: 1000 Training Error: 156.79739379882812 Validation Error: 131.62869262695312 Test Error: 123.06507110595703
Round: 1500 Training Error: 135.9431610107422 Validation Error: 113.4903564453125 Test Error: 104.54350280761719
Round: 2000 Training Error: 132.79811096191406 Validation Error: 110.5559310913086 Test Error: 102.87572479248047
Round: 2500 Training Error: 119.3412094116211 Validation Error: 98.08802795410156 Test Error: 91.64147186279297
Round: 3000 Training Error: 113.6043472290039 Validation Error: 92.83573913574219 Test Error: 87.18053436279297
Round: 3500 Training Error: 110.82042694091797 Validation Error: 90.45079803466797 Test Error: 85.0354995727539
Round: 4000 Training Error: 107.60802459716797 Validation Error: 87.68424987792969 Test Error: 82.5427474975586
Round: 4500 Training Error: 104.15241241455078 Validation Error: 84.79287719726562 Test Error: 79.8765869140625
Round: 5000 Training Error: 100.35549926757812 Validation Error: 81.58637237548828 Test Error: 76.98522186279297
1 0 GRU 20 1 True 0.01 5000 0.0 ['hvac', 'dr', 'fridge', 'dw', 'mw']
Round: 500 Training Error: 182.75840759277344 Validation Error: 156.27980041503906 Test Error: 149.0135955810547
Round: 1000 Training Error: 155.28433227539062 Validation Error: 130.3957061767578 Test Error: 121.79325103759766
Round: 1500 Training Error: 135.79737854003906 Validation Error: 112.66871643066406 Test Error: 104.2418441772461
Round: 2000 Training Error: 120.5964126586914 Validation Error: 99.52857208251953 Test Error: 91.4939956665039
Round: 2500 Training Error: 109.21049499511719 Validation Error: 89.17304229736328 Test Error: 82.16658020019531
Round: 3000 Training Error: 99.86686706542969 Validation Error: 80.44021606445312 Test Error: 75.05258178710938
Round: 3500 Training Error: 92.33702087402344 Validation Error: 75.12399291992188 Test Error: 69.27120208740234
Round: 4000 Training Error: 90.34918975830078 Validation Error: 73.11284637451172 Test Error: 67.5575180053711
Round: 4500 Training Error: 86.33647155761719 Validation Error: 70.56770324707031 Test Error: 64.97640991210938
Round: 5000 Training Error: 81.10155487060547 Validation Error: 66.7196273803711 Test Error: 61.30326843261719
1 0 GRU 20 1 True 0.01 5000 0.0 ['hvac', 'dr', 'fridge', 'mw', 'dw']
Round: 500 Training Error: 180.01023864746094 Validation Error: 154.16317749023438 Test Error: 146.4936981201172
Round: 1000 Training Error: 153.0717010498047 Validation Error: 129.2288360595703 Test Error: 120.22042846679688
Round: 1500 Training Error: 130.59852600097656 Validation Error: 108.7650375366211 Test Error: 99.27598571777344
Round: 2000 Training Error: 115.35136413574219 Validation Error: 94.74361419677734 Test Error: 85.74089813232422
Round: 2500 Training Error: 105.40730285644531 Validation Error: 85.01517486572266 Test Error: 77.06999969482422
Round: 3000 Training Error: 113.46844482421875 Validation Error: 92.69951629638672 Test Error: 84.43366241455078
Round: 3500 Training Error: 105.27730560302734 Validation Error: 86.05780792236328 Test Error: 77.44364929199219
Round: 4000 Training Error: 104.18168640136719 Validation Error: 84.7684097290039 Test Error: 75.86502838134766
Round: 4500 Training Error: 105.18437194824219 Validation Error: 85.57964324951172 Test Error: 77.67622375488281
Round: 5000 Training Error: 98.2035140991211 Validation Error: 80.07215118408203 Test Error: 71.3775863647461
1 0 GRU 20 1 True 0.01 5000 0.0 ['hvac', 'dr', 'dw', 'fridge', 'mw']
Round: 500 Training Error: 180.6342315673828 Validation Error: 154.1334686279297 Test Error: 145.9722442626953
Round: 1000 Training Error: 153.8494415283203 Validation Error: 129.530517578125 Test Error: 120.83843231201172
Round: 1500 Training Error: 134.6118927001953 Validation Error: 112.29131317138672 Test Error: 103.45352172851562
Round: 2000 Training Error: 120.9312744140625 Validation Error: 99.48319244384766 Test Error: 91.84021759033203
Round: 2500 Training Error: 111.67481994628906 Validation Error: 91.3845443725586 Test Error: 84.3245620727539
Round: 3000 Training Error: 101.89070129394531 Validation Error: 81.93304443359375 Test Error: 76.75942993164062
Round: 3500 Training Error: 115.90684509277344 Validation Error: 96.45758819580078 Test Error: 90.2780532836914
Round: 4000 Training Error: 96.52318572998047 Validation Error: 77.53018188476562 Test Error: 72.57412719726562
Round: 4500 Training Error: 90.70425415039062 Validation Error: 73.67457580566406 Test Error: 67.96259307861328
Round: 5000 Training Error: 85.59123992919922 Validation Error: 69.91073608398438 Test Error: 64.62842559814453
1 0 GRU 20 1 True 0.01 5000 0.0 ['hvac', 'dr', 'dw', 'mw', 'fridge']
Round: 500 Training Error: 182.10513305664062 Validation Error: 155.92782592773438 Test Error: 148.17337036132812
Round: 1000 Training Error: 158.68199157714844 Validation Error: 134.05136108398438 Test Error: 125.8613510131836
Round: 1500 Training Error: 136.39984130859375 Validation Error: 114.27631378173828 Test Error: 105.16527557373047
Round: 2000 Training Error: 121.57844543457031 Validation Error: 100.68537139892578 Test Error: 91.28374481201172
Round: 2500 Training Error: 111.85272979736328 Validation Error: 92.17506408691406 Test Error: 83.06486511230469
Round: 3000 Training Error: 105.66939544677734 Validation Error: 86.83536529541016 Test Error: 77.59362030029297
Round: 3500 Training Error: 97.1815414428711 Validation Error: 78.69280242919922 Test Error: 70.16852569580078
Round: 4000 Training Error: 94.15145874023438 Validation Error: 76.2212142944336 Test Error: 67.79893493652344
Round: 4500 Training Error: 86.36917114257812 Validation Error: 69.98704528808594 Test Error: 61.495635986328125
Round: 5000 Training Error: 80.29840850830078 Validation Error: 65.36924743652344 Test Error: 56.5650520324707
1 0 GRU 20 1 True 0.01 5000 0.0 ['hvac', 'dr', 'mw', 'fridge', 'dw']
Round: 500 Training Error: 183.49423217773438 Validation Error: 156.7964630126953 Test Error: 149.58343505859375
Round: 1000 Training Error: 156.27786254882812 Validation Error: 131.3223419189453 Test Error: 122.3036880493164
Round: 1500 Training Error: 135.64869689941406 Validation Error: 113.0736312866211 Test Error: 104.43814849853516
Round: 2000 Training Error: 124.28680419921875 Validation Error: 101.98318481445312 Test Error: 95.08897399902344
Round: 2500 Training Error: 112.4493637084961 Validation Error: 90.9420166015625 Test Error: 85.65446472167969
Round: 3000 Training Error: 106.7475357055664 Validation Error: 85.0907974243164 Test Error: 81.4216079711914
Round: 3500 Training Error: 98.85012817382812 Validation Error: 79.5172348022461 Test Error: 75.60015106201172
Round: 4000 Training Error: 92.9110336303711 Validation Error: 75.3501205444336 Test Error: 71.30567932128906
Round: 4500 Training Error: 88.38142395019531 Validation Error: 72.61895751953125 Test Error: 68.12602233886719
Round: 5000 Training Error: 83.59766387939453 Validation Error: 69.3312759399414 Test Error: 65.08538055419922
1 0 GRU 20 1 True 0.01 5000 0.0 ['hvac', 'dr', 'mw', 'dw', 'fridge']
Round: 500 Training Error: 182.67892456054688 Validation Error: 156.28048706054688 Test Error: 149.09930419921875
Round: 1000 Training Error: 162.09104919433594 Validation Error: 137.06080627441406 Test Error: 129.0564727783203
Round: 1500 Training Error: 138.2900848388672 Validation Error: 115.39949798583984 Test Error: 106.3843994140625
Round: 2000 Training Error: 119.49317932128906 Validation Error: 98.55411529541016 Test Error: 89.54200744628906
Round: 2500 Training Error: 105.05396270751953 Validation Error: 85.42223358154297 Test Error: 77.13361358642578
Round: 3000 Training Error: 93.90129089355469 Validation Error: 75.71355438232422 Test Error: 67.6999740600586
Round: 3500 Training Error: 85.40349578857422 Validation Error: 68.75587463378906 Test Error: 61.03018569946289
Round: 4000 Training Error: 77.88848876953125 Validation Error: 64.26554107666016 Test Error: 55.291133880615234
Round: 4500 Training Error: 71.47364044189453 Validation Error: 58.748260498046875 Test Error: 49.97023391723633
Round: 5000 Training Error: 66.69232940673828 Validation Error: 56.5744743347168 Test Error: 46.76311111450195
1 0 GRU 20 1 True 0.01 5000 0.0 ['hvac', 'dw', 'fridge', 'dr', 'mw']
Round: 500 Training Error: 182.09713745117188 Validation Error: 155.51214599609375 Test Error: 148.0340576171875
Round: 1000 Training Error: 154.8310089111328 Validation Error: 130.04185485839844 Test Error: 120.77985382080078
Round: 1500 Training Error: 133.94749450683594 Validation Error: 111.45686340332031 Test Error: 102.17755889892578
Round: 2000 Training Error: 118.74918365478516 Validation Error: 97.94554138183594 Test Error: 89.54292297363281
Round: 2500 Training Error: 107.10579681396484 Validation Error: 87.5750503540039 Test Error: 80.40109252929688
Round: 3000 Training Error: 97.73246002197266 Validation Error: 79.55268859863281 Test Error: 73.04122924804688
Round: 3500 Training Error: 94.0688247680664 Validation Error: 77.35334014892578 Test Error: 70.86749267578125
Round: 4000 Training Error: 91.52161407470703 Validation Error: 75.51651000976562 Test Error: 69.41068267822266
Round: 4500 Training Error: 86.28506469726562 Validation Error: 71.37486267089844 Test Error: 65.54015350341797
Round: 5000 Training Error: 83.8750991821289 Validation Error: 70.2104263305664 Test Error: 64.66154479980469
1 0 GRU 20 1 True 0.01 5000 0.0 ['hvac', 'dw', 'fridge', 'mw', 'dr']
Round: 500 Training Error: 182.75595092773438 Validation Error: 156.26412963867188 Test Error: 149.25067138671875
Round: 1000 Training Error: 153.46702575683594 Validation Error: 129.42510986328125 Test Error: 120.86474609375
Round: 1500 Training Error: 131.14952087402344 Validation Error: 109.23435974121094 Test Error: 99.98869323730469
Round: 2000 Training Error: 114.76554870605469 Validation Error: 94.58154296875 Test Error: 85.42996215820312
Round: 2500 Training Error: 101.80518341064453 Validation Error: 82.96251678466797 Test Error: 74.23444366455078
Round: 3000 Training Error: 93.3807373046875 Validation Error: 75.00444030761719 Test Error: 66.60350799560547
Round: 3500 Training Error: 87.92463684082031 Validation Error: 71.06098175048828 Test Error: 62.726165771484375
Round: 4000 Training Error: 87.0035629272461 Validation Error: 70.64006042480469 Test Error: 62.17094039916992
Round: 4500 Training Error: 94.15101623535156 Validation Error: 76.05686950683594 Test Error: 68.21162414550781
Round: 5000 Training Error: 88.71900939941406 Validation Error: 72.6722412109375 Test Error: 63.855262756347656
1 0 GRU 20 1 True 0.01 5000 0.0 ['hvac', 'dw', 'dr', 'fridge', 'mw']
Round: 500 Training Error: 180.07289123535156 Validation Error: 153.81016540527344 Test Error: 146.57090759277344
Round: 1000 Training Error: 153.05697631835938 Validation Error: 129.08248901367188 Test Error: 120.53702545166016
Round: 1500 Training Error: 134.15396118164062 Validation Error: 112.21439361572266 Test Error: 103.06170654296875
Round: 2000 Training Error: 119.77890014648438 Validation Error: 99.19960021972656 Test Error: 90.08345031738281
Round: 2500 Training Error: 106.53681945800781 Validation Error: 87.11353302001953 Test Error: 78.52777862548828
Round: 3000 Training Error: 96.67155456542969 Validation Error: 78.34646606445312 Test Error: 69.9798812866211
Round: 3500 Training Error: 91.2188491821289 Validation Error: 72.95231628417969 Test Error: 65.29006958007812
Round: 4000 Training Error: 84.3375015258789 Validation Error: 68.92283630371094 Test Error: 60.04463577270508
Round: 4500 Training Error: 79.88191223144531 Validation Error: 64.89704132080078 Test Error: 56.4130744934082
Round: 5000 Training Error: 75.2226791381836 Validation Error: 61.54922866821289 Test Error: 52.88376235961914
1 0 GRU 20 1 True 0.01 5000 0.0 ['hvac', 'dw', 'dr', 'mw', 'fridge']
Round: 500 Training Error: 181.91810607910156 Validation Error: 154.84091186523438 Test Error: 147.35665893554688
Round: 1000 Training Error: 153.6228485107422 Validation Error: 129.28257751464844 Test Error: 120.52378845214844
Round: 1500 Training Error: 134.34347534179688 Validation Error: 111.60818481445312 Test Error: 103.3313217163086
Round: 2000 Training Error: 121.73565673828125 Validation Error: 99.17809295654297 Test Error: 91.95498657226562
Round: 2500 Training Error: 111.02561950683594 Validation Error: 89.39264678955078 Test Error: 84.2823486328125
Round: 3000 Training Error: 102.62103271484375 Validation Error: 82.18191528320312 Test Error: 77.56450653076172
Round: 3500 Training Error: 95.64153289794922 Validation Error: 77.00767517089844 Test Error: 72.18582153320312
Round: 4000 Training Error: 92.85606384277344 Validation Error: 74.7608871459961 Test Error: 70.23072814941406
Round: 4500 Training Error: 89.23198699951172 Validation Error: 72.68693542480469 Test Error: 67.62104797363281
Round: 5000 Training Error: 86.29376220703125 Validation Error: 70.66300201416016 Test Error: 65.69789123535156
1 0 GRU 20 1 True 0.01 5000 0.0 ['hvac', 'dw', 'mw', 'fridge', 'dr']
Round: 500 Training Error: 179.9612579345703 Validation Error: 153.9239044189453 Test Error: 146.22378540039062
Round: 1000 Training Error: 151.3857421875 Validation Error: 127.50736999511719 Test Error: 118.52372741699219
Round: 1500 Training Error: 131.7021026611328 Validation Error: 109.904052734375 Test Error: 100.3626937866211
Round: 2000 Training Error: 115.97521209716797 Validation Error: 95.46603393554688 Test Error: 86.17430114746094
Round: 2500 Training Error: 106.70965576171875 Validation Error: 87.22620391845703 Test Error: 78.2536392211914
Round: 3000 Training Error: 95.85675811767578 Validation Error: 77.80322265625 Test Error: 69.22713470458984
Round: 3500 Training Error: 87.10883331298828 Validation Error: 71.30693054199219 Test Error: 62.21944046020508
Round: 4000 Training Error: 82.33091735839844 Validation Error: 67.05072021484375 Test Error: 58.79299545288086
Round: 4500 Training Error: 76.59825134277344 Validation Error: 63.038421630859375 Test Error: 53.38865280151367
Round: 5000 Training Error: 71.45428466796875 Validation Error: 59.389556884765625 Test Error: 49.505523681640625
1 0 GRU 20 1 True 0.01 5000 0.0 ['hvac', 'dw', 'mw', 'dr', 'fridge']
Round: 500 Training Error: 183.70677185058594 Validation Error: 157.47030639648438 Test Error: 150.05645751953125
Round: 1000 Training Error: 160.49417114257812 Validation Error: 136.169189453125 Test Error: 127.915771484375
Round: 1500 Training Error: 138.75462341308594 Validation Error: 116.54753875732422 Test Error: 107.4354248046875
Round: 2000 Training Error: 122.5107421875 Validation Error: 101.76973724365234 Test Error: 92.48140716552734
Round: 2500 Training Error: 107.70506286621094 Validation Error: 88.07626342773438 Test Error: 79.88436126708984
Round: 3000 Training Error: 96.5807113647461 Validation Error: 78.3073501586914 Test Error: 70.44807434082031
Round: 3500 Training Error: 86.88179016113281 Validation Error: 70.59099578857422 Test Error: 62.206478118896484
Round: 4000 Training Error: 79.38927459716797 Validation Error: 65.2520751953125 Test Error: 56.313392639160156
Round: 4500 Training Error: 76.37059783935547 Validation Error: 62.31990051269531 Test Error: 53.89411544799805
Round: 5000 Training Error: 70.58639526367188 Validation Error: 58.5881233215332 Test Error: 49.33784484863281
1 0 GRU 20 1 True 0.01 5000 0.0 ['hvac', 'mw', 'fridge', 'dr', 'dw']
Round: 500 Training Error: 183.33148193359375 Validation Error: 156.67813110351562 Test Error: 149.6345977783203
Round: 1000 Training Error: 159.70994567871094 Validation Error: 135.30418395996094 Test Error: 126.80498504638672
Round: 1500 Training Error: 136.2772674560547 Validation Error: 114.05042266845703 Test Error: 104.70980072021484
Round: 2000 Training Error: 118.31651306152344 Validation Error: 97.91033935546875 Test Error: 88.22039031982422
Round: 2500 Training Error: 105.35441589355469 Validation Error: 86.40615844726562 Test Error: 77.34843444824219
Round: 3000 Training Error: 94.68879699707031 Validation Error: 76.92941284179688 Test Error: 68.34862518310547
Round: 3500 Training Error: 94.53717803955078 Validation Error: 76.69766235351562 Test Error: 68.1539077758789
Round: 4000 Training Error: 85.95315551757812 Validation Error: 69.74368286132812 Test Error: 61.19016647338867
Round: 4500 Training Error: 79.79368591308594 Validation Error: 64.5247573852539 Test Error: 55.826988220214844
Round: 5000 Training Error: 73.14231872558594 Validation Error: 60.61467742919922 Test Error: 50.83910369873047
1 0 GRU 20 1 True 0.01 5000 0.0 ['hvac', 'mw', 'fridge', 'dw', 'dr']
Round: 500 Training Error: 183.9263916015625 Validation Error: 157.40260314941406 Test Error: 149.67213439941406
Round: 1000 Training Error: 156.21900939941406 Validation Error: 131.38844299316406 Test Error: 122.94644927978516
Round: 1500 Training Error: 135.4212646484375 Validation Error: 112.64920806884766 Test Error: 104.26873016357422
Round: 2000 Training Error: 120.12076568603516 Validation Error: 99.29080963134766 Test Error: 91.2703628540039
Round: 2500 Training Error: 108.50407409667969 Validation Error: 88.53509521484375 Test Error: 82.41151428222656
Round: 3000 Training Error: 99.23538208007812 Validation Error: 81.22575378417969 Test Error: 75.39795684814453
Round: 3500 Training Error: 92.46534729003906 Validation Error: 76.41305541992188 Test Error: 70.34544372558594
Round: 4000 Training Error: 88.20568084716797 Validation Error: 73.24312591552734 Test Error: 67.87103271484375
Round: 4500 Training Error: 86.76133728027344 Validation Error: 72.6453628540039 Test Error: 67.50147247314453
Round: 5000 Training Error: 82.65441131591797 Validation Error: 70.38127136230469 Test Error: 65.3923110961914
1 0 GRU 20 1 True 0.01 5000 0.0 ['hvac', 'mw', 'dr', 'fridge', 'dw']
Round: 500 Training Error: 181.15834045410156 Validation Error: 154.81019592285156 Test Error: 147.52943420410156
Round: 1000 Training Error: 160.55722045898438 Validation Error: 135.90721130371094 Test Error: 127.61190795898438
Round: 1500 Training Error: 136.26852416992188 Validation Error: 113.8891372680664 Test Error: 104.78998565673828
Round: 2000 Training Error: 121.23641967773438 Validation Error: 99.41127014160156 Test Error: 90.46461486816406
Round: 2500 Training Error: 104.72654724121094 Validation Error: 85.38504028320312 Test Error: 76.88400268554688
Round: 3000 Training Error: 94.03766632080078 Validation Error: 76.60331726074219 Test Error: 68.1366195678711
Round: 3500 Training Error: 89.83902740478516 Validation Error: 72.75753784179688 Test Error: 64.82284545898438
Round: 4000 Training Error: 81.13687133789062 Validation Error: 65.9267578125 Test Error: 57.47172546386719
Round: 4500 Training Error: 82.49775695800781 Validation Error: 67.03150177001953 Test Error: 58.550655364990234
Round: 5000 Training Error: 80.5952377319336 Validation Error: 65.39264678955078 Test Error: 57.25718688964844
1 0 GRU 20 1 True 0.01 5000 0.0 ['hvac', 'mw', 'dr', 'dw', 'fridge']
Round: 500 Training Error: 183.3271942138672 Validation Error: 156.45791625976562 Test Error: 149.18359375
Round: 1000 Training Error: 155.45069885253906 Validation Error: 130.62408447265625 Test Error: 121.58677673339844
Round: 1500 Training Error: 134.604248046875 Validation Error: 112.1964111328125 Test Error: 103.40357208251953
Round: 2000 Training Error: 122.23715209960938 Validation Error: 99.91297912597656 Test Error: 91.7370834350586
Round: 2500 Training Error: 109.46923828125 Validation Error: 88.25440979003906 Test Error: 81.56781768798828
Round: 3000 Training Error: 99.83267974853516 Validation Error: 80.45490264892578 Test Error: 74.59673309326172
Round: 3500 Training Error: 95.27896118164062 Validation Error: 76.9280776977539 Test Error: 71.79874420166016
Round: 4000 Training Error: 89.6059341430664 Validation Error: 72.5905532836914 Test Error: 67.50267028808594
Round: 4500 Training Error: 88.25304412841797 Validation Error: 71.6504135131836 Test Error: 66.63827514648438
Round: 5000 Training Error: 85.30345916748047 Validation Error: 70.39427185058594 Test Error: 65.7297592163086
1 0 GRU 20 1 True 0.01 5000 0.0 ['hvac', 'mw', 'dw', 'fridge', 'dr']
Round: 500 Training Error: 178.6734161376953 Validation Error: 152.7689208984375 Test Error: 144.73536682128906
Round: 1000 Training Error: 154.48068237304688 Validation Error: 130.5535125732422 Test Error: 121.62162780761719
Round: 1500 Training Error: 132.6945343017578 Validation Error: 111.37862396240234 Test Error: 101.61870574951172
Round: 2000 Training Error: 117.09367370605469 Validation Error: 96.81767272949219 Test Error: 87.56707000732422
Round: 2500 Training Error: 105.82633209228516 Validation Error: 86.81008911132812 Test Error: 77.82884979248047
Round: 3000 Training Error: 95.08846282958984 Validation Error: 77.15535736083984 Test Error: 68.54655456542969
Round: 3500 Training Error: 90.00753784179688 Validation Error: 73.24183654785156 Test Error: 64.36348724365234
Round: 4000 Training Error: 85.65629577636719 Validation Error: 69.76995086669922 Test Error: 60.84360122680664
Round: 4500 Training Error: 78.98805236816406 Validation Error: 64.46361541748047 Test Error: 55.42390441894531
Round: 5000 Training Error: 73.55850982666016 Validation Error: 60.90543746948242 Test Error: 51.19444274902344
1 0 GRU 20 1 True 0.01 5000 0.0 ['hvac', 'mw', 'dw', 'dr', 'fridge']
Round: 500 Training Error: 181.92164611816406 Validation Error: 155.54794311523438 Test Error: 148.27525329589844
Round: 1000 Training Error: 158.74957275390625 Validation Error: 134.77194213867188 Test Error: 126.15597534179688
Round: 1500 Training Error: 135.15940856933594 Validation Error: 113.22000122070312 Test Error: 104.0329818725586
Round: 2000 Training Error: 116.92505645751953 Validation Error: 96.749267578125 Test Error: 88.06761932373047
Round: 2500 Training Error: 106.64222717285156 Validation Error: 87.47828674316406 Test Error: 78.80247497558594
Round: 3000 Training Error: 99.58279418945312 Validation Error: 81.28260803222656 Test Error: 72.83118438720703
Round: 3500 Training Error: 88.62390899658203 Validation Error: 72.19639587402344 Test Error: 63.81792449951172
Round: 4000 Training Error: 81.43171691894531 Validation Error: 65.89720153808594 Test Error: 57.8043212890625
Round: 4500 Training Error: 75.44654846191406 Validation Error: 62.8790168762207 Test Error: 53.300601959228516
Round: 5000 Training Error: 69.0306167602539 Validation Error: 57.79131317138672 Test Error: 48.35232162475586
1 0 GRU 20 1 True 0.01 5000 0.0 ['fridge', 'hvac', 'dr', 'dw', 'mw']
Round: 500 Training Error: 173.90354919433594 Validation Error: 147.8040008544922 Test Error: 140.43850708007812
Round: 1000 Training Error: 146.93333435058594 Validation Error: 123.54803466796875 Test Error: 114.26824188232422
Round: 1500 Training Error: 126.88720703125 Validation Error: 105.5556869506836 Test Error: 95.58653259277344
Round: 2000 Training Error: 111.20734405517578 Validation Error: 91.33285522460938 Test Error: 81.9029769897461
Round: 2500 Training Error: 98.81362915039062 Validation Error: 80.26244354248047 Test Error: 71.21280670166016
Round: 3000 Training Error: 88.43067169189453 Validation Error: 71.48457336425781 Test Error: 62.815673828125
Round: 3500 Training Error: 82.6371078491211 Validation Error: 67.14386749267578 Test Error: 57.921783447265625
Round: 4000 Training Error: 75.22427368164062 Validation Error: 61.85005569458008 Test Error: 52.042972564697266
Round: 4500 Training Error: 69.17797088623047 Validation Error: 57.57148361206055 Test Error: 47.253875732421875
Round: 5000 Training Error: 64.07319641113281 Validation Error: 54.17414855957031 Test Error: 43.90350341796875
1 0 GRU 20 1 True 0.01 5000 0.0 ['fridge', 'hvac', 'dr', 'mw', 'dw']
Round: 500 Training Error: 174.0485076904297 Validation Error: 147.8898468017578 Test Error: 140.60865783691406
Round: 1000 Training Error: 146.87266540527344 Validation Error: 123.6973876953125 Test Error: 114.28842163085938
Round: 1500 Training Error: 126.85535430908203 Validation Error: 105.47087097167969 Test Error: 95.6363754272461
Round: 2000 Training Error: 111.15365600585938 Validation Error: 91.23503112792969 Test Error: 81.77195739746094
Round: 2500 Training Error: 98.76983642578125 Validation Error: 80.08232116699219 Test Error: 71.30049896240234
Round: 3000 Training Error: 88.49858093261719 Validation Error: 71.47098541259766 Test Error: 62.6301383972168
Round: 3500 Training Error: 80.14844512939453 Validation Error: 65.32586669921875 Test Error: 55.898033142089844
Round: 4000 Training Error: 73.35101318359375 Validation Error: 60.423336029052734 Test Error: 50.328651428222656
Round: 4500 Training Error: 67.60355377197266 Validation Error: 56.63771057128906 Test Error: 46.24195861816406
Round: 5000 Training Error: 62.81764221191406 Validation Error: 53.53988265991211 Test Error: 43.28905487060547
1 0 GRU 20 1 True 0.01 5000 0.0 ['fridge', 'hvac', 'dw', 'dr', 'mw']
Round: 500 Training Error: 174.59791564941406 Validation Error: 148.29359436035156 Test Error: 141.11770629882812
Round: 1000 Training Error: 148.9768829345703 Validation Error: 125.35225677490234 Test Error: 116.1202392578125
Round: 1500 Training Error: 130.54412841796875 Validation Error: 108.72315979003906 Test Error: 99.25057220458984
Round: 2000 Training Error: 113.98089599609375 Validation Error: 93.8036117553711 Test Error: 84.25533294677734
Round: 2500 Training Error: 100.6570053100586 Validation Error: 81.74406433105469 Test Error: 73.03097534179688
Round: 3000 Training Error: 90.14508819580078 Validation Error: 72.88987731933594 Test Error: 64.13423919677734
Round: 3500 Training Error: 81.49104309082031 Validation Error: 66.48299407958984 Test Error: 57.27444839477539
Round: 4000 Training Error: 74.33959197998047 Validation Error: 61.23955535888672 Test Error: 51.33721923828125
Round: 4500 Training Error: 68.46255493164062 Validation Error: 57.18596267700195 Test Error: 46.83238220214844
Round: 5000 Training Error: 63.54640197753906 Validation Error: 53.816688537597656 Test Error: 43.494956970214844
