nohup: ignoring input
5 0 0.01 20000 0.2 ['hvac', 'dw', 'fridge', 'residual', 'mw', 'dr']
Round: 500 Training Error: 154.83802795410156 Validation Error: 161.76119995117188 Test Error: 137.83169555664062
Round: 1000 Training Error: 185.99012756347656 Validation Error: 156.0925750732422 Test Error: 139.31190490722656
Round: 1500 Training Error: 132.00082397460938 Validation Error: 148.94757080078125 Test Error: 139.9156951904297
Round: 2000 Training Error: 122.42662048339844 Validation Error: 143.78448486328125 Test Error: 132.85682678222656
Round: 2500 Training Error: 118.76887512207031 Validation Error: 142.95159912109375 Test Error: 133.2662811279297
Round: 3000 Training Error: 117.62503814697266 Validation Error: 143.70697021484375 Test Error: 133.28822326660156
Round: 3500 Training Error: 115.84341430664062 Validation Error: 144.619384765625 Test Error: 134.83091735839844
Round: 4000 Training Error: 118.76496124267578 Validation Error: 146.1798858642578 Test Error: 135.40748596191406
Round: 4500 Training Error: 115.39373016357422 Validation Error: 146.33267211914062 Test Error: 137.24290466308594
Round: 5000 Training Error: 115.14066314697266 Validation Error: 145.6837615966797 Test Error: 135.62351989746094
Round: 5500 Training Error: 114.12376403808594 Validation Error: 147.77105712890625 Test Error: 137.6183319091797
Round: 6000 Training Error: 113.48117065429688 Validation Error: 143.96058654785156 Test Error: 136.22528076171875
Round: 6500 Training Error: 113.35558319091797 Validation Error: 144.1468505859375 Test Error: 135.57806396484375
Round: 7000 Training Error: 113.48185729980469 Validation Error: 144.73196411132812 Test Error: 135.46591186523438
Round: 7500 Training Error: 113.48490905761719 Validation Error: 145.77098083496094 Test Error: 137.21092224121094
Round: 8000 Training Error: 112.30651092529297 Validation Error: 144.7696533203125 Test Error: 137.50680541992188
Round: 8500 Training Error: 163.78353881835938 Validation Error: 146.72048950195312 Test Error: 140.09620666503906
Round: 9000 Training Error: 112.51007080078125 Validation Error: 148.41421508789062 Test Error: 138.72171020507812
Round: 9500 Training Error: 114.52130889892578 Validation Error: 141.58056640625 Test Error: 134.92259216308594
Round: 10000 Training Error: 119.28382110595703 Validation Error: 145.2276153564453 Test Error: 135.8369598388672
Round: 10500 Training Error: 162.8377685546875 Validation Error: 146.4552459716797 Test Error: 137.22471618652344
Round: 11000 Training Error: 111.42791748046875 Validation Error: 146.41331481933594 Test Error: 136.75140380859375
Round: 11500 Training Error: 111.04646301269531 Validation Error: 149.37562561035156 Test Error: 140.30807495117188
Round: 12000 Training Error: 110.71922302246094 Validation Error: 149.7429656982422 Test Error: 140.9375457763672
Round: 12500 Training Error: 161.33819580078125 Validation Error: 147.60633850097656 Test Error: 137.75485229492188
Round: 13000 Training Error: 160.89871215820312 Validation Error: 149.23655700683594 Test Error: 139.09426879882812
Round: 13500 Training Error: 110.17859649658203 Validation Error: 150.34381103515625 Test Error: 140.0764923095703
Round: 14000 Training Error: 112.1498031616211 Validation Error: 145.12290954589844 Test Error: 141.73800659179688
Round: 14500 Training Error: 159.6046600341797 Validation Error: 149.6806640625 Test Error: 139.1444091796875
Round: 15000 Training Error: 160.05447387695312 Validation Error: 153.00253295898438 Test Error: 141.1894073486328
Round: 15500 Training Error: 109.3657455444336 Validation Error: 152.72299194335938 Test Error: 142.2169647216797
Round: 16000 Training Error: 109.34478759765625 Validation Error: 152.619873046875 Test Error: 142.7869873046875
Round: 16500 Training Error: 111.12054443359375 Validation Error: 147.9486541748047 Test Error: 143.3487548828125
Round: 17000 Training Error: 110.80750274658203 Validation Error: 161.58047485351562 Test Error: 145.8243408203125
Round: 17500 Training Error: 110.34483337402344 Validation Error: 146.8885040283203 Test Error: 139.29417419433594
Round: 18000 Training Error: 114.97017669677734 Validation Error: 143.61752319335938 Test Error: 136.41567993164062
Round: 18500 Training Error: 111.1104507446289 Validation Error: 151.27806091308594 Test Error: 141.6678009033203
Round: 19000 Training Error: 158.6875457763672 Validation Error: 152.48150634765625 Test Error: 141.78079223632812
Round: 19500 Training Error: 159.7504425048828 Validation Error: 148.88426208496094 Test Error: 142.92657470703125
Round: 20000 Training Error: 108.96295928955078 Validation Error: 152.47235107421875 Test Error: 143.2930908203125
5 0 0.01 20000 0.4 ['hvac', 'dw', 'fridge', 'residual', 'mw', 'dr']
Round: 500 Training Error: 157.27682495117188 Validation Error: 161.17955017089844 Test Error: 136.46456909179688
Round: 1000 Training Error: 179.42449951171875 Validation Error: 156.9221954345703 Test Error: 136.27798461914062
Round: 1500 Training Error: 140.65682983398438 Validation Error: 150.11398315429688 Test Error: 137.1464385986328
Round: 2000 Training Error: 172.47653198242188 Validation Error: 143.15843200683594 Test Error: 133.26126098632812
Round: 2500 Training Error: 167.5525665283203 Validation Error: 141.04124450683594 Test Error: 136.8143310546875
Round: 3000 Training Error: 124.8619613647461 Validation Error: 143.24005126953125 Test Error: 138.74391174316406
Round: 3500 Training Error: 124.14787292480469 Validation Error: 142.48287963867188 Test Error: 135.42144775390625
Round: 4000 Training Error: 121.34140014648438 Validation Error: 141.90570068359375 Test Error: 136.30245971679688
Round: 4500 Training Error: 119.53374481201172 Validation Error: 142.26451110839844 Test Error: 140.27117919921875
Round: 5000 Training Error: 161.8173828125 Validation Error: 140.85232543945312 Test Error: 139.46148681640625
Round: 5500 Training Error: 116.83348083496094 Validation Error: 139.87037658691406 Test Error: 135.5381622314453
Round: 6000 Training Error: 117.4874038696289 Validation Error: 138.46499633789062 Test Error: 132.73196411132812
Round: 6500 Training Error: 116.80501556396484 Validation Error: 139.76918029785156 Test Error: 135.18582153320312
Round: 7000 Training Error: 115.19061279296875 Validation Error: 139.44515991210938 Test Error: 135.26466369628906
Round: 7500 Training Error: 115.18108367919922 Validation Error: 141.24375915527344 Test Error: 136.7552032470703
Round: 8000 Training Error: 116.66649627685547 Validation Error: 140.49803161621094 Test Error: 134.41270446777344
Round: 8500 Training Error: 157.7943572998047 Validation Error: 138.4187774658203 Test Error: 135.55274963378906
Round: 9000 Training Error: 115.29695129394531 Validation Error: 140.3407440185547 Test Error: 135.29641723632812
Round: 9500 Training Error: 115.18529510498047 Validation Error: 139.07032775878906 Test Error: 136.0411834716797
Round: 10000 Training Error: 158.5040283203125 Validation Error: 141.40260314941406 Test Error: 135.3522491455078
Round: 10500 Training Error: 156.2256622314453 Validation Error: 140.62327575683594 Test Error: 137.62623596191406
Round: 11000 Training Error: 169.875732421875 Validation Error: 135.11012268066406 Test Error: 125.31250762939453
Round: 11500 Training Error: 143.63719177246094 Validation Error: 141.01930236816406 Test Error: 131.9102020263672
Round: 12000 Training Error: 125.12779235839844 Validation Error: 133.89598083496094 Test Error: 130.33633422851562
Round: 12500 Training Error: 162.71665954589844 Validation Error: 135.71600341796875 Test Error: 133.66909790039062
Round: 13000 Training Error: 161.03018188476562 Validation Error: 134.88172912597656 Test Error: 132.05020141601562
Round: 13500 Training Error: 120.63236999511719 Validation Error: 135.57550048828125 Test Error: 134.4573974609375
Round: 14000 Training Error: 161.16236877441406 Validation Error: 138.2878875732422 Test Error: 133.73333740234375
Round: 14500 Training Error: 158.0477294921875 Validation Error: 136.1344757080078 Test Error: 134.2994842529297
Round: 15000 Training Error: 159.73016357421875 Validation Error: 138.1292724609375 Test Error: 134.3661651611328
Round: 15500 Training Error: 119.03077697753906 Validation Error: 137.45620727539062 Test Error: 134.420166015625
Round: 16000 Training Error: 159.10430908203125 Validation Error: 140.6616973876953 Test Error: 133.28585815429688
Round: 16500 Training Error: 117.25138092041016 Validation Error: 139.2592315673828 Test Error: 135.23365783691406
Round: 17000 Training Error: 118.66688537597656 Validation Error: 138.99127197265625 Test Error: 135.03993225097656
Round: 17500 Training Error: 116.91109466552734 Validation Error: 140.61077880859375 Test Error: 134.66941833496094
Round: 18000 Training Error: 116.87889099121094 Validation Error: 141.20266723632812 Test Error: 134.5880889892578
Round: 18500 Training Error: 119.84274291992188 Validation Error: 139.74026489257812 Test Error: 136.19703674316406
Round: 19000 Training Error: 156.8151092529297 Validation Error: 139.3364715576172 Test Error: 130.4429473876953
Round: 19500 Training Error: 155.60621643066406 Validation Error: 142.80282592773438 Test Error: 134.81005859375
Round: 20000 Training Error: 120.84358978271484 Validation Error: 140.32421875 Test Error: 132.21652221679688
5 0 0.01 20000 0.8 ['hvac', 'dw', 'fridge', 'residual', 'mw', 'dr']
Round: 500 Training Error: 176.03610229492188 Validation Error: 172.03956604003906 Test Error: 151.32415771484375
Round: 1000 Training Error: 166.57298278808594 Validation Error: 164.06393432617188 Test Error: 143.64120483398438
Round: 1500 Training Error: 161.12664794921875 Validation Error: 153.91940307617188 Test Error: 139.21315002441406
Round: 2000 Training Error: 157.3095703125 Validation Error: 152.1960906982422 Test Error: 141.49700927734375
Round: 2500 Training Error: 155.56082153320312 Validation Error: 150.9789581298828 Test Error: 142.1681365966797
Round: 3000 Training Error: 152.94619750976562 Validation Error: 148.30160522460938 Test Error: 139.60531616210938
Round: 3500 Training Error: 152.14366149902344 Validation Error: 148.24838256835938 Test Error: 142.39474487304688
Round: 4000 Training Error: 130.2069854736328 Validation Error: 148.44566345214844 Test Error: 140.56112670898438
Round: 4500 Training Error: 150.4413604736328 Validation Error: 149.699951171875 Test Error: 144.7938232421875
Round: 5000 Training Error: 149.31417846679688 Validation Error: 147.7822265625 Test Error: 143.80543518066406
Round: 5500 Training Error: 148.99530029296875 Validation Error: 146.22067260742188 Test Error: 142.57598876953125
Round: 6000 Training Error: 150.67982482910156 Validation Error: 145.47410583496094 Test Error: 141.31944274902344
Round: 6500 Training Error: 147.982421875 Validation Error: 148.63812255859375 Test Error: 147.39366149902344
Round: 7000 Training Error: 149.21734619140625 Validation Error: 147.1559295654297 Test Error: 141.612060546875
Round: 7500 Training Error: 125.30225372314453 Validation Error: 151.29718017578125 Test Error: 146.25083923339844
Round: 8000 Training Error: 147.75643920898438 Validation Error: 147.53836059570312 Test Error: 144.3312225341797
Round: 8500 Training Error: 147.81134033203125 Validation Error: 149.72879028320312 Test Error: 145.30926513671875
Round: 9000 Training Error: 148.5091552734375 Validation Error: 148.27523803710938 Test Error: 143.94076538085938
Round: 9500 Training Error: 123.619140625 Validation Error: 147.83441162109375 Test Error: 144.07662963867188
Round: 10000 Training Error: 147.6811065673828 Validation Error: 146.88319396972656 Test Error: 143.8870849609375
Round: 10500 Training Error: 146.4982452392578 Validation Error: 146.4817352294922 Test Error: 143.97581481933594
Round: 11000 Training Error: 149.40023803710938 Validation Error: 144.69683837890625 Test Error: 140.3251495361328
Round: 11500 Training Error: 148.3453826904297 Validation Error: 147.29025268554688 Test Error: 141.92971801757812
Round: 12000 Training Error: 147.9762420654297 Validation Error: 145.37765502929688 Test Error: 143.63131713867188
Round: 12500 Training Error: 145.1516876220703 Validation Error: 150.10658264160156 Test Error: 144.8491973876953
Round: 13000 Training Error: 147.27569580078125 Validation Error: 148.23887634277344 Test Error: 141.8533477783203
Round: 13500 Training Error: 144.7270050048828 Validation Error: 149.56033325195312 Test Error: 145.3688201904297
Round: 14000 Training Error: 145.47390747070312 Validation Error: 155.3037109375 Test Error: 151.6339569091797
Round: 14500 Training Error: 144.61395263671875 Validation Error: 151.2589111328125 Test Error: 146.33740234375
Round: 15000 Training Error: 144.5272979736328 Validation Error: 149.25660705566406 Test Error: 144.54714965820312
Round: 15500 Training Error: 121.12598419189453 Validation Error: 147.1333465576172 Test Error: 143.94422912597656
Round: 16000 Training Error: 144.9668426513672 Validation Error: 147.00067138671875 Test Error: 142.4852752685547
Round: 16500 Training Error: 125.39460754394531 Validation Error: 142.98196411132812 Test Error: 138.8142547607422
Round: 17000 Training Error: 145.5428924560547 Validation Error: 145.94418334960938 Test Error: 142.12501525878906
Round: 17500 Training Error: 121.48778533935547 Validation Error: 148.11212158203125 Test Error: 143.77120971679688
Round: 18000 Training Error: 143.83685302734375 Validation Error: 145.9339599609375 Test Error: 144.8839874267578
Round: 18500 Training Error: 145.13967895507812 Validation Error: 145.0820770263672 Test Error: 141.5859832763672
Round: 19000 Training Error: 145.851806640625 Validation Error: 146.55885314941406 Test Error: 143.87950134277344
Round: 19500 Training Error: 143.6345977783203 Validation Error: 147.4968719482422 Test Error: 145.067138671875
Round: 20000 Training Error: 143.8065948486328 Validation Error: 146.97329711914062 Test Error: 143.9630584716797
5 0 0.01 20000 0.2 ['hvac', 'dw', 'dr', 'fridge', 'mw', 'residual']
Round: 500 Training Error: 149.69607543945312 Validation Error: 161.1011199951172 Test Error: 138.86712646484375
Round: 1000 Training Error: 190.219482421875 Validation Error: 155.90989685058594 Test Error: 134.69935607910156
Round: 1500 Training Error: 126.20252227783203 Validation Error: 145.26461791992188 Test Error: 131.8596649169922
Round: 2000 Training Error: 119.50552368164062 Validation Error: 140.65113830566406 Test Error: 131.1842803955078
Round: 2500 Training Error: 117.14065551757812 Validation Error: 139.27853393554688 Test Error: 132.96609497070312
Round: 3000 Training Error: 115.29659271240234 Validation Error: 138.87481689453125 Test Error: 133.03726196289062
Round: 3500 Training Error: 113.95173645019531 Validation Error: 140.26832580566406 Test Error: 134.2837371826172
Round: 4000 Training Error: 115.09512329101562 Validation Error: 138.60296630859375 Test Error: 132.4437255859375
Round: 4500 Training Error: 112.07869720458984 Validation Error: 138.76467895507812 Test Error: 135.72373962402344
Round: 5000 Training Error: 113.2955551147461 Validation Error: 136.86471557617188 Test Error: 132.29470825195312
Round: 5500 Training Error: 111.50822448730469 Validation Error: 138.6559600830078 Test Error: 135.8195343017578
Round: 6000 Training Error: 111.37939453125 Validation Error: 138.9635009765625 Test Error: 135.3580322265625
Round: 6500 Training Error: 112.53720092773438 Validation Error: 138.27017211914062 Test Error: 137.00701904296875
Round: 7000 Training Error: 110.96958923339844 Validation Error: 139.53890991210938 Test Error: 137.5095977783203
Round: 7500 Training Error: 111.72364044189453 Validation Error: 138.28221130371094 Test Error: 137.10214233398438
Round: 8000 Training Error: 109.71954345703125 Validation Error: 139.42483520507812 Test Error: 135.69288635253906
Round: 8500 Training Error: 172.43701171875 Validation Error: 140.51748657226562 Test Error: 138.1248016357422
Round: 9000 Training Error: 110.59562683105469 Validation Error: 138.79586791992188 Test Error: 137.6624298095703
Round: 9500 Training Error: 112.62470245361328 Validation Error: 139.8201141357422 Test Error: 134.14016723632812
Round: 10000 Training Error: 112.55632781982422 Validation Error: 140.43218994140625 Test Error: 139.3988494873047
Round: 10500 Training Error: 170.22732543945312 Validation Error: 139.46327209472656 Test Error: 135.43434143066406
Round: 11000 Training Error: 110.08897399902344 Validation Error: 138.95037841796875 Test Error: 135.3148193359375
Round: 11500 Training Error: 110.2950668334961 Validation Error: 140.46470642089844 Test Error: 138.26449584960938
Round: 12000 Training Error: 109.4944076538086 Validation Error: 141.10447692871094 Test Error: 135.55685424804688
Round: 12500 Training Error: 173.39715576171875 Validation Error: 139.2692108154297 Test Error: 137.78952026367188
Round: 13000 Training Error: 170.2235565185547 Validation Error: 140.37184143066406 Test Error: 136.3937530517578
Round: 13500 Training Error: 109.33011627197266 Validation Error: 140.047119140625 Test Error: 135.82699584960938
Round: 14000 Training Error: 110.55989074707031 Validation Error: 139.80538940429688 Test Error: 134.04745483398438
Round: 14500 Training Error: 167.890625 Validation Error: 140.52838134765625 Test Error: 137.18630981445312
Round: 15000 Training Error: 168.19891357421875 Validation Error: 141.10691833496094 Test Error: 138.56578063964844
Round: 15500 Training Error: 108.0272445678711 Validation Error: 140.50872802734375 Test Error: 137.3496551513672
Round: 16000 Training Error: 107.49333190917969 Validation Error: 141.22784423828125 Test Error: 137.3621368408203
Round: 16500 Training Error: 108.15699768066406 Validation Error: 141.92605590820312 Test Error: 137.69512939453125
Round: 17000 Training Error: 111.92425537109375 Validation Error: 142.48867797851562 Test Error: 136.2393035888672
Round: 17500 Training Error: 108.56603240966797 Validation Error: 142.01083374023438 Test Error: 138.057861328125
Round: 18000 Training Error: 107.89340209960938 Validation Error: 142.63909912109375 Test Error: 137.82742309570312
Round: 18500 Training Error: 111.37191772460938 Validation Error: 141.5486602783203 Test Error: 138.75953674316406
Round: 19000 Training Error: 167.4879913330078 Validation Error: 143.2396697998047 Test Error: 137.58644104003906
Round: 19500 Training Error: 168.7746124267578 Validation Error: 141.0755157470703 Test Error: 136.1251220703125
Round: 20000 Training Error: 107.14253234863281 Validation Error: 142.9824676513672 Test Error: 138.7532501220703
5 0 0.01 20000 0.4 ['hvac', 'dw', 'dr', 'fridge', 'mw', 'residual']
Round: 500 Training Error: 162.35009765625 Validation Error: 162.4518280029297 Test Error: 142.4787139892578
Round: 1000 Training Error: 183.0535430908203 Validation Error: 159.921142578125 Test Error: 142.4564666748047
Round: 1500 Training Error: 145.14830017089844 Validation Error: 150.1437225341797 Test Error: 137.7303924560547
Round: 2000 Training Error: 177.7460479736328 Validation Error: 148.21522521972656 Test Error: 134.39698791503906
Round: 2500 Training Error: 174.96426391601562 Validation Error: 143.35496520996094 Test Error: 138.3579559326172
Round: 3000 Training Error: 126.1711196899414 Validation Error: 149.14031982421875 Test Error: 134.2957763671875
Round: 3500 Training Error: 121.0501708984375 Validation Error: 141.48301696777344 Test Error: 137.06858825683594
Round: 4000 Training Error: 121.90254974365234 Validation Error: 142.66000366210938 Test Error: 137.16018676757812
Round: 4500 Training Error: 118.07257843017578 Validation Error: 140.50750732421875 Test Error: 139.1923065185547
Round: 5000 Training Error: 176.21461486816406 Validation Error: 140.88272094726562 Test Error: 136.64561462402344
Round: 5500 Training Error: 117.13524627685547 Validation Error: 141.50503540039062 Test Error: 137.98439025878906
Round: 6000 Training Error: 117.28800964355469 Validation Error: 144.28298950195312 Test Error: 137.043212890625
Round: 6500 Training Error: 119.40643310546875 Validation Error: 143.6841278076172 Test Error: 138.58380126953125
Round: 7000 Training Error: 114.52654266357422 Validation Error: 140.84681701660156 Test Error: 138.25186157226562
Round: 7500 Training Error: 114.94051361083984 Validation Error: 143.73159790039062 Test Error: 137.98709106445312
Round: 8000 Training Error: 115.00731658935547 Validation Error: 140.9835968017578 Test Error: 139.14259338378906
Round: 8500 Training Error: 164.13165283203125 Validation Error: 145.40614318847656 Test Error: 140.83335876464844
Round: 9000 Training Error: 113.9605484008789 Validation Error: 144.16156005859375 Test Error: 139.48098754882812
Round: 9500 Training Error: 113.45399475097656 Validation Error: 141.8445281982422 Test Error: 139.93115234375
Round: 10000 Training Error: 164.70510864257812 Validation Error: 143.4113311767578 Test Error: 137.4208984375
Round: 10500 Training Error: 162.9513702392578 Validation Error: 143.56103515625 Test Error: 141.33023071289062
Round: 11000 Training Error: 166.1704559326172 Validation Error: 144.7589111328125 Test Error: 139.06597900390625
Round: 11500 Training Error: 112.78031921386719 Validation Error: 145.00265502929688 Test Error: 140.71434020996094
Round: 12000 Training Error: 113.60369110107422 Validation Error: 141.4763641357422 Test Error: 142.39602661132812
Round: 12500 Training Error: 163.0957489013672 Validation Error: 145.7961883544922 Test Error: 145.7603759765625
Round: 13000 Training Error: 163.25125122070312 Validation Error: 144.22817993164062 Test Error: 138.6078643798828
Round: 13500 Training Error: 112.27433776855469 Validation Error: 142.81568908691406 Test Error: 141.73422241210938
Round: 14000 Training Error: 164.70460510253906 Validation Error: 151.25462341308594 Test Error: 140.82473754882812
Round: 14500 Training Error: 160.88467407226562 Validation Error: 145.76962280273438 Test Error: 143.19554138183594
Round: 15000 Training Error: 160.8247528076172 Validation Error: 145.0262451171875 Test Error: 143.3211212158203
Round: 15500 Training Error: 113.9275131225586 Validation Error: 143.4590606689453 Test Error: 140.27255249023438
Round: 16000 Training Error: 163.38729858398438 Validation Error: 146.97254943847656 Test Error: 141.09413146972656
Round: 16500 Training Error: 111.15127563476562 Validation Error: 145.18060302734375 Test Error: 142.7208251953125
Round: 17000 Training Error: 112.53971862792969 Validation Error: 147.34779357910156 Test Error: 144.79800415039062
Round: 17500 Training Error: 110.72794342041016 Validation Error: 145.72142028808594 Test Error: 143.3198699951172
Round: 18000 Training Error: 112.69544982910156 Validation Error: 147.4117431640625 Test Error: 142.2741241455078
Round: 18500 Training Error: 117.57804870605469 Validation Error: 143.07225036621094 Test Error: 139.25869750976562
Round: 19000 Training Error: 161.30088806152344 Validation Error: 142.90090942382812 Test Error: 139.3594512939453
Round: 19500 Training Error: 158.5651092529297 Validation Error: 146.64796447753906 Test Error: 142.72665405273438
Round: 20000 Training Error: 114.39064025878906 Validation Error: 144.44192504882812 Test Error: 140.17945861816406
5 0 0.01 20000 0.8 ['hvac', 'dw', 'dr', 'fridge', 'mw', 'residual']
Round: 500 Training Error: 182.58990478515625 Validation Error: 173.6872100830078 Test Error: 149.46607971191406
Round: 1000 Training Error: 171.4632110595703 Validation Error: 179.1797637939453 Test Error: 149.138427734375
Round: 1500 Training Error: 167.43057250976562 Validation Error: 172.2025146484375 Test Error: 147.680908203125
Round: 2000 Training Error: 168.20555114746094 Validation Error: 175.99949645996094 Test Error: 148.47021484375
Round: 2500 Training Error: 168.47308349609375 Validation Error: 179.64801025390625 Test Error: 149.91439819335938
Round: 3000 Training Error: 166.50302124023438 Validation Error: 182.29200744628906 Test Error: 147.47572326660156
Round: 3500 Training Error: 167.4640655517578 Validation Error: 180.4781494140625 Test Error: 149.30137634277344
Round: 4000 Training Error: 145.960693359375 Validation Error: 178.44166564941406 Test Error: 150.42015075683594
Round: 4500 Training Error: 162.53720092773438 Validation Error: 176.7924041748047 Test Error: 149.8830108642578
Round: 5000 Training Error: 160.5438232421875 Validation Error: 180.16819763183594 Test Error: 152.5897216796875
Round: 5500 Training Error: 159.69883728027344 Validation Error: 180.3885040283203 Test Error: 152.1786651611328
Round: 6000 Training Error: 159.71914672851562 Validation Error: 183.0320281982422 Test Error: 149.6001434326172
Round: 6500 Training Error: 158.81039428710938 Validation Error: 172.20372009277344 Test Error: 151.8317413330078
Round: 7000 Training Error: 157.4104461669922 Validation Error: 169.2038116455078 Test Error: 145.93710327148438
Round: 7500 Training Error: 140.618408203125 Validation Error: 168.14297485351562 Test Error: 148.90635681152344
Round: 8000 Training Error: 154.48992919921875 Validation Error: 174.0250701904297 Test Error: 150.5941619873047
Round: 8500 Training Error: 152.4621124267578 Validation Error: 173.18075561523438 Test Error: 151.78598022460938
Round: 9000 Training Error: 154.22869873046875 Validation Error: 170.89886474609375 Test Error: 149.72093200683594
Round: 9500 Training Error: 141.00013732910156 Validation Error: 181.66879272460938 Test Error: 154.9668731689453
Round: 10000 Training Error: 158.95111083984375 Validation Error: 174.62802124023438 Test Error: 144.9813690185547
Round: 10500 Training Error: 158.98773193359375 Validation Error: 176.7994842529297 Test Error: 153.26280212402344
Round: 11000 Training Error: 159.81361389160156 Validation Error: 175.0735626220703 Test Error: 150.82827758789062
Round: 11500 Training Error: 161.03805541992188 Validation Error: 178.98660278320312 Test Error: 154.31527709960938
Round: 12000 Training Error: 159.32717895507812 Validation Error: 178.92254638671875 Test Error: 155.68894958496094
Round: 12500 Training Error: 153.02215576171875 Validation Error: 186.76319885253906 Test Error: 165.63475036621094
Round: 13000 Training Error: 153.42002868652344 Validation Error: 179.86158752441406 Test Error: 157.84014892578125
Round: 13500 Training Error: 151.20388793945312 Validation Error: 175.37339782714844 Test Error: 155.9897918701172
Round: 14000 Training Error: 152.06417846679688 Validation Error: 174.7001190185547 Test Error: 156.37673950195312
Round: 14500 Training Error: 150.3394775390625 Validation Error: 177.04055786132812 Test Error: 152.87808227539062
Round: 15000 Training Error: 150.27589416503906 Validation Error: 181.2349090576172 Test Error: 156.2003936767578
Round: 15500 Training Error: 127.58264923095703 Validation Error: 177.1934814453125 Test Error: 156.52081298828125
Round: 16000 Training Error: 159.8323211669922 Validation Error: 160.45628356933594 Test Error: 146.07061767578125
Round: 16500 Training Error: 133.151123046875 Validation Error: 171.00794982910156 Test Error: 150.94203186035156
Round: 17000 Training Error: 150.121337890625 Validation Error: 174.74647521972656 Test Error: 162.6732940673828
Round: 17500 Training Error: 127.95579528808594 Validation Error: 172.78118896484375 Test Error: 157.88519287109375
Round: 18000 Training Error: 149.06446838378906 Validation Error: 173.6019287109375 Test Error: 158.63807678222656
Round: 18500 Training Error: 149.8235321044922 Validation Error: 170.266845703125 Test Error: 153.5405731201172
Round: 19000 Training Error: 152.83311462402344 Validation Error: 170.41871643066406 Test Error: 153.47547912597656
Round: 19500 Training Error: 162.5723114013672 Validation Error: 176.78013610839844 Test Error: 145.7006072998047
Round: 20000 Training Error: 159.46353149414062 Validation Error: 184.00006103515625 Test Error: 160.79345703125
5 0 0.01 20000 0.2 ['hvac', 'dw', 'dr', 'fridge', 'residual', 'mw']
Round: 500 Training Error: 152.344482421875 Validation Error: 160.17965698242188 Test Error: 134.93162536621094
Round: 1000 Training Error: 191.61097717285156 Validation Error: 155.72027587890625 Test Error: 132.87387084960938
Round: 1500 Training Error: 131.95199584960938 Validation Error: 147.96389770507812 Test Error: 133.2742919921875
Round: 2000 Training Error: 122.216064453125 Validation Error: 143.13693237304688 Test Error: 129.71163940429688
Round: 2500 Training Error: 118.51605987548828 Validation Error: 142.61306762695312 Test Error: 128.3213653564453
Round: 3000 Training Error: 116.90803527832031 Validation Error: 142.1176300048828 Test Error: 128.3944549560547
Round: 3500 Training Error: 115.76715087890625 Validation Error: 142.0522003173828 Test Error: 130.08258056640625
Round: 4000 Training Error: 118.47390747070312 Validation Error: 140.7198486328125 Test Error: 128.3072509765625
Round: 4500 Training Error: 114.48515319824219 Validation Error: 142.71792602539062 Test Error: 129.1466064453125
Round: 5000 Training Error: 115.13439178466797 Validation Error: 141.05462646484375 Test Error: 133.40480041503906
Round: 5500 Training Error: 115.06561279296875 Validation Error: 141.9155731201172 Test Error: 132.22813415527344
Round: 6000 Training Error: 114.3247299194336 Validation Error: 143.32781982421875 Test Error: 133.05764770507812
Round: 6500 Training Error: 115.38443756103516 Validation Error: 141.2283172607422 Test Error: 132.92100524902344
Round: 7000 Training Error: 112.04180145263672 Validation Error: 142.2074432373047 Test Error: 131.6859588623047
Round: 7500 Training Error: 114.50362396240234 Validation Error: 140.10748291015625 Test Error: 131.07872009277344
Round: 8000 Training Error: 111.93609619140625 Validation Error: 142.23074340820312 Test Error: 131.4930877685547
Round: 8500 Training Error: 172.6978759765625 Validation Error: 141.54153442382812 Test Error: 133.8317413330078
Round: 9000 Training Error: 112.30500030517578 Validation Error: 140.34344482421875 Test Error: 131.8031005859375
Round: 9500 Training Error: 115.13227844238281 Validation Error: 144.32460021972656 Test Error: 131.2633819580078
Round: 10000 Training Error: 112.45629119873047 Validation Error: 141.56593322753906 Test Error: 132.35003662109375
Round: 10500 Training Error: 172.56796264648438 Validation Error: 139.92552185058594 Test Error: 134.7164764404297
Round: 11000 Training Error: 112.19927978515625 Validation Error: 139.6112518310547 Test Error: 134.009521484375
Round: 11500 Training Error: 110.89401245117188 Validation Error: 140.69271850585938 Test Error: 133.5350799560547
Round: 12000 Training Error: 110.70811462402344 Validation Error: 140.63861083984375 Test Error: 134.0880584716797
Round: 12500 Training Error: 171.51866149902344 Validation Error: 142.49978637695312 Test Error: 132.24630737304688
Round: 13000 Training Error: 171.92466735839844 Validation Error: 140.54371643066406 Test Error: 132.0921630859375
Round: 13500 Training Error: 110.07975769042969 Validation Error: 141.5749053955078 Test Error: 134.28317260742188
Round: 14000 Training Error: 111.29222869873047 Validation Error: 139.97161865234375 Test Error: 133.54119873046875
Round: 14500 Training Error: 170.37782287597656 Validation Error: 142.62139892578125 Test Error: 134.2978515625
Round: 15000 Training Error: 169.42263793945312 Validation Error: 140.88629150390625 Test Error: 136.05368041992188
Round: 15500 Training Error: 109.32689666748047 Validation Error: 141.86460876464844 Test Error: 133.4710693359375
Round: 16000 Training Error: 109.6573486328125 Validation Error: 141.64572143554688 Test Error: 135.27793884277344
Round: 16500 Training Error: 110.6340560913086 Validation Error: 141.7044677734375 Test Error: 133.29302978515625
Round: 17000 Training Error: 112.42517852783203 Validation Error: 140.29307556152344 Test Error: 137.39540100097656
Round: 17500 Training Error: 109.75897216796875 Validation Error: 141.2093505859375 Test Error: 133.9796142578125
Round: 18000 Training Error: 110.39633178710938 Validation Error: 142.16204833984375 Test Error: 136.4557342529297
Round: 18500 Training Error: 113.07036590576172 Validation Error: 140.14974975585938 Test Error: 139.79891967773438
Round: 19000 Training Error: 176.483154296875 Validation Error: 139.10987854003906 Test Error: 132.62564086914062
Round: 19500 Training Error: 168.9728240966797 Validation Error: 141.08746337890625 Test Error: 135.27670288085938
Round: 20000 Training Error: 109.1019515991211 Validation Error: 141.78663635253906 Test Error: 134.86546325683594
5 0 0.01 20000 0.4 ['hvac', 'dw', 'dr', 'fridge', 'residual', 'mw']
Round: 500 Training Error: 161.0098114013672 Validation Error: 169.07974243164062 Test Error: 138.13768005371094
Round: 1000 Training Error: 184.3019256591797 Validation Error: 162.89573669433594 Test Error: 139.3922119140625
Round: 1500 Training Error: 137.2455291748047 Validation Error: 155.6599884033203 Test Error: 136.09860229492188
Round: 2000 Training Error: 178.41128540039062 Validation Error: 151.287109375 Test Error: 133.8160858154297
Round: 2500 Training Error: 175.6096649169922 Validation Error: 158.0316162109375 Test Error: 143.03369140625
Round: 3000 Training Error: 119.64111328125 Validation Error: 149.76702880859375 Test Error: 138.37911987304688
Round: 3500 Training Error: 119.1886978149414 Validation Error: 156.71632385253906 Test Error: 142.5927734375
Round: 4000 Training Error: 119.43364715576172 Validation Error: 157.250244140625 Test Error: 140.8047332763672
Round: 4500 Training Error: 118.40133666992188 Validation Error: 157.00758361816406 Test Error: 140.20431518554688
Round: 5000 Training Error: 172.7460479736328 Validation Error: 159.88623046875 Test Error: 138.28941345214844
Round: 5500 Training Error: 115.26493835449219 Validation Error: 151.93243408203125 Test Error: 138.12001037597656
Round: 6000 Training Error: 186.83206176757812 Validation Error: 175.45364379882812 Test Error: 159.89138793945312
Round: 6500 Training Error: 139.3351287841797 Validation Error: 140.28074645996094 Test Error: 130.70263671875
Round: 7000 Training Error: 134.25881958007812 Validation Error: 138.0789794921875 Test Error: 131.1295928955078
Round: 7500 Training Error: 130.55352783203125 Validation Error: 140.1267852783203 Test Error: 129.80809020996094
Round: 8000 Training Error: 127.98003387451172 Validation Error: 139.9983673095703 Test Error: 131.27105712890625
Round: 8500 Training Error: 171.70867919921875 Validation Error: 142.1007080078125 Test Error: 131.28285217285156
Round: 9000 Training Error: 123.05006408691406 Validation Error: 141.086181640625 Test Error: 131.18154907226562
Round: 9500 Training Error: 121.1365737915039 Validation Error: 142.17694091796875 Test Error: 131.75485229492188
Round: 10000 Training Error: 170.56671142578125 Validation Error: 143.09307861328125 Test Error: 131.8714141845703
Round: 10500 Training Error: 169.0617218017578 Validation Error: 144.32325744628906 Test Error: 131.1030731201172
Round: 11000 Training Error: 170.41754150390625 Validation Error: 143.5117950439453 Test Error: 130.74169921875
Round: 11500 Training Error: 119.45903778076172 Validation Error: 143.68267822265625 Test Error: 131.40126037597656
Round: 12000 Training Error: 119.434326171875 Validation Error: 145.80335998535156 Test Error: 134.26882934570312
Round: 12500 Training Error: 189.40777587890625 Validation Error: 144.2529296875 Test Error: 125.0261001586914
Round: 13000 Training Error: 171.935302734375 Validation Error: 134.3181915283203 Test Error: 127.2745361328125
Round: 13500 Training Error: 120.41023254394531 Validation Error: 137.2910919189453 Test Error: 131.86143493652344
Round: 14000 Training Error: 169.90127563476562 Validation Error: 137.4495086669922 Test Error: 130.4521942138672
Round: 14500 Training Error: 165.46243286132812 Validation Error: 136.48439025878906 Test Error: 128.8063201904297
Round: 15000 Training Error: 171.95626831054688 Validation Error: 137.139892578125 Test Error: 128.47396850585938
Round: 15500 Training Error: 118.3691177368164 Validation Error: 137.42486572265625 Test Error: 129.306640625
Round: 16000 Training Error: 164.58506774902344 Validation Error: 136.92616271972656 Test Error: 129.79795837402344
Round: 16500 Training Error: 117.74224853515625 Validation Error: 139.00326538085938 Test Error: 133.5461883544922
Round: 17000 Training Error: 118.05028533935547 Validation Error: 138.7327880859375 Test Error: 131.6427459716797
Round: 17500 Training Error: 116.29479217529297 Validation Error: 135.7461700439453 Test Error: 129.83067321777344
Round: 18000 Training Error: 116.38074493408203 Validation Error: 140.86410522460938 Test Error: 132.49337768554688
Round: 18500 Training Error: 116.94548034667969 Validation Error: 138.65505981445312 Test Error: 130.2097625732422
Round: 19000 Training Error: 167.35122680664062 Validation Error: 140.6570587158203 Test Error: 134.80023193359375
Round: 19500 Training Error: 166.1934814453125 Validation Error: 141.4835205078125 Test Error: 135.1427764892578
Round: 20000 Training Error: 121.63414764404297 Validation Error: 140.16525268554688 Test Error: 133.1903839111328
