nohup: ignoring input
5 3 0.01 20000 0.4 ['residual', 'dw', 'hvac', 'fridge', 'dr', 'mw']
Round: 500 Training Error: 136.34609985351562 Validation Error: 155.52993774414062 Test Error: 190.75286865234375
Round: 1000 Training Error: 153.8433074951172 Validation Error: 152.56906127929688 Test Error: 185.59976196289062
Round: 1500 Training Error: 119.59954833984375 Validation Error: 143.0946502685547 Test Error: 181.7609100341797
Round: 2000 Training Error: 146.44268798828125 Validation Error: 142.72506713867188 Test Error: 179.14288330078125
Round: 2500 Training Error: 143.95553588867188 Validation Error: 141.28770446777344 Test Error: 178.31517028808594
Round: 3000 Training Error: 109.38783264160156 Validation Error: 142.02908325195312 Test Error: 178.1494140625
Round: 3500 Training Error: 109.86591339111328 Validation Error: 141.48416137695312 Test Error: 179.11395263671875
Round: 4000 Training Error: 108.7486343383789 Validation Error: 140.1353302001953 Test Error: 177.44131469726562
Round: 4500 Training Error: 106.48902130126953 Validation Error: 140.4208221435547 Test Error: 177.3477783203125
Round: 5000 Training Error: 141.0985565185547 Validation Error: 141.32940673828125 Test Error: 180.2882080078125
Round: 5500 Training Error: 105.73086547851562 Validation Error: 142.76666259765625 Test Error: 177.0266571044922
Round: 6000 Training Error: 105.83567810058594 Validation Error: 142.1439666748047 Test Error: 177.4852294921875
Round: 6500 Training Error: 104.48591613769531 Validation Error: 140.7552032470703 Test Error: 176.4993438720703
Round: 7000 Training Error: 103.79590606689453 Validation Error: 142.14674377441406 Test Error: 176.66119384765625
Round: 7500 Training Error: 103.48820495605469 Validation Error: 141.38031005859375 Test Error: 175.904052734375
Round: 8000 Training Error: 103.62348937988281 Validation Error: 141.1194305419922 Test Error: 177.3879852294922
Round: 8500 Training Error: 136.5616912841797 Validation Error: 141.53834533691406 Test Error: 177.26202392578125
Round: 9000 Training Error: 103.45643615722656 Validation Error: 143.8551788330078 Test Error: 177.24087524414062
Round: 9500 Training Error: 102.4873275756836 Validation Error: 141.6357879638672 Test Error: 175.9093475341797
Round: 10000 Training Error: 136.1326141357422 Validation Error: 140.5308074951172 Test Error: 175.3045196533203
Round: 10500 Training Error: 135.76510620117188 Validation Error: 144.2989501953125 Test Error: 177.36936950683594
Round: 11000 Training Error: 134.94534301757812 Validation Error: 141.26776123046875 Test Error: 176.55197143554688
Round: 11500 Training Error: 102.52263641357422 Validation Error: 144.0941925048828 Test Error: 177.2714080810547
Round: 12000 Training Error: 104.28038024902344 Validation Error: 141.1740264892578 Test Error: 177.0131378173828
Round: 12500 Training Error: 133.5605926513672 Validation Error: 143.0253143310547 Test Error: 182.68331909179688
Round: 13000 Training Error: 133.2589111328125 Validation Error: 139.8280487060547 Test Error: 176.85572814941406
Round: 13500 Training Error: 103.51864624023438 Validation Error: 138.8187713623047 Test Error: 176.84994506835938
Round: 14000 Training Error: 135.6572265625 Validation Error: 140.9160919189453 Test Error: 175.7325439453125
Round: 14500 Training Error: 130.3029022216797 Validation Error: 139.5772247314453 Test Error: 178.639404296875
Round: 15000 Training Error: 130.31163024902344 Validation Error: 140.89141845703125 Test Error: 178.80862426757812
Round: 15500 Training Error: 101.99346160888672 Validation Error: 138.45663452148438 Test Error: 175.81292724609375
Round: 16000 Training Error: 133.98321533203125 Validation Error: 141.1597137451172 Test Error: 176.4690399169922
Round: 16500 Training Error: 105.14892578125 Validation Error: 141.46463012695312 Test Error: 183.01470947265625
Round: 17000 Training Error: 102.97142028808594 Validation Error: 137.62718200683594 Test Error: 177.27288818359375
Round: 17500 Training Error: 100.12471771240234 Validation Error: 139.6128387451172 Test Error: 177.3036346435547
Round: 18000 Training Error: 100.27400970458984 Validation Error: 141.60267639160156 Test Error: 178.001220703125
Round: 18500 Training Error: 101.40093231201172 Validation Error: 138.39784240722656 Test Error: 176.12759399414062
Round: 19000 Training Error: 133.94891357421875 Validation Error: 139.1226806640625 Test Error: 178.93040466308594
Round: 19500 Training Error: 129.79537963867188 Validation Error: 139.82733154296875 Test Error: 175.4833221435547
Round: 20000 Training Error: 100.26454162597656 Validation Error: 139.25473022460938 Test Error: 176.1291961669922
5 3 0.01 20000 0.8 ['residual', 'dw', 'hvac', 'fridge', 'dr', 'mw']
Round: 500 Training Error: 159.99835205078125 Validation Error: 161.99855041503906 Test Error: 197.7864532470703
Round: 1000 Training Error: 145.6274871826172 Validation Error: 160.95582580566406 Test Error: 194.78640747070312
Round: 1500 Training Error: 138.70301818847656 Validation Error: 157.15843200683594 Test Error: 190.937744140625
Round: 2000 Training Error: 134.20620727539062 Validation Error: 158.1768035888672 Test Error: 191.26290893554688
Round: 2500 Training Error: 133.25546264648438 Validation Error: 157.4949188232422 Test Error: 190.4134063720703
Round: 3000 Training Error: 134.23019409179688 Validation Error: 157.69921875 Test Error: 188.12393188476562
Round: 3500 Training Error: 132.73924255371094 Validation Error: 161.8585205078125 Test Error: 191.39739990234375
Round: 4000 Training Error: 119.45992279052734 Validation Error: 163.15444946289062 Test Error: 191.48553466796875
Round: 4500 Training Error: 130.17587280273438 Validation Error: 166.27626037597656 Test Error: 192.90432739257812
Round: 5000 Training Error: 133.39480590820312 Validation Error: 154.99839782714844 Test Error: 190.40846252441406
Round: 5500 Training Error: 130.58238220214844 Validation Error: 178.29624938964844 Test Error: 201.30943298339844
Round: 6000 Training Error: 131.12306213378906 Validation Error: 171.66461181640625 Test Error: 195.47955322265625
Round: 6500 Training Error: 129.05972290039062 Validation Error: 178.3645782470703 Test Error: 202.39193725585938
Round: 7000 Training Error: 131.21884155273438 Validation Error: 165.73365783691406 Test Error: 192.02468872070312
Round: 7500 Training Error: 117.00340270996094 Validation Error: 171.1688232421875 Test Error: 195.7301788330078
Round: 8000 Training Error: 129.5697021484375 Validation Error: 170.5154266357422 Test Error: 195.85707092285156
Round: 8500 Training Error: 126.4202880859375 Validation Error: 168.4382781982422 Test Error: 193.8648681640625
Round: 9000 Training Error: 127.71150970458984 Validation Error: 164.4605712890625 Test Error: 193.0948944091797
Round: 9500 Training Error: 116.50431823730469 Validation Error: 163.36985778808594 Test Error: 193.5791015625
Round: 10000 Training Error: 126.17162322998047 Validation Error: 159.96932983398438 Test Error: 189.62924194335938
Round: 10500 Training Error: 124.72648620605469 Validation Error: 164.69644165039062 Test Error: 192.75259399414062
Round: 11000 Training Error: 125.13716125488281 Validation Error: 159.2767791748047 Test Error: 190.35379028320312
Round: 11500 Training Error: 125.9422836303711 Validation Error: 149.84213256835938 Test Error: 186.3632049560547
Round: 12000 Training Error: 131.29586791992188 Validation Error: 163.3475799560547 Test Error: 191.61257934570312
Round: 12500 Training Error: 130.5145721435547 Validation Error: 164.20953369140625 Test Error: 194.739501953125
Round: 13000 Training Error: 143.1855010986328 Validation Error: 156.049072265625 Test Error: 190.46987915039062
Round: 13500 Training Error: 134.69869995117188 Validation Error: 148.07369995117188 Test Error: 185.135986328125
Round: 14000 Training Error: 133.6309814453125 Validation Error: 146.02139282226562 Test Error: 184.63568115234375
Round: 14500 Training Error: 131.7987060546875 Validation Error: 147.74749755859375 Test Error: 185.17202758789062
Round: 15000 Training Error: 130.0529327392578 Validation Error: 146.0254364013672 Test Error: 183.8734893798828
Round: 15500 Training Error: 117.79518127441406 Validation Error: 145.4755096435547 Test Error: 182.9981231689453
Round: 16000 Training Error: 129.32911682128906 Validation Error: 146.74050903320312 Test Error: 184.12677001953125
Round: 16500 Training Error: 115.79766082763672 Validation Error: 145.203125 Test Error: 181.95370483398438
Round: 17000 Training Error: 128.3625030517578 Validation Error: 146.88204956054688 Test Error: 183.52630615234375
Round: 17500 Training Error: 116.77534484863281 Validation Error: 145.80393981933594 Test Error: 182.8927764892578
Round: 18000 Training Error: 126.47257232666016 Validation Error: 145.1279754638672 Test Error: 183.33267211914062
Round: 18500 Training Error: 127.91950988769531 Validation Error: 142.7378387451172 Test Error: 180.29026794433594
Round: 19000 Training Error: 126.18407440185547 Validation Error: 145.1696014404297 Test Error: 182.9225616455078
Round: 19500 Training Error: 125.16908264160156 Validation Error: 146.7615509033203 Test Error: 184.14479064941406
Round: 20000 Training Error: 125.90443420410156 Validation Error: 144.65113830566406 Test Error: 183.12799072265625
5 3 0.01 20000 0.2 ['residual', 'dw', 'hvac', 'fridge', 'mw', 'dr']
Round: 500 Training Error: 132.47914123535156 Validation Error: 157.41334533691406 Test Error: 190.6869659423828
Round: 1000 Training Error: 158.2661590576172 Validation Error: 153.48330688476562 Test Error: 184.84860229492188
Round: 1500 Training Error: 116.28273010253906 Validation Error: 147.57077026367188 Test Error: 178.39039611816406
Round: 2000 Training Error: 109.10005187988281 Validation Error: 142.33030700683594 Test Error: 176.01585388183594
Round: 2500 Training Error: 107.4773178100586 Validation Error: 142.48995971679688 Test Error: 175.1629638671875
Round: 3000 Training Error: 105.18096923828125 Validation Error: 141.7224884033203 Test Error: 175.04612731933594
Round: 3500 Training Error: 103.9013442993164 Validation Error: 139.46946716308594 Test Error: 173.0594482421875
Round: 4000 Training Error: 104.1006851196289 Validation Error: 140.02821350097656 Test Error: 174.28305053710938
Round: 4500 Training Error: 103.63224792480469 Validation Error: 140.25193786621094 Test Error: 173.42880249023438
Round: 5000 Training Error: 104.50226593017578 Validation Error: 141.61366271972656 Test Error: 174.71652221679688
Round: 5500 Training Error: 102.15107727050781 Validation Error: 140.6055145263672 Test Error: 174.48416137695312
Round: 6000 Training Error: 101.94036102294922 Validation Error: 143.27066040039062 Test Error: 175.1841583251953
Round: 6500 Training Error: 101.80136108398438 Validation Error: 140.38011169433594 Test Error: 174.13238525390625
Round: 7000 Training Error: 100.54344940185547 Validation Error: 143.91653442382812 Test Error: 174.89144897460938
Round: 7500 Training Error: 101.75328826904297 Validation Error: 142.42698669433594 Test Error: 174.5297393798828
Round: 8000 Training Error: 100.4440689086914 Validation Error: 143.1234588623047 Test Error: 173.9212646484375
Round: 8500 Training Error: 142.23838806152344 Validation Error: 144.5514678955078 Test Error: 174.9721221923828
Round: 9000 Training Error: 101.1903305053711 Validation Error: 142.48353576660156 Test Error: 173.35487365722656
Round: 9500 Training Error: 100.5811538696289 Validation Error: 140.87899780273438 Test Error: 172.9815673828125
Round: 10000 Training Error: 105.55396270751953 Validation Error: 142.59164428710938 Test Error: 177.01028442382812
Round: 10500 Training Error: 144.24269104003906 Validation Error: 142.13555908203125 Test Error: 174.80703735351562
Round: 11000 Training Error: 102.23845672607422 Validation Error: 142.81646728515625 Test Error: 174.82852172851562
Round: 11500 Training Error: 100.7670669555664 Validation Error: 144.2645263671875 Test Error: 174.78097534179688
Round: 12000 Training Error: 115.86251068115234 Validation Error: 146.7802734375 Test Error: 175.274169921875
Round: 12500 Training Error: 146.22010803222656 Validation Error: 146.25416564941406 Test Error: 174.0843963623047
Round: 13000 Training Error: 147.32199096679688 Validation Error: 141.40328979492188 Test Error: 171.7243194580078
Round: 13500 Training Error: 106.16905975341797 Validation Error: 142.6757354736328 Test Error: 172.53704833984375
Round: 14000 Training Error: 105.1751480102539 Validation Error: 146.9342041015625 Test Error: 173.74534606933594
Round: 14500 Training Error: 142.98672485351562 Validation Error: 146.5743408203125 Test Error: 173.850830078125
Round: 15000 Training Error: 143.54345703125 Validation Error: 147.2146759033203 Test Error: 174.64773559570312
Round: 15500 Training Error: 103.00885009765625 Validation Error: 142.88951110839844 Test Error: 172.95143127441406
Round: 16000 Training Error: 102.46025848388672 Validation Error: 142.1521453857422 Test Error: 172.89224243164062
Round: 16500 Training Error: 102.09075164794922 Validation Error: 144.67233276367188 Test Error: 173.04708862304688
Round: 17000 Training Error: 102.97193908691406 Validation Error: 140.1041717529297 Test Error: 171.86341857910156
Round: 17500 Training Error: 102.23312377929688 Validation Error: 141.37713623046875 Test Error: 173.02867126464844
Round: 18000 Training Error: 100.73548126220703 Validation Error: 148.8580780029297 Test Error: 173.8231658935547
Round: 18500 Training Error: 101.50650787353516 Validation Error: 142.64309692382812 Test Error: 172.15245056152344
Round: 19000 Training Error: 143.21221923828125 Validation Error: 151.04295349121094 Test Error: 173.7793426513672
Round: 19500 Training Error: 140.490966796875 Validation Error: 145.0146484375 Test Error: 173.25143432617188
Round: 20000 Training Error: 99.79449462890625 Validation Error: 145.40504455566406 Test Error: 173.17286682128906
5 3 0.01 20000 0.4 ['residual', 'dw', 'hvac', 'fridge', 'mw', 'dr']
Round: 500 Training Error: 135.77774047851562 Validation Error: 159.45895385742188 Test Error: 192.34803771972656
Round: 1000 Training Error: 153.48451232910156 Validation Error: 157.67861938476562 Test Error: 188.53439331054688
Round: 1500 Training Error: 124.05381774902344 Validation Error: 153.6114959716797 Test Error: 186.54685974121094
Round: 2000 Training Error: 145.51206970214844 Validation Error: 148.49017333984375 Test Error: 181.50405883789062
Round: 2500 Training Error: 143.47250366210938 Validation Error: 146.76058959960938 Test Error: 180.82057189941406
Round: 3000 Training Error: 110.12049865722656 Validation Error: 148.72206115722656 Test Error: 181.04855346679688
Round: 3500 Training Error: 115.24517822265625 Validation Error: 142.89109802246094 Test Error: 183.1476287841797
Round: 4000 Training Error: 109.15077209472656 Validation Error: 145.83201599121094 Test Error: 180.45809936523438
Round: 4500 Training Error: 105.98784637451172 Validation Error: 147.44480895996094 Test Error: 181.0325164794922
Round: 5000 Training Error: 141.6328125 Validation Error: 140.2329559326172 Test Error: 179.0389404296875
Round: 5500 Training Error: 106.19252014160156 Validation Error: 144.8909454345703 Test Error: 179.85348510742188
Round: 6000 Training Error: 107.0559310913086 Validation Error: 146.76898193359375 Test Error: 181.5952606201172
Round: 6500 Training Error: 105.78067779541016 Validation Error: 141.95358276367188 Test Error: 179.09275817871094
Round: 7000 Training Error: 104.62370300292969 Validation Error: 146.07681274414062 Test Error: 180.5583953857422
Round: 7500 Training Error: 104.4274673461914 Validation Error: 146.29690551757812 Test Error: 181.2358856201172
Round: 8000 Training Error: 103.87400817871094 Validation Error: 146.66586303710938 Test Error: 180.9612274169922
Round: 8500 Training Error: 137.18603515625 Validation Error: 144.25381469726562 Test Error: 180.3896942138672
Round: 9000 Training Error: 104.42414093017578 Validation Error: 148.5260467529297 Test Error: 180.7132110595703
Round: 9500 Training Error: 103.6570053100586 Validation Error: 141.11483764648438 Test Error: 177.9516143798828
Round: 10000 Training Error: 137.93359375 Validation Error: 142.9982147216797 Test Error: 177.88351440429688
Round: 10500 Training Error: 136.87525939941406 Validation Error: 147.45362854003906 Test Error: 180.3186492919922
Round: 11000 Training Error: 136.94248962402344 Validation Error: 143.118408203125 Test Error: 177.90557861328125
Round: 11500 Training Error: 102.27721405029297 Validation Error: 145.1102752685547 Test Error: 179.3645782470703
Round: 12000 Training Error: 101.31521606445312 Validation Error: 144.26011657714844 Test Error: 178.45928955078125
Round: 12500 Training Error: 135.7393035888672 Validation Error: 146.87692260742188 Test Error: 180.4395751953125
Round: 13000 Training Error: 137.3543243408203 Validation Error: 146.066650390625 Test Error: 178.07965087890625
Round: 13500 Training Error: 102.4710464477539 Validation Error: 145.8001708984375 Test Error: 178.66610717773438
Round: 14000 Training Error: 136.5564727783203 Validation Error: 149.46055603027344 Test Error: 181.21156311035156
Round: 14500 Training Error: 135.3569793701172 Validation Error: 140.83636474609375 Test Error: 177.4454803466797
Round: 15000 Training Error: 135.07330322265625 Validation Error: 140.81617736816406 Test Error: 176.65536499023438
Round: 15500 Training Error: 102.82642364501953 Validation Error: 145.1199951171875 Test Error: 179.00770568847656
Round: 16000 Training Error: 138.0685272216797 Validation Error: 151.24896240234375 Test Error: 183.35203552246094
Round: 16500 Training Error: 101.00288391113281 Validation Error: 140.65382385253906 Test Error: 177.36325073242188
Round: 17000 Training Error: 104.4303970336914 Validation Error: 143.53717041015625 Test Error: 178.22329711914062
Round: 17500 Training Error: 104.06404113769531 Validation Error: 140.6041717529297 Test Error: 178.93222045898438
Round: 18000 Training Error: 101.35104370117188 Validation Error: 142.35443115234375 Test Error: 178.55638122558594
Round: 18500 Training Error: 104.31812286376953 Validation Error: 137.919189453125 Test Error: 175.16873168945312
Round: 19000 Training Error: 136.25938415527344 Validation Error: 139.54734802246094 Test Error: 177.7467498779297
Round: 19500 Training Error: 130.49562072753906 Validation Error: 142.7098846435547 Test Error: 178.7433624267578
Round: 20000 Training Error: 104.62398529052734 Validation Error: 139.03895568847656 Test Error: 177.3209686279297
5 3 0.01 20000 0.8 ['residual', 'dw', 'hvac', 'fridge', 'mw', 'dr']
Round: 500 Training Error: 158.5011444091797 Validation Error: 163.7084197998047 Test Error: 196.80776977539062
Round: 1000 Training Error: 146.60275268554688 Validation Error: 161.43698120117188 Test Error: 194.35848999023438
Round: 1500 Training Error: 140.08889770507812 Validation Error: 153.27085876464844 Test Error: 187.43392944335938
Round: 2000 Training Error: 137.08944702148438 Validation Error: 157.11854553222656 Test Error: 190.06051635742188
Round: 2500 Training Error: 134.82032775878906 Validation Error: 156.0685577392578 Test Error: 188.31480407714844
Round: 3000 Training Error: 135.16197204589844 Validation Error: 155.37794494628906 Test Error: 186.01589965820312
Round: 3500 Training Error: 134.32044982910156 Validation Error: 153.2765655517578 Test Error: 185.19512939453125
Round: 4000 Training Error: 121.4070816040039 Validation Error: 163.88674926757812 Test Error: 190.65667724609375
Round: 4500 Training Error: 130.8300018310547 Validation Error: 160.6186065673828 Test Error: 191.07139587402344
Round: 5000 Training Error: 130.57659912109375 Validation Error: 162.2931365966797 Test Error: 191.68853759765625
Round: 5500 Training Error: 130.59251403808594 Validation Error: 160.44711303710938 Test Error: 190.8947296142578
Round: 6000 Training Error: 132.18052673339844 Validation Error: 155.78594970703125 Test Error: 185.18374633789062
Round: 6500 Training Error: 128.83168029785156 Validation Error: 164.206298828125 Test Error: 191.65367126464844
Round: 7000 Training Error: 132.10435485839844 Validation Error: 162.30210876464844 Test Error: 190.98484802246094
Round: 7500 Training Error: 117.94951629638672 Validation Error: 163.1984100341797 Test Error: 190.33084106445312
Round: 8000 Training Error: 133.43807983398438 Validation Error: 163.39781188964844 Test Error: 190.85275268554688
Round: 8500 Training Error: 126.87835693359375 Validation Error: 157.6944580078125 Test Error: 189.70802307128906
Round: 9000 Training Error: 127.34256744384766 Validation Error: 155.0995330810547 Test Error: 187.9964141845703
Round: 9500 Training Error: 115.53490447998047 Validation Error: 158.8087158203125 Test Error: 188.5672149658203
Round: 10000 Training Error: 128.25765991210938 Validation Error: 157.2600860595703 Test Error: 185.51747131347656
Round: 10500 Training Error: 127.54942321777344 Validation Error: 157.42759704589844 Test Error: 186.0049285888672
Round: 11000 Training Error: 126.21556091308594 Validation Error: 154.16702270507812 Test Error: 187.9114532470703
Round: 11500 Training Error: 127.70661926269531 Validation Error: 152.45457458496094 Test Error: 183.93463134765625
Round: 12000 Training Error: 128.6253204345703 Validation Error: 151.50929260253906 Test Error: 182.58026123046875
Round: 12500 Training Error: 123.63243865966797 Validation Error: 157.90353393554688 Test Error: 188.06997680664062
Round: 13000 Training Error: 123.83560180664062 Validation Error: 160.4777069091797 Test Error: 187.46075439453125
Round: 13500 Training Error: 124.36750030517578 Validation Error: 157.64279174804688 Test Error: 186.5099639892578
Round: 14000 Training Error: 124.36087799072266 Validation Error: 161.3637237548828 Test Error: 186.2867889404297
Round: 14500 Training Error: 123.55355072021484 Validation Error: 159.5398712158203 Test Error: 186.55738830566406
Round: 15000 Training Error: 124.4026107788086 Validation Error: 165.060791015625 Test Error: 190.79449462890625
Round: 15500 Training Error: 112.62500762939453 Validation Error: 153.60655212402344 Test Error: 184.8860626220703
Round: 16000 Training Error: 123.91838073730469 Validation Error: 156.68333435058594 Test Error: 185.2484130859375
Round: 16500 Training Error: 110.79652404785156 Validation Error: 163.0354461669922 Test Error: 185.5352020263672
Round: 17000 Training Error: 128.44808959960938 Validation Error: 172.8118133544922 Test Error: 196.88397216796875
Round: 17500 Training Error: 115.45610046386719 Validation Error: 171.3995361328125 Test Error: 194.09024047851562
Round: 18000 Training Error: 123.51766204833984 Validation Error: 158.01376342773438 Test Error: 186.6425323486328
Round: 18500 Training Error: 123.82076263427734 Validation Error: 156.0039520263672 Test Error: 183.8926239013672
Round: 19000 Training Error: 124.53746032714844 Validation Error: 159.5446014404297 Test Error: 185.4198455810547
Round: 19500 Training Error: 122.84330749511719 Validation Error: 159.19036865234375 Test Error: 186.50877380371094
Round: 20000 Training Error: 123.31304931640625 Validation Error: 154.19235229492188 Test Error: 183.2922821044922
5 3 0.01 20000 0.2 ['residual', 'dw', 'hvac', 'dr', 'fridge', 'mw']
Round: 500 Training Error: 132.69577026367188 Validation Error: 154.73277282714844 Test Error: 189.37164306640625
Round: 1000 Training Error: 159.0593719482422 Validation Error: 150.92857360839844 Test Error: 184.5672149658203
Round: 1500 Training Error: 114.69918060302734 Validation Error: 146.05299377441406 Test Error: 178.2699737548828
Round: 2000 Training Error: 107.46749114990234 Validation Error: 143.35592651367188 Test Error: 177.86563110351562
Round: 2500 Training Error: 105.53717803955078 Validation Error: 141.98150634765625 Test Error: 177.3544464111328
Round: 3000 Training Error: 102.81005096435547 Validation Error: 139.21200561523438 Test Error: 175.6624298095703
Round: 3500 Training Error: 101.05265045166016 Validation Error: 138.8000030517578 Test Error: 176.1261444091797
Round: 4000 Training Error: 101.49278259277344 Validation Error: 141.05960083007812 Test Error: 177.2154541015625
Round: 4500 Training Error: 101.73395538330078 Validation Error: 142.25559997558594 Test Error: 177.25477600097656
Round: 5000 Training Error: 100.2171630859375 Validation Error: 140.8321075439453 Test Error: 177.79103088378906
Round: 5500 Training Error: 99.66619110107422 Validation Error: 140.55471801757812 Test Error: 177.8977813720703
Round: 6000 Training Error: 99.5350570678711 Validation Error: 141.171630859375 Test Error: 178.84474182128906
Round: 6500 Training Error: 103.59648132324219 Validation Error: 137.33419799804688 Test Error: 177.9613494873047
Round: 7000 Training Error: 98.05052947998047 Validation Error: 141.48423767089844 Test Error: 178.58619689941406
Round: 7500 Training Error: 100.19850158691406 Validation Error: 141.35206604003906 Test Error: 179.25909423828125
Round: 8000 Training Error: 97.90103912353516 Validation Error: 141.3064422607422 Test Error: 178.20005798339844
Round: 8500 Training Error: 143.53372192382812 Validation Error: 142.58871459960938 Test Error: 179.25686645507812
Round: 9000 Training Error: 98.26617431640625 Validation Error: 141.13421630859375 Test Error: 178.5382537841797
Round: 9500 Training Error: 98.70116424560547 Validation Error: 138.98150634765625 Test Error: 176.80917358398438
Round: 10000 Training Error: 101.41612243652344 Validation Error: 139.87896728515625 Test Error: 177.76577758789062
Round: 10500 Training Error: 143.35400390625 Validation Error: 138.0599822998047 Test Error: 176.9547882080078
Round: 11000 Training Error: 98.31150817871094 Validation Error: 141.74302673339844 Test Error: 179.45062255859375
Round: 11500 Training Error: 97.62370300292969 Validation Error: 138.84849548339844 Test Error: 176.38076782226562
Round: 12000 Training Error: 97.74657440185547 Validation Error: 141.949462890625 Test Error: 177.47491455078125
Round: 12500 Training Error: 141.13037109375 Validation Error: 142.14830017089844 Test Error: 178.7423553466797
Round: 13000 Training Error: 141.739013671875 Validation Error: 140.60780334472656 Test Error: 177.5203399658203
Round: 13500 Training Error: 96.2472915649414 Validation Error: 141.8832244873047 Test Error: 178.2352752685547
Round: 14000 Training Error: 96.88236999511719 Validation Error: 142.99623107910156 Test Error: 179.31365966796875
Round: 14500 Training Error: 139.54586791992188 Validation Error: 142.32357788085938 Test Error: 179.25770568847656
Round: 15000 Training Error: 140.22799682617188 Validation Error: 140.72821044921875 Test Error: 177.3213348388672
Round: 15500 Training Error: 96.07219696044922 Validation Error: 141.0465087890625 Test Error: 177.5668487548828
Round: 16000 Training Error: 95.88008117675781 Validation Error: 141.21755981445312 Test Error: 178.27456665039062
Round: 16500 Training Error: 97.27096557617188 Validation Error: 138.92160034179688 Test Error: 177.72337341308594
Round: 17000 Training Error: 100.72189331054688 Validation Error: 149.7755584716797 Test Error: 183.49903869628906
Round: 17500 Training Error: 95.8893051147461 Validation Error: 141.8751983642578 Test Error: 178.20516967773438
Round: 18000 Training Error: 99.97359466552734 Validation Error: 138.45651245117188 Test Error: 177.7369384765625
Round: 18500 Training Error: 101.46613311767578 Validation Error: 138.4697265625 Test Error: 177.03472900390625
Round: 19000 Training Error: 138.9999237060547 Validation Error: 141.9820556640625 Test Error: 176.96031188964844
Round: 19500 Training Error: 138.40432739257812 Validation Error: 140.4412078857422 Test Error: 176.0224151611328
Round: 20000 Training Error: 95.79341125488281 Validation Error: 141.65045166015625 Test Error: 176.7547149658203
5 3 0.01 20000 0.4 ['residual', 'dw', 'hvac', 'dr', 'fridge', 'mw']
Round: 500 Training Error: 136.0272674560547 Validation Error: 155.8997344970703 Test Error: 190.825927734375
Round: 1000 Training Error: 154.007568359375 Validation Error: 153.6388702392578 Test Error: 186.83938598632812
Round: 1500 Training Error: 121.33851623535156 Validation Error: 150.29075622558594 Test Error: 183.4153289794922
Round: 2000 Training Error: 145.01193237304688 Validation Error: 147.17271423339844 Test Error: 180.62692260742188
Round: 2500 Training Error: 142.69509887695312 Validation Error: 146.02838134765625 Test Error: 180.36334228515625
Round: 3000 Training Error: 109.64671325683594 Validation Error: 147.22073364257812 Test Error: 179.31845092773438
Round: 3500 Training Error: 108.35685729980469 Validation Error: 143.74537658691406 Test Error: 178.064453125
Round: 4000 Training Error: 108.7750015258789 Validation Error: 146.23562622070312 Test Error: 179.1757354736328
Round: 4500 Training Error: 106.66507720947266 Validation Error: 143.62860107421875 Test Error: 177.25820922851562
Round: 5000 Training Error: 137.879638671875 Validation Error: 145.86453247070312 Test Error: 179.2826690673828
Round: 5500 Training Error: 106.0179214477539 Validation Error: 147.5535125732422 Test Error: 179.8063507080078
Round: 6000 Training Error: 104.68919372558594 Validation Error: 141.917236328125 Test Error: 177.99761962890625
Round: 6500 Training Error: 104.75253295898438 Validation Error: 143.5503692626953 Test Error: 178.10000610351562
Round: 7000 Training Error: 103.69339752197266 Validation Error: 144.02786254882812 Test Error: 178.40858459472656
Round: 7500 Training Error: 103.15977478027344 Validation Error: 146.65847778320312 Test Error: 179.78948974609375
Round: 8000 Training Error: 104.68656158447266 Validation Error: 149.17953491210938 Test Error: 180.88107299804688
Round: 8500 Training Error: 136.03244018554688 Validation Error: 144.533447265625 Test Error: 180.73915100097656
Round: 9000 Training Error: 103.2398681640625 Validation Error: 144.76443481445312 Test Error: 179.55038452148438
Round: 9500 Training Error: 102.40226745605469 Validation Error: 141.71217346191406 Test Error: 178.098388671875
Round: 10000 Training Error: 136.5614013671875 Validation Error: 143.06005859375 Test Error: 178.04405212402344
Round: 10500 Training Error: 136.98562622070312 Validation Error: 147.27980041503906 Test Error: 180.18026733398438
Round: 11000 Training Error: 135.14682006835938 Validation Error: 139.7108612060547 Test Error: 177.64285278320312
Round: 11500 Training Error: 103.18391418457031 Validation Error: 141.82797241210938 Test Error: 178.95213317871094
Round: 12000 Training Error: 101.49433135986328 Validation Error: 141.12686157226562 Test Error: 177.6905517578125
Round: 12500 Training Error: 132.73907470703125 Validation Error: 143.57550048828125 Test Error: 181.17349243164062
Round: 13000 Training Error: 137.1288604736328 Validation Error: 142.1974334716797 Test Error: 179.9324951171875
Round: 13500 Training Error: 105.08161163330078 Validation Error: 146.3047637939453 Test Error: 183.6513214111328
Round: 14000 Training Error: 137.4704132080078 Validation Error: 144.66519165039062 Test Error: 183.3037872314453
Round: 14500 Training Error: 133.77171325683594 Validation Error: 143.71827697753906 Test Error: 180.59002685546875
Round: 15000 Training Error: 135.2720489501953 Validation Error: 138.57192993164062 Test Error: 178.12612915039062
Round: 15500 Training Error: 102.63054656982422 Validation Error: 140.90768432617188 Test Error: 178.9990692138672
Round: 16000 Training Error: 135.6182861328125 Validation Error: 139.5215301513672 Test Error: 178.73489379882812
Round: 16500 Training Error: 101.6724853515625 Validation Error: 142.38755798339844 Test Error: 181.00540161132812
Round: 17000 Training Error: 102.42510986328125 Validation Error: 140.03334045410156 Test Error: 180.8297882080078
Round: 17500 Training Error: 101.88945007324219 Validation Error: 140.81008911132812 Test Error: 178.8424530029297
Round: 18000 Training Error: 102.5618896484375 Validation Error: 138.8987274169922 Test Error: 178.58457946777344
Round: 18500 Training Error: 102.80064392089844 Validation Error: 139.255126953125 Test Error: 179.25856018066406
Round: 19000 Training Error: 130.90394592285156 Validation Error: 140.26287841796875 Test Error: 178.70265197753906
Round: 19500 Training Error: 130.1318359375 Validation Error: 142.1332550048828 Test Error: 181.58941650390625
Round: 20000 Training Error: 103.45748901367188 Validation Error: 142.67054748535156 Test Error: 180.40147399902344
