nohup: ignoring input
5 4 0.01 20000 0.4 ['hvac', 'fridge', 'dw', 'residual', 'mw', 'dr']
Round: 500 Training Error: 137.8642120361328 Validation Error: 193.02511596679688 Test Error: 154.69500732421875
Round: 1000 Training Error: 154.46939086914062 Validation Error: 189.61627197265625 Test Error: 151.43263244628906
Round: 1500 Training Error: 122.49983215332031 Validation Error: 186.85357666015625 Test Error: 144.84703063964844
Round: 2000 Training Error: 149.02415466308594 Validation Error: 180.42408752441406 Test Error: 139.1317596435547
Round: 2500 Training Error: 146.38531494140625 Validation Error: 180.58584594726562 Test Error: 138.50277709960938
Round: 3000 Training Error: 107.16219329833984 Validation Error: 182.98423767089844 Test Error: 136.46363830566406
Round: 3500 Training Error: 110.63948822021484 Validation Error: 180.95814514160156 Test Error: 135.5179901123047
Round: 4000 Training Error: 107.49353790283203 Validation Error: 183.3208465576172 Test Error: 138.20016479492188
Round: 4500 Training Error: 106.31842041015625 Validation Error: 184.38058471679688 Test Error: 139.13851928710938
Round: 5000 Training Error: 139.53416442871094 Validation Error: 183.11593627929688 Test Error: 140.24044799804688
Round: 5500 Training Error: 105.68041229248047 Validation Error: 181.37741088867188 Test Error: 136.74566650390625
Round: 6000 Training Error: 103.1972885131836 Validation Error: 183.4697723388672 Test Error: 138.99261474609375
Round: 6500 Training Error: 103.84939575195312 Validation Error: 182.87161254882812 Test Error: 137.73614501953125
Round: 7000 Training Error: 102.319091796875 Validation Error: 182.63607788085938 Test Error: 137.81683349609375
Round: 7500 Training Error: 101.88236999511719 Validation Error: 184.13502502441406 Test Error: 138.37986755371094
Round: 8000 Training Error: 102.54356384277344 Validation Error: 184.54444885253906 Test Error: 138.82699584960938
Round: 8500 Training Error: 137.46484375 Validation Error: 185.85391235351562 Test Error: 140.16180419921875
Round: 9000 Training Error: 102.17784881591797 Validation Error: 183.3198699951172 Test Error: 138.3651580810547
Round: 9500 Training Error: 101.14749145507812 Validation Error: 183.62881469726562 Test Error: 137.44143676757812
Round: 10000 Training Error: 138.01220703125 Validation Error: 182.1439666748047 Test Error: 136.79165649414062
Round: 10500 Training Error: 137.83518981933594 Validation Error: 182.22862243652344 Test Error: 137.10414123535156
Round: 11000 Training Error: 136.230712890625 Validation Error: 182.31800842285156 Test Error: 137.6070556640625
Round: 11500 Training Error: 101.49378967285156 Validation Error: 184.308349609375 Test Error: 138.13870239257812
Round: 12000 Training Error: 100.96053314208984 Validation Error: 181.60723876953125 Test Error: 134.7787322998047
Round: 12500 Training Error: 136.27272033691406 Validation Error: 184.6116485595703 Test Error: 139.09523010253906
Round: 13000 Training Error: 138.07962036132812 Validation Error: 182.10601806640625 Test Error: 137.8146514892578
Round: 13500 Training Error: 100.24111938476562 Validation Error: 182.9556427001953 Test Error: 136.0258026123047
Round: 14000 Training Error: 137.8802490234375 Validation Error: 181.73597717285156 Test Error: 137.48130798339844
Round: 14500 Training Error: 134.86752319335938 Validation Error: 181.9845733642578 Test Error: 135.69891357421875
Round: 15000 Training Error: 136.78163146972656 Validation Error: 181.05096435546875 Test Error: 134.91424560546875
Round: 15500 Training Error: 100.93116760253906 Validation Error: 179.96420288085938 Test Error: 134.27622985839844
Round: 16000 Training Error: 138.02980041503906 Validation Error: 184.4485321044922 Test Error: 136.6445770263672
Round: 16500 Training Error: 99.2274398803711 Validation Error: 183.9786834716797 Test Error: 136.48721313476562
Round: 17000 Training Error: 102.75711059570312 Validation Error: 182.93618774414062 Test Error: 136.51876831054688
Round: 17500 Training Error: 99.71940612792969 Validation Error: 181.98976135253906 Test Error: 135.4075164794922
Round: 18000 Training Error: 98.38377380371094 Validation Error: 182.3236083984375 Test Error: 136.24362182617188
Round: 18500 Training Error: 102.66482543945312 Validation Error: 181.99295043945312 Test Error: 135.6365509033203
Round: 19000 Training Error: 135.3376922607422 Validation Error: 182.56997680664062 Test Error: 134.5291290283203
Round: 19500 Training Error: 132.8547821044922 Validation Error: 183.69615173339844 Test Error: 136.5769805908203
Round: 20000 Training Error: 101.46630096435547 Validation Error: 185.9067840576172 Test Error: 136.23928833007812
5 4 0.01 20000 0.8 ['hvac', 'fridge', 'dw', 'residual', 'mw', 'dr']
Round: 500 Training Error: 155.84381103515625 Validation Error: 201.1062469482422 Test Error: 164.79039001464844
Round: 1000 Training Error: 145.68914794921875 Validation Error: 200.05697631835938 Test Error: 161.3126678466797
Round: 1500 Training Error: 140.57017517089844 Validation Error: 199.39993286132812 Test Error: 161.67996215820312
Round: 2000 Training Error: 136.82029724121094 Validation Error: 197.68881225585938 Test Error: 158.76014709472656
Round: 2500 Training Error: 136.34381103515625 Validation Error: 197.99684143066406 Test Error: 160.50244140625
Round: 3000 Training Error: 135.9213409423828 Validation Error: 192.72862243652344 Test Error: 151.57887268066406
Round: 3500 Training Error: 135.50096130371094 Validation Error: 193.62660217285156 Test Error: 152.43643188476562
Round: 4000 Training Error: 118.02246856689453 Validation Error: 195.59808349609375 Test Error: 157.5651397705078
Round: 4500 Training Error: 132.77040100097656 Validation Error: 196.87820434570312 Test Error: 158.61668395996094
Round: 5000 Training Error: 132.6834716796875 Validation Error: 197.01138305664062 Test Error: 156.804931640625
Round: 5500 Training Error: 132.54742431640625 Validation Error: 196.75360107421875 Test Error: 157.78240966796875
Round: 6000 Training Error: 133.86776733398438 Validation Error: 194.77755737304688 Test Error: 155.22708129882812
Round: 6500 Training Error: 131.16607666015625 Validation Error: 200.83035278320312 Test Error: 161.3877410888672
Round: 7000 Training Error: 133.21755981445312 Validation Error: 198.5212860107422 Test Error: 160.69212341308594
Round: 7500 Training Error: 117.82862854003906 Validation Error: 202.549560546875 Test Error: 162.58656311035156
Round: 8000 Training Error: 133.8336181640625 Validation Error: 201.18783569335938 Test Error: 155.91632080078125
Round: 8500 Training Error: 130.90704345703125 Validation Error: 194.66143798828125 Test Error: 150.07533264160156
Round: 9000 Training Error: 131.94577026367188 Validation Error: 198.50550842285156 Test Error: 152.82644653320312
Round: 9500 Training Error: 118.15292358398438 Validation Error: 200.0919189453125 Test Error: 156.2181396484375
Round: 10000 Training Error: 131.52491760253906 Validation Error: 190.1729278564453 Test Error: 149.0952911376953
Round: 10500 Training Error: 127.71319580078125 Validation Error: 197.2161865234375 Test Error: 154.68994140625
Round: 11000 Training Error: 127.64710998535156 Validation Error: 199.80686950683594 Test Error: 154.756103515625
Round: 11500 Training Error: 131.33499145507812 Validation Error: 193.35423278808594 Test Error: 155.0272674560547
Round: 12000 Training Error: 130.8336639404297 Validation Error: 197.7268829345703 Test Error: 159.33412170410156
Round: 12500 Training Error: 125.89380645751953 Validation Error: 198.72251892089844 Test Error: 156.2993621826172
Round: 13000 Training Error: 126.27507019042969 Validation Error: 197.18646240234375 Test Error: 156.26255798339844
Round: 13500 Training Error: 126.42815399169922 Validation Error: 199.77554321289062 Test Error: 160.05746459960938
Round: 14000 Training Error: 127.36325073242188 Validation Error: 200.75901794433594 Test Error: 155.98280334472656
Round: 14500 Training Error: 126.35392761230469 Validation Error: 200.52191162109375 Test Error: 161.05943298339844
Round: 15000 Training Error: 126.57640838623047 Validation Error: 200.88259887695312 Test Error: 160.6529083251953
Round: 15500 Training Error: 117.23748779296875 Validation Error: 202.52496337890625 Test Error: 159.4214324951172
Round: 16000 Training Error: 126.29413604736328 Validation Error: 195.65911865234375 Test Error: 152.80697631835938
Round: 16500 Training Error: 111.13497924804688 Validation Error: 199.1763153076172 Test Error: 155.06088256835938
Round: 17000 Training Error: 127.21144104003906 Validation Error: 197.95440673828125 Test Error: 155.48876953125
Round: 17500 Training Error: 114.03296661376953 Validation Error: 201.27496337890625 Test Error: 158.89064025878906
Round: 18000 Training Error: 125.39371490478516 Validation Error: 200.562255859375 Test Error: 159.07447814941406
Round: 18500 Training Error: 127.12018585205078 Validation Error: 199.62664794921875 Test Error: 157.93019104003906
Round: 19000 Training Error: 127.01669311523438 Validation Error: 202.2446746826172 Test Error: 159.93203735351562
Round: 19500 Training Error: 125.51040649414062 Validation Error: 201.0928192138672 Test Error: 160.2624969482422
Round: 20000 Training Error: 125.45210266113281 Validation Error: 200.1783905029297 Test Error: 158.94358825683594
5 4 0.01 20000 0.2 ['hvac', 'fridge', 'mw', 'dr', 'dw', 'residual']
Round: 500 Training Error: 133.24557495117188 Validation Error: 192.74172973632812 Test Error: 155.04100036621094
Round: 1000 Training Error: 163.88961791992188 Validation Error: 187.8668670654297 Test Error: 149.5551300048828
Round: 1500 Training Error: 113.27645874023438 Validation Error: 182.01361083984375 Test Error: 141.0544891357422
Round: 2000 Training Error: 105.06958770751953 Validation Error: 178.9998321533203 Test Error: 139.36065673828125
Round: 2500 Training Error: 102.66514587402344 Validation Error: 180.55247497558594 Test Error: 140.49813842773438
Round: 3000 Training Error: 103.66063690185547 Validation Error: 178.4263153076172 Test Error: 138.39158630371094
Round: 3500 Training Error: 100.47330474853516 Validation Error: 181.73565673828125 Test Error: 142.2289276123047
Round: 4000 Training Error: 101.34495544433594 Validation Error: 185.98779296875 Test Error: 145.8659210205078
Round: 4500 Training Error: 102.70638275146484 Validation Error: 179.04689025878906 Test Error: 137.16604614257812
Round: 5000 Training Error: 101.86131286621094 Validation Error: 183.7987060546875 Test Error: 139.81253051757812
Round: 5500 Training Error: 99.21790313720703 Validation Error: 193.37725830078125 Test Error: 147.2593231201172
Round: 6000 Training Error: 99.8399658203125 Validation Error: 194.4160614013672 Test Error: 145.74356079101562
Round: 6500 Training Error: 98.90957641601562 Validation Error: 197.0591583251953 Test Error: 149.98095703125
Round: 7000 Training Error: 98.90377044677734 Validation Error: 197.36965942382812 Test Error: 154.52330017089844
Round: 7500 Training Error: 99.46430969238281 Validation Error: 197.9776153564453 Test Error: 157.85635375976562
Round: 8000 Training Error: 116.27558135986328 Validation Error: 177.9136505126953 Test Error: 137.26914978027344
Round: 8500 Training Error: 154.30052185058594 Validation Error: 181.29632568359375 Test Error: 141.37149047851562
Round: 9000 Training Error: 105.70349884033203 Validation Error: 178.29898071289062 Test Error: 139.55577087402344
Round: 9500 Training Error: 105.54181671142578 Validation Error: 178.99427795410156 Test Error: 139.5152587890625
Round: 10000 Training Error: 120.264404296875 Validation Error: 180.50955200195312 Test Error: 134.63690185546875
Round: 10500 Training Error: 152.2516632080078 Validation Error: 187.96714782714844 Test Error: 137.52833557128906
Round: 11000 Training Error: 102.9476547241211 Validation Error: 194.15036010742188 Test Error: 140.06834411621094
Round: 11500 Training Error: 102.9509048461914 Validation Error: 191.5958709716797 Test Error: 139.7194366455078
Round: 12000 Training Error: 101.53672790527344 Validation Error: 195.35093688964844 Test Error: 141.439697265625
Round: 12500 Training Error: 150.4283447265625 Validation Error: 178.25172424316406 Test Error: 137.61929321289062
Round: 13000 Training Error: 153.69583129882812 Validation Error: 178.82965087890625 Test Error: 137.6499481201172
Round: 13500 Training Error: 100.8335952758789 Validation Error: 180.10943603515625 Test Error: 137.01724243164062
Round: 14000 Training Error: 106.00405883789062 Validation Error: 181.44325256347656 Test Error: 135.6470947265625
Round: 14500 Training Error: 148.35775756835938 Validation Error: 180.2842559814453 Test Error: 138.51626586914062
Round: 15000 Training Error: 149.32943725585938 Validation Error: 178.7586212158203 Test Error: 135.99798583984375
Round: 15500 Training Error: 100.44174194335938 Validation Error: 178.6423797607422 Test Error: 137.13584899902344
Round: 16000 Training Error: 99.69353485107422 Validation Error: 178.51797485351562 Test Error: 137.30166625976562
Round: 16500 Training Error: 101.40422058105469 Validation Error: 178.8589324951172 Test Error: 135.20596313476562
Round: 17000 Training Error: 104.100341796875 Validation Error: 180.9783935546875 Test Error: 138.7860565185547
Round: 17500 Training Error: 98.82621765136719 Validation Error: 180.253173828125 Test Error: 138.4532012939453
Round: 18000 Training Error: 100.3253173828125 Validation Error: 179.3336181640625 Test Error: 138.98074340820312
Round: 18500 Training Error: 101.11487579345703 Validation Error: 179.45901489257812 Test Error: 136.35357666015625
Round: 19000 Training Error: 147.52838134765625 Validation Error: 181.12510681152344 Test Error: 139.2523193359375
Round: 19500 Training Error: 147.33224487304688 Validation Error: 183.6365509033203 Test Error: 139.14743041992188
Round: 20000 Training Error: 97.95477294921875 Validation Error: 184.29310607910156 Test Error: 140.79002380371094
5 4 0.01 20000 0.4 ['hvac', 'fridge', 'mw', 'dr', 'dw', 'residual']
Round: 500 Training Error: 137.19686889648438 Validation Error: 193.60025024414062 Test Error: 159.55625915527344
Round: 1000 Training Error: 158.3922882080078 Validation Error: 189.27838134765625 Test Error: 151.50772094726562
Round: 1500 Training Error: 120.46147918701172 Validation Error: 186.7815399169922 Test Error: 149.7236328125
Round: 2000 Training Error: 152.72055053710938 Validation Error: 180.99159240722656 Test Error: 142.98583984375
Round: 2500 Training Error: 152.44886779785156 Validation Error: 182.0819854736328 Test Error: 142.43711853027344
Round: 3000 Training Error: 107.52127075195312 Validation Error: 180.1466522216797 Test Error: 139.9866485595703
Round: 3500 Training Error: 120.1220932006836 Validation Error: 182.2750701904297 Test Error: 139.52996826171875
Round: 4000 Training Error: 107.8197021484375 Validation Error: 183.1417999267578 Test Error: 145.13633728027344
Round: 4500 Training Error: 108.34585571289062 Validation Error: 181.1075439453125 Test Error: 144.5352783203125
Round: 5000 Training Error: 146.27462768554688 Validation Error: 182.00997924804688 Test Error: 142.38890075683594
Round: 5500 Training Error: 104.95854949951172 Validation Error: 180.17005920410156 Test Error: 142.81381225585938
Round: 6000 Training Error: 105.0568618774414 Validation Error: 181.36590576171875 Test Error: 144.68333435058594
Round: 6500 Training Error: 114.78950500488281 Validation Error: 183.4003448486328 Test Error: 144.70782470703125
Round: 7000 Training Error: 107.94651794433594 Validation Error: 181.6925811767578 Test Error: 142.710205078125
Round: 7500 Training Error: 107.2217788696289 Validation Error: 179.7103729248047 Test Error: 139.65512084960938
Round: 8000 Training Error: 114.17204284667969 Validation Error: 183.52694702148438 Test Error: 148.36265563964844
Round: 8500 Training Error: 148.83401489257812 Validation Error: 181.52772521972656 Test Error: 144.091552734375
Round: 9000 Training Error: 106.60366821289062 Validation Error: 184.8690643310547 Test Error: 146.51417541503906
Round: 9500 Training Error: 105.18702697753906 Validation Error: 181.22093200683594 Test Error: 141.70492553710938
Round: 10000 Training Error: 148.5711669921875 Validation Error: 182.15640258789062 Test Error: 142.8003692626953
Round: 10500 Training Error: 146.20306396484375 Validation Error: 186.37400817871094 Test Error: 147.9556884765625
Round: 11000 Training Error: 145.48745727539062 Validation Error: 184.69354248046875 Test Error: 143.53012084960938
Round: 11500 Training Error: 105.76300811767578 Validation Error: 189.74169921875 Test Error: 147.8494415283203
Round: 12000 Training Error: 102.98023986816406 Validation Error: 183.67276000976562 Test Error: 141.9886016845703
Round: 12500 Training Error: 143.87286376953125 Validation Error: 191.00877380371094 Test Error: 147.5892333984375
Round: 13000 Training Error: 144.99656677246094 Validation Error: 191.22024536132812 Test Error: 148.1152801513672
Round: 13500 Training Error: 103.41354370117188 Validation Error: 190.9510040283203 Test Error: 149.4045867919922
Round: 14000 Training Error: 147.9506072998047 Validation Error: 185.66319274902344 Test Error: 141.79190063476562
Round: 14500 Training Error: 142.91128540039062 Validation Error: 188.96351623535156 Test Error: 146.59652709960938
Round: 15000 Training Error: 144.9973907470703 Validation Error: 189.458984375 Test Error: 149.02223205566406
Round: 15500 Training Error: 102.19446563720703 Validation Error: 189.11476135253906 Test Error: 146.98947143554688
Round: 16000 Training Error: 145.20738220214844 Validation Error: 192.51962280273438 Test Error: 153.06591796875
Round: 16500 Training Error: 109.27289581298828 Validation Error: 190.3256378173828 Test Error: 146.23036193847656
Round: 17000 Training Error: 111.22200775146484 Validation Error: 189.25241088867188 Test Error: 150.984619140625
Round: 17500 Training Error: 106.5824966430664 Validation Error: 187.0868682861328 Test Error: 144.45217895507812
Round: 18000 Training Error: 103.5785903930664 Validation Error: 190.92584228515625 Test Error: 151.25770568847656
Round: 18500 Training Error: 105.1382827758789 Validation Error: 184.42543029785156 Test Error: 141.78884887695312
Round: 19000 Training Error: 148.2510528564453 Validation Error: 189.17320251464844 Test Error: 141.7921142578125
Round: 19500 Training Error: 142.3384246826172 Validation Error: 199.04763793945312 Test Error: 152.8854217529297
Round: 20000 Training Error: 103.07075500488281 Validation Error: 192.5615997314453 Test Error: 149.08038330078125
5 4 0.01 20000 0.8 ['hvac', 'fridge', 'mw', 'dr', 'dw', 'residual']
Round: 500 Training Error: 159.3592987060547 Validation Error: 197.08143615722656 Test Error: 163.79513549804688
Round: 1000 Training Error: 149.21311950683594 Validation Error: 195.4974822998047 Test Error: 163.6078643798828
Round: 1500 Training Error: 144.65545654296875 Validation Error: 194.44052124023438 Test Error: 159.92555236816406
Round: 2000 Training Error: 141.14353942871094 Validation Error: 193.6061248779297 Test Error: 157.279052734375
Round: 2500 Training Error: 139.7956085205078 Validation Error: 192.7147216796875 Test Error: 157.5194091796875
Round: 3000 Training Error: 141.72499084472656 Validation Error: 188.20755004882812 Test Error: 153.0898895263672
Round: 3500 Training Error: 138.58714294433594 Validation Error: 191.83566284179688 Test Error: 155.8754425048828
Round: 4000 Training Error: 123.8328628540039 Validation Error: 192.04579162597656 Test Error: 156.6294403076172
Round: 4500 Training Error: 136.9255828857422 Validation Error: 192.28404235839844 Test Error: 156.811279296875
Round: 5000 Training Error: 135.6389923095703 Validation Error: 194.4791259765625 Test Error: 159.42735290527344
Round: 5500 Training Error: 135.40640258789062 Validation Error: 195.2183837890625 Test Error: 159.68162536621094
Round: 6000 Training Error: 136.95281982421875 Validation Error: 193.26925659179688 Test Error: 156.3161163330078
Round: 6500 Training Error: 135.5699920654297 Validation Error: 195.07302856445312 Test Error: 159.13209533691406
Round: 7000 Training Error: 134.14096069335938 Validation Error: 192.274169921875 Test Error: 153.31289672851562
Round: 7500 Training Error: 118.66014099121094 Validation Error: 194.5587615966797 Test Error: 161.68016052246094
Round: 8000 Training Error: 132.8260498046875 Validation Error: 190.4120635986328 Test Error: 152.8860626220703
Round: 8500 Training Error: 133.84593200683594 Validation Error: 199.43495178222656 Test Error: 157.34999084472656
Round: 9000 Training Error: 130.6654052734375 Validation Error: 191.84765625 Test Error: 153.14532470703125
Round: 9500 Training Error: 119.89002990722656 Validation Error: 195.26283264160156 Test Error: 154.68081665039062
Round: 10000 Training Error: 131.8462371826172 Validation Error: 189.90626525878906 Test Error: 151.6891632080078
Round: 10500 Training Error: 129.7631072998047 Validation Error: 191.70973205566406 Test Error: 150.75341796875
Round: 11000 Training Error: 132.93348693847656 Validation Error: 195.2748260498047 Test Error: 153.90309143066406
Round: 11500 Training Error: 132.99295043945312 Validation Error: 191.5 Test Error: 151.49851989746094
Round: 12000 Training Error: 129.1489715576172 Validation Error: 191.31878662109375 Test Error: 150.89334106445312
Round: 12500 Training Error: 127.38694763183594 Validation Error: 195.5998992919922 Test Error: 153.87693786621094
Round: 13000 Training Error: 127.98194122314453 Validation Error: 194.23394775390625 Test Error: 152.26666259765625
Round: 13500 Training Error: 129.71421813964844 Validation Error: 193.18385314941406 Test Error: 149.93325805664062
Round: 14000 Training Error: 129.89654541015625 Validation Error: 193.24932861328125 Test Error: 148.1986541748047
Round: 14500 Training Error: 127.2792739868164 Validation Error: 193.89328002929688 Test Error: 150.82064819335938
Round: 15000 Training Error: 127.79290771484375 Validation Error: 193.7950897216797 Test Error: 151.6691436767578
Round: 15500 Training Error: 115.75599670410156 Validation Error: 194.3931884765625 Test Error: 151.61773681640625
Round: 16000 Training Error: 129.16604614257812 Validation Error: 191.81405639648438 Test Error: 150.79762268066406
Round: 16500 Training Error: 112.74612426757812 Validation Error: 190.51043701171875 Test Error: 150.17062377929688
Round: 17000 Training Error: 127.4132080078125 Validation Error: 194.10848999023438 Test Error: 152.55657958984375
Round: 17500 Training Error: 114.76092529296875 Validation Error: 194.50515747070312 Test Error: 152.6074981689453
Round: 18000 Training Error: 131.77479553222656 Validation Error: 190.896484375 Test Error: 149.48849487304688
Round: 18500 Training Error: 130.99012756347656 Validation Error: 190.132568359375 Test Error: 148.47572326660156
Round: 19000 Training Error: 129.73670959472656 Validation Error: 192.58743286132812 Test Error: 150.2948760986328
Round: 19500 Training Error: 128.36448669433594 Validation Error: 193.79527282714844 Test Error: 151.66683959960938
Round: 20000 Training Error: 136.25473022460938 Validation Error: 200.30819702148438 Test Error: 164.8002166748047
5 4 0.01 20000 0.2 ['hvac', 'fridge', 'mw', 'dr', 'residual', 'dw']
Round: 500 Training Error: 135.20166015625 Validation Error: 190.37088012695312 Test Error: 152.8668670654297
Round: 1000 Training Error: 163.3566131591797 Validation Error: 187.48202514648438 Test Error: 151.9601593017578
Round: 1500 Training Error: 132.54840087890625 Validation Error: 184.19924926757812 Test Error: 146.47314453125
Round: 2000 Training Error: 119.23090362548828 Validation Error: 180.69381713867188 Test Error: 141.1224822998047
Round: 2500 Training Error: 115.15670013427734 Validation Error: 181.12408447265625 Test Error: 140.7016143798828
Round: 3000 Training Error: 112.99827575683594 Validation Error: 179.12596130371094 Test Error: 139.0438995361328
Round: 3500 Training Error: 110.66241455078125 Validation Error: 178.59254455566406 Test Error: 137.82432556152344
Round: 4000 Training Error: 117.0207290649414 Validation Error: 184.2133331298828 Test Error: 144.9937744140625
Round: 4500 Training Error: 112.47930145263672 Validation Error: 181.80111694335938 Test Error: 141.474853515625
Round: 5000 Training Error: 130.13539123535156 Validation Error: 189.7163848876953 Test Error: 150.819580078125
Round: 5500 Training Error: 110.89898681640625 Validation Error: 182.66688537597656 Test Error: 140.04498291015625
Round: 6000 Training Error: 109.58747863769531 Validation Error: 182.56646728515625 Test Error: 139.58995056152344
Round: 6500 Training Error: 108.14019775390625 Validation Error: 180.49755859375 Test Error: 136.7094268798828
Round: 7000 Training Error: 107.31982421875 Validation Error: 182.7752227783203 Test Error: 138.7723388671875
Round: 7500 Training Error: 108.06982421875 Validation Error: 183.4176483154297 Test Error: 138.80381774902344
Round: 8000 Training Error: 105.17074584960938 Validation Error: 181.1993865966797 Test Error: 137.5809326171875
Round: 8500 Training Error: 152.33094787597656 Validation Error: 180.36935424804688 Test Error: 137.08609008789062
Round: 9000 Training Error: 104.80997467041016 Validation Error: 181.40225219726562 Test Error: 138.86709594726562
Round: 9500 Training Error: 104.35940551757812 Validation Error: 181.20950317382812 Test Error: 139.1979522705078
Round: 10000 Training Error: 104.16832733154297 Validation Error: 179.19985961914062 Test Error: 137.9851531982422
Round: 10500 Training Error: 151.539794921875 Validation Error: 179.75384521484375 Test Error: 137.3634796142578
Round: 11000 Training Error: 105.84185791015625 Validation Error: 179.88291931152344 Test Error: 137.66476440429688
Round: 11500 Training Error: 102.96807098388672 Validation Error: 179.62144470214844 Test Error: 137.95733642578125
Round: 12000 Training Error: 102.80950164794922 Validation Error: 180.79489135742188 Test Error: 138.73965454101562
Round: 12500 Training Error: 150.4028778076172 Validation Error: 181.45216369628906 Test Error: 138.6671600341797
Round: 13000 Training Error: 150.93226623535156 Validation Error: 179.99700927734375 Test Error: 138.4131622314453
Round: 13500 Training Error: 128.87791442871094 Validation Error: 187.44532775878906 Test Error: 146.3127899169922
Round: 14000 Training Error: 119.24337005615234 Validation Error: 184.7083740234375 Test Error: 145.01028442382812
Round: 14500 Training Error: 158.80897521972656 Validation Error: 183.35214233398438 Test Error: 142.76663208007812
Round: 15000 Training Error: 155.2693634033203 Validation Error: 181.58811950683594 Test Error: 139.8855438232422
Round: 15500 Training Error: 107.56356048583984 Validation Error: 180.26931762695312 Test Error: 137.59332275390625
Round: 16000 Training Error: 105.84237670898438 Validation Error: 181.16287231445312 Test Error: 138.02415466308594
Round: 16500 Training Error: 107.89864349365234 Validation Error: 180.78880310058594 Test Error: 137.3938446044922
Round: 17000 Training Error: 113.97045135498047 Validation Error: 184.7344970703125 Test Error: 139.3770751953125
Round: 17500 Training Error: 104.28022766113281 Validation Error: 179.12826538085938 Test Error: 135.43019104003906
Round: 18000 Training Error: 104.19556427001953 Validation Error: 180.8882293701172 Test Error: 137.35182189941406
Round: 18500 Training Error: 105.26248931884766 Validation Error: 179.9562530517578 Test Error: 136.97021484375
Round: 19000 Training Error: 150.53912353515625 Validation Error: 180.39439392089844 Test Error: 137.34255981445312
Round: 19500 Training Error: 152.187744140625 Validation Error: 179.53033447265625 Test Error: 135.16702270507812
Round: 20000 Training Error: 103.52645874023438 Validation Error: 178.28738403320312 Test Error: 134.16934204101562
5 4 0.01 20000 0.4 ['hvac', 'fridge', 'mw', 'dr', 'residual', 'dw']
Round: 500 Training Error: 138.0606689453125 Validation Error: 193.9595947265625 Test Error: 155.61410522460938
Round: 1000 Training Error: 157.5152130126953 Validation Error: 190.9661407470703 Test Error: 155.04029846191406
Round: 1500 Training Error: 119.52681732177734 Validation Error: 187.27655029296875 Test Error: 149.86117553710938
Round: 2000 Training Error: 153.01913452148438 Validation Error: 181.45616149902344 Test Error: 140.57383728027344
Round: 2500 Training Error: 149.97691345214844 Validation Error: 181.7865753173828 Test Error: 139.94793701171875
Round: 3000 Training Error: 106.41976928710938 Validation Error: 181.6251983642578 Test Error: 140.76202392578125
Round: 3500 Training Error: 107.89295959472656 Validation Error: 183.08221435546875 Test Error: 145.0370330810547
Round: 4000 Training Error: 106.39434814453125 Validation Error: 184.92141723632812 Test Error: 145.98825073242188
Round: 4500 Training Error: 104.08454895019531 Validation Error: 185.8990936279297 Test Error: 144.9246063232422
Round: 5000 Training Error: 146.50848388671875 Validation Error: 183.21644592285156 Test Error: 145.29537963867188
Round: 5500 Training Error: 104.88803100585938 Validation Error: 181.59024047851562 Test Error: 146.1912078857422
Round: 6000 Training Error: 103.94918060302734 Validation Error: 184.49661254882812 Test Error: 146.08609008789062
Round: 6500 Training Error: 101.3418197631836 Validation Error: 186.75779724121094 Test Error: 156.61891174316406
Round: 7000 Training Error: 100.21282196044922 Validation Error: 187.42185974121094 Test Error: 151.7515106201172
Round: 7500 Training Error: 100.82988739013672 Validation Error: 189.23487854003906 Test Error: 155.28900146484375
Round: 8000 Training Error: 104.31096649169922 Validation Error: 181.69155883789062 Test Error: 143.32225036621094
Round: 8500 Training Error: 141.80157470703125 Validation Error: 193.38162231445312 Test Error: 159.15367126464844
Round: 9000 Training Error: 100.85953521728516 Validation Error: 188.89198303222656 Test Error: 153.79449462890625
Round: 9500 Training Error: 99.54139709472656 Validation Error: 197.56900024414062 Test Error: 164.3586883544922
Round: 10000 Training Error: 160.8242950439453 Validation Error: 181.25399780273438 Test Error: 144.0727996826172
Round: 10500 Training Error: 143.0837860107422 Validation Error: 187.54986572265625 Test Error: 150.76864624023438
Round: 11000 Training Error: 141.46998596191406 Validation Error: 179.617431640625 Test Error: 138.8937225341797
Round: 11500 Training Error: 100.50146484375 Validation Error: 180.31826782226562 Test Error: 144.4125518798828
Round: 12000 Training Error: 102.08164978027344 Validation Error: 179.11004638671875 Test Error: 140.9445037841797
Round: 12500 Training Error: 140.9022979736328 Validation Error: 185.93478393554688 Test Error: 150.05081176757812
Round: 13000 Training Error: 142.23129272460938 Validation Error: 185.42747497558594 Test Error: 150.0538330078125
Round: 13500 Training Error: 99.91273498535156 Validation Error: 186.33631896972656 Test Error: 158.5210723876953
Round: 14000 Training Error: 141.42286682128906 Validation Error: 189.51104736328125 Test Error: 155.28140258789062
Round: 14500 Training Error: 138.99864196777344 Validation Error: 186.9387664794922 Test Error: 154.15599060058594
Round: 15000 Training Error: 140.64073181152344 Validation Error: 186.2303009033203 Test Error: 152.7578125
Round: 15500 Training Error: 100.78108215332031 Validation Error: 184.03826904296875 Test Error: 155.13751220703125
Round: 16000 Training Error: 147.18994140625 Validation Error: 188.6982421875 Test Error: 157.59994506835938
Round: 16500 Training Error: 99.58936309814453 Validation Error: 194.6291046142578 Test Error: 156.97608947753906
Round: 17000 Training Error: 101.54225158691406 Validation Error: 188.84011840820312 Test Error: 153.64675903320312
Round: 17500 Training Error: 98.08978271484375 Validation Error: 192.6666717529297 Test Error: 156.72288513183594
Round: 18000 Training Error: 98.37218475341797 Validation Error: 193.27342224121094 Test Error: 159.24380493164062
Round: 18500 Training Error: 129.4164581298828 Validation Error: 183.4824676513672 Test Error: 137.2211151123047
Round: 19000 Training Error: 137.5575714111328 Validation Error: 180.67041015625 Test Error: 146.05172729492188
Round: 19500 Training Error: 134.72166442871094 Validation Error: 185.44992065429688 Test Error: 153.7762908935547
Round: 20000 Training Error: 98.65785217285156 Validation Error: 191.71795654296875 Test Error: 157.63577270507812
