nohup: ignoring input
5 4 0.01 20000 0.4 ['residual', 'mw', 'dw', 'fridge', 'hvac', 'dr']
Round: 500 Training Error: 138.3093719482422 Validation Error: 191.6884765625 Test Error: 152.96826171875
Round: 1000 Training Error: 154.99415588378906 Validation Error: 188.4560089111328 Test Error: 149.14227294921875
Round: 1500 Training Error: 120.01537322998047 Validation Error: 189.04266357421875 Test Error: 147.1702117919922
Round: 2000 Training Error: 145.54493713378906 Validation Error: 180.8923797607422 Test Error: 141.2563934326172
Round: 2500 Training Error: 143.3605194091797 Validation Error: 181.51026916503906 Test Error: 137.97921752929688
Round: 3000 Training Error: 106.96202850341797 Validation Error: 178.5232391357422 Test Error: 137.04454040527344
Round: 3500 Training Error: 107.2863540649414 Validation Error: 180.9721221923828 Test Error: 143.9855499267578
Round: 4000 Training Error: 107.08238983154297 Validation Error: 177.41629028320312 Test Error: 137.7614288330078
Round: 4500 Training Error: 103.02424621582031 Validation Error: 179.2932586669922 Test Error: 141.1881866455078
Round: 5000 Training Error: 144.0348663330078 Validation Error: 177.45924377441406 Test Error: 136.0343780517578
Round: 5500 Training Error: 102.87964630126953 Validation Error: 177.80410766601562 Test Error: 136.35934448242188
Round: 6000 Training Error: 106.64808654785156 Validation Error: 179.01239013671875 Test Error: 135.92129516601562
Round: 6500 Training Error: 101.8446044921875 Validation Error: 180.97872924804688 Test Error: 139.46485900878906
Round: 7000 Training Error: 101.18772888183594 Validation Error: 180.67660522460938 Test Error: 139.91015625
Round: 7500 Training Error: 100.87540435791016 Validation Error: 179.83421325683594 Test Error: 137.74073791503906
Round: 8000 Training Error: 100.4212417602539 Validation Error: 180.3766326904297 Test Error: 139.1240234375
Round: 8500 Training Error: 135.69839477539062 Validation Error: 179.82901000976562 Test Error: 138.7603759765625
Round: 9000 Training Error: 112.38638305664062 Validation Error: 181.10494995117188 Test Error: 139.4399871826172
Round: 9500 Training Error: 105.29727172851562 Validation Error: 182.37648010253906 Test Error: 139.39120483398438
Round: 10000 Training Error: 139.2306671142578 Validation Error: 182.17893981933594 Test Error: 139.5485382080078
Round: 10500 Training Error: 137.55397033691406 Validation Error: 181.85633850097656 Test Error: 138.03643798828125
Round: 11000 Training Error: 138.65899658203125 Validation Error: 180.9671630859375 Test Error: 137.31044006347656
Round: 11500 Training Error: 102.57679748535156 Validation Error: 181.0690460205078 Test Error: 138.0580596923828
Round: 12000 Training Error: 103.1585693359375 Validation Error: 179.67105102539062 Test Error: 137.59153747558594
Round: 12500 Training Error: 135.69886779785156 Validation Error: 182.85238647460938 Test Error: 140.477783203125
Round: 13000 Training Error: 137.89730834960938 Validation Error: 183.32583618164062 Test Error: 140.65740966796875
Round: 13500 Training Error: 100.79944610595703 Validation Error: 182.70849609375 Test Error: 139.56800842285156
Round: 14000 Training Error: 137.28402709960938 Validation Error: 186.02130126953125 Test Error: 144.74559020996094
Round: 14500 Training Error: 134.7731170654297 Validation Error: 182.795654296875 Test Error: 138.97259521484375
Round: 15000 Training Error: 135.74526977539062 Validation Error: 186.5316619873047 Test Error: 144.038330078125
Round: 15500 Training Error: 100.9916000366211 Validation Error: 183.0574493408203 Test Error: 140.4672393798828
Round: 16000 Training Error: 135.19834899902344 Validation Error: 181.90203857421875 Test Error: 140.4013214111328
Round: 16500 Training Error: 100.4752426147461 Validation Error: 183.82516479492188 Test Error: 141.82681274414062
Round: 17000 Training Error: 100.32696533203125 Validation Error: 183.66188049316406 Test Error: 141.12994384765625
Round: 17500 Training Error: 101.36489868164062 Validation Error: 182.25213623046875 Test Error: 138.8340606689453
Round: 18000 Training Error: 100.35871124267578 Validation Error: 185.91555786132812 Test Error: 144.17459106445312
Round: 18500 Training Error: 101.96099090576172 Validation Error: 181.57716369628906 Test Error: 139.145751953125
Round: 19000 Training Error: 131.6979217529297 Validation Error: 183.41575622558594 Test Error: 142.38279724121094
Round: 19500 Training Error: 129.97515869140625 Validation Error: 184.85546875 Test Error: 142.3758087158203
Round: 20000 Training Error: 100.29524993896484 Validation Error: 185.90953063964844 Test Error: 145.58128356933594
5 4 0.01 20000 0.8 ['residual', 'mw', 'dw', 'fridge', 'hvac', 'dr']
Round: 500 Training Error: 158.7637481689453 Validation Error: 198.9563446044922 Test Error: 168.00328063964844
Round: 1000 Training Error: 146.5593719482422 Validation Error: 196.1910858154297 Test Error: 157.82376098632812
Round: 1500 Training Error: 139.8781280517578 Validation Error: 192.04962158203125 Test Error: 150.6104278564453
Round: 2000 Training Error: 134.92340087890625 Validation Error: 194.2747039794922 Test Error: 152.8428192138672
Round: 2500 Training Error: 134.86358642578125 Validation Error: 192.5843505859375 Test Error: 153.25247192382812
Round: 3000 Training Error: 133.95944213867188 Validation Error: 194.3859100341797 Test Error: 157.46446228027344
Round: 3500 Training Error: 134.17117309570312 Validation Error: 191.65567016601562 Test Error: 152.8215789794922
Round: 4000 Training Error: 119.53437042236328 Validation Error: 192.6852264404297 Test Error: 153.537841796875
Round: 4500 Training Error: 131.76568603515625 Validation Error: 193.43594360351562 Test Error: 156.88153076171875
Round: 5000 Training Error: 128.9512481689453 Validation Error: 192.11154174804688 Test Error: 151.1385498046875
Round: 5500 Training Error: 129.383056640625 Validation Error: 192.17807006835938 Test Error: 153.64697265625
Round: 6000 Training Error: 130.39376831054688 Validation Error: 187.66812133789062 Test Error: 145.93685913085938
Round: 6500 Training Error: 127.42154693603516 Validation Error: 191.15977478027344 Test Error: 151.57752990722656
Round: 7000 Training Error: 130.37588500976562 Validation Error: 188.9063720703125 Test Error: 143.4376220703125
Round: 7500 Training Error: 117.27519989013672 Validation Error: 187.92494201660156 Test Error: 149.9835662841797
Round: 8000 Training Error: 128.6159210205078 Validation Error: 188.92266845703125 Test Error: 144.98794555664062
Round: 8500 Training Error: 127.38607025146484 Validation Error: 192.26393127441406 Test Error: 146.58021545410156
Round: 9000 Training Error: 126.59904479980469 Validation Error: 186.6412353515625 Test Error: 145.36666870117188
Round: 9500 Training Error: 117.47197723388672 Validation Error: 189.67507934570312 Test Error: 147.00218200683594
Round: 10000 Training Error: 126.73120880126953 Validation Error: 187.41912841796875 Test Error: 144.0408172607422
Round: 10500 Training Error: 125.37703704833984 Validation Error: 188.18040466308594 Test Error: 146.9307403564453
Round: 11000 Training Error: 126.54973602294922 Validation Error: 194.25045776367188 Test Error: 149.7487030029297
Round: 11500 Training Error: 126.69001770019531 Validation Error: 188.36773681640625 Test Error: 147.45639038085938
Round: 12000 Training Error: 126.67210388183594 Validation Error: 186.7030792236328 Test Error: 144.88282775878906
Round: 12500 Training Error: 123.37117004394531 Validation Error: 192.4961395263672 Test Error: 152.37890625
Round: 13000 Training Error: 123.76669311523438 Validation Error: 189.86431884765625 Test Error: 149.99217224121094
Round: 13500 Training Error: 123.86640167236328 Validation Error: 189.8086700439453 Test Error: 149.3549346923828
Round: 14000 Training Error: 125.3218765258789 Validation Error: 190.6787567138672 Test Error: 148.68850708007812
Round: 14500 Training Error: 123.28075408935547 Validation Error: 192.1402587890625 Test Error: 152.4192352294922
Round: 15000 Training Error: 124.79975891113281 Validation Error: 188.4478759765625 Test Error: 150.6095733642578
Round: 15500 Training Error: 110.72271728515625 Validation Error: 189.62905883789062 Test Error: 149.0542755126953
Round: 16000 Training Error: 124.615234375 Validation Error: 189.7779998779297 Test Error: 148.3094482421875
Round: 16500 Training Error: 109.38146209716797 Validation Error: 188.5421600341797 Test Error: 152.90713500976562
Round: 17000 Training Error: 123.89421844482422 Validation Error: 190.75326538085938 Test Error: 150.29409790039062
Round: 17500 Training Error: 110.62547302246094 Validation Error: 190.54592895507812 Test Error: 150.5780792236328
Round: 18000 Training Error: 122.83100891113281 Validation Error: 190.65536499023438 Test Error: 151.12277221679688
Round: 18500 Training Error: 123.18701171875 Validation Error: 188.559326171875 Test Error: 148.2487335205078
Round: 19000 Training Error: 124.050537109375 Validation Error: 186.81387329101562 Test Error: 145.76336669921875
Round: 19500 Training Error: 129.7617645263672 Validation Error: 194.454345703125 Test Error: 154.7083282470703
Round: 20000 Training Error: 126.6247329711914 Validation Error: 192.32879638671875 Test Error: 153.26881408691406
5 4 0.01 20000 0.2 ['residual', 'mw', 'dw', 'fridge', 'dr', 'hvac']
Round: 500 Training Error: 139.08056640625 Validation Error: 191.85403442382812 Test Error: 151.81704711914062
Round: 1000 Training Error: 166.79702758789062 Validation Error: 189.896240234375 Test Error: 146.72267150878906
Round: 1500 Training Error: 116.81809997558594 Validation Error: 185.36798095703125 Test Error: 139.18003845214844
Round: 2000 Training Error: 106.4920425415039 Validation Error: 182.77694702148438 Test Error: 135.9840087890625
Round: 2500 Training Error: 103.55897521972656 Validation Error: 179.93466186523438 Test Error: 137.40060424804688
Round: 3000 Training Error: 102.44551849365234 Validation Error: 179.4493408203125 Test Error: 138.76644897460938
Round: 3500 Training Error: 100.86732482910156 Validation Error: 178.66986083984375 Test Error: 137.1344757080078
Round: 4000 Training Error: 102.85877990722656 Validation Error: 178.10093688964844 Test Error: 140.46554565429688
Round: 4500 Training Error: 100.07237243652344 Validation Error: 178.53964233398438 Test Error: 140.0941619873047
Round: 5000 Training Error: 100.68943786621094 Validation Error: 178.41456604003906 Test Error: 141.5538787841797
Round: 5500 Training Error: 99.60054016113281 Validation Error: 178.9337158203125 Test Error: 141.16505432128906
Round: 6000 Training Error: 101.72000885009766 Validation Error: 180.89202880859375 Test Error: 140.9650115966797
Round: 6500 Training Error: 99.37462615966797 Validation Error: 179.1695556640625 Test Error: 141.64292907714844
Round: 7000 Training Error: 98.60559844970703 Validation Error: 179.94993591308594 Test Error: 143.55015563964844
Round: 7500 Training Error: 98.19924926757812 Validation Error: 178.36410522460938 Test Error: 142.96157836914062
Round: 8000 Training Error: 98.51073455810547 Validation Error: 181.68157958984375 Test Error: 147.91635131835938
Round: 8500 Training Error: 141.80987548828125 Validation Error: 180.75701904296875 Test Error: 146.7666015625
Round: 9000 Training Error: 97.6972427368164 Validation Error: 179.95103454589844 Test Error: 142.71839904785156
Round: 9500 Training Error: 99.17411041259766 Validation Error: 181.02162170410156 Test Error: 145.07447814941406
Round: 10000 Training Error: 100.08407592773438 Validation Error: 178.87490844726562 Test Error: 144.38011169433594
Round: 10500 Training Error: 143.79563903808594 Validation Error: 182.9337615966797 Test Error: 152.76742553710938
Round: 11000 Training Error: 97.24662780761719 Validation Error: 177.63516235351562 Test Error: 141.21910095214844
Round: 11500 Training Error: 97.92949676513672 Validation Error: 178.5249786376953 Test Error: 141.05792236328125
Round: 12000 Training Error: 96.54777526855469 Validation Error: 179.267822265625 Test Error: 142.996337890625
Round: 12500 Training Error: 138.9072265625 Validation Error: 180.74705505371094 Test Error: 145.01397705078125
Round: 13000 Training Error: 139.30516052246094 Validation Error: 177.27786254882812 Test Error: 140.51422119140625
Round: 13500 Training Error: 97.26885986328125 Validation Error: 178.50135803222656 Test Error: 139.99960327148438
Round: 14000 Training Error: 96.34259033203125 Validation Error: 179.1221923828125 Test Error: 141.12916564941406
Round: 14500 Training Error: 136.98196411132812 Validation Error: 179.79718017578125 Test Error: 145.15110778808594
Round: 15000 Training Error: 138.08290100097656 Validation Error: 180.33306884765625 Test Error: 147.35791015625
Round: 15500 Training Error: 94.95438385009766 Validation Error: 180.73785400390625 Test Error: 145.8128662109375
Round: 16000 Training Error: 94.71893310546875 Validation Error: 180.5750732421875 Test Error: 144.77578735351562
Round: 16500 Training Error: 98.43900299072266 Validation Error: 178.13809204101562 Test Error: 140.62254333496094
Round: 17000 Training Error: 97.7642822265625 Validation Error: 179.68527221679688 Test Error: 144.95474243164062
Round: 17500 Training Error: 96.83612060546875 Validation Error: 179.38458251953125 Test Error: 143.1889190673828
Round: 18000 Training Error: 97.31349182128906 Validation Error: 180.08294677734375 Test Error: 144.62806701660156
Round: 18500 Training Error: 97.95206451416016 Validation Error: 178.81976318359375 Test Error: 143.38577270507812
Round: 19000 Training Error: 138.21815490722656 Validation Error: 181.1318359375 Test Error: 144.1391143798828
Round: 19500 Training Error: 136.06163024902344 Validation Error: 179.67205810546875 Test Error: 143.89747619628906
Round: 20000 Training Error: 94.33712005615234 Validation Error: 179.79913330078125 Test Error: 142.34341430664062
5 4 0.01 20000 0.4 ['residual', 'mw', 'dw', 'fridge', 'dr', 'hvac']
Round: 500 Training Error: 139.77354431152344 Validation Error: 193.6265106201172 Test Error: 155.7501983642578
Round: 1000 Training Error: 158.12449645996094 Validation Error: 190.2053985595703 Test Error: 149.13011169433594
Round: 1500 Training Error: 121.01045989990234 Validation Error: 187.85089111328125 Test Error: 145.50306701660156
Round: 2000 Training Error: 148.4337921142578 Validation Error: 184.56788635253906 Test Error: 146.96482849121094
Round: 2500 Training Error: 144.35836791992188 Validation Error: 185.20098876953125 Test Error: 146.85751342773438
Round: 3000 Training Error: 109.59660339355469 Validation Error: 182.96437072753906 Test Error: 149.31117248535156
Round: 3500 Training Error: 113.82498931884766 Validation Error: 183.87789916992188 Test Error: 149.9696044921875
Round: 4000 Training Error: 109.697509765625 Validation Error: 183.5457763671875 Test Error: 139.9850616455078
Round: 4500 Training Error: 105.45854949951172 Validation Error: 182.13819885253906 Test Error: 149.70123291015625
Round: 5000 Training Error: 145.9369659423828 Validation Error: 180.844482421875 Test Error: 143.4409942626953
Round: 5500 Training Error: 105.33564758300781 Validation Error: 178.70904541015625 Test Error: 145.95703125
Round: 6000 Training Error: 104.7305908203125 Validation Error: 180.26663208007812 Test Error: 145.99346923828125
Round: 6500 Training Error: 102.24176025390625 Validation Error: 178.345458984375 Test Error: 140.49082946777344
Round: 7000 Training Error: 101.47896575927734 Validation Error: 179.1544189453125 Test Error: 143.5400390625
Round: 7500 Training Error: 101.69316864013672 Validation Error: 179.454833984375 Test Error: 146.27969360351562
Round: 8000 Training Error: 101.35026550292969 Validation Error: 179.4918212890625 Test Error: 147.7888946533203
Round: 8500 Training Error: 140.47962951660156 Validation Error: 179.4242706298828 Test Error: 143.91448974609375
Round: 9000 Training Error: 101.88325500488281 Validation Error: 177.98667907714844 Test Error: 143.16152954101562
Round: 9500 Training Error: 99.94377136230469 Validation Error: 178.43609619140625 Test Error: 147.90335083007812
Round: 10000 Training Error: 137.0635223388672 Validation Error: 177.22286987304688 Test Error: 142.47274780273438
Round: 10500 Training Error: 134.75161743164062 Validation Error: 178.61610412597656 Test Error: 145.01318359375
Round: 11000 Training Error: 134.88479614257812 Validation Error: 177.9720458984375 Test Error: 147.84140014648438
Round: 11500 Training Error: 99.46778869628906 Validation Error: 179.51829528808594 Test Error: 146.52220153808594
Round: 12000 Training Error: 103.24065399169922 Validation Error: 185.398193359375 Test Error: 164.34886169433594
Round: 12500 Training Error: 134.9819793701172 Validation Error: 181.90887451171875 Test Error: 146.2227325439453
Round: 13000 Training Error: 136.69284057617188 Validation Error: 178.08541870117188 Test Error: 143.4658203125
Round: 13500 Training Error: 100.04161071777344 Validation Error: 178.83558654785156 Test Error: 145.97532653808594
Round: 14000 Training Error: 134.5529327392578 Validation Error: 177.94923400878906 Test Error: 145.26803588867188
Round: 14500 Training Error: 132.96856689453125 Validation Error: 179.78321838378906 Test Error: 146.99285888671875
Round: 15000 Training Error: 138.82891845703125 Validation Error: 180.9405975341797 Test Error: 153.6344451904297
Round: 15500 Training Error: 102.1721420288086 Validation Error: 179.7953338623047 Test Error: 153.4024200439453
Round: 16000 Training Error: 136.68399047851562 Validation Error: 177.85952758789062 Test Error: 144.15020751953125
Round: 16500 Training Error: 97.82581329345703 Validation Error: 178.5466766357422 Test Error: 144.67715454101562
Round: 17000 Training Error: 100.14655303955078 Validation Error: 179.0918426513672 Test Error: 145.5897979736328
Round: 17500 Training Error: 97.77851104736328 Validation Error: 178.85922241210938 Test Error: 146.62217712402344
Round: 18000 Training Error: 97.51939392089844 Validation Error: 178.51113891601562 Test Error: 146.0680389404297
Round: 18500 Training Error: 101.82125091552734 Validation Error: 178.9309539794922 Test Error: 144.46405029296875
Round: 19000 Training Error: 132.06674194335938 Validation Error: 178.97775268554688 Test Error: 148.23977661132812
Round: 19500 Training Error: 130.85633850097656 Validation Error: 180.33016967773438 Test Error: 146.84356689453125
Round: 20000 Training Error: 102.77960205078125 Validation Error: 179.78921508789062 Test Error: 147.1625213623047
5 4 0.01 20000 0.8 ['residual', 'mw', 'dw', 'fridge', 'dr', 'hvac']
Round: 500 Training Error: 156.90313720703125 Validation Error: 199.1954345703125 Test Error: 166.16615295410156
Round: 1000 Training Error: 144.2086639404297 Validation Error: 192.87826538085938 Test Error: 160.671630859375
Round: 1500 Training Error: 137.1936492919922 Validation Error: 190.4119110107422 Test Error: 154.09864807128906
Round: 2000 Training Error: 134.65541076660156 Validation Error: 188.29396057128906 Test Error: 152.38381958007812
Round: 2500 Training Error: 133.2925567626953 Validation Error: 187.10025024414062 Test Error: 153.0032501220703
Round: 3000 Training Error: 133.34727478027344 Validation Error: 186.69607543945312 Test Error: 148.3800811767578
Round: 3500 Training Error: 132.9968719482422 Validation Error: 187.0121307373047 Test Error: 151.80062866210938
Round: 4000 Training Error: 119.48534393310547 Validation Error: 186.7123260498047 Test Error: 151.71861267089844
Round: 4500 Training Error: 130.2288055419922 Validation Error: 187.28163146972656 Test Error: 152.73049926757812
Round: 5000 Training Error: 129.4667510986328 Validation Error: 186.7275848388672 Test Error: 151.4053192138672
Round: 5500 Training Error: 129.5211944580078 Validation Error: 186.77142333984375 Test Error: 148.20761108398438
Round: 6000 Training Error: 131.42483520507812 Validation Error: 185.15960693359375 Test Error: 144.3009796142578
Round: 6500 Training Error: 128.48521423339844 Validation Error: 191.09666442871094 Test Error: 150.8253631591797
Round: 7000 Training Error: 130.05764770507812 Validation Error: 188.55050659179688 Test Error: 145.76527404785156
Round: 7500 Training Error: 115.2784423828125 Validation Error: 187.6648712158203 Test Error: 149.70657348632812
Round: 8000 Training Error: 129.92588806152344 Validation Error: 186.74008178710938 Test Error: 147.64390563964844
Round: 8500 Training Error: 127.8272476196289 Validation Error: 187.79037475585938 Test Error: 150.41885375976562
Round: 9000 Training Error: 130.96876525878906 Validation Error: 187.88180541992188 Test Error: 147.36231994628906
Round: 9500 Training Error: 116.19815063476562 Validation Error: 189.19046020507812 Test Error: 150.8814239501953
Round: 10000 Training Error: 128.01095581054688 Validation Error: 186.06680297851562 Test Error: 145.78701782226562
Round: 10500 Training Error: 127.1410903930664 Validation Error: 187.70816040039062 Test Error: 148.1445770263672
Round: 11000 Training Error: 128.30941772460938 Validation Error: 187.31280517578125 Test Error: 149.67764282226562
Round: 11500 Training Error: 129.4906463623047 Validation Error: 185.5272216796875 Test Error: 148.31805419921875
Round: 12000 Training Error: 132.80697631835938 Validation Error: 185.5910186767578 Test Error: 146.1558074951172
Round: 12500 Training Error: 130.43150329589844 Validation Error: 185.3697967529297 Test Error: 142.7656707763672
Round: 13000 Training Error: 129.53744506835938 Validation Error: 187.505126953125 Test Error: 145.76797485351562
Round: 13500 Training Error: 128.9429473876953 Validation Error: 186.9592742919922 Test Error: 145.0963134765625
Round: 14000 Training Error: 128.54791259765625 Validation Error: 187.8492889404297 Test Error: 146.31968688964844
Round: 14500 Training Error: 127.95336151123047 Validation Error: 188.96885681152344 Test Error: 149.3603057861328
Round: 15000 Training Error: 127.96794891357422 Validation Error: 187.38919067382812 Test Error: 146.30477905273438
Round: 15500 Training Error: 112.43330383300781 Validation Error: 186.902099609375 Test Error: 146.9653778076172
Round: 16000 Training Error: 128.30691528320312 Validation Error: 186.8445587158203 Test Error: 145.97779846191406
Round: 16500 Training Error: 110.68815612792969 Validation Error: 188.94003295898438 Test Error: 146.36216735839844
Round: 17000 Training Error: 127.16838836669922 Validation Error: 187.13467407226562 Test Error: 145.374267578125
Round: 17500 Training Error: 114.40311431884766 Validation Error: 188.96438598632812 Test Error: 145.21995544433594
Round: 18000 Training Error: 126.42005157470703 Validation Error: 188.16909790039062 Test Error: 145.5257110595703
Round: 18500 Training Error: 126.67424011230469 Validation Error: 185.95895385742188 Test Error: 142.81228637695312
Round: 19000 Training Error: 126.55569458007812 Validation Error: 186.62596130371094 Test Error: 143.30799865722656
Round: 19500 Training Error: 126.13422393798828 Validation Error: 185.76974487304688 Test Error: 143.51058959960938
Round: 20000 Training Error: 125.82515716552734 Validation Error: 186.31678771972656 Test Error: 142.73794555664062
5 4 0.01 20000 0.2 ['residual', 'mw', 'dw', 'dr', 'hvac', 'fridge']
Round: 500 Training Error: 134.11529541015625 Validation Error: 192.3437957763672 Test Error: 151.71995544433594
Round: 1000 Training Error: 162.6083526611328 Validation Error: 186.51092529296875 Test Error: 144.701171875
Round: 1500 Training Error: 118.53544616699219 Validation Error: 186.3164825439453 Test Error: 144.7568359375
Round: 2000 Training Error: 105.85356903076172 Validation Error: 181.73097229003906 Test Error: 138.6399688720703
Round: 2500 Training Error: 103.68315124511719 Validation Error: 180.8715057373047 Test Error: 140.0055389404297
Round: 3000 Training Error: 102.02582550048828 Validation Error: 180.30470275878906 Test Error: 142.4923553466797
Round: 3500 Training Error: 101.6085205078125 Validation Error: 179.89077758789062 Test Error: 142.1255340576172
Round: 4000 Training Error: 101.63949584960938 Validation Error: 180.49868774414062 Test Error: 144.24595642089844
Round: 4500 Training Error: 100.47026824951172 Validation Error: 182.33905029296875 Test Error: 148.5821075439453
Round: 5000 Training Error: 102.4227523803711 Validation Error: 180.7056427001953 Test Error: 148.14393615722656
Round: 5500 Training Error: 99.36305236816406 Validation Error: 183.31239318847656 Test Error: 150.7074432373047
Round: 6000 Training Error: 100.48298645019531 Validation Error: 183.32223510742188 Test Error: 152.2766571044922
Round: 6500 Training Error: 100.5598373413086 Validation Error: 185.26258850097656 Test Error: 155.12364196777344
Round: 7000 Training Error: 98.70326232910156 Validation Error: 185.18661499023438 Test Error: 152.4264373779297
Round: 7500 Training Error: 102.83428955078125 Validation Error: 182.57452392578125 Test Error: 150.1968536376953
Round: 8000 Training Error: 98.4864501953125 Validation Error: 188.61483764648438 Test Error: 155.47398376464844
Round: 8500 Training Error: 139.8525390625 Validation Error: 187.44400024414062 Test Error: 155.81163024902344
Round: 9000 Training Error: 98.9481430053711 Validation Error: 186.44793701171875 Test Error: 151.6017608642578
Round: 9500 Training Error: 101.56254577636719 Validation Error: 184.53042602539062 Test Error: 153.7037811279297
Round: 10000 Training Error: 98.86787414550781 Validation Error: 183.87557983398438 Test Error: 155.94419860839844
Round: 10500 Training Error: 139.2549285888672 Validation Error: 181.1793212890625 Test Error: 153.45318603515625
Round: 11000 Training Error: 98.0826644897461 Validation Error: 184.27850341796875 Test Error: 153.93051147460938
Round: 11500 Training Error: 97.4217529296875 Validation Error: 184.586181640625 Test Error: 154.73583984375
Round: 12000 Training Error: 97.79833221435547 Validation Error: 186.81517028808594 Test Error: 156.04718017578125
Round: 12500 Training Error: 138.45863342285156 Validation Error: 185.49417114257812 Test Error: 155.64584350585938
Round: 13000 Training Error: 139.73875427246094 Validation Error: 185.21829223632812 Test Error: 155.50729370117188
Round: 13500 Training Error: 97.27723693847656 Validation Error: 185.51608276367188 Test Error: 158.92581176757812
Round: 14000 Training Error: 100.91033172607422 Validation Error: 187.24066162109375 Test Error: 178.1297149658203
Round: 14500 Training Error: 137.5074920654297 Validation Error: 187.48931884765625 Test Error: 158.77801513671875
Round: 15000 Training Error: 137.47962951660156 Validation Error: 186.6959228515625 Test Error: 155.74281311035156
Round: 15500 Training Error: 98.26023864746094 Validation Error: 182.24221801757812 Test Error: 148.83990478515625
Round: 16000 Training Error: 96.1455307006836 Validation Error: 191.2611083984375 Test Error: 158.04042053222656
Round: 16500 Training Error: 97.85539245605469 Validation Error: 190.75286865234375 Test Error: 154.50027465820312
Round: 17000 Training Error: 98.35681915283203 Validation Error: 197.31954956054688 Test Error: 176.89918518066406
Round: 17500 Training Error: 97.130859375 Validation Error: 191.91714477539062 Test Error: 159.36660766601562
Round: 18000 Training Error: 96.98352813720703 Validation Error: 188.92129516601562 Test Error: 153.3452606201172
Round: 18500 Training Error: 97.51591491699219 Validation Error: 192.48013305664062 Test Error: 155.8597412109375
Round: 19000 Training Error: 137.72271728515625 Validation Error: 196.94650268554688 Test Error: 165.03431701660156
Round: 19500 Training Error: 137.47634887695312 Validation Error: 194.0797882080078 Test Error: 159.30078125
Round: 20000 Training Error: 95.68997955322266 Validation Error: 193.1161651611328 Test Error: 155.8472442626953
5 4 0.01 20000 0.4 ['residual', 'mw', 'dw', 'dr', 'hvac', 'fridge']
Round: 500 Training Error: 140.01046752929688 Validation Error: 195.81045532226562 Test Error: 155.2576904296875
Round: 1000 Training Error: 153.51239013671875 Validation Error: 193.01553344726562 Test Error: 151.62205505371094
Round: 1500 Training Error: 137.41262817382812 Validation Error: 195.79360961914062 Test Error: 158.7538299560547
Round: 2000 Training Error: 155.9765625 Validation Error: 191.1480255126953 Test Error: 153.1728973388672
Round: 2500 Training Error: 152.27928161621094 Validation Error: 190.09527587890625 Test Error: 150.8043670654297
Round: 3000 Training Error: 121.24298858642578 Validation Error: 189.92201232910156 Test Error: 152.36561584472656
Round: 3500 Training Error: 118.86458587646484 Validation Error: 190.17861938476562 Test Error: 151.0400390625
Round: 4000 Training Error: 118.11504364013672 Validation Error: 190.27975463867188 Test Error: 152.21543884277344
Round: 4500 Training Error: 114.72492980957031 Validation Error: 187.92144775390625 Test Error: 148.16383361816406
Round: 5000 Training Error: 143.47816467285156 Validation Error: 186.07530212402344 Test Error: 143.79209899902344
Round: 5500 Training Error: 109.89372253417969 Validation Error: 185.94195556640625 Test Error: 147.64039611816406
Round: 6000 Training Error: 110.23163604736328 Validation Error: 184.7758331298828 Test Error: 143.34173583984375
Round: 6500 Training Error: 107.0362777709961 Validation Error: 183.88636779785156 Test Error: 141.98989868164062
Round: 7000 Training Error: 106.0155029296875 Validation Error: 182.51583862304688 Test Error: 142.4256591796875
Round: 7500 Training Error: 105.5374984741211 Validation Error: 180.67103576660156 Test Error: 142.7090301513672
Round: 8000 Training Error: 106.92009735107422 Validation Error: 182.7752227783203 Test Error: 145.54156494140625
Round: 8500 Training Error: 137.580322265625 Validation Error: 182.0299530029297 Test Error: 143.43612670898438
Round: 9000 Training Error: 104.39710998535156 Validation Error: 180.65176391601562 Test Error: 142.15440368652344
Round: 9500 Training Error: 103.5512924194336 Validation Error: 179.8092041015625 Test Error: 142.5621795654297
Round: 10000 Training Error: 137.6199188232422 Validation Error: 179.90191650390625 Test Error: 143.59361267089844
Round: 10500 Training Error: 136.90237426757812 Validation Error: 179.89866638183594 Test Error: 143.06683349609375
Round: 11000 Training Error: 136.02293395996094 Validation Error: 180.49496459960938 Test Error: 145.53213500976562
Round: 11500 Training Error: 112.29857635498047 Validation Error: 180.1492919921875 Test Error: 143.2242889404297
Round: 12000 Training Error: 105.29710388183594 Validation Error: 181.16348266601562 Test Error: 149.2016143798828
Round: 12500 Training Error: 136.19871520996094 Validation Error: 181.39822387695312 Test Error: 145.4212646484375
Round: 13000 Training Error: 139.05450439453125 Validation Error: 179.24085998535156 Test Error: 141.63270568847656
Round: 13500 Training Error: 103.13843536376953 Validation Error: 180.06849670410156 Test Error: 145.79417419433594
Round: 14000 Training Error: 136.66558837890625 Validation Error: 181.03456115722656 Test Error: 143.07537841796875
Round: 14500 Training Error: 136.4934844970703 Validation Error: 180.8397979736328 Test Error: 145.9179229736328
Round: 15000 Training Error: 135.6842041015625 Validation Error: 180.55941772460938 Test Error: 144.49302673339844
Round: 15500 Training Error: 108.46334075927734 Validation Error: 181.30384826660156 Test Error: 143.8201904296875
Round: 16000 Training Error: 140.12088012695312 Validation Error: 183.0757598876953 Test Error: 146.62533569335938
Round: 16500 Training Error: 101.14033508300781 Validation Error: 182.47242736816406 Test Error: 146.80218505859375
Round: 17000 Training Error: 105.88101196289062 Validation Error: 180.35391235351562 Test Error: 143.7353973388672
Round: 17500 Training Error: 101.90908813476562 Validation Error: 180.57440185546875 Test Error: 143.1685028076172
Round: 18000 Training Error: 102.15740966796875 Validation Error: 181.42721557617188 Test Error: 146.0869903564453
Round: 18500 Training Error: 104.1605224609375 Validation Error: 179.59048461914062 Test Error: 146.1592559814453
Round: 19000 Training Error: 134.0971221923828 Validation Error: 180.4200897216797 Test Error: 144.49488830566406
Round: 19500 Training Error: 133.8651580810547 Validation Error: 180.7004852294922 Test Error: 144.61253356933594
Round: 20000 Training Error: 104.39017486572266 Validation Error: 180.61712646484375 Test Error: 144.1829833984375
5 4 0.01 20000 0.8 ['residual', 'mw', 'dw', 'dr', 'hvac', 'fridge']
Round: 500 Training Error: 156.23402404785156 Validation Error: 200.1259307861328 Test Error: 167.54193115234375
Round: 1000 Training Error: 143.72808837890625 Validation Error: 195.83389282226562 Test Error: 162.9019775390625
Round: 1500 Training Error: 137.02536010742188 Validation Error: 191.74046325683594 Test Error: 156.30296325683594
Round: 2000 Training Error: 132.8938446044922 Validation Error: 189.81849670410156 Test Error: 152.2805633544922
Round: 2500 Training Error: 132.0561981201172 Validation Error: 190.5557861328125 Test Error: 149.49612426757812
Round: 3000 Training Error: 132.6309051513672 Validation Error: 187.4846954345703 Test Error: 146.84646606445312
Round: 3500 Training Error: 131.11473083496094 Validation Error: 188.2677001953125 Test Error: 146.12948608398438
Round: 4000 Training Error: 122.23367309570312 Validation Error: 186.93209838867188 Test Error: 145.67971801757812
Round: 4500 Training Error: 129.54629516601562 Validation Error: 190.94749450683594 Test Error: 149.25039672851562
Round: 5000 Training Error: 128.93798828125 Validation Error: 190.19895935058594 Test Error: 149.76329040527344
Round: 5500 Training Error: 129.6629638671875 Validation Error: 190.18402099609375 Test Error: 149.2286834716797
Round: 6000 Training Error: 128.6702117919922 Validation Error: 187.7222137451172 Test Error: 147.00881958007812
Round: 6500 Training Error: 128.04345703125 Validation Error: 191.8867645263672 Test Error: 153.95071411132812
Round: 7000 Training Error: 128.25209045410156 Validation Error: 185.48731994628906 Test Error: 147.77474975585938
Round: 7500 Training Error: 115.24549865722656 Validation Error: 186.45889282226562 Test Error: 147.30702209472656
Round: 8000 Training Error: 129.21112060546875 Validation Error: 186.26089477539062 Test Error: 148.34857177734375
Round: 8500 Training Error: 127.10286712646484 Validation Error: 187.68548583984375 Test Error: 150.66302490234375
Round: 9000 Training Error: 128.0720977783203 Validation Error: 184.63641357421875 Test Error: 144.68576049804688
Round: 9500 Training Error: 115.64859771728516 Validation Error: 187.9470672607422 Test Error: 149.89883422851562
Round: 10000 Training Error: 127.46038818359375 Validation Error: 188.8911895751953 Test Error: 146.92098999023438
Round: 10500 Training Error: 126.5722885131836 Validation Error: 188.57603454589844 Test Error: 148.1222686767578
Round: 11000 Training Error: 126.91934204101562 Validation Error: 183.77777099609375 Test Error: 145.42486572265625
Round: 11500 Training Error: 127.04116821289062 Validation Error: 188.15553283691406 Test Error: 149.60385131835938
Round: 12000 Training Error: 126.42424011230469 Validation Error: 186.30238342285156 Test Error: 145.9849853515625
Round: 12500 Training Error: 124.31339263916016 Validation Error: 186.98751831054688 Test Error: 149.2120819091797
Round: 13000 Training Error: 125.31110382080078 Validation Error: 184.09634399414062 Test Error: 147.6498260498047
Round: 13500 Training Error: 124.6932373046875 Validation Error: 184.43292236328125 Test Error: 148.23072814941406
Round: 14000 Training Error: 125.25668334960938 Validation Error: 185.4875946044922 Test Error: 146.00563049316406
Round: 14500 Training Error: 123.89743041992188 Validation Error: 184.52401733398438 Test Error: 146.81407165527344
Round: 15000 Training Error: 123.62755584716797 Validation Error: 186.1212921142578 Test Error: 148.4842071533203
Round: 15500 Training Error: 110.9344482421875 Validation Error: 184.98570251464844 Test Error: 144.1862335205078
Round: 16000 Training Error: 123.98137664794922 Validation Error: 184.0010528564453 Test Error: 146.41513061523438
Round: 16500 Training Error: 107.0198745727539 Validation Error: 183.4404296875 Test Error: 147.7829132080078
Round: 17000 Training Error: 123.49003601074219 Validation Error: 183.53175354003906 Test Error: 143.9907684326172
Round: 17500 Training Error: 108.00334930419922 Validation Error: 185.7052459716797 Test Error: 146.9166259765625
Round: 18000 Training Error: 122.52105712890625 Validation Error: 186.15675354003906 Test Error: 148.35128784179688
Round: 18500 Training Error: 123.24886322021484 Validation Error: 184.77796936035156 Test Error: 145.06182861328125
Round: 19000 Training Error: 122.76874542236328 Validation Error: 184.34661865234375 Test Error: 146.4710693359375
Round: 19500 Training Error: 122.56094360351562 Validation Error: 184.30833435058594 Test Error: 146.2947235107422
Round: 20000 Training Error: 122.09469604492188 Validation Error: 182.47679138183594 Test Error: 143.64244079589844
5 4 0.01 20000 0.2 ['residual', 'mw', 'dw', 'dr', 'fridge', 'hvac']
Round: 500 Training Error: 136.63050842285156 Validation Error: 190.45436096191406 Test Error: 152.68435668945312
Round: 1000 Training Error: 166.87754821777344 Validation Error: 187.39271545410156 Test Error: 148.67465209960938
Round: 1500 Training Error: 114.0370101928711 Validation Error: 183.84963989257812 Test Error: 142.3248291015625
Round: 2000 Training Error: 106.34490203857422 Validation Error: 182.69271850585938 Test Error: 140.6728515625
Round: 2500 Training Error: 111.75032806396484 Validation Error: 182.66622924804688 Test Error: 140.22349548339844
Round: 3000 Training Error: 101.899169921875 Validation Error: 183.4996337890625 Test Error: 142.1866455078125
Round: 3500 Training Error: 101.17656707763672 Validation Error: 178.4365997314453 Test Error: 138.50315856933594
Round: 4000 Training Error: 99.72117614746094 Validation Error: 179.70462036132812 Test Error: 142.87486267089844
Round: 4500 Training Error: 100.07515716552734 Validation Error: 180.0458221435547 Test Error: 143.75421142578125
Round: 5000 Training Error: 99.0215072631836 Validation Error: 181.26600646972656 Test Error: 148.20594787597656
Round: 5500 Training Error: 98.08333587646484 Validation Error: 180.73878479003906 Test Error: 145.7664031982422
Round: 6000 Training Error: 99.30733489990234 Validation Error: 178.05833435058594 Test Error: 141.9246826171875
Round: 6500 Training Error: 98.68008422851562 Validation Error: 179.48585510253906 Test Error: 144.18621826171875
Round: 7000 Training Error: 97.49048614501953 Validation Error: 181.08583068847656 Test Error: 144.99533081054688
Round: 7500 Training Error: 99.17201232910156 Validation Error: 182.9182586669922 Test Error: 145.55674743652344
Round: 8000 Training Error: 99.62905883789062 Validation Error: 182.60592651367188 Test Error: 145.86724853515625
Round: 8500 Training Error: 142.61859130859375 Validation Error: 181.32228088378906 Test Error: 144.20806884765625
Round: 9000 Training Error: 96.61483001708984 Validation Error: 183.59414672851562 Test Error: 148.61753845214844
Round: 9500 Training Error: 98.89588165283203 Validation Error: 180.53021240234375 Test Error: 145.8263397216797
Round: 10000 Training Error: 96.64716339111328 Validation Error: 182.37228393554688 Test Error: 142.7395477294922
Round: 10500 Training Error: 141.75723266601562 Validation Error: 181.1039276123047 Test Error: 145.5343017578125
Round: 11000 Training Error: 97.11077117919922 Validation Error: 179.63760375976562 Test Error: 145.0730743408203
Round: 11500 Training Error: 95.57768249511719 Validation Error: 183.38314819335938 Test Error: 150.32308959960938
Round: 12000 Training Error: 95.65575408935547 Validation Error: 179.97317504882812 Test Error: 141.1028289794922
Round: 12500 Training Error: 140.65061950683594 Validation Error: 181.19442749023438 Test Error: 147.10885620117188
Round: 13000 Training Error: 142.26499938964844 Validation Error: 183.210693359375 Test Error: 154.98077392578125
Round: 13500 Training Error: 94.40322875976562 Validation Error: 182.89016723632812 Test Error: 149.9913787841797
Round: 14000 Training Error: 94.45598602294922 Validation Error: 186.96084594726562 Test Error: 158.81407165527344
Round: 14500 Training Error: 139.68109130859375 Validation Error: 182.8212890625 Test Error: 147.98416137695312
Round: 15000 Training Error: 141.4231414794922 Validation Error: 182.35525512695312 Test Error: 145.10992431640625
Round: 15500 Training Error: 94.0788345336914 Validation Error: 181.95611572265625 Test Error: 147.45721435546875
Round: 16000 Training Error: 93.97721862792969 Validation Error: 181.84300231933594 Test Error: 146.8761749267578
Round: 16500 Training Error: 97.06654357910156 Validation Error: 184.48611450195312 Test Error: 155.31546020507812
Round: 17000 Training Error: 98.63741302490234 Validation Error: 181.9080810546875 Test Error: 154.3155975341797
Round: 17500 Training Error: 104.96408081054688 Validation Error: 178.06692504882812 Test Error: 140.04025268554688
Round: 18000 Training Error: 94.16280364990234 Validation Error: 182.52203369140625 Test Error: 147.38197326660156
Round: 18500 Training Error: 94.42109680175781 Validation Error: 182.62295532226562 Test Error: 147.9081268310547
Round: 19000 Training Error: 139.6260986328125 Validation Error: 183.09063720703125 Test Error: 145.32589721679688
Round: 19500 Training Error: 140.4178924560547 Validation Error: 183.1421661376953 Test Error: 144.32350158691406
Round: 20000 Training Error: 93.60273742675781 Validation Error: 183.36215209960938 Test Error: 147.6103057861328
5 4 0.01 20000 0.4 ['residual', 'mw', 'dw', 'dr', 'fridge', 'hvac']
Round: 500 Training Error: 139.05857849121094 Validation Error: 191.88352966308594 Test Error: 154.2210235595703
Round: 1000 Training Error: 159.15553283691406 Validation Error: 193.39979553222656 Test Error: 156.7655792236328
Round: 1500 Training Error: 128.6502685546875 Validation Error: 192.66697692871094 Test Error: 156.33802795410156
Round: 2000 Training Error: 147.02444458007812 Validation Error: 187.36355590820312 Test Error: 150.51329040527344
Round: 2500 Training Error: 144.96937561035156 Validation Error: 186.83877563476562 Test Error: 145.55665588378906
Round: 3000 Training Error: 107.94226837158203 Validation Error: 184.87852478027344 Test Error: 145.635009765625
Round: 3500 Training Error: 109.46051788330078 Validation Error: 186.44146728515625 Test Error: 146.09327697753906
Round: 4000 Training Error: 106.52025604248047 Validation Error: 184.52439880371094 Test Error: 146.95086669921875
Round: 4500 Training Error: 103.42161560058594 Validation Error: 185.38961791992188 Test Error: 149.3413543701172
Round: 5000 Training Error: 141.96432495117188 Validation Error: 183.848388671875 Test Error: 143.55165100097656
Round: 5500 Training Error: 102.20638275146484 Validation Error: 183.69862365722656 Test Error: 147.5813751220703
Round: 6000 Training Error: 102.84660339355469 Validation Error: 184.14279174804688 Test Error: 147.0194549560547
Round: 6500 Training Error: 102.02764129638672 Validation Error: 187.4263916015625 Test Error: 165.10536193847656
Round: 7000 Training Error: 100.44656372070312 Validation Error: 184.17417907714844 Test Error: 148.291748046875
Round: 7500 Training Error: 102.30113983154297 Validation Error: 187.9415283203125 Test Error: 153.4725341796875
Round: 8000 Training Error: 101.51217651367188 Validation Error: 182.44192504882812 Test Error: 143.52978515625
Round: 8500 Training Error: 135.31666564941406 Validation Error: 184.33169555664062 Test Error: 148.4977264404297
Round: 9000 Training Error: 100.25758361816406 Validation Error: 185.32913208007812 Test Error: 149.0779266357422
Round: 9500 Training Error: 99.17090606689453 Validation Error: 184.06349182128906 Test Error: 149.24896240234375
Round: 10000 Training Error: 134.76756286621094 Validation Error: 186.09336853027344 Test Error: 147.60487365722656
Round: 10500 Training Error: 134.078369140625 Validation Error: 188.11322021484375 Test Error: 147.89622497558594
Round: 11000 Training Error: 135.2518310546875 Validation Error: 182.32359313964844 Test Error: 143.68516540527344
Round: 11500 Training Error: 99.37033081054688 Validation Error: 183.91334533691406 Test Error: 146.0724334716797
Round: 12000 Training Error: 99.89671325683594 Validation Error: 190.22384643554688 Test Error: 151.6429901123047
Round: 12500 Training Error: 133.27919006347656 Validation Error: 188.693115234375 Test Error: 148.6875
Round: 13000 Training Error: 138.4396514892578 Validation Error: 184.05670166015625 Test Error: 140.13267517089844
Round: 13500 Training Error: 98.71615600585938 Validation Error: 184.438232421875 Test Error: 144.16921997070312
Round: 14000 Training Error: 136.02061462402344 Validation Error: 183.0468292236328 Test Error: 141.32672119140625
Round: 14500 Training Error: 132.5579071044922 Validation Error: 187.32810974121094 Test Error: 147.83126831054688
Round: 15000 Training Error: 131.68954467773438 Validation Error: 186.21302795410156 Test Error: 146.41163635253906
Round: 15500 Training Error: 99.81523132324219 Validation Error: 185.70521545410156 Test Error: 146.2675323486328
Round: 16000 Training Error: 135.21212768554688 Validation Error: 187.47467041015625 Test Error: 145.84678649902344
Round: 16500 Training Error: 97.30818176269531 Validation Error: 184.98643493652344 Test Error: 143.16111755371094
Round: 17000 Training Error: 99.01148986816406 Validation Error: 185.216064453125 Test Error: 144.21827697753906
Round: 17500 Training Error: 97.22129821777344 Validation Error: 182.7007598876953 Test Error: 138.94883728027344
Round: 18000 Training Error: 97.17900085449219 Validation Error: 184.82305908203125 Test Error: 142.28073120117188
Round: 18500 Training Error: 98.69217681884766 Validation Error: 183.60052490234375 Test Error: 140.23748779296875
Round: 19000 Training Error: 131.92172241210938 Validation Error: 186.05972290039062 Test Error: 146.9351348876953
Round: 19500 Training Error: 128.8433074951172 Validation Error: 184.45155334472656 Test Error: 142.06784057617188
Round: 20000 Training Error: 102.05289459228516 Validation Error: 185.75729370117188 Test Error: 143.44265747070312
5 4 0.01 20000 0.8 ['residual', 'mw', 'dw', 'dr', 'fridge', 'hvac']
Round: 500 Training Error: 156.13580322265625 Validation Error: 201.5564422607422 Test Error: 168.8049774169922
Round: 1000 Training Error: 145.05320739746094 Validation Error: 197.20025634765625 Test Error: 164.6461639404297
Round: 1500 Training Error: 138.54031372070312 Validation Error: 194.6665496826172 Test Error: 159.14112854003906
Round: 2000 Training Error: 133.56143188476562 Validation Error: 193.14556884765625 Test Error: 156.7771453857422
Round: 2500 Training Error: 133.39016723632812 Validation Error: 188.11212158203125 Test Error: 149.48934936523438
Round: 3000 Training Error: 133.08523559570312 Validation Error: 187.81227111816406 Test Error: 154.45089721679688
Round: 3500 Training Error: 132.0108184814453 Validation Error: 186.8439483642578 Test Error: 150.14694213867188
Round: 4000 Training Error: 118.0048599243164 Validation Error: 187.5863037109375 Test Error: 154.7997589111328
Round: 4500 Training Error: 129.7967529296875 Validation Error: 187.47674560546875 Test Error: 155.96905517578125
Round: 5000 Training Error: 130.80401611328125 Validation Error: 187.56640625 Test Error: 151.75250244140625
Round: 5500 Training Error: 129.67269897460938 Validation Error: 186.54312133789062 Test Error: 153.97604370117188
Round: 6000 Training Error: 130.670166015625 Validation Error: 184.41445922851562 Test Error: 151.7218475341797
Round: 6500 Training Error: 127.76660919189453 Validation Error: 189.0059356689453 Test Error: 156.03941345214844
Round: 7000 Training Error: 129.23681640625 Validation Error: 187.12606811523438 Test Error: 151.1727752685547
Round: 7500 Training Error: 114.95458221435547 Validation Error: 184.64866638183594 Test Error: 152.67649841308594
Round: 8000 Training Error: 128.4082489013672 Validation Error: 185.1780548095703 Test Error: 150.47879028320312
Round: 8500 Training Error: 126.99791717529297 Validation Error: 186.63018798828125 Test Error: 153.63616943359375
Round: 9000 Training Error: 127.88502502441406 Validation Error: 185.97552490234375 Test Error: 149.96299743652344
Round: 9500 Training Error: 112.71598815917969 Validation Error: 188.80226135253906 Test Error: 153.09947204589844
Round: 10000 Training Error: 127.14933776855469 Validation Error: 185.75347900390625 Test Error: 149.67404174804688
Round: 10500 Training Error: 127.01561737060547 Validation Error: 185.4259033203125 Test Error: 150.6665496826172
Round: 11000 Training Error: 129.053466796875 Validation Error: 186.637451171875 Test Error: 154.00856018066406
Round: 11500 Training Error: 127.18704986572266 Validation Error: 186.64442443847656 Test Error: 151.2436981201172
Round: 12000 Training Error: 127.2629623413086 Validation Error: 185.5108642578125 Test Error: 148.09080505371094
Round: 12500 Training Error: 125.33135223388672 Validation Error: 188.2781524658203 Test Error: 151.8546142578125
Round: 13000 Training Error: 126.85639953613281 Validation Error: 188.41604614257812 Test Error: 152.3287353515625
Round: 13500 Training Error: 126.3018798828125 Validation Error: 189.14718627929688 Test Error: 153.66221618652344
Round: 14000 Training Error: 125.78996276855469 Validation Error: 186.21533203125 Test Error: 149.00271606445312
Round: 14500 Training Error: 124.9836654663086 Validation Error: 186.35507202148438 Test Error: 148.9325408935547
Round: 15000 Training Error: 125.21775817871094 Validation Error: 188.99044799804688 Test Error: 149.89505004882812
Round: 15500 Training Error: 109.47366333007812 Validation Error: 186.59364318847656 Test Error: 147.5283660888672
Round: 16000 Training Error: 125.77989959716797 Validation Error: 187.07757568359375 Test Error: 148.56399536132812
Round: 16500 Training Error: 107.08332061767578 Validation Error: 186.72474670410156 Test Error: 148.38941955566406
Round: 17000 Training Error: 124.86955261230469 Validation Error: 187.47378540039062 Test Error: 148.20069885253906
Round: 17500 Training Error: 113.4113998413086 Validation Error: 187.556396484375 Test Error: 147.2681121826172
Round: 18000 Training Error: 124.08145141601562 Validation Error: 189.30471801757812 Test Error: 148.9480743408203
Round: 18500 Training Error: 124.69111633300781 Validation Error: 187.0078125 Test Error: 145.49267578125
Round: 19000 Training Error: 124.40348815917969 Validation Error: 187.91798400878906 Test Error: 145.85836791992188
Round: 19500 Training Error: 124.51437377929688 Validation Error: 190.7355194091797 Test Error: 148.85470581054688
Round: 20000 Training Error: 123.74040985107422 Validation Error: 187.58782958984375 Test Error: 145.9293670654297
