nohup: ignoring input
/zf14/yj9xs/anaconda3/lib/python3.6/site-packages/sklearn/utils/fixes.py:313: FutureWarning: numpy not_equal will not check object identity in the future. The comparison did not return the same result as suggested by the identity (`is`)) and will change.
  _nan_object_mask = _nan_object_array != _nan_object_array
cnn-tree-73.py:168: UserWarning: invalid index of a 0-dim tensor. This will be an error in PyTorch 0.5. Use tensor.item() to convert a 0-dim tensor to a Python number
  test_losses[t] = test_loss.data[0]
cnn-tree-73.py:169: UserWarning: invalid index of a 0-dim tensor. This will be an error in PyTorch 0.5. Use tensor.item() to convert a 0-dim tensor to a Python number
  valid_losses[t] = valid_loss.data[0]
cnn-tree-73.py:170: UserWarning: invalid index of a 0-dim tensor. This will be an error in PyTorch 0.5. Use tensor.item() to convert a 0-dim tensor to a Python number
  train_losses[t] = loss.data[0]
cnn-tree-73.py:182: UserWarning: invalid index of a 0-dim tensor. This will be an error in PyTorch 0.5. Use tensor.item() to convert a 0-dim tensor to a Python number
  print("Round:", t, "Training Error:", loss.data[0], "Validation Error:", valid_loss.data[0], "Test Error:", test_loss.data[0])
6 3 0.01 5000 0.0 ['fridge', 'hvac', 'dr', 'dw', 'mw']
Round: 500 Training Error: tensor(237.5382, device='cuda:0') Validation Error: tensor(246.8707, device='cuda:0') Test Error: tensor(325.8328, device='cuda:0')
Round: 1000 Training Error: tensor(212.9516, device='cuda:0') Validation Error: tensor(234.1829, device='cuda:0') Test Error: tensor(312.8555, device='cuda:0')
Round: 1500 Training Error: tensor(206.8624, device='cuda:0') Validation Error: tensor(228.1753, device='cuda:0') Test Error: tensor(309.9146, device='cuda:0')
Round: 2000 Training Error: tensor(204.2534, device='cuda:0') Validation Error: tensor(229.7144, device='cuda:0') Test Error: tensor(311.9774, device='cuda:0')
Round: 2500 Training Error: tensor(202.9821, device='cuda:0') Validation Error: tensor(230.6928, device='cuda:0') Test Error: tensor(311.3404, device='cuda:0')
Round: 3000 Training Error: tensor(202.3396, device='cuda:0') Validation Error: tensor(229.7765, device='cuda:0') Test Error: tensor(311.1017, device='cuda:0')
Round: 3500 Training Error: tensor(201.8631, device='cuda:0') Validation Error: tensor(232.4012, device='cuda:0') Test Error: tensor(313.3867, device='cuda:0')
Round: 4000 Training Error: tensor(201.0316, device='cuda:0') Validation Error: tensor(230.7215, device='cuda:0') Test Error: tensor(311.1220, device='cuda:0')
Round: 4500 Training Error: tensor(200.5610, device='cuda:0') Validation Error: tensor(233.1068, device='cuda:0') Test Error: tensor(312.7559, device='cuda:0')
Round: 5000 Training Error: tensor(200.5353, device='cuda:0') Validation Error: tensor(233.9374, device='cuda:0') Test Error: tensor(312.0859, device='cuda:0')
/zf14/yj9xs/anaconda3/lib/python3.6/site-packages/sklearn/utils/fixes.py:313: FutureWarning: numpy not_equal will not check object identity in the future. The comparison did not return the same result as suggested by the identity (`is`)) and will change.
  _nan_object_mask = _nan_object_array != _nan_object_array
cnn-tree-73.py:168: UserWarning: invalid index of a 0-dim tensor. This will be an error in PyTorch 0.5. Use tensor.item() to convert a 0-dim tensor to a Python number
  test_losses[t] = test_loss.data[0]
cnn-tree-73.py:169: UserWarning: invalid index of a 0-dim tensor. This will be an error in PyTorch 0.5. Use tensor.item() to convert a 0-dim tensor to a Python number
  valid_losses[t] = valid_loss.data[0]
cnn-tree-73.py:170: UserWarning: invalid index of a 0-dim tensor. This will be an error in PyTorch 0.5. Use tensor.item() to convert a 0-dim tensor to a Python number
  train_losses[t] = loss.data[0]
cnn-tree-73.py:182: UserWarning: invalid index of a 0-dim tensor. This will be an error in PyTorch 0.5. Use tensor.item() to convert a 0-dim tensor to a Python number
  print("Round:", t, "Training Error:", loss.data[0], "Validation Error:", valid_loss.data[0], "Test Error:", test_loss.data[0])
6 3 0.01 5000 0.0 ['fridge', 'hvac', 'dr', 'mw', 'dw']
Round: 500 Training Error: tensor(238.1149, device='cuda:0') Validation Error: tensor(246.6591, device='cuda:0') Test Error: tensor(325.7130, device='cuda:0')
Round: 1000 Training Error: tensor(212.8851, device='cuda:0') Validation Error: tensor(229.4561, device='cuda:0') Test Error: tensor(311.4294, device='cuda:0')
Round: 1500 Training Error: tensor(205.7234, device='cuda:0') Validation Error: tensor(225.6109, device='cuda:0') Test Error: tensor(309.8553, device='cuda:0')
Round: 2000 Training Error: tensor(203.5564, device='cuda:0') Validation Error: tensor(223.1312, device='cuda:0') Test Error: tensor(309.4339, device='cuda:0')
Round: 2500 Training Error: tensor(201.9289, device='cuda:0') Validation Error: tensor(224.5871, device='cuda:0') Test Error: tensor(309.8446, device='cuda:0')
Round: 3000 Training Error: tensor(200.3499, device='cuda:0') Validation Error: tensor(224.4821, device='cuda:0') Test Error: tensor(310.7571, device='cuda:0')
Round: 3500 Training Error: tensor(199.4383, device='cuda:0') Validation Error: tensor(224.0602, device='cuda:0') Test Error: tensor(312.1196, device='cuda:0')
Round: 4000 Training Error: tensor(198.9889, device='cuda:0') Validation Error: tensor(224.9989, device='cuda:0') Test Error: tensor(310.9767, device='cuda:0')
Round: 4500 Training Error: tensor(198.0056, device='cuda:0') Validation Error: tensor(225.1558, device='cuda:0') Test Error: tensor(311.5329, device='cuda:0')
Round: 5000 Training Error: tensor(197.2336, device='cuda:0') Validation Error: tensor(226.9068, device='cuda:0') Test Error: tensor(312.3654, device='cuda:0')
/zf14/yj9xs/anaconda3/lib/python3.6/site-packages/sklearn/utils/fixes.py:313: FutureWarning: numpy not_equal will not check object identity in the future. The comparison did not return the same result as suggested by the identity (`is`)) and will change.
  _nan_object_mask = _nan_object_array != _nan_object_array
cnn-tree-73.py:168: UserWarning: invalid index of a 0-dim tensor. This will be an error in PyTorch 0.5. Use tensor.item() to convert a 0-dim tensor to a Python number
  test_losses[t] = test_loss.data[0]
cnn-tree-73.py:169: UserWarning: invalid index of a 0-dim tensor. This will be an error in PyTorch 0.5. Use tensor.item() to convert a 0-dim tensor to a Python number
  valid_losses[t] = valid_loss.data[0]
cnn-tree-73.py:170: UserWarning: invalid index of a 0-dim tensor. This will be an error in PyTorch 0.5. Use tensor.item() to convert a 0-dim tensor to a Python number
  train_losses[t] = loss.data[0]
cnn-tree-73.py:182: UserWarning: invalid index of a 0-dim tensor. This will be an error in PyTorch 0.5. Use tensor.item() to convert a 0-dim tensor to a Python number
  print("Round:", t, "Training Error:", loss.data[0], "Validation Error:", valid_loss.data[0], "Test Error:", test_loss.data[0])
6 3 0.01 5000 0.0 ['fridge', 'hvac', 'dw', 'dr', 'mw']
Round: 500 Training Error: tensor(238.4682, device='cuda:0') Validation Error: tensor(246.0486, device='cuda:0') Test Error: tensor(325.9205, device='cuda:0')
Round: 1000 Training Error: tensor(212.6579, device='cuda:0') Validation Error: tensor(231.3060, device='cuda:0') Test Error: tensor(312.9455, device='cuda:0')
Round: 1500 Training Error: tensor(205.3500, device='cuda:0') Validation Error: tensor(226.6249, device='cuda:0') Test Error: tensor(309.4879, device='cuda:0')
Round: 2000 Training Error: tensor(203.0189, device='cuda:0') Validation Error: tensor(227.2691, device='cuda:0') Test Error: tensor(309.9840, device='cuda:0')
Round: 2500 Training Error: tensor(201.6620, device='cuda:0') Validation Error: tensor(227.6355, device='cuda:0') Test Error: tensor(312.1701, device='cuda:0')
Round: 3000 Training Error: tensor(200.2864, device='cuda:0') Validation Error: tensor(228.4928, device='cuda:0') Test Error: tensor(312.8977, device='cuda:0')
Round: 3500 Training Error: tensor(199.1722, device='cuda:0') Validation Error: tensor(229.5490, device='cuda:0') Test Error: tensor(312.9716, device='cuda:0')
Round: 4000 Training Error: tensor(199.1074, device='cuda:0') Validation Error: tensor(231.3784, device='cuda:0') Test Error: tensor(313.0418, device='cuda:0')
Round: 4500 Training Error: tensor(198.8316, device='cuda:0') Validation Error: tensor(231.6678, device='cuda:0') Test Error: tensor(314.4008, device='cuda:0')
Round: 5000 Training Error: tensor(198.3061, device='cuda:0') Validation Error: tensor(233.4832, device='cuda:0') Test Error: tensor(314.6364, device='cuda:0')
/zf14/yj9xs/anaconda3/lib/python3.6/site-packages/sklearn/utils/fixes.py:313: FutureWarning: numpy not_equal will not check object identity in the future. The comparison did not return the same result as suggested by the identity (`is`)) and will change.
  _nan_object_mask = _nan_object_array != _nan_object_array
cnn-tree-73.py:168: UserWarning: invalid index of a 0-dim tensor. This will be an error in PyTorch 0.5. Use tensor.item() to convert a 0-dim tensor to a Python number
  test_losses[t] = test_loss.data[0]
cnn-tree-73.py:169: UserWarning: invalid index of a 0-dim tensor. This will be an error in PyTorch 0.5. Use tensor.item() to convert a 0-dim tensor to a Python number
  valid_losses[t] = valid_loss.data[0]
cnn-tree-73.py:170: UserWarning: invalid index of a 0-dim tensor. This will be an error in PyTorch 0.5. Use tensor.item() to convert a 0-dim tensor to a Python number
  train_losses[t] = loss.data[0]
cnn-tree-73.py:182: UserWarning: invalid index of a 0-dim tensor. This will be an error in PyTorch 0.5. Use tensor.item() to convert a 0-dim tensor to a Python number
  print("Round:", t, "Training Error:", loss.data[0], "Validation Error:", valid_loss.data[0], "Test Error:", test_loss.data[0])
6 3 0.01 5000 0.0 ['fridge', 'hvac', 'dw', 'mw', 'dr']
Round: 500 Training Error: tensor(238.3441, device='cuda:0') Validation Error: tensor(247.6588, device='cuda:0') Test Error: tensor(325.9687, device='cuda:0')
Round: 1000 Training Error: tensor(213.9671, device='cuda:0') Validation Error: tensor(231.0174, device='cuda:0') Test Error: tensor(313.8762, device='cuda:0')
Round: 1500 Training Error: tensor(205.9553, device='cuda:0') Validation Error: tensor(225.5155, device='cuda:0') Test Error: tensor(312.0570, device='cuda:0')
Round: 2000 Training Error: tensor(204.6873, device='cuda:0') Validation Error: tensor(225.0274, device='cuda:0') Test Error: tensor(313.2927, device='cuda:0')
Round: 2500 Training Error: tensor(202.4062, device='cuda:0') Validation Error: tensor(224.8432, device='cuda:0') Test Error: tensor(314.8728, device='cuda:0')
Round: 3000 Training Error: tensor(201.2125, device='cuda:0') Validation Error: tensor(224.4176, device='cuda:0') Test Error: tensor(315.1466, device='cuda:0')
Round: 3500 Training Error: tensor(200.1455, device='cuda:0') Validation Error: tensor(225.1588, device='cuda:0') Test Error: tensor(316.1936, device='cuda:0')
Round: 4000 Training Error: tensor(199.7616, device='cuda:0') Validation Error: tensor(225.3689, device='cuda:0') Test Error: tensor(316.2970, device='cuda:0')
Round: 4500 Training Error: tensor(199.6617, device='cuda:0') Validation Error: tensor(225.5280, device='cuda:0') Test Error: tensor(316.3988, device='cuda:0')
Round: 5000 Training Error: tensor(198.8462, device='cuda:0') Validation Error: tensor(225.6639, device='cuda:0') Test Error: tensor(315.5144, device='cuda:0')
/zf14/yj9xs/anaconda3/lib/python3.6/site-packages/sklearn/utils/fixes.py:313: FutureWarning: numpy not_equal will not check object identity in the future. The comparison did not return the same result as suggested by the identity (`is`)) and will change.
  _nan_object_mask = _nan_object_array != _nan_object_array
cnn-tree-73.py:168: UserWarning: invalid index of a 0-dim tensor. This will be an error in PyTorch 0.5. Use tensor.item() to convert a 0-dim tensor to a Python number
  test_losses[t] = test_loss.data[0]
cnn-tree-73.py:169: UserWarning: invalid index of a 0-dim tensor. This will be an error in PyTorch 0.5. Use tensor.item() to convert a 0-dim tensor to a Python number
  valid_losses[t] = valid_loss.data[0]
cnn-tree-73.py:170: UserWarning: invalid index of a 0-dim tensor. This will be an error in PyTorch 0.5. Use tensor.item() to convert a 0-dim tensor to a Python number
  train_losses[t] = loss.data[0]
cnn-tree-73.py:182: UserWarning: invalid index of a 0-dim tensor. This will be an error in PyTorch 0.5. Use tensor.item() to convert a 0-dim tensor to a Python number
  print("Round:", t, "Training Error:", loss.data[0], "Validation Error:", valid_loss.data[0], "Test Error:", test_loss.data[0])
6 3 0.01 5000 0.0 ['fridge', 'hvac', 'mw', 'dr', 'dw']
Round: 500 Training Error: tensor(238.8818, device='cuda:0') Validation Error: tensor(247.0757, device='cuda:0') Test Error: tensor(326.5916, device='cuda:0')
Round: 1000 Training Error: tensor(215.1352, device='cuda:0') Validation Error: tensor(234.2757, device='cuda:0') Test Error: tensor(314.7120, device='cuda:0')
Round: 1500 Training Error: tensor(206.3137, device='cuda:0') Validation Error: tensor(227.2485, device='cuda:0') Test Error: tensor(310.5582, device='cuda:0')
Round: 2000 Training Error: tensor(203.8416, device='cuda:0') Validation Error: tensor(229.3114, device='cuda:0') Test Error: tensor(311.5573, device='cuda:0')
Round: 2500 Training Error: tensor(202.4328, device='cuda:0') Validation Error: tensor(231.2226, device='cuda:0') Test Error: tensor(313.0042, device='cuda:0')
Round: 3000 Training Error: tensor(202.1959, device='cuda:0') Validation Error: tensor(236.3789, device='cuda:0') Test Error: tensor(315.8184, device='cuda:0')
Round: 3500 Training Error: tensor(200.3977, device='cuda:0') Validation Error: tensor(235.1220, device='cuda:0') Test Error: tensor(314.9329, device='cuda:0')
Round: 4000 Training Error: tensor(200.1541, device='cuda:0') Validation Error: tensor(234.6281, device='cuda:0') Test Error: tensor(314.5237, device='cuda:0')
Round: 4500 Training Error: tensor(199.6376, device='cuda:0') Validation Error: tensor(234.7444, device='cuda:0') Test Error: tensor(314.8422, device='cuda:0')
Round: 5000 Training Error: tensor(199.3422, device='cuda:0') Validation Error: tensor(236.6909, device='cuda:0') Test Error: tensor(315.2039, device='cuda:0')
/zf14/yj9xs/anaconda3/lib/python3.6/site-packages/sklearn/utils/fixes.py:313: FutureWarning: numpy not_equal will not check object identity in the future. The comparison did not return the same result as suggested by the identity (`is`)) and will change.
  _nan_object_mask = _nan_object_array != _nan_object_array
cnn-tree-73.py:168: UserWarning: invalid index of a 0-dim tensor. This will be an error in PyTorch 0.5. Use tensor.item() to convert a 0-dim tensor to a Python number
  test_losses[t] = test_loss.data[0]
cnn-tree-73.py:169: UserWarning: invalid index of a 0-dim tensor. This will be an error in PyTorch 0.5. Use tensor.item() to convert a 0-dim tensor to a Python number
  valid_losses[t] = valid_loss.data[0]
cnn-tree-73.py:170: UserWarning: invalid index of a 0-dim tensor. This will be an error in PyTorch 0.5. Use tensor.item() to convert a 0-dim tensor to a Python number
  train_losses[t] = loss.data[0]
cnn-tree-73.py:182: UserWarning: invalid index of a 0-dim tensor. This will be an error in PyTorch 0.5. Use tensor.item() to convert a 0-dim tensor to a Python number
  print("Round:", t, "Training Error:", loss.data[0], "Validation Error:", valid_loss.data[0], "Test Error:", test_loss.data[0])
6 3 0.01 5000 0.0 ['fridge', 'hvac', 'mw', 'dw', 'dr']
Round: 500 Training Error: tensor(237.8282, device='cuda:0') Validation Error: tensor(248.1756, device='cuda:0') Test Error: tensor(326.1293, device='cuda:0')
Round: 1000 Training Error: tensor(216.0977, device='cuda:0') Validation Error: tensor(230.0624, device='cuda:0') Test Error: tensor(309.3402, device='cuda:0')
Round: 1500 Training Error: tensor(206.7242, device='cuda:0') Validation Error: tensor(227.7943, device='cuda:0') Test Error: tensor(309.7924, device='cuda:0')
Round: 2000 Training Error: tensor(204.1910, device='cuda:0') Validation Error: tensor(228.4950, device='cuda:0') Test Error: tensor(310.4754, device='cuda:0')
Round: 2500 Training Error: tensor(202.4740, device='cuda:0') Validation Error: tensor(228.9171, device='cuda:0') Test Error: tensor(309.0251, device='cuda:0')
Round: 3000 Training Error: tensor(201.8214, device='cuda:0') Validation Error: tensor(230.8197, device='cuda:0') Test Error: tensor(308.8312, device='cuda:0')
Round: 3500 Training Error: tensor(201.0073, device='cuda:0') Validation Error: tensor(231.4643, device='cuda:0') Test Error: tensor(310.1811, device='cuda:0')
Round: 4000 Training Error: tensor(200.2006, device='cuda:0') Validation Error: tensor(235.0859, device='cuda:0') Test Error: tensor(311.7301, device='cuda:0')
Round: 4500 Training Error: tensor(199.7429, device='cuda:0') Validation Error: tensor(234.9771, device='cuda:0') Test Error: tensor(311.3339, device='cuda:0')
Round: 5000 Training Error: tensor(199.1655, device='cuda:0') Validation Error: tensor(235.8655, device='cuda:0') Test Error: tensor(313.3177, device='cuda:0')
/zf14/yj9xs/anaconda3/lib/python3.6/site-packages/sklearn/utils/fixes.py:313: FutureWarning: numpy not_equal will not check object identity in the future. The comparison did not return the same result as suggested by the identity (`is`)) and will change.
  _nan_object_mask = _nan_object_array != _nan_object_array
cnn-tree-73.py:168: UserWarning: invalid index of a 0-dim tensor. This will be an error in PyTorch 0.5. Use tensor.item() to convert a 0-dim tensor to a Python number
  test_losses[t] = test_loss.data[0]
cnn-tree-73.py:169: UserWarning: invalid index of a 0-dim tensor. This will be an error in PyTorch 0.5. Use tensor.item() to convert a 0-dim tensor to a Python number
  valid_losses[t] = valid_loss.data[0]
cnn-tree-73.py:170: UserWarning: invalid index of a 0-dim tensor. This will be an error in PyTorch 0.5. Use tensor.item() to convert a 0-dim tensor to a Python number
  train_losses[t] = loss.data[0]
cnn-tree-73.py:182: UserWarning: invalid index of a 0-dim tensor. This will be an error in PyTorch 0.5. Use tensor.item() to convert a 0-dim tensor to a Python number
  print("Round:", t, "Training Error:", loss.data[0], "Validation Error:", valid_loss.data[0], "Test Error:", test_loss.data[0])
6 3 0.01 5000 0.0 ['fridge', 'dr', 'hvac', 'dw', 'mw']
Round: 500 Training Error: tensor(236.2040, device='cuda:0') Validation Error: tensor(244.9763, device='cuda:0') Test Error: tensor(326.4278, device='cuda:0')
Round: 1000 Training Error: tensor(209.8267, device='cuda:0') Validation Error: tensor(236.0981, device='cuda:0') Test Error: tensor(317.3836, device='cuda:0')
Round: 1500 Training Error: tensor(203.0201, device='cuda:0') Validation Error: tensor(234.0172, device='cuda:0') Test Error: tensor(315.0618, device='cuda:0')
Round: 2000 Training Error: tensor(199.9219, device='cuda:0') Validation Error: tensor(234.1449, device='cuda:0') Test Error: tensor(315.2052, device='cuda:0')
Round: 2500 Training Error: tensor(197.9349, device='cuda:0') Validation Error: tensor(232.6802, device='cuda:0') Test Error: tensor(315.0343, device='cuda:0')
Round: 3000 Training Error: tensor(196.7607, device='cuda:0') Validation Error: tensor(234.2625, device='cuda:0') Test Error: tensor(316.8990, device='cuda:0')
Round: 3500 Training Error: tensor(195.4805, device='cuda:0') Validation Error: tensor(233.1166, device='cuda:0') Test Error: tensor(316.9093, device='cuda:0')
Round: 4000 Training Error: tensor(195.3759, device='cuda:0') Validation Error: tensor(233.8313, device='cuda:0') Test Error: tensor(314.9729, device='cuda:0')
Round: 4500 Training Error: tensor(194.2890, device='cuda:0') Validation Error: tensor(236.6345, device='cuda:0') Test Error: tensor(316.6694, device='cuda:0')
Round: 5000 Training Error: tensor(194.1810, device='cuda:0') Validation Error: tensor(234.5514, device='cuda:0') Test Error: tensor(316.2090, device='cuda:0')
/zf14/yj9xs/anaconda3/lib/python3.6/site-packages/sklearn/utils/fixes.py:313: FutureWarning: numpy not_equal will not check object identity in the future. The comparison did not return the same result as suggested by the identity (`is`)) and will change.
  _nan_object_mask = _nan_object_array != _nan_object_array
cnn-tree-73.py:168: UserWarning: invalid index of a 0-dim tensor. This will be an error in PyTorch 0.5. Use tensor.item() to convert a 0-dim tensor to a Python number
  test_losses[t] = test_loss.data[0]
cnn-tree-73.py:169: UserWarning: invalid index of a 0-dim tensor. This will be an error in PyTorch 0.5. Use tensor.item() to convert a 0-dim tensor to a Python number
  valid_losses[t] = valid_loss.data[0]
cnn-tree-73.py:170: UserWarning: invalid index of a 0-dim tensor. This will be an error in PyTorch 0.5. Use tensor.item() to convert a 0-dim tensor to a Python number
  train_losses[t] = loss.data[0]
cnn-tree-73.py:182: UserWarning: invalid index of a 0-dim tensor. This will be an error in PyTorch 0.5. Use tensor.item() to convert a 0-dim tensor to a Python number
  print("Round:", t, "Training Error:", loss.data[0], "Validation Error:", valid_loss.data[0], "Test Error:", test_loss.data[0])
6 3 0.01 5000 0.0 ['fridge', 'dr', 'hvac', 'mw', 'dw']
Round: 500 Training Error: tensor(237.6141, device='cuda:0') Validation Error: tensor(241.5456, device='cuda:0') Test Error: tensor(324.5177, device='cuda:0')
Round: 1000 Training Error: tensor(212.3428, device='cuda:0') Validation Error: tensor(229.7809, device='cuda:0') Test Error: tensor(313.3076, device='cuda:0')
Round: 1500 Training Error: tensor(205.7997, device='cuda:0') Validation Error: tensor(230.0096, device='cuda:0') Test Error: tensor(312.2328, device='cuda:0')
Round: 2000 Training Error: tensor(202.2898, device='cuda:0') Validation Error: tensor(227.3483, device='cuda:0') Test Error: tensor(312.2741, device='cuda:0')
Round: 2500 Training Error: tensor(201.4344, device='cuda:0') Validation Error: tensor(230.1348, device='cuda:0') Test Error: tensor(314.1669, device='cuda:0')
Round: 3000 Training Error: tensor(199.9709, device='cuda:0') Validation Error: tensor(233.7935, device='cuda:0') Test Error: tensor(315.4790, device='cuda:0')
Round: 3500 Training Error: tensor(199.4496, device='cuda:0') Validation Error: tensor(232.0329, device='cuda:0') Test Error: tensor(313.8714, device='cuda:0')
Round: 4000 Training Error: tensor(198.1927, device='cuda:0') Validation Error: tensor(233.4058, device='cuda:0') Test Error: tensor(315.7888, device='cuda:0')
Round: 4500 Training Error: tensor(197.6754, device='cuda:0') Validation Error: tensor(237.2082, device='cuda:0') Test Error: tensor(316.6705, device='cuda:0')
Round: 5000 Training Error: tensor(197.4037, device='cuda:0') Validation Error: tensor(233.9462, device='cuda:0') Test Error: tensor(315.8716, device='cuda:0')
/zf14/yj9xs/anaconda3/lib/python3.6/site-packages/sklearn/utils/fixes.py:313: FutureWarning: numpy not_equal will not check object identity in the future. The comparison did not return the same result as suggested by the identity (`is`)) and will change.
  _nan_object_mask = _nan_object_array != _nan_object_array
cnn-tree-73.py:168: UserWarning: invalid index of a 0-dim tensor. This will be an error in PyTorch 0.5. Use tensor.item() to convert a 0-dim tensor to a Python number
  test_losses[t] = test_loss.data[0]
cnn-tree-73.py:169: UserWarning: invalid index of a 0-dim tensor. This will be an error in PyTorch 0.5. Use tensor.item() to convert a 0-dim tensor to a Python number
  valid_losses[t] = valid_loss.data[0]
cnn-tree-73.py:170: UserWarning: invalid index of a 0-dim tensor. This will be an error in PyTorch 0.5. Use tensor.item() to convert a 0-dim tensor to a Python number
  train_losses[t] = loss.data[0]
cnn-tree-73.py:182: UserWarning: invalid index of a 0-dim tensor. This will be an error in PyTorch 0.5. Use tensor.item() to convert a 0-dim tensor to a Python number
  print("Round:", t, "Training Error:", loss.data[0], "Validation Error:", valid_loss.data[0], "Test Error:", test_loss.data[0])
6 3 0.01 5000 0.0 ['fridge', 'dr', 'dw', 'hvac', 'mw']
Round: 500 Training Error: tensor(237.3717, device='cuda:0') Validation Error: tensor(240.5244, device='cuda:0') Test Error: tensor(323.7352, device='cuda:0')
Round: 1000 Training Error: tensor(214.6934, device='cuda:0') Validation Error: tensor(223.0814, device='cuda:0') Test Error: tensor(316.0144, device='cuda:0')
Round: 1500 Training Error: tensor(207.3698, device='cuda:0') Validation Error: tensor(219.7433, device='cuda:0') Test Error: tensor(312.2461, device='cuda:0')
Round: 2000 Training Error: tensor(203.8613, device='cuda:0') Validation Error: tensor(219.5567, device='cuda:0') Test Error: tensor(311.8815, device='cuda:0')
Round: 2500 Training Error: tensor(202.3196, device='cuda:0') Validation Error: tensor(222.4063, device='cuda:0') Test Error: tensor(313.0646, device='cuda:0')
Round: 3000 Training Error: tensor(201.3016, device='cuda:0') Validation Error: tensor(223.1993, device='cuda:0') Test Error: tensor(313.0446, device='cuda:0')
Round: 3500 Training Error: tensor(199.7276, device='cuda:0') Validation Error: tensor(224.4553, device='cuda:0') Test Error: tensor(313.3121, device='cuda:0')
Round: 4000 Training Error: tensor(199.1927, device='cuda:0') Validation Error: tensor(225.1120, device='cuda:0') Test Error: tensor(314.1571, device='cuda:0')
Round: 4500 Training Error: tensor(198.0515, device='cuda:0') Validation Error: tensor(226.6717, device='cuda:0') Test Error: tensor(315.6586, device='cuda:0')
Round: 5000 Training Error: tensor(198.6492, device='cuda:0') Validation Error: tensor(228.8988, device='cuda:0') Test Error: tensor(317.2363, device='cuda:0')
/zf14/yj9xs/anaconda3/lib/python3.6/site-packages/sklearn/utils/fixes.py:313: FutureWarning: numpy not_equal will not check object identity in the future. The comparison did not return the same result as suggested by the identity (`is`)) and will change.
  _nan_object_mask = _nan_object_array != _nan_object_array
cnn-tree-73.py:168: UserWarning: invalid index of a 0-dim tensor. This will be an error in PyTorch 0.5. Use tensor.item() to convert a 0-dim tensor to a Python number
  test_losses[t] = test_loss.data[0]
cnn-tree-73.py:169: UserWarning: invalid index of a 0-dim tensor. This will be an error in PyTorch 0.5. Use tensor.item() to convert a 0-dim tensor to a Python number
  valid_losses[t] = valid_loss.data[0]
cnn-tree-73.py:170: UserWarning: invalid index of a 0-dim tensor. This will be an error in PyTorch 0.5. Use tensor.item() to convert a 0-dim tensor to a Python number
  train_losses[t] = loss.data[0]
cnn-tree-73.py:182: UserWarning: invalid index of a 0-dim tensor. This will be an error in PyTorch 0.5. Use tensor.item() to convert a 0-dim tensor to a Python number
  print("Round:", t, "Training Error:", loss.data[0], "Validation Error:", valid_loss.data[0], "Test Error:", test_loss.data[0])
6 3 0.01 5000 0.0 ['fridge', 'dr', 'dw', 'mw', 'hvac']
Round: 500 Training Error: tensor(233.9451, device='cuda:0') Validation Error: tensor(241.9650, device='cuda:0') Test Error: tensor(325.5584, device='cuda:0')
Round: 1000 Training Error: tensor(212.4534, device='cuda:0') Validation Error: tensor(227.5719, device='cuda:0') Test Error: tensor(316.6673, device='cuda:0')
Round: 1500 Training Error: tensor(205.8697, device='cuda:0') Validation Error: tensor(222.4696, device='cuda:0') Test Error: tensor(314.3241, device='cuda:0')
Round: 2000 Training Error: tensor(203.3756, device='cuda:0') Validation Error: tensor(223.8817, device='cuda:0') Test Error: tensor(313.9251, device='cuda:0')
Round: 2500 Training Error: tensor(201.7742, device='cuda:0') Validation Error: tensor(225.2681, device='cuda:0') Test Error: tensor(315.8672, device='cuda:0')
Round: 3000 Training Error: tensor(200.5374, device='cuda:0') Validation Error: tensor(226.1611, device='cuda:0') Test Error: tensor(317.8316, device='cuda:0')
Round: 3500 Training Error: tensor(199.5055, device='cuda:0') Validation Error: tensor(226.2408, device='cuda:0') Test Error: tensor(318.3900, device='cuda:0')
Round: 4000 Training Error: tensor(198.7648, device='cuda:0') Validation Error: tensor(228.1898, device='cuda:0') Test Error: tensor(319.4453, device='cuda:0')
Round: 4500 Training Error: tensor(197.5144, device='cuda:0') Validation Error: tensor(226.9359, device='cuda:0') Test Error: tensor(319.4380, device='cuda:0')
Round: 5000 Training Error: tensor(196.7941, device='cuda:0') Validation Error: tensor(227.7624, device='cuda:0') Test Error: tensor(321.7111, device='cuda:0')
/zf14/yj9xs/anaconda3/lib/python3.6/site-packages/sklearn/utils/fixes.py:313: FutureWarning: numpy not_equal will not check object identity in the future. The comparison did not return the same result as suggested by the identity (`is`)) and will change.
  _nan_object_mask = _nan_object_array != _nan_object_array
cnn-tree-73.py:168: UserWarning: invalid index of a 0-dim tensor. This will be an error in PyTorch 0.5. Use tensor.item() to convert a 0-dim tensor to a Python number
  test_losses[t] = test_loss.data[0]
cnn-tree-73.py:169: UserWarning: invalid index of a 0-dim tensor. This will be an error in PyTorch 0.5. Use tensor.item() to convert a 0-dim tensor to a Python number
  valid_losses[t] = valid_loss.data[0]
cnn-tree-73.py:170: UserWarning: invalid index of a 0-dim tensor. This will be an error in PyTorch 0.5. Use tensor.item() to convert a 0-dim tensor to a Python number
  train_losses[t] = loss.data[0]
cnn-tree-73.py:182: UserWarning: invalid index of a 0-dim tensor. This will be an error in PyTorch 0.5. Use tensor.item() to convert a 0-dim tensor to a Python number
  print("Round:", t, "Training Error:", loss.data[0], "Validation Error:", valid_loss.data[0], "Test Error:", test_loss.data[0])
6 3 0.01 5000 0.0 ['fridge', 'dr', 'mw', 'hvac', 'dw']
Round: 500 Training Error: tensor(237.7997, device='cuda:0') Validation Error: tensor(239.9558, device='cuda:0') Test Error: tensor(322.8778, device='cuda:0')
Round: 1000 Training Error: tensor(214.1942, device='cuda:0') Validation Error: tensor(227.1578, device='cuda:0') Test Error: tensor(313.8581, device='cuda:0')
Round: 1500 Training Error: tensor(206.5448, device='cuda:0') Validation Error: tensor(222.5620, device='cuda:0') Test Error: tensor(309.0541, device='cuda:0')
Round: 2000 Training Error: tensor(203.7691, device='cuda:0') Validation Error: tensor(223.4353, device='cuda:0') Test Error: tensor(309.4439, device='cuda:0')
Round: 2500 Training Error: tensor(202.0575, device='cuda:0') Validation Error: tensor(226.1585, device='cuda:0') Test Error: tensor(310.0005, device='cuda:0')
Round: 3000 Training Error: tensor(200.8083, device='cuda:0') Validation Error: tensor(228.3097, device='cuda:0') Test Error: tensor(310.5334, device='cuda:0')
Round: 3500 Training Error: tensor(199.9490, device='cuda:0') Validation Error: tensor(227.6651, device='cuda:0') Test Error: tensor(310.3689, device='cuda:0')
Round: 4000 Training Error: tensor(199.4392, device='cuda:0') Validation Error: tensor(229.0470, device='cuda:0') Test Error: tensor(311.2902, device='cuda:0')
Round: 4500 Training Error: tensor(198.9800, device='cuda:0') Validation Error: tensor(230.1035, device='cuda:0') Test Error: tensor(312.9632, device='cuda:0')
Round: 5000 Training Error: tensor(198.8118, device='cuda:0') Validation Error: tensor(227.3248, device='cuda:0') Test Error: tensor(311.1044, device='cuda:0')
/zf14/yj9xs/anaconda3/lib/python3.6/site-packages/sklearn/utils/fixes.py:313: FutureWarning: numpy not_equal will not check object identity in the future. The comparison did not return the same result as suggested by the identity (`is`)) and will change.
  _nan_object_mask = _nan_object_array != _nan_object_array
cnn-tree-73.py:168: UserWarning: invalid index of a 0-dim tensor. This will be an error in PyTorch 0.5. Use tensor.item() to convert a 0-dim tensor to a Python number
  test_losses[t] = test_loss.data[0]
cnn-tree-73.py:169: UserWarning: invalid index of a 0-dim tensor. This will be an error in PyTorch 0.5. Use tensor.item() to convert a 0-dim tensor to a Python number
  valid_losses[t] = valid_loss.data[0]
cnn-tree-73.py:170: UserWarning: invalid index of a 0-dim tensor. This will be an error in PyTorch 0.5. Use tensor.item() to convert a 0-dim tensor to a Python number
  train_losses[t] = loss.data[0]
cnn-tree-73.py:182: UserWarning: invalid index of a 0-dim tensor. This will be an error in PyTorch 0.5. Use tensor.item() to convert a 0-dim tensor to a Python number
  print("Round:", t, "Training Error:", loss.data[0], "Validation Error:", valid_loss.data[0], "Test Error:", test_loss.data[0])
6 3 0.01 5000 0.0 ['fridge', 'dr', 'mw', 'dw', 'hvac']
Round: 500 Training Error: tensor(233.9271, device='cuda:0') Validation Error: tensor(242.4123, device='cuda:0') Test Error: tensor(324.1311, device='cuda:0')
Round: 1000 Training Error: tensor(210.4030, device='cuda:0') Validation Error: tensor(225.3548, device='cuda:0') Test Error: tensor(314.5373, device='cuda:0')
Round: 1500 Training Error: tensor(203.9960, device='cuda:0') Validation Error: tensor(223.7005, device='cuda:0') Test Error: tensor(314.3667, device='cuda:0')
Round: 2000 Training Error: tensor(202.2303, device='cuda:0') Validation Error: tensor(225.0029, device='cuda:0') Test Error: tensor(314.9144, device='cuda:0')
Round: 2500 Training Error: tensor(200.8220, device='cuda:0') Validation Error: tensor(224.7432, device='cuda:0') Test Error: tensor(315.3248, device='cuda:0')
Round: 3000 Training Error: tensor(199.4502, device='cuda:0') Validation Error: tensor(226.2202, device='cuda:0') Test Error: tensor(316.4187, device='cuda:0')
Round: 3500 Training Error: tensor(199.0834, device='cuda:0') Validation Error: tensor(224.5063, device='cuda:0') Test Error: tensor(316.3591, device='cuda:0')
Round: 4000 Training Error: tensor(198.2247, device='cuda:0') Validation Error: tensor(225.1329, device='cuda:0') Test Error: tensor(317.0363, device='cuda:0')
Round: 4500 Training Error: tensor(198.1737, device='cuda:0') Validation Error: tensor(226.8360, device='cuda:0') Test Error: tensor(318.7480, device='cuda:0')
Round: 5000 Training Error: tensor(197.5541, device='cuda:0') Validation Error: tensor(226.4876, device='cuda:0') Test Error: tensor(318.4143, device='cuda:0')
/zf14/yj9xs/anaconda3/lib/python3.6/site-packages/sklearn/utils/fixes.py:313: FutureWarning: numpy not_equal will not check object identity in the future. The comparison did not return the same result as suggested by the identity (`is`)) and will change.
  _nan_object_mask = _nan_object_array != _nan_object_array
cnn-tree-73.py:168: UserWarning: invalid index of a 0-dim tensor. This will be an error in PyTorch 0.5. Use tensor.item() to convert a 0-dim tensor to a Python number
  test_losses[t] = test_loss.data[0]
cnn-tree-73.py:169: UserWarning: invalid index of a 0-dim tensor. This will be an error in PyTorch 0.5. Use tensor.item() to convert a 0-dim tensor to a Python number
  valid_losses[t] = valid_loss.data[0]
cnn-tree-73.py:170: UserWarning: invalid index of a 0-dim tensor. This will be an error in PyTorch 0.5. Use tensor.item() to convert a 0-dim tensor to a Python number
  train_losses[t] = loss.data[0]
cnn-tree-73.py:182: UserWarning: invalid index of a 0-dim tensor. This will be an error in PyTorch 0.5. Use tensor.item() to convert a 0-dim tensor to a Python number
  print("Round:", t, "Training Error:", loss.data[0], "Validation Error:", valid_loss.data[0], "Test Error:", test_loss.data[0])
6 3 0.01 5000 0.0 ['fridge', 'dw', 'hvac', 'dr', 'mw']
Round: 500 Training Error: tensor(235.5129, device='cuda:0') Validation Error: tensor(249.8490, device='cuda:0') Test Error: tensor(330.2437, device='cuda:0')
Round: 1000 Training Error: tensor(210.1311, device='cuda:0') Validation Error: tensor(238.9727, device='cuda:0') Test Error: tensor(317.4869, device='cuda:0')
Round: 1500 Training Error: tensor(203.4385, device='cuda:0') Validation Error: tensor(240.1488, device='cuda:0') Test Error: tensor(317.7603, device='cuda:0')
Round: 2000 Training Error: tensor(200.4078, device='cuda:0') Validation Error: tensor(240.4170, device='cuda:0') Test Error: tensor(316.2143, device='cuda:0')
Round: 2500 Training Error: tensor(198.9109, device='cuda:0') Validation Error: tensor(242.5740, device='cuda:0') Test Error: tensor(317.6793, device='cuda:0')
Round: 3000 Training Error: tensor(197.6015, device='cuda:0') Validation Error: tensor(240.9357, device='cuda:0') Test Error: tensor(317.6256, device='cuda:0')
Round: 3500 Training Error: tensor(196.3315, device='cuda:0') Validation Error: tensor(243.3096, device='cuda:0') Test Error: tensor(319.6176, device='cuda:0')
Round: 4000 Training Error: tensor(195.5919, device='cuda:0') Validation Error: tensor(242.4664, device='cuda:0') Test Error: tensor(320.5442, device='cuda:0')
Round: 4500 Training Error: tensor(195.0785, device='cuda:0') Validation Error: tensor(246.5497, device='cuda:0') Test Error: tensor(323.5054, device='cuda:0')
Round: 5000 Training Error: tensor(195.0731, device='cuda:0') Validation Error: tensor(242.2326, device='cuda:0') Test Error: tensor(321.0324, device='cuda:0')
/zf14/yj9xs/anaconda3/lib/python3.6/site-packages/sklearn/utils/fixes.py:313: FutureWarning: numpy not_equal will not check object identity in the future. The comparison did not return the same result as suggested by the identity (`is`)) and will change.
  _nan_object_mask = _nan_object_array != _nan_object_array
cnn-tree-73.py:168: UserWarning: invalid index of a 0-dim tensor. This will be an error in PyTorch 0.5. Use tensor.item() to convert a 0-dim tensor to a Python number
  test_losses[t] = test_loss.data[0]
cnn-tree-73.py:169: UserWarning: invalid index of a 0-dim tensor. This will be an error in PyTorch 0.5. Use tensor.item() to convert a 0-dim tensor to a Python number
  valid_losses[t] = valid_loss.data[0]
cnn-tree-73.py:170: UserWarning: invalid index of a 0-dim tensor. This will be an error in PyTorch 0.5. Use tensor.item() to convert a 0-dim tensor to a Python number
  train_losses[t] = loss.data[0]
cnn-tree-73.py:182: UserWarning: invalid index of a 0-dim tensor. This will be an error in PyTorch 0.5. Use tensor.item() to convert a 0-dim tensor to a Python number
  print("Round:", t, "Training Error:", loss.data[0], "Validation Error:", valid_loss.data[0], "Test Error:", test_loss.data[0])
6 3 0.01 5000 0.0 ['fridge', 'dw', 'hvac', 'mw', 'dr']
Round: 500 Training Error: tensor(235.8064, device='cuda:0') Validation Error: tensor(249.0467, device='cuda:0') Test Error: tensor(329.6599, device='cuda:0')
Round: 1000 Training Error: tensor(210.7934, device='cuda:0') Validation Error: tensor(235.4921, device='cuda:0') Test Error: tensor(317.7780, device='cuda:0')
Round: 1500 Training Error: tensor(204.7759, device='cuda:0') Validation Error: tensor(240.2767, device='cuda:0') Test Error: tensor(319.7296, device='cuda:0')
Round: 2000 Training Error: tensor(200.6302, device='cuda:0') Validation Error: tensor(238.9233, device='cuda:0') Test Error: tensor(319.3342, device='cuda:0')
Round: 2500 Training Error: tensor(198.5401, device='cuda:0') Validation Error: tensor(238.4671, device='cuda:0') Test Error: tensor(319.4110, device='cuda:0')
Round: 3000 Training Error: tensor(197.7164, device='cuda:0') Validation Error: tensor(241.6155, device='cuda:0') Test Error: tensor(322.1651, device='cuda:0')
Round: 3500 Training Error: tensor(196.7851, device='cuda:0') Validation Error: tensor(240.5956, device='cuda:0') Test Error: tensor(322.3688, device='cuda:0')
Round: 4000 Training Error: tensor(196.5296, device='cuda:0') Validation Error: tensor(244.0636, device='cuda:0') Test Error: tensor(323.7523, device='cuda:0')
Round: 4500 Training Error: tensor(195.9415, device='cuda:0') Validation Error: tensor(241.4583, device='cuda:0') Test Error: tensor(322.3751, device='cuda:0')
Round: 5000 Training Error: tensor(195.0963, device='cuda:0') Validation Error: tensor(241.4596, device='cuda:0') Test Error: tensor(322.2570, device='cuda:0')
/zf14/yj9xs/anaconda3/lib/python3.6/site-packages/sklearn/utils/fixes.py:313: FutureWarning: numpy not_equal will not check object identity in the future. The comparison did not return the same result as suggested by the identity (`is`)) and will change.
  _nan_object_mask = _nan_object_array != _nan_object_array
cnn-tree-73.py:168: UserWarning: invalid index of a 0-dim tensor. This will be an error in PyTorch 0.5. Use tensor.item() to convert a 0-dim tensor to a Python number
  test_losses[t] = test_loss.data[0]
cnn-tree-73.py:169: UserWarning: invalid index of a 0-dim tensor. This will be an error in PyTorch 0.5. Use tensor.item() to convert a 0-dim tensor to a Python number
  valid_losses[t] = valid_loss.data[0]
cnn-tree-73.py:170: UserWarning: invalid index of a 0-dim tensor. This will be an error in PyTorch 0.5. Use tensor.item() to convert a 0-dim tensor to a Python number
  train_losses[t] = loss.data[0]
cnn-tree-73.py:182: UserWarning: invalid index of a 0-dim tensor. This will be an error in PyTorch 0.5. Use tensor.item() to convert a 0-dim tensor to a Python number
  print("Round:", t, "Training Error:", loss.data[0], "Validation Error:", valid_loss.data[0], "Test Error:", test_loss.data[0])
6 3 0.01 5000 0.0 ['fridge', 'dw', 'dr', 'hvac', 'mw']
Round: 500 Training Error: tensor(236.3070, device='cuda:0') Validation Error: tensor(242.7666, device='cuda:0') Test Error: tensor(324.8857, device='cuda:0')
Round: 1000 Training Error: tensor(214.2173, device='cuda:0') Validation Error: tensor(229.6843, device='cuda:0') Test Error: tensor(315.5450, device='cuda:0')
Round: 1500 Training Error: tensor(206.4159, device='cuda:0') Validation Error: tensor(225.8116, device='cuda:0') Test Error: tensor(312.6089, device='cuda:0')
Round: 2000 Training Error: tensor(204.5215, device='cuda:0') Validation Error: tensor(226.4064, device='cuda:0') Test Error: tensor(312.9672, device='cuda:0')
Round: 2500 Training Error: tensor(202.5566, device='cuda:0') Validation Error: tensor(226.3374, device='cuda:0') Test Error: tensor(313.0705, device='cuda:0')
Round: 3000 Training Error: tensor(201.3213, device='cuda:0') Validation Error: tensor(226.9436, device='cuda:0') Test Error: tensor(312.4792, device='cuda:0')
Round: 3500 Training Error: tensor(200.6681, device='cuda:0') Validation Error: tensor(228.7382, device='cuda:0') Test Error: tensor(313.5642, device='cuda:0')
Round: 4000 Training Error: tensor(199.9019, device='cuda:0') Validation Error: tensor(229.3036, device='cuda:0') Test Error: tensor(313.6591, device='cuda:0')
Round: 4500 Training Error: tensor(198.8358, device='cuda:0') Validation Error: tensor(233.3624, device='cuda:0') Test Error: tensor(314.5215, device='cuda:0')
Round: 5000 Training Error: tensor(198.3121, device='cuda:0') Validation Error: tensor(234.6459, device='cuda:0') Test Error: tensor(314.6702, device='cuda:0')
/zf14/yj9xs/anaconda3/lib/python3.6/site-packages/sklearn/utils/fixes.py:313: FutureWarning: numpy not_equal will not check object identity in the future. The comparison did not return the same result as suggested by the identity (`is`)) and will change.
  _nan_object_mask = _nan_object_array != _nan_object_array
cnn-tree-73.py:168: UserWarning: invalid index of a 0-dim tensor. This will be an error in PyTorch 0.5. Use tensor.item() to convert a 0-dim tensor to a Python number
  test_losses[t] = test_loss.data[0]
cnn-tree-73.py:169: UserWarning: invalid index of a 0-dim tensor. This will be an error in PyTorch 0.5. Use tensor.item() to convert a 0-dim tensor to a Python number
  valid_losses[t] = valid_loss.data[0]
cnn-tree-73.py:170: UserWarning: invalid index of a 0-dim tensor. This will be an error in PyTorch 0.5. Use tensor.item() to convert a 0-dim tensor to a Python number
  train_losses[t] = loss.data[0]
cnn-tree-73.py:182: UserWarning: invalid index of a 0-dim tensor. This will be an error in PyTorch 0.5. Use tensor.item() to convert a 0-dim tensor to a Python number
  print("Round:", t, "Training Error:", loss.data[0], "Validation Error:", valid_loss.data[0], "Test Error:", test_loss.data[0])
6 3 0.01 5000 0.0 ['fridge', 'dw', 'dr', 'mw', 'hvac']
Round: 500 Training Error: tensor(233.2667, device='cuda:0') Validation Error: tensor(240.3517, device='cuda:0') Test Error: tensor(325.1933, device='cuda:0')
Round: 1000 Training Error: tensor(210.7786, device='cuda:0') Validation Error: tensor(226.1086, device='cuda:0') Test Error: tensor(317.5542, device='cuda:0')
Round: 1500 Training Error: tensor(204.4868, device='cuda:0') Validation Error: tensor(223.3570, device='cuda:0') Test Error: tensor(317.2152, device='cuda:0')
Round: 2000 Training Error: tensor(202.0450, device='cuda:0') Validation Error: tensor(223.1422, device='cuda:0') Test Error: tensor(317.2369, device='cuda:0')
Round: 2500 Training Error: tensor(200.2888, device='cuda:0') Validation Error: tensor(225.2946, device='cuda:0') Test Error: tensor(316.9617, device='cuda:0')
Round: 3000 Training Error: tensor(199.7199, device='cuda:0') Validation Error: tensor(226.4345, device='cuda:0') Test Error: tensor(318.7971, device='cuda:0')
Round: 3500 Training Error: tensor(199.4019, device='cuda:0') Validation Error: tensor(227.0823, device='cuda:0') Test Error: tensor(320.5200, device='cuda:0')
Round: 4000 Training Error: tensor(198.4221, device='cuda:0') Validation Error: tensor(229.2752, device='cuda:0') Test Error: tensor(320.0195, device='cuda:0')
Round: 4500 Training Error: tensor(198.0036, device='cuda:0') Validation Error: tensor(228.0785, device='cuda:0') Test Error: tensor(322.7854, device='cuda:0')
Round: 5000 Training Error: tensor(197.4374, device='cuda:0') Validation Error: tensor(229.2559, device='cuda:0') Test Error: tensor(323.1287, device='cuda:0')
/zf14/yj9xs/anaconda3/lib/python3.6/site-packages/sklearn/utils/fixes.py:313: FutureWarning: numpy not_equal will not check object identity in the future. The comparison did not return the same result as suggested by the identity (`is`)) and will change.
  _nan_object_mask = _nan_object_array != _nan_object_array
cnn-tree-73.py:168: UserWarning: invalid index of a 0-dim tensor. This will be an error in PyTorch 0.5. Use tensor.item() to convert a 0-dim tensor to a Python number
  test_losses[t] = test_loss.data[0]
cnn-tree-73.py:169: UserWarning: invalid index of a 0-dim tensor. This will be an error in PyTorch 0.5. Use tensor.item() to convert a 0-dim tensor to a Python number
  valid_losses[t] = valid_loss.data[0]
cnn-tree-73.py:170: UserWarning: invalid index of a 0-dim tensor. This will be an error in PyTorch 0.5. Use tensor.item() to convert a 0-dim tensor to a Python number
  train_losses[t] = loss.data[0]
cnn-tree-73.py:182: UserWarning: invalid index of a 0-dim tensor. This will be an error in PyTorch 0.5. Use tensor.item() to convert a 0-dim tensor to a Python number
  print("Round:", t, "Training Error:", loss.data[0], "Validation Error:", valid_loss.data[0], "Test Error:", test_loss.data[0])
6 3 0.01 5000 0.0 ['fridge', 'dw', 'mw', 'hvac', 'dr']
Round: 500 Training Error: tensor(236.8949, device='cuda:0') Validation Error: tensor(243.4581, device='cuda:0') Test Error: tensor(324.8077, device='cuda:0')
Round: 1000 Training Error: tensor(213.2513, device='cuda:0') Validation Error: tensor(228.1900, device='cuda:0') Test Error: tensor(314.2540, device='cuda:0')
Round: 1500 Training Error: tensor(206.7868, device='cuda:0') Validation Error: tensor(225.1738, device='cuda:0') Test Error: tensor(313.0674, device='cuda:0')
Round: 2000 Training Error: tensor(203.8681, device='cuda:0') Validation Error: tensor(226.3096, device='cuda:0') Test Error: tensor(312.1896, device='cuda:0')
Round: 2500 Training Error: tensor(202.1920, device='cuda:0') Validation Error: tensor(228.7016, device='cuda:0') Test Error: tensor(312.8343, device='cuda:0')
Round: 3000 Training Error: tensor(201.1781, device='cuda:0') Validation Error: tensor(229.2658, device='cuda:0') Test Error: tensor(312.4097, device='cuda:0')
Round: 3500 Training Error: tensor(200.0368, device='cuda:0') Validation Error: tensor(230.1553, device='cuda:0') Test Error: tensor(312.4372, device='cuda:0')
Round: 4000 Training Error: tensor(199.5910, device='cuda:0') Validation Error: tensor(230.5857, device='cuda:0') Test Error: tensor(312.6532, device='cuda:0')
Round: 4500 Training Error: tensor(198.9155, device='cuda:0') Validation Error: tensor(231.8452, device='cuda:0') Test Error: tensor(312.1198, device='cuda:0')
Round: 5000 Training Error: tensor(198.0597, device='cuda:0') Validation Error: tensor(234.1888, device='cuda:0') Test Error: tensor(313.2493, device='cuda:0')
/zf14/yj9xs/anaconda3/lib/python3.6/site-packages/sklearn/utils/fixes.py:313: FutureWarning: numpy not_equal will not check object identity in the future. The comparison did not return the same result as suggested by the identity (`is`)) and will change.
  _nan_object_mask = _nan_object_array != _nan_object_array
cnn-tree-73.py:168: UserWarning: invalid index of a 0-dim tensor. This will be an error in PyTorch 0.5. Use tensor.item() to convert a 0-dim tensor to a Python number
  test_losses[t] = test_loss.data[0]
cnn-tree-73.py:169: UserWarning: invalid index of a 0-dim tensor. This will be an error in PyTorch 0.5. Use tensor.item() to convert a 0-dim tensor to a Python number
  valid_losses[t] = valid_loss.data[0]
cnn-tree-73.py:170: UserWarning: invalid index of a 0-dim tensor. This will be an error in PyTorch 0.5. Use tensor.item() to convert a 0-dim tensor to a Python number
  train_losses[t] = loss.data[0]
cnn-tree-73.py:182: UserWarning: invalid index of a 0-dim tensor. This will be an error in PyTorch 0.5. Use tensor.item() to convert a 0-dim tensor to a Python number
  print("Round:", t, "Training Error:", loss.data[0], "Validation Error:", valid_loss.data[0], "Test Error:", test_loss.data[0])
6 3 0.01 5000 0.0 ['fridge', 'dw', 'mw', 'dr', 'hvac']
Round: 500 Training Error: tensor(234.6118, device='cuda:0') Validation Error: tensor(242.8252, device='cuda:0') Test Error: tensor(323.4106, device='cuda:0')
Round: 1000 Training Error: tensor(211.5101, device='cuda:0') Validation Error: tensor(229.5566, device='cuda:0') Test Error: tensor(311.7474, device='cuda:0')
Round: 1500 Training Error: tensor(205.6696, device='cuda:0') Validation Error: tensor(226.5673, device='cuda:0') Test Error: tensor(311.4216, device='cuda:0')
Round: 2000 Training Error: tensor(203.4196, device='cuda:0') Validation Error: tensor(224.8914, device='cuda:0') Test Error: tensor(311.5515, device='cuda:0')
Round: 2500 Training Error: tensor(202.4092, device='cuda:0') Validation Error: tensor(226.1475, device='cuda:0') Test Error: tensor(312.6225, device='cuda:0')
Round: 3000 Training Error: tensor(201.4150, device='cuda:0') Validation Error: tensor(226.6914, device='cuda:0') Test Error: tensor(315.5561, device='cuda:0')
Round: 3500 Training Error: tensor(200.7248, device='cuda:0') Validation Error: tensor(228.3687, device='cuda:0') Test Error: tensor(318.7487, device='cuda:0')
Round: 4000 Training Error: tensor(200.3370, device='cuda:0') Validation Error: tensor(228.2336, device='cuda:0') Test Error: tensor(320.3331, device='cuda:0')
Round: 4500 Training Error: tensor(199.8602, device='cuda:0') Validation Error: tensor(227.8206, device='cuda:0') Test Error: tensor(320.1209, device='cuda:0')
Round: 5000 Training Error: tensor(199.5273, device='cuda:0') Validation Error: tensor(226.4945, device='cuda:0') Test Error: tensor(320.2158, device='cuda:0')
/zf14/yj9xs/anaconda3/lib/python3.6/site-packages/sklearn/utils/fixes.py:313: FutureWarning: numpy not_equal will not check object identity in the future. The comparison did not return the same result as suggested by the identity (`is`)) and will change.
  _nan_object_mask = _nan_object_array != _nan_object_array
cnn-tree-73.py:168: UserWarning: invalid index of a 0-dim tensor. This will be an error in PyTorch 0.5. Use tensor.item() to convert a 0-dim tensor to a Python number
  test_losses[t] = test_loss.data[0]
cnn-tree-73.py:169: UserWarning: invalid index of a 0-dim tensor. This will be an error in PyTorch 0.5. Use tensor.item() to convert a 0-dim tensor to a Python number
  valid_losses[t] = valid_loss.data[0]
cnn-tree-73.py:170: UserWarning: invalid index of a 0-dim tensor. This will be an error in PyTorch 0.5. Use tensor.item() to convert a 0-dim tensor to a Python number
  train_losses[t] = loss.data[0]
cnn-tree-73.py:182: UserWarning: invalid index of a 0-dim tensor. This will be an error in PyTorch 0.5. Use tensor.item() to convert a 0-dim tensor to a Python number
  print("Round:", t, "Training Error:", loss.data[0], "Validation Error:", valid_loss.data[0], "Test Error:", test_loss.data[0])
6 3 0.01 5000 0.0 ['fridge', 'mw', 'hvac', 'dr', 'dw']
Round: 500 Training Error: tensor(237.8479, device='cuda:0') Validation Error: tensor(244.7988, device='cuda:0') Test Error: tensor(327.5195, device='cuda:0')
Round: 1000 Training Error: tensor(211.9217, device='cuda:0') Validation Error: tensor(231.1740, device='cuda:0') Test Error: tensor(313.9118, device='cuda:0')
Round: 1500 Training Error: tensor(204.5623, device='cuda:0') Validation Error: tensor(231.8382, device='cuda:0') Test Error: tensor(314.5603, device='cuda:0')
Round: 2000 Training Error: tensor(202.9830, device='cuda:0') Validation Error: tensor(234.9881, device='cuda:0') Test Error: tensor(317.3377, device='cuda:0')
Round: 2500 Training Error: tensor(201.5194, device='cuda:0') Validation Error: tensor(235.1955, device='cuda:0') Test Error: tensor(318.2566, device='cuda:0')
Round: 3000 Training Error: tensor(200.9839, device='cuda:0') Validation Error: tensor(235.9571, device='cuda:0') Test Error: tensor(318.8154, device='cuda:0')
Round: 3500 Training Error: tensor(199.8986, device='cuda:0') Validation Error: tensor(233.6559, device='cuda:0') Test Error: tensor(317.4916, device='cuda:0')
Round: 4000 Training Error: tensor(199.0555, device='cuda:0') Validation Error: tensor(234.5424, device='cuda:0') Test Error: tensor(317.9435, device='cuda:0')
Round: 4500 Training Error: tensor(198.5582, device='cuda:0') Validation Error: tensor(235.3561, device='cuda:0') Test Error: tensor(317.7166, device='cuda:0')
Round: 5000 Training Error: tensor(198.1118, device='cuda:0') Validation Error: tensor(240.4486, device='cuda:0') Test Error: tensor(319.7990, device='cuda:0')
/zf14/yj9xs/anaconda3/lib/python3.6/site-packages/sklearn/utils/fixes.py:313: FutureWarning: numpy not_equal will not check object identity in the future. The comparison did not return the same result as suggested by the identity (`is`)) and will change.
  _nan_object_mask = _nan_object_array != _nan_object_array
cnn-tree-73.py:168: UserWarning: invalid index of a 0-dim tensor. This will be an error in PyTorch 0.5. Use tensor.item() to convert a 0-dim tensor to a Python number
  test_losses[t] = test_loss.data[0]
cnn-tree-73.py:169: UserWarning: invalid index of a 0-dim tensor. This will be an error in PyTorch 0.5. Use tensor.item() to convert a 0-dim tensor to a Python number
  valid_losses[t] = valid_loss.data[0]
cnn-tree-73.py:170: UserWarning: invalid index of a 0-dim tensor. This will be an error in PyTorch 0.5. Use tensor.item() to convert a 0-dim tensor to a Python number
  train_losses[t] = loss.data[0]
cnn-tree-73.py:182: UserWarning: invalid index of a 0-dim tensor. This will be an error in PyTorch 0.5. Use tensor.item() to convert a 0-dim tensor to a Python number
  print("Round:", t, "Training Error:", loss.data[0], "Validation Error:", valid_loss.data[0], "Test Error:", test_loss.data[0])
6 3 0.01 5000 0.0 ['fridge', 'mw', 'hvac', 'dw', 'dr']
Round: 500 Training Error: tensor(236.1741, device='cuda:0') Validation Error: tensor(242.2147, device='cuda:0') Test Error: tensor(325.0750, device='cuda:0')
Round: 1000 Training Error: tensor(211.3723, device='cuda:0') Validation Error: tensor(232.7494, device='cuda:0') Test Error: tensor(313.8369, device='cuda:0')
Round: 1500 Training Error: tensor(203.8555, device='cuda:0') Validation Error: tensor(233.4990, device='cuda:0') Test Error: tensor(314.2417, device='cuda:0')
Round: 2000 Training Error: tensor(201.3542, device='cuda:0') Validation Error: tensor(234.1586, device='cuda:0') Test Error: tensor(314.6152, device='cuda:0')
Round: 2500 Training Error: tensor(200.1227, device='cuda:0') Validation Error: tensor(235.3499, device='cuda:0') Test Error: tensor(314.8330, device='cuda:0')
Round: 3000 Training Error: tensor(200.5291, device='cuda:0') Validation Error: tensor(241.3430, device='cuda:0') Test Error: tensor(316.4075, device='cuda:0')
Round: 3500 Training Error: tensor(198.4451, device='cuda:0') Validation Error: tensor(240.0186, device='cuda:0') Test Error: tensor(317.5812, device='cuda:0')
Round: 4000 Training Error: tensor(197.7921, device='cuda:0') Validation Error: tensor(239.3254, device='cuda:0') Test Error: tensor(316.6002, device='cuda:0')
Round: 4500 Training Error: tensor(197.0068, device='cuda:0') Validation Error: tensor(239.5642, device='cuda:0') Test Error: tensor(316.3777, device='cuda:0')
Round: 5000 Training Error: tensor(196.5650, device='cuda:0') Validation Error: tensor(244.7581, device='cuda:0') Test Error: tensor(315.9006, device='cuda:0')
/zf14/yj9xs/anaconda3/lib/python3.6/site-packages/sklearn/utils/fixes.py:313: FutureWarning: numpy not_equal will not check object identity in the future. The comparison did not return the same result as suggested by the identity (`is`)) and will change.
  _nan_object_mask = _nan_object_array != _nan_object_array
cnn-tree-73.py:168: UserWarning: invalid index of a 0-dim tensor. This will be an error in PyTorch 0.5. Use tensor.item() to convert a 0-dim tensor to a Python number
  test_losses[t] = test_loss.data[0]
cnn-tree-73.py:169: UserWarning: invalid index of a 0-dim tensor. This will be an error in PyTorch 0.5. Use tensor.item() to convert a 0-dim tensor to a Python number
  valid_losses[t] = valid_loss.data[0]
cnn-tree-73.py:170: UserWarning: invalid index of a 0-dim tensor. This will be an error in PyTorch 0.5. Use tensor.item() to convert a 0-dim tensor to a Python number
  train_losses[t] = loss.data[0]
cnn-tree-73.py:182: UserWarning: invalid index of a 0-dim tensor. This will be an error in PyTorch 0.5. Use tensor.item() to convert a 0-dim tensor to a Python number
  print("Round:", t, "Training Error:", loss.data[0], "Validation Error:", valid_loss.data[0], "Test Error:", test_loss.data[0])
6 3 0.01 5000 0.0 ['fridge', 'mw', 'dr', 'hvac', 'dw']
Round: 500 Training Error: tensor(236.9084, device='cuda:0') Validation Error: tensor(239.0503, device='cuda:0') Test Error: tensor(322.6565, device='cuda:0')
Round: 1000 Training Error: tensor(214.7827, device='cuda:0') Validation Error: tensor(228.9994, device='cuda:0') Test Error: tensor(313.9385, device='cuda:0')
Round: 1500 Training Error: tensor(206.7896, device='cuda:0') Validation Error: tensor(225.5434, device='cuda:0') Test Error: tensor(313.0202, device='cuda:0')
Round: 2000 Training Error: tensor(204.2617, device='cuda:0') Validation Error: tensor(229.0906, device='cuda:0') Test Error: tensor(314.9824, device='cuda:0')
Round: 2500 Training Error: tensor(202.4055, device='cuda:0') Validation Error: tensor(233.1379, device='cuda:0') Test Error: tensor(316.0417, device='cuda:0')
Round: 3000 Training Error: tensor(202.1872, device='cuda:0') Validation Error: tensor(228.6450, device='cuda:0') Test Error: tensor(313.7413, device='cuda:0')
Round: 3500 Training Error: tensor(200.5864, device='cuda:0') Validation Error: tensor(232.4050, device='cuda:0') Test Error: tensor(316.7641, device='cuda:0')
Round: 4000 Training Error: tensor(200.3651, device='cuda:0') Validation Error: tensor(229.4459, device='cuda:0') Test Error: tensor(313.9984, device='cuda:0')
Round: 4500 Training Error: tensor(199.2214, device='cuda:0') Validation Error: tensor(232.4350, device='cuda:0') Test Error: tensor(316.1836, device='cuda:0')
Round: 5000 Training Error: tensor(199.0330, device='cuda:0') Validation Error: tensor(235.7471, device='cuda:0') Test Error: tensor(316.6606, device='cuda:0')
/zf14/yj9xs/anaconda3/lib/python3.6/site-packages/sklearn/utils/fixes.py:313: FutureWarning: numpy not_equal will not check object identity in the future. The comparison did not return the same result as suggested by the identity (`is`)) and will change.
  _nan_object_mask = _nan_object_array != _nan_object_array
cnn-tree-73.py:168: UserWarning: invalid index of a 0-dim tensor. This will be an error in PyTorch 0.5. Use tensor.item() to convert a 0-dim tensor to a Python number
  test_losses[t] = test_loss.data[0]
cnn-tree-73.py:169: UserWarning: invalid index of a 0-dim tensor. This will be an error in PyTorch 0.5. Use tensor.item() to convert a 0-dim tensor to a Python number
  valid_losses[t] = valid_loss.data[0]
cnn-tree-73.py:170: UserWarning: invalid index of a 0-dim tensor. This will be an error in PyTorch 0.5. Use tensor.item() to convert a 0-dim tensor to a Python number
  train_losses[t] = loss.data[0]
cnn-tree-73.py:182: UserWarning: invalid index of a 0-dim tensor. This will be an error in PyTorch 0.5. Use tensor.item() to convert a 0-dim tensor to a Python number
  print("Round:", t, "Training Error:", loss.data[0], "Validation Error:", valid_loss.data[0], "Test Error:", test_loss.data[0])
6 3 0.01 5000 0.0 ['fridge', 'mw', 'dr', 'dw', 'hvac']
Round: 500 Training Error: tensor(234.5118, device='cuda:0') Validation Error: tensor(248.2944, device='cuda:0') Test Error: tensor(328.1211, device='cuda:0')
Round: 1000 Training Error: tensor(213.2895, device='cuda:0') Validation Error: tensor(234.7292, device='cuda:0') Test Error: tensor(318.4902, device='cuda:0')
Round: 1500 Training Error: tensor(205.5591, device='cuda:0') Validation Error: tensor(227.3738, device='cuda:0') Test Error: tensor(318.1117, device='cuda:0')
Round: 2000 Training Error: tensor(203.2433, device='cuda:0') Validation Error: tensor(225.4011, device='cuda:0') Test Error: tensor(318.6746, device='cuda:0')
Round: 2500 Training Error: tensor(201.3328, device='cuda:0') Validation Error: tensor(226.4783, device='cuda:0') Test Error: tensor(318.6488, device='cuda:0')
Round: 3000 Training Error: tensor(200.2881, device='cuda:0') Validation Error: tensor(227.8791, device='cuda:0') Test Error: tensor(319.6331, device='cuda:0')
Round: 3500 Training Error: tensor(199.7509, device='cuda:0') Validation Error: tensor(228.3327, device='cuda:0') Test Error: tensor(319.2944, device='cuda:0')
Round: 4000 Training Error: tensor(198.2899, device='cuda:0') Validation Error: tensor(228.8864, device='cuda:0') Test Error: tensor(320.1852, device='cuda:0')
Round: 4500 Training Error: tensor(197.9137, device='cuda:0') Validation Error: tensor(229.2063, device='cuda:0') Test Error: tensor(321.7914, device='cuda:0')
Round: 5000 Training Error: tensor(197.6202, device='cuda:0') Validation Error: tensor(229.0691, device='cuda:0') Test Error: tensor(320.5110, device='cuda:0')
/zf14/yj9xs/anaconda3/lib/python3.6/site-packages/sklearn/utils/fixes.py:313: FutureWarning: numpy not_equal will not check object identity in the future. The comparison did not return the same result as suggested by the identity (`is`)) and will change.
  _nan_object_mask = _nan_object_array != _nan_object_array
cnn-tree-73.py:168: UserWarning: invalid index of a 0-dim tensor. This will be an error in PyTorch 0.5. Use tensor.item() to convert a 0-dim tensor to a Python number
  test_losses[t] = test_loss.data[0]
cnn-tree-73.py:169: UserWarning: invalid index of a 0-dim tensor. This will be an error in PyTorch 0.5. Use tensor.item() to convert a 0-dim tensor to a Python number
  valid_losses[t] = valid_loss.data[0]
cnn-tree-73.py:170: UserWarning: invalid index of a 0-dim tensor. This will be an error in PyTorch 0.5. Use tensor.item() to convert a 0-dim tensor to a Python number
  train_losses[t] = loss.data[0]
cnn-tree-73.py:182: UserWarning: invalid index of a 0-dim tensor. This will be an error in PyTorch 0.5. Use tensor.item() to convert a 0-dim tensor to a Python number
  print("Round:", t, "Training Error:", loss.data[0], "Validation Error:", valid_loss.data[0], "Test Error:", test_loss.data[0])
6 3 0.01 5000 0.0 ['fridge', 'mw', 'dw', 'hvac', 'dr']
Round: 500 Training Error: tensor(236.4332, device='cuda:0') Validation Error: tensor(239.3476, device='cuda:0') Test Error: tensor(325.3103, device='cuda:0')
Round: 1000 Training Error: tensor(213.2348, device='cuda:0') Validation Error: tensor(225.9057, device='cuda:0') Test Error: tensor(317.1561, device='cuda:0')
Round: 1500 Training Error: tensor(205.0699, device='cuda:0') Validation Error: tensor(220.8364, device='cuda:0') Test Error: tensor(314.3068, device='cuda:0')
Round: 2000 Training Error: tensor(204.3868, device='cuda:0') Validation Error: tensor(224.4640, device='cuda:0') Test Error: tensor(316.4568, device='cuda:0')
Round: 2500 Training Error: tensor(201.7312, device='cuda:0') Validation Error: tensor(224.6167, device='cuda:0') Test Error: tensor(315.3391, device='cuda:0')
Round: 3000 Training Error: tensor(200.7471, device='cuda:0') Validation Error: tensor(224.4031, device='cuda:0') Test Error: tensor(314.9879, device='cuda:0')
Round: 3500 Training Error: tensor(199.4459, device='cuda:0') Validation Error: tensor(226.9710, device='cuda:0') Test Error: tensor(315.8029, device='cuda:0')
Round: 4000 Training Error: tensor(199.1030, device='cuda:0') Validation Error: tensor(227.5089, device='cuda:0') Test Error: tensor(317.1579, device='cuda:0')
Round: 4500 Training Error: tensor(198.1746, device='cuda:0') Validation Error: tensor(226.8212, device='cuda:0') Test Error: tensor(317.7908, device='cuda:0')
Round: 5000 Training Error: tensor(197.5407, device='cuda:0') Validation Error: tensor(227.5677, device='cuda:0') Test Error: tensor(318.2881, device='cuda:0')
