nohup: ignoring input
5 2 0.01 20000 0.2 ['residual', 'dw', 'dr', 'mw', 'hvac', 'fridge']
Round: 500 Training Error: 142.18809509277344 Validation Error: 159.25621032714844 Test Error: 172.20591735839844
Round: 1000 Training Error: 175.10269165039062 Validation Error: 154.6570281982422 Test Error: 169.4075469970703
Round: 1500 Training Error: 127.2258071899414 Validation Error: 146.22073364257812 Test Error: 168.1019744873047
Round: 2000 Training Error: 119.74725341796875 Validation Error: 142.8872833251953 Test Error: 163.1685791015625
Round: 2500 Training Error: 115.32117462158203 Validation Error: 143.8115234375 Test Error: 160.7324676513672
Round: 3000 Training Error: 114.05204772949219 Validation Error: 146.35952758789062 Test Error: 158.32969665527344
Round: 3500 Training Error: 112.40316009521484 Validation Error: 145.27720642089844 Test Error: 159.9566192626953
Round: 4000 Training Error: 111.56019592285156 Validation Error: 145.40206909179688 Test Error: 158.99432373046875
Round: 4500 Training Error: 111.71247100830078 Validation Error: 144.1453094482422 Test Error: 158.1442413330078
Round: 5000 Training Error: 112.45060729980469 Validation Error: 153.67938232421875 Test Error: 154.54959106445312
Round: 5500 Training Error: 109.99249267578125 Validation Error: 143.01402282714844 Test Error: 157.5353240966797
Round: 6000 Training Error: 109.74964141845703 Validation Error: 146.316650390625 Test Error: 156.915283203125
Round: 6500 Training Error: 109.22762298583984 Validation Error: 156.23641967773438 Test Error: 157.9938201904297
Round: 7000 Training Error: 109.87286376953125 Validation Error: 154.77975463867188 Test Error: 158.49342346191406
Round: 7500 Training Error: 108.55443572998047 Validation Error: 151.45745849609375 Test Error: 157.2410125732422
Round: 8000 Training Error: 108.07518768310547 Validation Error: 159.0209503173828 Test Error: 157.8791961669922
Round: 8500 Training Error: 152.0901336669922 Validation Error: 154.39022827148438 Test Error: 158.9215850830078
Round: 9000 Training Error: 109.48702239990234 Validation Error: 146.48362731933594 Test Error: 157.3951416015625
Round: 9500 Training Error: 112.17044067382812 Validation Error: 151.24404907226562 Test Error: 154.6782684326172
Round: 10000 Training Error: 107.14080047607422 Validation Error: 160.16839599609375 Test Error: 158.4185333251953
Round: 10500 Training Error: 187.63198852539062 Validation Error: 152.8824462890625 Test Error: 179.1938018798828
Round: 11000 Training Error: 126.32832336425781 Validation Error: 153.73240661621094 Test Error: 155.3022003173828
Round: 11500 Training Error: 117.15367889404297 Validation Error: 146.41880798339844 Test Error: 158.2027130126953
Round: 12000 Training Error: 113.75770568847656 Validation Error: 149.82888793945312 Test Error: 159.11000061035156
Round: 12500 Training Error: 155.3462371826172 Validation Error: 151.47007751464844 Test Error: 158.59097290039062
Round: 13000 Training Error: 156.81637573242188 Validation Error: 146.78494262695312 Test Error: 156.89549255371094
Round: 13500 Training Error: 110.66134643554688 Validation Error: 159.84170532226562 Test Error: 156.9575653076172
Round: 14000 Training Error: 110.28492736816406 Validation Error: 158.9920654296875 Test Error: 157.51629638671875
Round: 14500 Training Error: 153.66549682617188 Validation Error: 157.49505615234375 Test Error: 159.43124389648438
Round: 15000 Training Error: 158.07684326171875 Validation Error: 145.092529296875 Test Error: 158.40162658691406
Round: 15500 Training Error: 110.53913879394531 Validation Error: 156.990234375 Test Error: 156.76344299316406
Round: 16000 Training Error: 109.37107849121094 Validation Error: 157.1488800048828 Test Error: 156.65408325195312
Round: 16500 Training Error: 110.05982208251953 Validation Error: 158.67239379882812 Test Error: 157.38694763183594
Round: 17000 Training Error: 110.90314483642578 Validation Error: 152.35340881347656 Test Error: 156.6765594482422
Round: 17500 Training Error: 109.05017852783203 Validation Error: 155.89031982421875 Test Error: 157.70574951171875
Round: 18000 Training Error: 109.52205657958984 Validation Error: 148.8112335205078 Test Error: 157.87939453125
Round: 18500 Training Error: 113.26142120361328 Validation Error: 154.30221557617188 Test Error: 159.88912963867188
Round: 19000 Training Error: 151.79527282714844 Validation Error: 158.02157592773438 Test Error: 158.3814697265625
Round: 19500 Training Error: 156.43809509277344 Validation Error: 144.69386291503906 Test Error: 158.64370727539062
Round: 20000 Training Error: 108.84590911865234 Validation Error: 151.85194396972656 Test Error: 159.12652587890625
5 2 0.01 20000 0.4 ['residual', 'dw', 'dr', 'mw', 'hvac', 'fridge']
Round: 500 Training Error: 146.02825927734375 Validation Error: 157.5124053955078 Test Error: 174.24868774414062
Round: 1000 Training Error: 164.22071838378906 Validation Error: 156.67562866210938 Test Error: 169.5771026611328
Round: 1500 Training Error: 136.95962524414062 Validation Error: 174.5583038330078 Test Error: 167.3821563720703
Round: 2000 Training Error: 153.67506408691406 Validation Error: 151.779296875 Test Error: 162.71426391601562
Round: 2500 Training Error: 151.83087158203125 Validation Error: 148.09219360351562 Test Error: 162.28741455078125
Round: 3000 Training Error: 115.40586853027344 Validation Error: 148.55377197265625 Test Error: 161.88865661621094
Round: 3500 Training Error: 115.7681655883789 Validation Error: 147.6566925048828 Test Error: 163.82464599609375
Round: 4000 Training Error: 116.23439025878906 Validation Error: 141.0565185546875 Test Error: 168.4458465576172
Round: 4500 Training Error: 113.70523834228516 Validation Error: 145.73777770996094 Test Error: 164.46658325195312
Round: 5000 Training Error: 149.00595092773438 Validation Error: 145.675048828125 Test Error: 166.31591796875
Round: 5500 Training Error: 109.95552825927734 Validation Error: 145.80633544921875 Test Error: 164.2150421142578
Round: 6000 Training Error: 112.84236907958984 Validation Error: 144.72511291503906 Test Error: 166.49996948242188
Round: 6500 Training Error: 110.40289306640625 Validation Error: 146.64480590820312 Test Error: 167.44960021972656
Round: 7000 Training Error: 108.72322845458984 Validation Error: 145.86618041992188 Test Error: 167.7801513671875
Round: 7500 Training Error: 108.35823822021484 Validation Error: 149.90261840820312 Test Error: 166.43223571777344
Round: 8000 Training Error: 108.99256896972656 Validation Error: 147.1749267578125 Test Error: 169.80552673339844
Round: 8500 Training Error: 143.88949584960938 Validation Error: 147.69967651367188 Test Error: 167.9122772216797
Round: 9000 Training Error: 108.40534210205078 Validation Error: 149.50144958496094 Test Error: 167.82203674316406
Round: 9500 Training Error: 107.27742004394531 Validation Error: 150.00926208496094 Test Error: 166.93540954589844
Round: 10000 Training Error: 143.28282165527344 Validation Error: 150.76119995117188 Test Error: 166.65908813476562
Round: 10500 Training Error: 142.20343017578125 Validation Error: 152.79293823242188 Test Error: 171.53916931152344
Round: 11000 Training Error: 142.80584716796875 Validation Error: 152.7398681640625 Test Error: 169.90879821777344
Round: 11500 Training Error: 106.69121551513672 Validation Error: 151.72689819335938 Test Error: 168.94097900390625
Round: 12000 Training Error: 108.74590301513672 Validation Error: 152.84230041503906 Test Error: 170.0194854736328
Round: 12500 Training Error: 142.3798065185547 Validation Error: 153.8362579345703 Test Error: 165.48910522460938
Round: 13000 Training Error: 145.64215087890625 Validation Error: 152.32504272460938 Test Error: 167.83779907226562
Round: 13500 Training Error: 116.08695220947266 Validation Error: 150.30116271972656 Test Error: 162.99905395507812
Round: 14000 Training Error: 141.72068786621094 Validation Error: 155.41592407226562 Test Error: 166.1610565185547
Round: 14500 Training Error: 140.5888214111328 Validation Error: 154.07066345214844 Test Error: 166.56787109375
Round: 15000 Training Error: 141.3944091796875 Validation Error: 151.51947021484375 Test Error: 168.45962524414062
Round: 15500 Training Error: 108.7094955444336 Validation Error: 154.45932006835938 Test Error: 164.58694458007812
Round: 16000 Training Error: 142.64614868164062 Validation Error: 154.61558532714844 Test Error: 167.61907958984375
Round: 16500 Training Error: 105.5986328125 Validation Error: 154.68788146972656 Test Error: 167.219482421875
Round: 17000 Training Error: 105.90216827392578 Validation Error: 151.7415771484375 Test Error: 167.75953674316406
Round: 17500 Training Error: 105.88813018798828 Validation Error: 150.4421844482422 Test Error: 166.23435974121094
Round: 18000 Training Error: 108.5698471069336 Validation Error: 153.03358459472656 Test Error: 167.4172821044922
Round: 18500 Training Error: 107.18380737304688 Validation Error: 154.904052734375 Test Error: 163.8038787841797
Round: 19000 Training Error: 140.41876220703125 Validation Error: 152.25375366210938 Test Error: 166.5426483154297
Round: 19500 Training Error: 140.67556762695312 Validation Error: 150.6718292236328 Test Error: 166.8566436767578
Round: 20000 Training Error: 108.2777328491211 Validation Error: 156.51339721679688 Test Error: 164.12908935546875
5 2 0.01 20000 0.8 ['residual', 'dw', 'dr', 'mw', 'hvac', 'fridge']
Round: 500 Training Error: 166.08543395996094 Validation Error: 172.1202850341797 Test Error: 179.23037719726562
Round: 1000 Training Error: 154.8439483642578 Validation Error: 162.52305603027344 Test Error: 172.24661254882812
Round: 1500 Training Error: 148.3813934326172 Validation Error: 161.40557861328125 Test Error: 163.86203002929688
Round: 2000 Training Error: 144.813232421875 Validation Error: 157.3026885986328 Test Error: 168.7376708984375
Round: 2500 Training Error: 143.47828674316406 Validation Error: 154.9698028564453 Test Error: 172.52288818359375
Round: 3000 Training Error: 142.95166015625 Validation Error: 155.06301879882812 Test Error: 163.0625457763672
Round: 3500 Training Error: 143.637451171875 Validation Error: 158.82460021972656 Test Error: 170.74143981933594
Round: 4000 Training Error: 126.34158325195312 Validation Error: 155.617431640625 Test Error: 166.69419860839844
Round: 4500 Training Error: 140.1546630859375 Validation Error: 157.89002990722656 Test Error: 169.6858367919922
Round: 5000 Training Error: 139.78358459472656 Validation Error: 156.51327514648438 Test Error: 167.9986114501953
Round: 5500 Training Error: 139.50439453125 Validation Error: 159.66807556152344 Test Error: 166.7218475341797
Round: 6000 Training Error: 139.4522705078125 Validation Error: 152.9640655517578 Test Error: 167.54345703125
Round: 6500 Training Error: 138.3296661376953 Validation Error: 157.54437255859375 Test Error: 168.9628143310547
Round: 7000 Training Error: 139.4597625732422 Validation Error: 152.42823791503906 Test Error: 166.53697204589844
Round: 7500 Training Error: 123.75786590576172 Validation Error: 153.84530639648438 Test Error: 168.13125610351562
Round: 8000 Training Error: 139.36444091796875 Validation Error: 154.01629638671875 Test Error: 168.39248657226562
Round: 8500 Training Error: 137.25054931640625 Validation Error: 160.31100463867188 Test Error: 166.97178649902344
Round: 9000 Training Error: 139.7783203125 Validation Error: 154.83499145507812 Test Error: 165.09213256835938
Round: 9500 Training Error: 122.89997100830078 Validation Error: 159.3251495361328 Test Error: 166.559814453125
Round: 10000 Training Error: 143.3745880126953 Validation Error: 155.7108154296875 Test Error: 163.42794799804688
Round: 10500 Training Error: 136.9877471923828 Validation Error: 155.17181396484375 Test Error: 168.95623779296875
Round: 11000 Training Error: 139.50244140625 Validation Error: 158.09266662597656 Test Error: 169.57569885253906
Round: 11500 Training Error: 138.35667419433594 Validation Error: 154.11129760742188 Test Error: 165.76133728027344
Round: 12000 Training Error: 137.26405334472656 Validation Error: 153.02774047851562 Test Error: 166.7187042236328
Round: 12500 Training Error: 136.14039611816406 Validation Error: 157.71144104003906 Test Error: 167.2138214111328
Round: 13000 Training Error: 136.81304931640625 Validation Error: 154.93838500976562 Test Error: 167.0744171142578
Round: 13500 Training Error: 137.26084899902344 Validation Error: 157.74807739257812 Test Error: 165.7480010986328
Round: 14000 Training Error: 136.99156188964844 Validation Error: 153.79995727539062 Test Error: 175.00062561035156
Round: 14500 Training Error: 135.87600708007812 Validation Error: 155.4067840576172 Test Error: 171.1245880126953
Round: 15000 Training Error: 135.89710998535156 Validation Error: 157.3997039794922 Test Error: 165.3988494873047
Round: 15500 Training Error: 124.47138214111328 Validation Error: 160.23236083984375 Test Error: 166.02210998535156
Round: 16000 Training Error: 136.44212341308594 Validation Error: 154.76681518554688 Test Error: 167.5945587158203
Round: 16500 Training Error: 116.60423278808594 Validation Error: 159.73594665527344 Test Error: 165.32781982421875
Round: 17000 Training Error: 135.861328125 Validation Error: 156.31393432617188 Test Error: 164.75228881835938
Round: 17500 Training Error: 121.44367218017578 Validation Error: 155.7908172607422 Test Error: 165.37353515625
Round: 18000 Training Error: 134.764404296875 Validation Error: 156.44166564941406 Test Error: 166.3055877685547
Round: 18500 Training Error: 135.9010009765625 Validation Error: 153.84011840820312 Test Error: 162.7269287109375
Round: 19000 Training Error: 135.21163940429688 Validation Error: 152.3697967529297 Test Error: 166.08734130859375
Round: 19500 Training Error: 134.85317993164062 Validation Error: 155.8536834716797 Test Error: 168.67129516601562
Round: 20000 Training Error: 135.82125854492188 Validation Error: 153.7653045654297 Test Error: 164.98973083496094
5 2 0.01 20000 0.2 ['residual', 'dw', 'dr', 'mw', 'fridge', 'hvac']
Round: 500 Training Error: 142.3099365234375 Validation Error: 155.18402099609375 Test Error: 171.08836364746094
Round: 1000 Training Error: 179.57627868652344 Validation Error: 149.50062561035156 Test Error: 167.54025268554688
Round: 1500 Training Error: 121.47118377685547 Validation Error: 140.43084716796875 Test Error: 168.75537109375
Round: 2000 Training Error: 114.38185119628906 Validation Error: 137.7450408935547 Test Error: 160.7001953125
Round: 2500 Training Error: 112.51356506347656 Validation Error: 134.85540771484375 Test Error: 156.20028686523438
Round: 3000 Training Error: 111.11168670654297 Validation Error: 132.2083740234375 Test Error: 154.75672912597656
Round: 3500 Training Error: 108.8606185913086 Validation Error: 133.1332244873047 Test Error: 158.21746826171875
Round: 4000 Training Error: 110.51978302001953 Validation Error: 131.9833984375 Test Error: 160.2042694091797
Round: 4500 Training Error: 107.73081970214844 Validation Error: 132.29042053222656 Test Error: 160.24932861328125
Round: 5000 Training Error: 107.6977767944336 Validation Error: 131.82183837890625 Test Error: 158.5921630859375
Round: 5500 Training Error: 107.4901123046875 Validation Error: 132.6009063720703 Test Error: 159.31622314453125
Round: 6000 Training Error: 107.91294860839844 Validation Error: 131.93923950195312 Test Error: 158.5906524658203
Round: 6500 Training Error: 108.82210540771484 Validation Error: 132.1243896484375 Test Error: 163.67262268066406
Round: 7000 Training Error: 105.46070098876953 Validation Error: 132.52281188964844 Test Error: 160.49447631835938
Round: 7500 Training Error: 106.99267578125 Validation Error: 132.15670776367188 Test Error: 159.7570037841797
Round: 8000 Training Error: 107.04364776611328 Validation Error: 133.64817810058594 Test Error: 157.19381713867188
Round: 8500 Training Error: 156.0657501220703 Validation Error: 133.6148223876953 Test Error: 166.89537048339844
Round: 9000 Training Error: 106.06792449951172 Validation Error: 132.09776306152344 Test Error: 165.92568969726562
Round: 9500 Training Error: 104.74349212646484 Validation Error: 132.45883178710938 Test Error: 162.29554748535156
Round: 10000 Training Error: 106.78764343261719 Validation Error: 133.6245574951172 Test Error: 162.13087463378906
Round: 10500 Training Error: 153.39187622070312 Validation Error: 134.70481872558594 Test Error: 162.79583740234375
Round: 11000 Training Error: 105.92217254638672 Validation Error: 132.1206512451172 Test Error: 159.90155029296875
Round: 11500 Training Error: 104.26940155029297 Validation Error: 135.05967712402344 Test Error: 159.66738891601562
Round: 12000 Training Error: 104.2234115600586 Validation Error: 135.44964599609375 Test Error: 162.93389892578125
Round: 12500 Training Error: 152.0690460205078 Validation Error: 135.91900634765625 Test Error: 162.10435485839844
Round: 13000 Training Error: 155.53353881835938 Validation Error: 133.03407287597656 Test Error: 160.7268829345703
Round: 13500 Training Error: 103.96769714355469 Validation Error: 138.82882690429688 Test Error: 159.827880859375
Round: 14000 Training Error: 106.0316390991211 Validation Error: 137.08143615722656 Test Error: 164.19717407226562
Round: 14500 Training Error: 149.9075469970703 Validation Error: 136.79344177246094 Test Error: 161.8057098388672
Round: 15000 Training Error: 149.94296264648438 Validation Error: 136.91856384277344 Test Error: 160.06063842773438
Round: 15500 Training Error: 103.39583587646484 Validation Error: 135.41282653808594 Test Error: 162.5025634765625
Round: 16000 Training Error: 102.63633728027344 Validation Error: 136.89967346191406 Test Error: 163.57513427734375
Round: 16500 Training Error: 107.05876159667969 Validation Error: 135.0172882080078 Test Error: 162.3226318359375
Round: 17000 Training Error: 107.0639877319336 Validation Error: 137.45541381835938 Test Error: 170.74974060058594
Round: 17500 Training Error: 104.07575225830078 Validation Error: 137.57374572753906 Test Error: 164.33798217773438
Round: 18000 Training Error: 102.41583251953125 Validation Error: 138.2324981689453 Test Error: 161.7006072998047
Round: 18500 Training Error: 105.02164459228516 Validation Error: 137.39183044433594 Test Error: 162.83749389648438
Round: 19000 Training Error: 157.43780517578125 Validation Error: 133.73875427246094 Test Error: 161.49969482421875
Round: 19500 Training Error: 153.2316436767578 Validation Error: 133.4781494140625 Test Error: 157.65342712402344
Round: 20000 Training Error: 105.56973266601562 Validation Error: 134.5005645751953 Test Error: 160.37156677246094
5 2 0.01 20000 0.4 ['residual', 'dw', 'dr', 'mw', 'fridge', 'hvac']
Round: 500 Training Error: 148.1207733154297 Validation Error: 155.95887756347656 Test Error: 170.4788360595703
Round: 1000 Training Error: 167.08218383789062 Validation Error: 150.9341583251953 Test Error: 167.0689239501953
Round: 1500 Training Error: 140.3744354248047 Validation Error: 161.02073669433594 Test Error: 171.56346130371094
Round: 2000 Training Error: 157.24012756347656 Validation Error: 145.31126403808594 Test Error: 166.53282165527344
Round: 2500 Training Error: 154.16928100585938 Validation Error: 144.15618896484375 Test Error: 166.67933654785156
Round: 3000 Training Error: 115.41683959960938 Validation Error: 146.19546508789062 Test Error: 160.21435546875
Round: 3500 Training Error: 114.05001068115234 Validation Error: 140.61138916015625 Test Error: 162.82981872558594
Round: 4000 Training Error: 115.36638641357422 Validation Error: 138.2579803466797 Test Error: 169.4189453125
Round: 4500 Training Error: 109.70872497558594 Validation Error: 141.88787841796875 Test Error: 162.71453857421875
Round: 5000 Training Error: 148.517578125 Validation Error: 138.13754272460938 Test Error: 160.37965393066406
Round: 5500 Training Error: 111.34661865234375 Validation Error: 142.31597900390625 Test Error: 162.77125549316406
Round: 6000 Training Error: 111.97956085205078 Validation Error: 142.21986389160156 Test Error: 161.05648803710938
Round: 6500 Training Error: 108.6491470336914 Validation Error: 142.34310913085938 Test Error: 162.5424346923828
Round: 7000 Training Error: 108.00473022460938 Validation Error: 143.03013610839844 Test Error: 162.43035888671875
Round: 7500 Training Error: 107.80768585205078 Validation Error: 144.82687377929688 Test Error: 162.47900390625
Round: 8000 Training Error: 109.04471588134766 Validation Error: 142.43267822265625 Test Error: 158.4705352783203
Round: 8500 Training Error: 143.47120666503906 Validation Error: 144.00001525878906 Test Error: 158.4889678955078
Round: 9000 Training Error: 110.17073822021484 Validation Error: 150.50204467773438 Test Error: 156.9254150390625
Round: 9500 Training Error: 107.16259765625 Validation Error: 146.22109985351562 Test Error: 158.23641967773438
Round: 10000 Training Error: 144.66822814941406 Validation Error: 141.1170196533203 Test Error: 160.4203643798828
Round: 10500 Training Error: 143.37525939941406 Validation Error: 143.40049743652344 Test Error: 159.5686798095703
Round: 11000 Training Error: 143.5127716064453 Validation Error: 143.0314483642578 Test Error: 163.71766662597656
Round: 11500 Training Error: 106.48575592041016 Validation Error: 144.23936462402344 Test Error: 160.36346435546875
Round: 12000 Training Error: 106.4372329711914 Validation Error: 144.16253662109375 Test Error: 159.3123016357422
Round: 12500 Training Error: 143.24118041992188 Validation Error: 148.1779327392578 Test Error: 157.08062744140625
Round: 13000 Training Error: 144.9346923828125 Validation Error: 144.19735717773438 Test Error: 165.3944854736328
Round: 13500 Training Error: 106.36243438720703 Validation Error: 143.1977081298828 Test Error: 162.39170837402344
Round: 14000 Training Error: 142.01309204101562 Validation Error: 142.91830444335938 Test Error: 157.7964630126953
Round: 14500 Training Error: 141.7738494873047 Validation Error: 144.71026611328125 Test Error: 160.6611785888672
Round: 15000 Training Error: 142.49185180664062 Validation Error: 141.69931030273438 Test Error: 158.4384765625
Round: 15500 Training Error: 109.3917236328125 Validation Error: 144.22804260253906 Test Error: 162.6427459716797
Round: 16000 Training Error: 149.21319580078125 Validation Error: 151.14654541015625 Test Error: 161.1183624267578
Round: 16500 Training Error: 105.27601623535156 Validation Error: 148.6170654296875 Test Error: 161.09596252441406
Round: 17000 Training Error: 120.95181274414062 Validation Error: 144.22610473632812 Test Error: 175.09967041015625
Round: 17500 Training Error: 105.38980102539062 Validation Error: 145.24801635742188 Test Error: 162.58941650390625
Round: 18000 Training Error: 105.89395141601562 Validation Error: 146.3394775390625 Test Error: 158.1381072998047
Round: 18500 Training Error: 106.26335906982422 Validation Error: 144.6189727783203 Test Error: 161.26495361328125
Round: 19000 Training Error: 140.65855407714844 Validation Error: 144.36572265625 Test Error: 162.93104553222656
Round: 19500 Training Error: 141.1715545654297 Validation Error: 145.21347045898438 Test Error: 164.8924560546875
Round: 20000 Training Error: 106.68572235107422 Validation Error: 143.8308563232422 Test Error: 154.03961181640625
5 2 0.01 20000 0.8 ['residual', 'dw', 'dr', 'mw', 'fridge', 'hvac']
Round: 500 Training Error: 168.614013671875 Validation Error: 167.41883850097656 Test Error: 180.02883911132812
Round: 1000 Training Error: 156.14334106445312 Validation Error: 164.21754455566406 Test Error: 174.3273162841797
Round: 1500 Training Error: 150.24072265625 Validation Error: 153.4785919189453 Test Error: 171.46897888183594
Round: 2000 Training Error: 146.48243713378906 Validation Error: 155.15773010253906 Test Error: 169.51071166992188
Round: 2500 Training Error: 146.04437255859375 Validation Error: 153.8873291015625 Test Error: 171.5819549560547
Round: 3000 Training Error: 145.1776885986328 Validation Error: 148.82293701171875 Test Error: 168.1324462890625
Round: 3500 Training Error: 144.5701904296875 Validation Error: 150.79393005371094 Test Error: 168.8732452392578
Round: 4000 Training Error: 129.9028778076172 Validation Error: 156.71778869628906 Test Error: 172.20916748046875
Round: 4500 Training Error: 142.11013793945312 Validation Error: 159.03663635253906 Test Error: 168.13592529296875
Round: 5000 Training Error: 140.05738830566406 Validation Error: 155.10169982910156 Test Error: 176.90147399902344
Round: 5500 Training Error: 141.24197387695312 Validation Error: 154.02105712890625 Test Error: 176.53587341308594
Round: 6000 Training Error: 140.44688415527344 Validation Error: 156.55056762695312 Test Error: 170.65589904785156
Round: 6500 Training Error: 138.3356475830078 Validation Error: 161.40597534179688 Test Error: 172.75205993652344
Round: 7000 Training Error: 141.10997009277344 Validation Error: 153.76611328125 Test Error: 169.82713317871094
Round: 7500 Training Error: 126.30877685546875 Validation Error: 155.77224731445312 Test Error: 170.96835327148438
Round: 8000 Training Error: 138.87757873535156 Validation Error: 156.5653076171875 Test Error: 173.57196044921875
Round: 8500 Training Error: 139.4274444580078 Validation Error: 156.71250915527344 Test Error: 173.33900451660156
Round: 9000 Training Error: 140.8333740234375 Validation Error: 152.64073181152344 Test Error: 171.71324157714844
Round: 9500 Training Error: 123.6497802734375 Validation Error: 155.45375061035156 Test Error: 173.3415069580078
Round: 10000 Training Error: 150.8230438232422 Validation Error: 149.34689331054688 Test Error: 178.7178955078125
Round: 10500 Training Error: 137.21731567382812 Validation Error: 161.03463745117188 Test Error: 169.26156616210938
Round: 11000 Training Error: 138.65652465820312 Validation Error: 157.44076538085938 Test Error: 173.1267547607422
Round: 11500 Training Error: 141.626708984375 Validation Error: 155.14004516601562 Test Error: 166.1946258544922
Round: 12000 Training Error: 138.08851623535156 Validation Error: 156.1377410888672 Test Error: 172.9927215576172
Round: 12500 Training Error: 141.803955078125 Validation Error: 155.06581115722656 Test Error: 168.27589416503906
Round: 13000 Training Error: 141.76254272460938 Validation Error: 156.1023406982422 Test Error: 164.0238494873047
Round: 13500 Training Error: 141.3142547607422 Validation Error: 153.06307983398438 Test Error: 171.07208251953125
Round: 14000 Training Error: 142.2805633544922 Validation Error: 146.32525634765625 Test Error: 171.37179565429688
Round: 14500 Training Error: 139.8198699951172 Validation Error: 155.26182556152344 Test Error: 170.41627502441406
Round: 15000 Training Error: 140.1961212158203 Validation Error: 154.799560546875 Test Error: 168.26058959960938
Round: 15500 Training Error: 121.4033203125 Validation Error: 151.79193115234375 Test Error: 167.54782104492188
Round: 16000 Training Error: 140.29579162597656 Validation Error: 156.79624938964844 Test Error: 168.33714294433594
Round: 16500 Training Error: 120.03285217285156 Validation Error: 153.01345825195312 Test Error: 168.7902069091797
Round: 17000 Training Error: 139.8888397216797 Validation Error: 151.88375854492188 Test Error: 167.1670379638672
Round: 17500 Training Error: 121.08277893066406 Validation Error: 155.1464080810547 Test Error: 169.37872314453125
Round: 18000 Training Error: 138.4673614501953 Validation Error: 156.68800354003906 Test Error: 166.72987365722656
Round: 18500 Training Error: 140.2175750732422 Validation Error: 150.17303466796875 Test Error: 168.79415893554688
Round: 19000 Training Error: 138.5792999267578 Validation Error: 152.12081909179688 Test Error: 166.17076110839844
Round: 19500 Training Error: 138.43826293945312 Validation Error: 153.84475708007812 Test Error: 166.0467987060547
Round: 20000 Training Error: 138.15560913085938 Validation Error: 153.6970977783203 Test Error: 166.54360961914062
5 2 0.01 20000 0.2 ['residual', 'dw', 'mw', 'hvac', 'fridge', 'dr']
Round: 500 Training Error: 142.81434631347656 Validation Error: 159.4202117919922 Test Error: 170.26089477539062
Round: 1000 Training Error: 173.9271240234375 Validation Error: 153.02000427246094 Test Error: 168.0742950439453
Round: 1500 Training Error: 124.45124816894531 Validation Error: 144.72079467773438 Test Error: 167.12542724609375
Round: 2000 Training Error: 116.24950408935547 Validation Error: 142.05380249023438 Test Error: 158.70899963378906
Round: 2500 Training Error: 114.58726501464844 Validation Error: 140.4173583984375 Test Error: 156.28750610351562
Round: 3000 Training Error: 111.44737243652344 Validation Error: 139.12208557128906 Test Error: 158.4048614501953
Round: 3500 Training Error: 109.9526138305664 Validation Error: 140.850341796875 Test Error: 158.06869506835938
Round: 4000 Training Error: 110.33975982666016 Validation Error: 141.3492431640625 Test Error: 158.05982971191406
Round: 4500 Training Error: 109.7091064453125 Validation Error: 140.1053466796875 Test Error: 157.6710205078125
Round: 5000 Training Error: 112.13838195800781 Validation Error: 137.09042358398438 Test Error: 162.52139282226562
Round: 5500 Training Error: 109.54302978515625 Validation Error: 137.6519775390625 Test Error: 157.81491088867188
Round: 6000 Training Error: 108.76182556152344 Validation Error: 139.34742736816406 Test Error: 161.67938232421875
Round: 6500 Training Error: 109.4632568359375 Validation Error: 138.7120819091797 Test Error: 160.0887908935547
Round: 7000 Training Error: 107.04017639160156 Validation Error: 141.41917419433594 Test Error: 158.69122314453125
Round: 7500 Training Error: 107.83541870117188 Validation Error: 138.2007598876953 Test Error: 159.3869171142578
Round: 8000 Training Error: 106.83832550048828 Validation Error: 140.86865234375 Test Error: 160.3672637939453
Round: 8500 Training Error: 153.3122100830078 Validation Error: 142.59078979492188 Test Error: 159.87059020996094
Round: 9000 Training Error: 105.73875427246094 Validation Error: 141.80282592773438 Test Error: 159.8217315673828
Round: 9500 Training Error: 105.89315795898438 Validation Error: 142.62979125976562 Test Error: 158.9089813232422
Round: 10000 Training Error: 106.94153594970703 Validation Error: 142.84829711914062 Test Error: 158.9375457763672
Round: 10500 Training Error: 152.73330688476562 Validation Error: 141.9574737548828 Test Error: 159.88058471679688
Round: 11000 Training Error: 110.46279907226562 Validation Error: 138.69325256347656 Test Error: 163.11822509765625
Round: 11500 Training Error: 105.32090759277344 Validation Error: 141.69338989257812 Test Error: 158.8758087158203
Round: 12000 Training Error: 104.94234466552734 Validation Error: 139.9725799560547 Test Error: 158.87701416015625
Round: 12500 Training Error: 152.0667724609375 Validation Error: 140.8647003173828 Test Error: 158.67730712890625
Round: 13000 Training Error: 155.04757690429688 Validation Error: 139.80264282226562 Test Error: 159.15328979492188
Round: 13500 Training Error: 103.94342803955078 Validation Error: 140.44869995117188 Test Error: 159.56106567382812
Round: 14000 Training Error: 104.03334045410156 Validation Error: 140.8433380126953 Test Error: 158.7158660888672
Round: 14500 Training Error: 151.48655700683594 Validation Error: 138.82728576660156 Test Error: 160.4080352783203
Round: 15000 Training Error: 150.90296936035156 Validation Error: 140.4839630126953 Test Error: 159.16110229492188
Round: 15500 Training Error: 103.62940979003906 Validation Error: 140.08108520507812 Test Error: 159.71621704101562
Round: 16000 Training Error: 103.56008911132812 Validation Error: 140.10195922851562 Test Error: 159.67391967773438
Round: 16500 Training Error: 105.02645111083984 Validation Error: 142.23573303222656 Test Error: 159.5704345703125
Round: 17000 Training Error: 109.38980102539062 Validation Error: 138.69810485839844 Test Error: 165.62503051757812
Round: 17500 Training Error: 104.93545532226562 Validation Error: 140.5666046142578 Test Error: 164.07040405273438
Round: 18000 Training Error: 104.10697937011719 Validation Error: 139.45567321777344 Test Error: 158.9744415283203
Round: 18500 Training Error: 107.78771209716797 Validation Error: 139.71006774902344 Test Error: 163.8214111328125
Round: 19000 Training Error: 149.77294921875 Validation Error: 140.7700958251953 Test Error: 160.9750518798828
Round: 19500 Training Error: 148.9655303955078 Validation Error: 139.91854858398438 Test Error: 159.6421356201172
Round: 20000 Training Error: 103.07710266113281 Validation Error: 139.1361083984375 Test Error: 161.17701721191406
5 2 0.01 20000 0.4 ['residual', 'dw', 'mw', 'hvac', 'fridge', 'dr']
Round: 500 Training Error: 149.02720642089844 Validation Error: 155.9795684814453 Test Error: 173.37709045410156
Round: 1000 Training Error: 168.00045776367188 Validation Error: 157.50921630859375 Test Error: 167.39187622070312
Round: 1500 Training Error: 131.54830932617188 Validation Error: 147.99069213867188 Test Error: 164.140625
Round: 2000 Training Error: 158.41357421875 Validation Error: 145.88116455078125 Test Error: 159.28562927246094
Round: 2500 Training Error: 157.13470458984375 Validation Error: 143.51712036132812 Test Error: 159.36886596679688
Round: 3000 Training Error: 117.5058364868164 Validation Error: 143.768798828125 Test Error: 158.37832641601562
Round: 3500 Training Error: 118.8061294555664 Validation Error: 143.6656036376953 Test Error: 160.092529296875
Round: 4000 Training Error: 117.06071472167969 Validation Error: 144.81211853027344 Test Error: 159.8107147216797
Round: 4500 Training Error: 113.72916412353516 Validation Error: 142.45794677734375 Test Error: 156.86654663085938
Round: 5000 Training Error: 152.20205688476562 Validation Error: 141.92202758789062 Test Error: 161.27862548828125
Round: 5500 Training Error: 113.23242950439453 Validation Error: 144.9898681640625 Test Error: 158.01112365722656
Round: 6000 Training Error: 113.95491790771484 Validation Error: 140.20884704589844 Test Error: 155.50979614257812
Round: 6500 Training Error: 113.62928771972656 Validation Error: 141.43260192871094 Test Error: 164.2308349609375
Round: 7000 Training Error: 110.9952392578125 Validation Error: 141.42953491210938 Test Error: 159.1055450439453
Round: 7500 Training Error: 111.05037689208984 Validation Error: 140.95887756347656 Test Error: 158.47357177734375
Round: 8000 Training Error: 110.81400299072266 Validation Error: 141.17686462402344 Test Error: 158.97531127929688
Round: 8500 Training Error: 149.24459838867188 Validation Error: 140.58311462402344 Test Error: 159.97531127929688
Round: 9000 Training Error: 112.29488372802734 Validation Error: 142.697021484375 Test Error: 159.63526916503906
Round: 9500 Training Error: 109.53813934326172 Validation Error: 140.30947875976562 Test Error: 157.72789001464844
Round: 10000 Training Error: 147.8193817138672 Validation Error: 139.97052001953125 Test Error: 153.33363342285156
Round: 10500 Training Error: 147.35183715820312 Validation Error: 141.29205322265625 Test Error: 158.1453857421875
Round: 11000 Training Error: 148.53439331054688 Validation Error: 138.91741943359375 Test Error: 156.26947021484375
Round: 11500 Training Error: 109.37547302246094 Validation Error: 141.2808380126953 Test Error: 161.0727081298828
Round: 12000 Training Error: 111.10102081298828 Validation Error: 141.04440307617188 Test Error: 159.9208984375
Round: 12500 Training Error: 146.41038513183594 Validation Error: 137.93190002441406 Test Error: 157.25460815429688
Round: 13000 Training Error: 148.7171173095703 Validation Error: 140.8601531982422 Test Error: 161.73822021484375
Round: 13500 Training Error: 108.29841613769531 Validation Error: 139.80731201171875 Test Error: 156.94058227539062
Round: 14000 Training Error: 146.02816772460938 Validation Error: 140.67324829101562 Test Error: 157.5974578857422
Round: 14500 Training Error: 144.88876342773438 Validation Error: 141.49163818359375 Test Error: 156.9534149169922
Round: 15000 Training Error: 146.50848388671875 Validation Error: 140.0780029296875 Test Error: 158.7362518310547
Round: 15500 Training Error: 110.54307556152344 Validation Error: 140.68896484375 Test Error: 160.29644775390625
Round: 16000 Training Error: 150.66360473632812 Validation Error: 142.97943115234375 Test Error: 161.52166748046875
Round: 16500 Training Error: 108.08319854736328 Validation Error: 140.26686096191406 Test Error: 158.13070678710938
Round: 17000 Training Error: 108.22091674804688 Validation Error: 139.37466430664062 Test Error: 159.5982666015625
Round: 17500 Training Error: 107.87252044677734 Validation Error: 140.92640686035156 Test Error: 159.77377319335938
Round: 18000 Training Error: 108.75899505615234 Validation Error: 139.2588348388672 Test Error: 159.5890655517578
Round: 18500 Training Error: 108.26417541503906 Validation Error: 139.9610595703125 Test Error: 159.4056854248047
Round: 19000 Training Error: 145.56671142578125 Validation Error: 140.33604431152344 Test Error: 160.14581298828125
Round: 19500 Training Error: 143.4696502685547 Validation Error: 141.86978149414062 Test Error: 159.22535705566406
Round: 20000 Training Error: 110.55154418945312 Validation Error: 138.50869750976562 Test Error: 158.2054443359375
