nohup: ignoring input
5 3 0.01 20000 0.2 ['dr', 'hvac', 'residual', 'mw', 'fridge', 'dw']
Round: 500 Training Error: 133.2751007080078 Validation Error: 155.4853973388672 Test Error: 190.25146484375
Round: 1000 Training Error: 163.01141357421875 Validation Error: 150.6380157470703 Test Error: 186.33123779296875
Round: 1500 Training Error: 113.9758071899414 Validation Error: 145.43821716308594 Test Error: 181.3770294189453
Round: 2000 Training Error: 107.11386108398438 Validation Error: 140.63021850585938 Test Error: 176.49563598632812
Round: 2500 Training Error: 104.50155639648438 Validation Error: 140.84814453125 Test Error: 174.96290588378906
Round: 3000 Training Error: 102.52813720703125 Validation Error: 139.6566162109375 Test Error: 175.18069458007812
Round: 3500 Training Error: 100.91873931884766 Validation Error: 138.38641357421875 Test Error: 174.5536346435547
Round: 4000 Training Error: 101.20182037353516 Validation Error: 138.9819793701172 Test Error: 174.308837890625
Round: 4500 Training Error: 100.48796081542969 Validation Error: 140.3858184814453 Test Error: 174.7738037109375
Round: 5000 Training Error: 99.69710540771484 Validation Error: 141.10646057128906 Test Error: 175.80874633789062
Round: 5500 Training Error: 102.50249481201172 Validation Error: 142.68411254882812 Test Error: 177.38600158691406
Round: 6000 Training Error: 98.64718627929688 Validation Error: 140.89901733398438 Test Error: 174.8441925048828
Round: 6500 Training Error: 103.30475616455078 Validation Error: 141.7002410888672 Test Error: 175.6012725830078
Round: 7000 Training Error: 97.52883911132812 Validation Error: 141.49514770507812 Test Error: 175.2889404296875
Round: 7500 Training Error: 99.82234191894531 Validation Error: 142.94187927246094 Test Error: 176.35939025878906
Round: 8000 Training Error: 97.26807403564453 Validation Error: 141.79383850097656 Test Error: 175.50973510742188
Round: 8500 Training Error: 150.6618194580078 Validation Error: 141.89276123046875 Test Error: 175.87269592285156
Round: 9000 Training Error: 97.49679565429688 Validation Error: 144.01187133789062 Test Error: 178.15489196777344
Round: 9500 Training Error: 98.94500732421875 Validation Error: 143.09742736816406 Test Error: 178.0025634765625
Round: 10000 Training Error: 97.46360778808594 Validation Error: 141.1383514404297 Test Error: 176.65882873535156
Round: 10500 Training Error: 149.50059509277344 Validation Error: 142.40457153320312 Test Error: 177.91067504882812
Round: 11000 Training Error: 99.1842269897461 Validation Error: 143.78314208984375 Test Error: 179.1945037841797
Round: 11500 Training Error: 96.8723373413086 Validation Error: 141.43292236328125 Test Error: 176.34225463867188
Round: 12000 Training Error: 96.40582275390625 Validation Error: 142.0358428955078 Test Error: 177.956298828125
Round: 12500 Training Error: 149.1538848876953 Validation Error: 144.1890869140625 Test Error: 180.13523864746094
Round: 13000 Training Error: 149.82034301757812 Validation Error: 143.05099487304688 Test Error: 178.3988494873047
Round: 13500 Training Error: 97.35842895507812 Validation Error: 139.385986328125 Test Error: 176.50146484375
Round: 14000 Training Error: 97.05815887451172 Validation Error: 142.35536193847656 Test Error: 180.1693572998047
Round: 14500 Training Error: 147.39598083496094 Validation Error: 142.6898193359375 Test Error: 179.8927764892578
Round: 15000 Training Error: 148.15908813476562 Validation Error: 143.8495635986328 Test Error: 180.02432250976562
Round: 15500 Training Error: 95.3259048461914 Validation Error: 141.95751953125 Test Error: 178.87957763671875
Round: 16000 Training Error: 95.21142578125 Validation Error: 142.36976623535156 Test Error: 178.3560028076172
Round: 16500 Training Error: 98.57864379882812 Validation Error: 142.10870361328125 Test Error: 178.2343292236328
Round: 17000 Training Error: 102.15982055664062 Validation Error: 146.76266479492188 Test Error: 182.53375244140625
Round: 17500 Training Error: 95.33560943603516 Validation Error: 141.6703643798828 Test Error: 178.07896423339844
Round: 18000 Training Error: 97.34185791015625 Validation Error: 140.07131958007812 Test Error: 179.5702667236328
Round: 18500 Training Error: 96.216064453125 Validation Error: 142.1221466064453 Test Error: 178.91954040527344
Round: 19000 Training Error: 146.44749450683594 Validation Error: 142.89959716796875 Test Error: 179.9175567626953
Round: 19500 Training Error: 147.03585815429688 Validation Error: 140.4595947265625 Test Error: 179.2629852294922
Round: 20000 Training Error: 95.57194519042969 Validation Error: 141.00904846191406 Test Error: 178.98573303222656
5 3 0.01 20000 0.4 ['dr', 'hvac', 'residual', 'mw', 'fridge', 'dw']
Round: 500 Training Error: 135.52801513671875 Validation Error: 156.8264617919922 Test Error: 192.0175323486328
Round: 1000 Training Error: 158.97109985351562 Validation Error: 154.0199737548828 Test Error: 189.9843292236328
Round: 1500 Training Error: 121.49494171142578 Validation Error: 147.32818603515625 Test Error: 185.831787109375
Round: 2000 Training Error: 152.21914672851562 Validation Error: 147.7751007080078 Test Error: 183.10899353027344
Round: 2500 Training Error: 150.4941864013672 Validation Error: 143.6232452392578 Test Error: 181.02210998535156
Round: 3000 Training Error: 106.4808349609375 Validation Error: 142.93576049804688 Test Error: 180.10662841796875
Round: 3500 Training Error: 106.12625122070312 Validation Error: 140.68414306640625 Test Error: 177.82180786132812
Round: 4000 Training Error: 107.58274841308594 Validation Error: 142.4307403564453 Test Error: 180.382568359375
Round: 4500 Training Error: 105.4367904663086 Validation Error: 139.66848754882812 Test Error: 179.5430145263672
Round: 5000 Training Error: 145.82241821289062 Validation Error: 143.11654663085938 Test Error: 179.6249542236328
Round: 5500 Training Error: 103.89907836914062 Validation Error: 141.5005645751953 Test Error: 178.414306640625
Round: 6000 Training Error: 104.02501678466797 Validation Error: 143.03720092773438 Test Error: 180.0333709716797
Round: 6500 Training Error: 103.5188980102539 Validation Error: 142.91006469726562 Test Error: 179.96197509765625
Round: 7000 Training Error: 103.40140533447266 Validation Error: 141.9696502685547 Test Error: 179.9609832763672
Round: 7500 Training Error: 102.14933776855469 Validation Error: 142.81199645996094 Test Error: 180.3893280029297
Round: 8000 Training Error: 102.16453552246094 Validation Error: 144.41458129882812 Test Error: 180.6096954345703
Round: 8500 Training Error: 144.05311584472656 Validation Error: 140.82647705078125 Test Error: 180.22860717773438
Round: 9000 Training Error: 101.46770477294922 Validation Error: 142.02760314941406 Test Error: 179.74937438964844
Round: 9500 Training Error: 99.95468139648438 Validation Error: 141.15164184570312 Test Error: 178.0698699951172
Round: 10000 Training Error: 143.04837036132812 Validation Error: 141.1234893798828 Test Error: 177.94857788085938
Round: 10500 Training Error: 142.82533264160156 Validation Error: 147.631591796875 Test Error: 183.02761840820312
Round: 11000 Training Error: 142.90203857421875 Validation Error: 141.53964233398438 Test Error: 177.95550537109375
Round: 11500 Training Error: 100.09297180175781 Validation Error: 143.50454711914062 Test Error: 180.13111877441406
Round: 12000 Training Error: 99.4972915649414 Validation Error: 141.2875518798828 Test Error: 178.51577758789062
Round: 12500 Training Error: 141.32106018066406 Validation Error: 141.55699157714844 Test Error: 180.9248504638672
Round: 13000 Training Error: 141.46327209472656 Validation Error: 140.90682983398438 Test Error: 178.68299865722656
Round: 13500 Training Error: 102.45890045166016 Validation Error: 139.93112182617188 Test Error: 179.32791137695312
Round: 14000 Training Error: 141.12852478027344 Validation Error: 141.56710815429688 Test Error: 179.50466918945312
Round: 14500 Training Error: 136.97625732421875 Validation Error: 139.5995330810547 Test Error: 177.62197875976562
Round: 15000 Training Error: 138.18655395507812 Validation Error: 141.71302795410156 Test Error: 179.61170959472656
Round: 15500 Training Error: 100.6095199584961 Validation Error: 139.20440673828125 Test Error: 177.24716186523438
Round: 16000 Training Error: 137.7837371826172 Validation Error: 139.07273864746094 Test Error: 180.05455017089844
Round: 16500 Training Error: 101.6265869140625 Validation Error: 141.1798095703125 Test Error: 185.99778747558594
Round: 17000 Training Error: 102.2497329711914 Validation Error: 142.54568481445312 Test Error: 180.0118408203125
Round: 17500 Training Error: 100.00200653076172 Validation Error: 138.94973754882812 Test Error: 180.1991424560547
Round: 18000 Training Error: 99.83087921142578 Validation Error: 141.96295166015625 Test Error: 180.00534057617188
Round: 18500 Training Error: 101.21043395996094 Validation Error: 138.12075805664062 Test Error: 177.11639404296875
Round: 19000 Training Error: 136.43370056152344 Validation Error: 141.5967559814453 Test Error: 179.33218383789062
Round: 19500 Training Error: 135.5694580078125 Validation Error: 144.8461151123047 Test Error: 180.3373565673828
Round: 20000 Training Error: 101.4686508178711 Validation Error: 140.4555206298828 Test Error: 180.2401580810547
5 3 0.01 20000 0.8 ['dr', 'hvac', 'residual', 'mw', 'fridge', 'dw']
Round: 500 Training Error: 157.81752014160156 Validation Error: 166.2170867919922 Test Error: 196.7224884033203
Round: 1000 Training Error: 148.5341033935547 Validation Error: 162.14309692382812 Test Error: 195.62591552734375
Round: 1500 Training Error: 143.28260803222656 Validation Error: 157.09832763671875 Test Error: 190.8758544921875
Round: 2000 Training Error: 140.68214416503906 Validation Error: 162.0701141357422 Test Error: 195.233154296875
Round: 2500 Training Error: 139.66650390625 Validation Error: 165.96376037597656 Test Error: 196.8380584716797
Round: 3000 Training Error: 138.52955627441406 Validation Error: 159.0534210205078 Test Error: 191.92987060546875
Round: 3500 Training Error: 137.316650390625 Validation Error: 160.43490600585938 Test Error: 193.6616668701172
Round: 4000 Training Error: 124.68698120117188 Validation Error: 161.68589782714844 Test Error: 195.19949340820312
Round: 4500 Training Error: 134.33685302734375 Validation Error: 164.47715759277344 Test Error: 195.61944580078125
Round: 5000 Training Error: 133.75462341308594 Validation Error: 165.88131713867188 Test Error: 195.29624938964844
Round: 5500 Training Error: 133.51596069335938 Validation Error: 162.367919921875 Test Error: 192.96255493164062
Round: 6000 Training Error: 133.65048217773438 Validation Error: 161.01931762695312 Test Error: 191.2826690673828
Round: 6500 Training Error: 131.7450714111328 Validation Error: 159.3051300048828 Test Error: 192.3523406982422
Round: 7000 Training Error: 135.83705139160156 Validation Error: 160.4899139404297 Test Error: 192.30274963378906
Round: 7500 Training Error: 118.21884155273438 Validation Error: 158.8130645751953 Test Error: 190.4592742919922
Round: 8000 Training Error: 133.1974639892578 Validation Error: 159.8639678955078 Test Error: 189.397705078125
Round: 8500 Training Error: 127.8630142211914 Validation Error: 162.20361328125 Test Error: 193.05325317382812
Round: 9000 Training Error: 128.68812561035156 Validation Error: 158.93765258789062 Test Error: 190.6143798828125
Round: 9500 Training Error: 118.1912841796875 Validation Error: 161.63668823242188 Test Error: 193.01829528808594
Round: 10000 Training Error: 131.4164581298828 Validation Error: 160.53822326660156 Test Error: 188.9466552734375
Round: 10500 Training Error: 128.60330200195312 Validation Error: 160.0121307373047 Test Error: 191.29092407226562
Round: 11000 Training Error: 134.39178466796875 Validation Error: 170.81761169433594 Test Error: 198.62997436523438
Round: 11500 Training Error: 135.33885192871094 Validation Error: 159.73187255859375 Test Error: 192.38864135742188
Round: 12000 Training Error: 135.04563903808594 Validation Error: 161.0075225830078 Test Error: 191.30398559570312
Round: 12500 Training Error: 132.1069793701172 Validation Error: 170.0424041748047 Test Error: 197.4214324951172
Round: 13000 Training Error: 131.77035522460938 Validation Error: 164.7837677001953 Test Error: 194.32760620117188
Round: 13500 Training Error: 131.8947296142578 Validation Error: 168.0154266357422 Test Error: 196.5515899658203
Round: 14000 Training Error: 129.08946228027344 Validation Error: 162.07948303222656 Test Error: 193.1301727294922
Round: 14500 Training Error: 126.65725708007812 Validation Error: 162.34515380859375 Test Error: 195.40272521972656
Round: 15000 Training Error: 126.84280395507812 Validation Error: 165.89703369140625 Test Error: 196.8914794921875
Round: 15500 Training Error: 116.8840103149414 Validation Error: 170.1730194091797 Test Error: 195.9854278564453
Round: 16000 Training Error: 130.1810302734375 Validation Error: 164.84165954589844 Test Error: 193.67886352539062
Round: 16500 Training Error: 114.17284393310547 Validation Error: 154.6238250732422 Test Error: 191.85939025878906
Round: 17000 Training Error: 129.9129638671875 Validation Error: 155.0071258544922 Test Error: 187.66355895996094
Round: 17500 Training Error: 112.519287109375 Validation Error: 154.6007843017578 Test Error: 187.7080841064453
Round: 18000 Training Error: 127.39680480957031 Validation Error: 155.9662628173828 Test Error: 188.23521423339844
Round: 18500 Training Error: 128.56053161621094 Validation Error: 152.0032958984375 Test Error: 185.66928100585938
Round: 19000 Training Error: 131.01560974121094 Validation Error: 153.40826416015625 Test Error: 188.83094787597656
Round: 19500 Training Error: 127.13911437988281 Validation Error: 151.8772430419922 Test Error: 185.52810668945312
Round: 20000 Training Error: 127.56464385986328 Validation Error: 148.98277282714844 Test Error: 184.1426239013672
5 3 0.01 20000 0.8 ['dr', 'fridge', 'hvac', 'mw', 'residual', 'dw']
Round: 500 Training Error: 158.83058166503906 Validation Error: 165.71665954589844 Test Error: 199.12753295898438
Round: 1000 Training Error: 150.05618286132812 Validation Error: 164.62890625 Test Error: 198.84255981445312
Round: 1500 Training Error: 143.8541259765625 Validation Error: 159.97540283203125 Test Error: 195.15626525878906
Round: 2000 Training Error: 139.78440856933594 Validation Error: 158.08856201171875 Test Error: 196.24502563476562
Round: 2500 Training Error: 140.14932250976562 Validation Error: 159.41104125976562 Test Error: 196.3525390625
Round: 3000 Training Error: 140.7299041748047 Validation Error: 156.48446655273438 Test Error: 194.33200073242188
Round: 3500 Training Error: 137.2476043701172 Validation Error: 158.035400390625 Test Error: 195.08001708984375
Round: 4000 Training Error: 123.1180419921875 Validation Error: 154.89173889160156 Test Error: 193.1119842529297
Round: 4500 Training Error: 135.0238037109375 Validation Error: 159.30690002441406 Test Error: 197.9937286376953
Round: 5000 Training Error: 135.21932983398438 Validation Error: 158.4598388671875 Test Error: 196.81204223632812
Round: 5500 Training Error: 135.8337860107422 Validation Error: 162.43704223632812 Test Error: 200.23338317871094
Round: 6000 Training Error: 136.48069763183594 Validation Error: 157.7158203125 Test Error: 195.99095153808594
Round: 6500 Training Error: 134.42462158203125 Validation Error: 159.70510864257812 Test Error: 197.5469207763672
Round: 7000 Training Error: 136.943115234375 Validation Error: 158.56967163085938 Test Error: 197.24464416503906
Round: 7500 Training Error: 119.20877075195312 Validation Error: 153.97227478027344 Test Error: 193.1336212158203
Round: 8000 Training Error: 140.23104858398438 Validation Error: 153.3154296875 Test Error: 191.67886352539062
Round: 8500 Training Error: 130.95997619628906 Validation Error: 155.67930603027344 Test Error: 195.80630493164062
Round: 9000 Training Error: 132.2218780517578 Validation Error: 155.2352294921875 Test Error: 194.74551391601562
Round: 9500 Training Error: 115.02596282958984 Validation Error: 156.76568603515625 Test Error: 197.0265350341797
Round: 10000 Training Error: 135.10916137695312 Validation Error: 151.35568237304688 Test Error: 193.71319580078125
Round: 10500 Training Error: 131.3369598388672 Validation Error: 151.9630584716797 Test Error: 194.39109802246094
Round: 11000 Training Error: 137.02410888671875 Validation Error: 155.11402893066406 Test Error: 200.72103881835938
Round: 11500 Training Error: 131.6872100830078 Validation Error: 150.47308349609375 Test Error: 192.4920196533203
Round: 12000 Training Error: 130.76905822753906 Validation Error: 148.71278381347656 Test Error: 190.74342346191406
Round: 12500 Training Error: 129.49671936035156 Validation Error: 150.87652587890625 Test Error: 193.30587768554688
Round: 13000 Training Error: 130.25389099121094 Validation Error: 150.10736083984375 Test Error: 193.3001251220703
Round: 13500 Training Error: 128.1773223876953 Validation Error: 153.77371215820312 Test Error: 198.0354461669922
Round: 14000 Training Error: 128.95388793945312 Validation Error: 149.2851104736328 Test Error: 192.6955108642578
Round: 14500 Training Error: 129.7080078125 Validation Error: 152.81072998046875 Test Error: 198.35052490234375
Round: 15000 Training Error: 127.10858917236328 Validation Error: 152.29348754882812 Test Error: 195.0069122314453
Round: 15500 Training Error: 107.74961853027344 Validation Error: 149.10504150390625 Test Error: 193.2429656982422
Round: 16000 Training Error: 133.00344848632812 Validation Error: 151.00244140625 Test Error: 192.7459716796875
Round: 16500 Training Error: 110.89141082763672 Validation Error: 151.53384399414062 Test Error: 193.84910583496094
Round: 17000 Training Error: 127.29484558105469 Validation Error: 150.51734924316406 Test Error: 193.54693603515625
Round: 17500 Training Error: 111.64666748046875 Validation Error: 154.30160522460938 Test Error: 198.71786499023438
Round: 18000 Training Error: 126.77067565917969 Validation Error: 151.46421813964844 Test Error: 195.543701171875
Round: 18500 Training Error: 127.26494598388672 Validation Error: 152.4775390625 Test Error: 195.76148986816406
Round: 19000 Training Error: 130.04115295410156 Validation Error: 154.2603302001953 Test Error: 200.20428466796875
Round: 19500 Training Error: 126.8203125 Validation Error: 150.9693603515625 Test Error: 194.64910888671875
Round: 20000 Training Error: 127.57382202148438 Validation Error: 148.69046020507812 Test Error: 193.05886840820312
5 3 0.01 20000 0.2 ['dr', 'fridge', 'hvac', 'residual', 'dw', 'mw']
Round: 500 Training Error: 132.02423095703125 Validation Error: 157.932861328125 Test Error: 191.58523559570312
Round: 1000 Training Error: 163.46192932128906 Validation Error: 156.55059814453125 Test Error: 190.060546875
Round: 1500 Training Error: 112.16895294189453 Validation Error: 146.93641662597656 Test Error: 183.26451110839844
Round: 2000 Training Error: 104.41966247558594 Validation Error: 141.54037475585938 Test Error: 177.51571655273438
Round: 2500 Training Error: 102.52034759521484 Validation Error: 139.9825897216797 Test Error: 177.27627563476562
Round: 3000 Training Error: 101.90019989013672 Validation Error: 140.2303009033203 Test Error: 178.48907470703125
Round: 3500 Training Error: 99.86654663085938 Validation Error: 138.173095703125 Test Error: 176.7730255126953
Round: 4000 Training Error: 99.76512908935547 Validation Error: 137.11512756347656 Test Error: 176.63650512695312
Round: 4500 Training Error: 98.67041015625 Validation Error: 138.1984100341797 Test Error: 177.16873168945312
Round: 5000 Training Error: 99.16708374023438 Validation Error: 137.37796020507812 Test Error: 175.27700805664062
Round: 5500 Training Error: 98.43036651611328 Validation Error: 137.26866149902344 Test Error: 176.7384796142578
Round: 6000 Training Error: 97.88557434082031 Validation Error: 137.04627990722656 Test Error: 176.50599670410156
Round: 6500 Training Error: 97.38524627685547 Validation Error: 138.45204162597656 Test Error: 177.6630096435547
Round: 7000 Training Error: 96.64456939697266 Validation Error: 138.15342712402344 Test Error: 177.84365844726562
Round: 7500 Training Error: 96.4693603515625 Validation Error: 138.58033752441406 Test Error: 178.84519958496094
Round: 8000 Training Error: 94.67221069335938 Validation Error: 139.06536865234375 Test Error: 179.03269958496094
Round: 8500 Training Error: 148.3495330810547 Validation Error: 140.41668701171875 Test Error: 180.34548950195312
Round: 9000 Training Error: 93.99115753173828 Validation Error: 141.791259765625 Test Error: 180.9053192138672
Round: 9500 Training Error: 92.38340759277344 Validation Error: 142.32737731933594 Test Error: 181.27841186523438
Round: 10000 Training Error: 92.84343719482422 Validation Error: 142.15863037109375 Test Error: 181.4169464111328
Round: 10500 Training Error: 149.26795959472656 Validation Error: 143.25994873046875 Test Error: 181.1042938232422
Round: 11000 Training Error: 91.0581283569336 Validation Error: 142.9747314453125 Test Error: 181.12905883789062
Round: 11500 Training Error: 91.47516632080078 Validation Error: 144.1126708984375 Test Error: 178.81858825683594
Round: 12000 Training Error: 90.40574645996094 Validation Error: 144.92333984375 Test Error: 179.6533660888672
Round: 12500 Training Error: 149.54586791992188 Validation Error: 143.3278045654297 Test Error: 178.627197265625
Round: 13000 Training Error: 151.1346893310547 Validation Error: 144.78651428222656 Test Error: 179.41213989257812
Round: 13500 Training Error: 90.01533508300781 Validation Error: 145.48854064941406 Test Error: 181.16744995117188
Round: 14000 Training Error: 91.31114196777344 Validation Error: 143.58299255371094 Test Error: 180.24041748046875
Round: 14500 Training Error: 146.3862762451172 Validation Error: 145.49453735351562 Test Error: 181.28750610351562
Round: 15000 Training Error: 147.64573669433594 Validation Error: 146.54530334472656 Test Error: 179.71728515625
Round: 15500 Training Error: 88.34393310546875 Validation Error: 146.61753845214844 Test Error: 181.50074768066406
Round: 16000 Training Error: 88.06494140625 Validation Error: 148.09359741210938 Test Error: 182.90365600585938
Round: 16500 Training Error: 89.80711364746094 Validation Error: 149.85784912109375 Test Error: 184.45228576660156
Round: 17000 Training Error: 89.58672332763672 Validation Error: 148.97433471679688 Test Error: 184.44215393066406
Round: 17500 Training Error: 88.63307189941406 Validation Error: 149.4598846435547 Test Error: 184.687255859375
Round: 18000 Training Error: 89.39205169677734 Validation Error: 150.2959442138672 Test Error: 186.00677490234375
Round: 18500 Training Error: 90.74623107910156 Validation Error: 147.40061950683594 Test Error: 184.55877685546875
Round: 19000 Training Error: 145.52833557128906 Validation Error: 147.2123565673828 Test Error: 184.0974884033203
Round: 19500 Training Error: 147.5485076904297 Validation Error: 145.96888732910156 Test Error: 183.39341735839844
Round: 20000 Training Error: 88.64212799072266 Validation Error: 150.28482055664062 Test Error: 185.2396240234375
5 3 0.01 20000 0.4 ['dr', 'fridge', 'hvac', 'residual', 'dw', 'mw']
Round: 500 Training Error: 136.35511779785156 Validation Error: 157.7393035888672 Test Error: 192.33604431152344
Round: 1000 Training Error: 158.04714965820312 Validation Error: 155.37850952148438 Test Error: 189.49728393554688
Round: 1500 Training Error: 117.81282806396484 Validation Error: 152.89816284179688 Test Error: 184.91554260253906
Round: 2000 Training Error: 149.17335510253906 Validation Error: 145.96435546875 Test Error: 180.57571411132812
Round: 2500 Training Error: 147.7418975830078 Validation Error: 141.63748168945312 Test Error: 178.78070068359375
Round: 3000 Training Error: 104.3218765258789 Validation Error: 140.1685333251953 Test Error: 177.07798767089844
Round: 3500 Training Error: 103.9751968383789 Validation Error: 139.00611877441406 Test Error: 176.41419982910156
Round: 4000 Training Error: 104.2330093383789 Validation Error: 140.39707946777344 Test Error: 178.34210205078125
Round: 4500 Training Error: 102.91179656982422 Validation Error: 139.46876525878906 Test Error: 176.23153686523438
Round: 5000 Training Error: 148.30938720703125 Validation Error: 137.23233032226562 Test Error: 175.95672607421875
Round: 5500 Training Error: 101.2498550415039 Validation Error: 138.5303192138672 Test Error: 175.64527893066406
Round: 6000 Training Error: 105.00413513183594 Validation Error: 137.03271484375 Test Error: 176.99746704101562
Round: 6500 Training Error: 100.2691421508789 Validation Error: 140.6758575439453 Test Error: 177.31353759765625
Round: 7000 Training Error: 100.04354095458984 Validation Error: 139.48985290527344 Test Error: 176.97544860839844
Round: 7500 Training Error: 100.26184844970703 Validation Error: 139.15724182128906 Test Error: 177.2574920654297
Round: 8000 Training Error: 100.93170166015625 Validation Error: 139.12185668945312 Test Error: 177.0437774658203
Round: 8500 Training Error: 141.22645568847656 Validation Error: 139.19732666015625 Test Error: 176.5401611328125
Round: 9000 Training Error: 99.01937866210938 Validation Error: 139.25991821289062 Test Error: 176.64886474609375
Round: 9500 Training Error: 98.5234603881836 Validation Error: 139.90225219726562 Test Error: 177.2039031982422
Round: 10000 Training Error: 140.8495330810547 Validation Error: 136.91921997070312 Test Error: 177.17098999023438
Round: 10500 Training Error: 139.91937255859375 Validation Error: 139.51759338378906 Test Error: 176.89117431640625
Round: 11000 Training Error: 140.16075134277344 Validation Error: 138.76651000976562 Test Error: 176.8802490234375
Round: 11500 Training Error: 98.16311645507812 Validation Error: 138.20274353027344 Test Error: 176.8032684326172
Round: 12000 Training Error: 100.28945922851562 Validation Error: 137.7501678466797 Test Error: 177.19207763671875
Round: 12500 Training Error: 141.98695373535156 Validation Error: 138.65182495117188 Test Error: 178.7117462158203
Round: 13000 Training Error: 139.7495880126953 Validation Error: 138.19515991210938 Test Error: 177.27395629882812
Round: 13500 Training Error: 98.45166778564453 Validation Error: 138.29464721679688 Test Error: 177.09616088867188
Round: 14000 Training Error: 141.01072692871094 Validation Error: 140.0550994873047 Test Error: 178.87399291992188
Round: 14500 Training Error: 137.7653045654297 Validation Error: 138.72874450683594 Test Error: 177.38619995117188
Round: 15000 Training Error: 138.5535888671875 Validation Error: 138.0815887451172 Test Error: 177.70370483398438
Round: 15500 Training Error: 98.83000946044922 Validation Error: 138.4259490966797 Test Error: 177.0086212158203
Round: 16000 Training Error: 139.73431396484375 Validation Error: 137.17529296875 Test Error: 176.9644775390625
Round: 16500 Training Error: 97.55548858642578 Validation Error: 139.35244750976562 Test Error: 177.9413604736328
Round: 17000 Training Error: 99.79989624023438 Validation Error: 140.7050323486328 Test Error: 178.5845947265625
Round: 17500 Training Error: 97.49614715576172 Validation Error: 139.1528778076172 Test Error: 177.8668975830078
Round: 18000 Training Error: 97.47025299072266 Validation Error: 139.04942321777344 Test Error: 176.9721221923828
Round: 18500 Training Error: 98.95442962646484 Validation Error: 138.79258728027344 Test Error: 177.13491821289062
Round: 19000 Training Error: 138.8843994140625 Validation Error: 139.07032775878906 Test Error: 176.8314208984375
Round: 19500 Training Error: 135.15000915527344 Validation Error: 139.64956665039062 Test Error: 177.66188049316406
Round: 20000 Training Error: 101.8851318359375 Validation Error: 141.54527282714844 Test Error: 179.96221923828125
5 3 0.01 20000 0.8 ['dr', 'fridge', 'hvac', 'residual', 'dw', 'mw']
Round: 500 Training Error: 161.40548706054688 Validation Error: 166.60243225097656 Test Error: 198.04010009765625
Round: 1000 Training Error: 151.98789978027344 Validation Error: 165.9293670654297 Test Error: 197.4575653076172
Round: 1500 Training Error: 147.67686462402344 Validation Error: 162.5457763671875 Test Error: 195.88169860839844
Round: 2000 Training Error: 142.9282989501953 Validation Error: 161.14585876464844 Test Error: 195.15611267089844
Round: 2500 Training Error: 139.59571838378906 Validation Error: 157.14071655273438 Test Error: 192.08355712890625
Round: 3000 Training Error: 142.8862762451172 Validation Error: 159.0465545654297 Test Error: 191.9405975341797
Round: 3500 Training Error: 138.85159301757812 Validation Error: 155.03089904785156 Test Error: 190.822021484375
Round: 4000 Training Error: 123.65023040771484 Validation Error: 158.2335205078125 Test Error: 194.34022521972656
Round: 4500 Training Error: 135.79086303710938 Validation Error: 154.87796020507812 Test Error: 192.090576171875
Round: 5000 Training Error: 135.32672119140625 Validation Error: 156.8644561767578 Test Error: 191.84132385253906
Round: 5500 Training Error: 135.03358459472656 Validation Error: 155.8625030517578 Test Error: 191.850830078125
Round: 6000 Training Error: 135.62437438964844 Validation Error: 153.27366638183594 Test Error: 188.67091369628906
Round: 6500 Training Error: 132.3768768310547 Validation Error: 157.3070831298828 Test Error: 189.90806579589844
Round: 7000 Training Error: 134.0458221435547 Validation Error: 148.9001922607422 Test Error: 186.3953399658203
Round: 7500 Training Error: 117.67550659179688 Validation Error: 155.42153930664062 Test Error: 190.38919067382812
Round: 8000 Training Error: 132.3491668701172 Validation Error: 150.11215209960938 Test Error: 185.063720703125
Round: 8500 Training Error: 129.65933227539062 Validation Error: 154.53692626953125 Test Error: 188.56759643554688
Round: 9000 Training Error: 131.78114318847656 Validation Error: 155.53067016601562 Test Error: 188.8647003173828
Round: 9500 Training Error: 116.41158294677734 Validation Error: 155.46275329589844 Test Error: 189.5224609375
Round: 10000 Training Error: 133.35926818847656 Validation Error: 152.5069580078125 Test Error: 184.94802856445312
Round: 10500 Training Error: 141.42771911621094 Validation Error: 156.02561950683594 Test Error: 193.85577392578125
Round: 11000 Training Error: 135.08010864257812 Validation Error: 147.20962524414062 Test Error: 188.49642944335938
Round: 11500 Training Error: 133.67015075683594 Validation Error: 144.5889892578125 Test Error: 183.4684295654297
Round: 12000 Training Error: 132.03646850585938 Validation Error: 142.3356475830078 Test Error: 183.06578063964844
Round: 12500 Training Error: 127.96735382080078 Validation Error: 144.82809448242188 Test Error: 185.45672607421875
Round: 13000 Training Error: 127.85177612304688 Validation Error: 142.39498901367188 Test Error: 183.8477325439453
Round: 13500 Training Error: 128.973388671875 Validation Error: 142.92271423339844 Test Error: 184.07369995117188
Round: 14000 Training Error: 138.20867919921875 Validation Error: 155.51512145996094 Test Error: 192.9909210205078
Round: 14500 Training Error: 135.131591796875 Validation Error: 151.19671630859375 Test Error: 189.7315673828125
Round: 15000 Training Error: 134.9993896484375 Validation Error: 148.05955505371094 Test Error: 187.9497528076172
Round: 15500 Training Error: 114.13890075683594 Validation Error: 146.32974243164062 Test Error: 186.7152557373047
Round: 16000 Training Error: 135.64468383789062 Validation Error: 146.91395568847656 Test Error: 186.53147888183594
Round: 16500 Training Error: 111.25651550292969 Validation Error: 145.3576202392578 Test Error: 186.7479705810547
Round: 17000 Training Error: 134.07962036132812 Validation Error: 146.14285278320312 Test Error: 186.30035400390625
Round: 17500 Training Error: 112.12150573730469 Validation Error: 148.746337890625 Test Error: 188.90756225585938
Round: 18000 Training Error: 133.26901245117188 Validation Error: 147.5565185546875 Test Error: 186.81007385253906
Round: 18500 Training Error: 133.59115600585938 Validation Error: 143.59825134277344 Test Error: 184.010498046875
Round: 19000 Training Error: 133.90623474121094 Validation Error: 145.14845275878906 Test Error: 185.86019897460938
Round: 19500 Training Error: 131.2006378173828 Validation Error: 143.1555938720703 Test Error: 183.9417724609375
Round: 20000 Training Error: 131.09410095214844 Validation Error: 143.52310180664062 Test Error: 184.2012939453125
5 3 0.01 20000 0.2 ['dr', 'fridge', 'hvac', 'residual', 'mw', 'dw']
Round: 500 Training Error: 132.5535888671875 Validation Error: 158.50343322753906 Test Error: 191.07406616210938
Round: 1000 Training Error: 163.91140747070312 Validation Error: 155.6927947998047 Test Error: 187.86752319335938
Round: 1500 Training Error: 112.3400650024414 Validation Error: 148.90359497070312 Test Error: 181.84616088867188
Round: 2000 Training Error: 104.21189880371094 Validation Error: 144.56689453125 Test Error: 176.34571838378906
Round: 2500 Training Error: 103.28663635253906 Validation Error: 146.65126037597656 Test Error: 178.12600708007812
Round: 3000 Training Error: 100.59729766845703 Validation Error: 146.5604705810547 Test Error: 177.19488525390625
Round: 3500 Training Error: 99.35252380371094 Validation Error: 146.9519500732422 Test Error: 177.27430725097656
Round: 4000 Training Error: 100.12547302246094 Validation Error: 143.59703063964844 Test Error: 176.77975463867188
Round: 4500 Training Error: 98.7649917602539 Validation Error: 145.14657592773438 Test Error: 178.8134002685547
Round: 5000 Training Error: 98.82135009765625 Validation Error: 145.0179443359375 Test Error: 177.8140411376953
Round: 5500 Training Error: 97.89201354980469 Validation Error: 148.15618896484375 Test Error: 180.88682556152344
Round: 6000 Training Error: 97.13783264160156 Validation Error: 147.3220672607422 Test Error: 180.8741455078125
Round: 6500 Training Error: 97.17597961425781 Validation Error: 146.4163055419922 Test Error: 180.14361572265625
Round: 7000 Training Error: 96.5234603881836 Validation Error: 146.5677947998047 Test Error: 180.3692626953125
Round: 7500 Training Error: 97.69989013671875 Validation Error: 145.9045867919922 Test Error: 179.80899047851562
Round: 8000 Training Error: 96.02830505371094 Validation Error: 145.95822143554688 Test Error: 181.1907958984375
Round: 8500 Training Error: 149.64808654785156 Validation Error: 148.69888305664062 Test Error: 181.50047302246094
Round: 9000 Training Error: 96.43275451660156 Validation Error: 147.6903839111328 Test Error: 182.109619140625
Round: 9500 Training Error: 96.71739959716797 Validation Error: 143.81951904296875 Test Error: 179.54864501953125
Round: 10000 Training Error: 97.7393798828125 Validation Error: 147.75892639160156 Test Error: 182.89163208007812
Round: 10500 Training Error: 153.13511657714844 Validation Error: 140.85655212402344 Test Error: 178.17662048339844
Round: 11000 Training Error: 96.12993621826172 Validation Error: 144.6791534423828 Test Error: 180.30685424804688
Round: 11500 Training Error: 96.08966064453125 Validation Error: 149.26808166503906 Test Error: 182.54637145996094
Round: 12000 Training Error: 95.4971694946289 Validation Error: 147.8522491455078 Test Error: 182.641845703125
Round: 12500 Training Error: 153.23504638671875 Validation Error: 146.60459899902344 Test Error: 182.4192352294922
Round: 13000 Training Error: 156.52256774902344 Validation Error: 145.42405700683594 Test Error: 181.9734649658203
Round: 13500 Training Error: 92.14283752441406 Validation Error: 148.85842895507812 Test Error: 183.4938201904297
Round: 14000 Training Error: 92.61685180664062 Validation Error: 147.23890686035156 Test Error: 181.19961547851562
Round: 14500 Training Error: 150.57452392578125 Validation Error: 149.45172119140625 Test Error: 181.548828125
Round: 15000 Training Error: 152.6170654296875 Validation Error: 149.6068115234375 Test Error: 181.66600036621094
Round: 15500 Training Error: 90.34947967529297 Validation Error: 149.07696533203125 Test Error: 181.2007598876953
Round: 16000 Training Error: 90.53762817382812 Validation Error: 142.80091857910156 Test Error: 181.03857421875
Round: 16500 Training Error: 92.68016815185547 Validation Error: 141.3274688720703 Test Error: 180.9980010986328
Round: 17000 Training Error: 93.4833755493164 Validation Error: 141.2875518798828 Test Error: 181.20709228515625
Round: 17500 Training Error: 90.32207489013672 Validation Error: 141.91317749023438 Test Error: 181.0319061279297
Round: 18000 Training Error: 93.57703399658203 Validation Error: 145.31031799316406 Test Error: 186.5642547607422
Round: 18500 Training Error: 93.35017395019531 Validation Error: 144.57745361328125 Test Error: 184.91476440429688
Round: 19000 Training Error: 154.64002990722656 Validation Error: 143.31822204589844 Test Error: 182.1575927734375
Round: 19500 Training Error: 153.54107666015625 Validation Error: 144.6602020263672 Test Error: 183.56439208984375
Round: 20000 Training Error: 89.54790496826172 Validation Error: 143.9967803955078 Test Error: 183.05770874023438
