nohup: ignoring input
5 3 0.01 20000 0.8 ['dr', 'mw', 'dw', 'fridge', 'residual', 'hvac']
Round: 500 Training Error: 154.6661376953125 Validation Error: 167.82801818847656 Test Error: 200.39471435546875
Round: 1000 Training Error: 145.87196350097656 Validation Error: 163.86375427246094 Test Error: 196.93450927734375
Round: 1500 Training Error: 141.13232421875 Validation Error: 158.54183959960938 Test Error: 192.5693359375
Round: 2000 Training Error: 136.662109375 Validation Error: 156.89854431152344 Test Error: 191.1665496826172
Round: 2500 Training Error: 136.755859375 Validation Error: 155.5367431640625 Test Error: 189.85096740722656
Round: 3000 Training Error: 136.09033203125 Validation Error: 154.9286346435547 Test Error: 188.26625061035156
Round: 3500 Training Error: 135.1277618408203 Validation Error: 155.67556762695312 Test Error: 187.51927185058594
Round: 4000 Training Error: 121.15753173828125 Validation Error: 160.63470458984375 Test Error: 190.38568115234375
Round: 4500 Training Error: 132.94430541992188 Validation Error: 156.0518798828125 Test Error: 188.04122924804688
Round: 5000 Training Error: 132.2154083251953 Validation Error: 152.81080627441406 Test Error: 190.103759765625
Round: 5500 Training Error: 132.77001953125 Validation Error: 152.0230255126953 Test Error: 188.6996307373047
Round: 6000 Training Error: 132.55841064453125 Validation Error: 153.59664916992188 Test Error: 185.57522583007812
Round: 6500 Training Error: 130.6843719482422 Validation Error: 154.47630310058594 Test Error: 190.17007446289062
Round: 7000 Training Error: 133.64242553710938 Validation Error: 151.15757751464844 Test Error: 186.27597045898438
Round: 7500 Training Error: 116.32465362548828 Validation Error: 153.79087829589844 Test Error: 186.30654907226562
Round: 8000 Training Error: 130.82078552246094 Validation Error: 151.94479370117188 Test Error: 184.701171875
Round: 8500 Training Error: 130.25167846679688 Validation Error: 153.6450653076172 Test Error: 186.08824157714844
Round: 9000 Training Error: 131.817138671875 Validation Error: 149.0092010498047 Test Error: 184.5106964111328
Round: 9500 Training Error: 116.75247955322266 Validation Error: 151.79306030273438 Test Error: 186.79893493652344
Round: 10000 Training Error: 130.86033630371094 Validation Error: 151.23397827148438 Test Error: 184.99876403808594
Round: 10500 Training Error: 130.02259826660156 Validation Error: 151.5706787109375 Test Error: 184.8856658935547
Round: 11000 Training Error: 131.4981231689453 Validation Error: 154.44650268554688 Test Error: 185.77700805664062
Round: 11500 Training Error: 132.7119903564453 Validation Error: 152.20579528808594 Test Error: 183.52088928222656
Round: 12000 Training Error: 130.89859008789062 Validation Error: 149.74952697753906 Test Error: 182.60023498535156
Round: 12500 Training Error: 128.37583923339844 Validation Error: 151.336669921875 Test Error: 186.1786346435547
Round: 13000 Training Error: 128.7897186279297 Validation Error: 148.9174346923828 Test Error: 184.695556640625
Round: 13500 Training Error: 128.08839416503906 Validation Error: 148.2365264892578 Test Error: 184.6846160888672
Round: 14000 Training Error: 128.64877319335938 Validation Error: 146.61129760742188 Test Error: 183.2569580078125
Round: 14500 Training Error: 127.80728149414062 Validation Error: 146.10006713867188 Test Error: 184.1854705810547
Round: 15000 Training Error: 128.6400909423828 Validation Error: 147.9298095703125 Test Error: 185.7838134765625
Round: 15500 Training Error: 109.80706787109375 Validation Error: 145.45849609375 Test Error: 182.42669677734375
Round: 16000 Training Error: 128.47813415527344 Validation Error: 148.8864288330078 Test Error: 183.2274627685547
Round: 16500 Training Error: 108.66401672363281 Validation Error: 147.01858520507812 Test Error: 182.8950958251953
Round: 17000 Training Error: 127.49055480957031 Validation Error: 146.77044677734375 Test Error: 182.23922729492188
Round: 17500 Training Error: 111.15035247802734 Validation Error: 148.34156799316406 Test Error: 184.69984436035156
Round: 18000 Training Error: 126.73014831542969 Validation Error: 147.18777465820312 Test Error: 183.79444885253906
Round: 18500 Training Error: 127.75344848632812 Validation Error: 144.9086456298828 Test Error: 181.2163848876953
Round: 19000 Training Error: 128.2395477294922 Validation Error: 147.1678009033203 Test Error: 183.02467346191406
Round: 19500 Training Error: 126.75989532470703 Validation Error: 145.6439208984375 Test Error: 182.4371795654297
Round: 20000 Training Error: 127.45486450195312 Validation Error: 145.7870330810547 Test Error: 182.07327270507812
5 3 0.01 20000 0.2 ['dr', 'mw', 'dw', 'residual', 'hvac', 'fridge']
Round: 500 Training Error: 133.25355529785156 Validation Error: 156.33026123046875 Test Error: 189.76602172851562
Round: 1000 Training Error: 161.62408447265625 Validation Error: 151.48284912109375 Test Error: 185.4285125732422
Round: 1500 Training Error: 112.99898529052734 Validation Error: 145.25148010253906 Test Error: 182.32456970214844
Round: 2000 Training Error: 107.450927734375 Validation Error: 142.48878479003906 Test Error: 179.079345703125
Round: 2500 Training Error: 105.10231018066406 Validation Error: 143.1193389892578 Test Error: 180.311767578125
Round: 3000 Training Error: 102.84628295898438 Validation Error: 141.4599609375 Test Error: 181.5050506591797
Round: 3500 Training Error: 103.75363159179688 Validation Error: 141.61366271972656 Test Error: 182.95201110839844
Round: 4000 Training Error: 102.55167388916016 Validation Error: 142.60853576660156 Test Error: 182.0542449951172
Round: 4500 Training Error: 100.34574890136719 Validation Error: 143.76370239257812 Test Error: 183.57403564453125
Round: 5000 Training Error: 101.79727172851562 Validation Error: 142.66758728027344 Test Error: 181.76068115234375
Round: 5500 Training Error: 100.60890197753906 Validation Error: 142.92138671875 Test Error: 182.03964233398438
Round: 6000 Training Error: 100.23177337646484 Validation Error: 145.09767150878906 Test Error: 179.98629760742188
Round: 6500 Training Error: 100.01444244384766 Validation Error: 142.8118896484375 Test Error: 180.0640106201172
Round: 7000 Training Error: 99.11249542236328 Validation Error: 142.5976104736328 Test Error: 179.60353088378906
Round: 7500 Training Error: 100.46280670166016 Validation Error: 141.79832458496094 Test Error: 180.01646423339844
Round: 8000 Training Error: 98.25471496582031 Validation Error: 143.84727478027344 Test Error: 180.50843811035156
Round: 8500 Training Error: 144.0460662841797 Validation Error: 143.97567749023438 Test Error: 181.98367309570312
Round: 9000 Training Error: 97.88514709472656 Validation Error: 143.10787963867188 Test Error: 179.59286499023438
Round: 9500 Training Error: 99.73870086669922 Validation Error: 145.67662048339844 Test Error: 179.6813201904297
Round: 10000 Training Error: 101.1233901977539 Validation Error: 142.6240692138672 Test Error: 178.7329559326172
Round: 10500 Training Error: 142.97988891601562 Validation Error: 142.3657684326172 Test Error: 177.50143432617188
Round: 11000 Training Error: 98.23676300048828 Validation Error: 141.34156799316406 Test Error: 176.456298828125
Round: 11500 Training Error: 98.19727325439453 Validation Error: 143.0548858642578 Test Error: 178.70616149902344
Round: 12000 Training Error: 97.43638610839844 Validation Error: 143.06739807128906 Test Error: 177.63063049316406
Round: 12500 Training Error: 141.6879119873047 Validation Error: 141.03546142578125 Test Error: 177.89288330078125
Round: 13000 Training Error: 143.97882080078125 Validation Error: 140.45468139648438 Test Error: 176.9080047607422
Round: 13500 Training Error: 96.06883239746094 Validation Error: 140.6497039794922 Test Error: 177.25379943847656
Round: 14000 Training Error: 97.1624984741211 Validation Error: 145.3273162841797 Test Error: 180.08575439453125
Round: 14500 Training Error: 140.97071838378906 Validation Error: 141.37973022460938 Test Error: 181.96058654785156
Round: 15000 Training Error: 141.26365661621094 Validation Error: 141.35183715820312 Test Error: 182.89895629882812
Round: 15500 Training Error: 96.20512390136719 Validation Error: 140.9860382080078 Test Error: 183.07803344726562
Round: 16000 Training Error: 95.36839294433594 Validation Error: 141.48826599121094 Test Error: 179.29421997070312
Round: 16500 Training Error: 98.81733703613281 Validation Error: 139.98080444335938 Test Error: 181.6590118408203
Round: 17000 Training Error: 98.09063720703125 Validation Error: 142.58108520507812 Test Error: 177.59848022460938
Round: 17500 Training Error: 95.96478271484375 Validation Error: 139.93019104003906 Test Error: 178.70079040527344
Round: 18000 Training Error: 96.89617919921875 Validation Error: 142.51808166503906 Test Error: 177.42030334472656
Round: 18500 Training Error: 96.59265899658203 Validation Error: 139.84390258789062 Test Error: 178.76092529296875
Round: 19000 Training Error: 140.6761932373047 Validation Error: 143.0693359375 Test Error: 178.21270751953125
Round: 19500 Training Error: 141.39389038085938 Validation Error: 142.88174438476562 Test Error: 178.0413055419922
Round: 20000 Training Error: 95.78521728515625 Validation Error: 139.46730041503906 Test Error: 178.02064514160156
5 3 0.01 20000 0.4 ['dr', 'mw', 'dw', 'residual', 'hvac', 'fridge']
Round: 500 Training Error: 135.69757080078125 Validation Error: 157.17514038085938 Test Error: 191.62493896484375
Round: 1000 Training Error: 155.4462432861328 Validation Error: 152.7852783203125 Test Error: 187.62588500976562
Round: 1500 Training Error: 124.09507751464844 Validation Error: 150.13758850097656 Test Error: 185.57273864746094
Round: 2000 Training Error: 148.0446014404297 Validation Error: 146.7694854736328 Test Error: 179.7202911376953
Round: 2500 Training Error: 145.43336486816406 Validation Error: 151.2066650390625 Test Error: 180.3507080078125
Round: 3000 Training Error: 106.70440673828125 Validation Error: 147.03538513183594 Test Error: 179.8104248046875
Round: 3500 Training Error: 107.59198760986328 Validation Error: 144.9978790283203 Test Error: 177.52825927734375
Round: 4000 Training Error: 105.76432800292969 Validation Error: 152.2254638671875 Test Error: 178.71339416503906
Round: 4500 Training Error: 103.92570495605469 Validation Error: 154.6272735595703 Test Error: 180.76522827148438
Round: 5000 Training Error: 140.83660888671875 Validation Error: 151.26339721679688 Test Error: 178.51602172851562
Round: 5500 Training Error: 101.91486358642578 Validation Error: 149.39671325683594 Test Error: 178.04855346679688
Round: 6000 Training Error: 103.87889099121094 Validation Error: 153.84341430664062 Test Error: 179.23828125
Round: 6500 Training Error: 101.1358642578125 Validation Error: 150.94473266601562 Test Error: 177.73341369628906
Round: 7000 Training Error: 100.07040405273438 Validation Error: 150.10711669921875 Test Error: 177.6992645263672
Round: 7500 Training Error: 100.85487365722656 Validation Error: 150.79808044433594 Test Error: 178.0625457763672
Round: 8000 Training Error: 100.8415756225586 Validation Error: 144.35841369628906 Test Error: 176.9627227783203
Round: 8500 Training Error: 138.47161865234375 Validation Error: 152.39129638671875 Test Error: 178.3609161376953
Round: 9000 Training Error: 100.11640167236328 Validation Error: 147.30245971679688 Test Error: 177.45640563964844
Round: 9500 Training Error: 99.18608093261719 Validation Error: 152.67578125 Test Error: 178.314453125
Round: 10000 Training Error: 137.58363342285156 Validation Error: 150.66749572753906 Test Error: 177.29510498046875
Round: 10500 Training Error: 137.94737243652344 Validation Error: 152.9581298828125 Test Error: 178.46031188964844
Round: 11000 Training Error: 137.10940551757812 Validation Error: 151.40501403808594 Test Error: 177.39222717285156
Round: 11500 Training Error: 99.10897827148438 Validation Error: 150.06422424316406 Test Error: 179.17250061035156
Round: 12000 Training Error: 100.51272583007812 Validation Error: 149.59373474121094 Test Error: 176.04629516601562
Round: 12500 Training Error: 136.9845733642578 Validation Error: 150.48275756835938 Test Error: 179.24490356445312
Round: 13000 Training Error: 141.04183959960938 Validation Error: 144.40811157226562 Test Error: 177.30601501464844
Round: 13500 Training Error: 98.72132110595703 Validation Error: 148.32177734375 Test Error: 177.90167236328125
Round: 14000 Training Error: 139.15835571289062 Validation Error: 149.1944122314453 Test Error: 179.12081909179688
Round: 14500 Training Error: 136.2847442626953 Validation Error: 150.28749084472656 Test Error: 178.64483642578125
Round: 15000 Training Error: 138.4443359375 Validation Error: 150.11534118652344 Test Error: 177.3471221923828
Round: 15500 Training Error: 98.91960906982422 Validation Error: 154.40658569335938 Test Error: 179.5183868408203
Round: 16000 Training Error: 140.3853302001953 Validation Error: 144.44944763183594 Test Error: 176.69827270507812
Round: 16500 Training Error: 97.56684875488281 Validation Error: 148.463623046875 Test Error: 178.03407287597656
Round: 17000 Training Error: 100.13375854492188 Validation Error: 147.13002014160156 Test Error: 177.4766845703125
Round: 17500 Training Error: 97.92373657226562 Validation Error: 147.8807830810547 Test Error: 177.5250701904297
Round: 18000 Training Error: 97.78089141845703 Validation Error: 148.53863525390625 Test Error: 178.78079223632812
Round: 18500 Training Error: 100.96577453613281 Validation Error: 147.26348876953125 Test Error: 177.2395782470703
Round: 19000 Training Error: 135.0183868408203 Validation Error: 146.36793518066406 Test Error: 177.7089385986328
Round: 19500 Training Error: 134.0493621826172 Validation Error: 148.6936492919922 Test Error: 178.14773559570312
Round: 20000 Training Error: 101.28620147705078 Validation Error: 147.75833129882812 Test Error: 179.55528259277344
5 3 0.01 20000 0.8 ['dr', 'mw', 'dw', 'residual', 'hvac', 'fridge']
Round: 500 Training Error: 156.1621856689453 Validation Error: 166.80014038085938 Test Error: 201.60684204101562
Round: 1000 Training Error: 146.7642364501953 Validation Error: 164.08468627929688 Test Error: 200.86981201171875
Round: 1500 Training Error: 142.3887481689453 Validation Error: 155.3551025390625 Test Error: 193.20899963378906
Round: 2000 Training Error: 137.92413330078125 Validation Error: 151.61880493164062 Test Error: 191.3912811279297
Round: 2500 Training Error: 136.2605743408203 Validation Error: 151.06700134277344 Test Error: 189.95993041992188
Round: 3000 Training Error: 136.73934936523438 Validation Error: 150.18692016601562 Test Error: 187.1038360595703
Round: 3500 Training Error: 135.34738159179688 Validation Error: 149.1038360595703 Test Error: 187.3146514892578
Round: 4000 Training Error: 125.2069091796875 Validation Error: 158.8944091796875 Test Error: 192.26589965820312
Round: 4500 Training Error: 133.07615661621094 Validation Error: 151.3931427001953 Test Error: 188.69674682617188
Round: 5000 Training Error: 132.89332580566406 Validation Error: 151.37217712402344 Test Error: 187.5596923828125
Round: 5500 Training Error: 132.83038330078125 Validation Error: 150.2622833251953 Test Error: 186.298095703125
Round: 6000 Training Error: 134.05813598632812 Validation Error: 147.6761932373047 Test Error: 185.42433166503906
Round: 6500 Training Error: 131.93209838867188 Validation Error: 151.91575622558594 Test Error: 187.26266479492188
Round: 7000 Training Error: 132.76898193359375 Validation Error: 150.34950256347656 Test Error: 184.47018432617188
Round: 7500 Training Error: 118.6895980834961 Validation Error: 149.544189453125 Test Error: 186.17239379882812
Round: 8000 Training Error: 132.8393096923828 Validation Error: 149.0784912109375 Test Error: 184.23529052734375
Round: 8500 Training Error: 131.0833282470703 Validation Error: 151.31634521484375 Test Error: 186.31910705566406
Round: 9000 Training Error: 132.38299560546875 Validation Error: 149.05316162109375 Test Error: 185.02835083007812
Round: 9500 Training Error: 118.0972900390625 Validation Error: 151.37644958496094 Test Error: 185.6002197265625
Round: 10000 Training Error: 131.90963745117188 Validation Error: 147.08502197265625 Test Error: 182.12075805664062
Round: 10500 Training Error: 131.56333923339844 Validation Error: 149.1766815185547 Test Error: 184.50595092773438
Round: 11000 Training Error: 131.33270263671875 Validation Error: 149.6550750732422 Test Error: 185.76739501953125
Round: 11500 Training Error: 133.77108764648438 Validation Error: 147.6363067626953 Test Error: 182.48757934570312
Round: 12000 Training Error: 131.02890014648438 Validation Error: 147.11709594726562 Test Error: 182.94578552246094
Round: 12500 Training Error: 129.14930725097656 Validation Error: 150.15042114257812 Test Error: 187.6540985107422
Round: 13000 Training Error: 129.6384735107422 Validation Error: 148.909423828125 Test Error: 187.518310546875
Round: 13500 Training Error: 129.5609130859375 Validation Error: 149.2056427001953 Test Error: 185.31455993652344
Round: 14000 Training Error: 129.7421112060547 Validation Error: 149.83599853515625 Test Error: 185.08493041992188
Round: 14500 Training Error: 129.58663940429688 Validation Error: 151.73556518554688 Test Error: 185.6947479248047
Round: 15000 Training Error: 128.8296356201172 Validation Error: 150.3772735595703 Test Error: 185.787109375
Round: 15500 Training Error: 112.68063354492188 Validation Error: 149.8215789794922 Test Error: 187.19427490234375
Round: 16000 Training Error: 129.1767578125 Validation Error: 149.93128967285156 Test Error: 186.3675994873047
Round: 16500 Training Error: 111.90956115722656 Validation Error: 151.5365753173828 Test Error: 189.4414825439453
Round: 17000 Training Error: 128.32398986816406 Validation Error: 148.90382385253906 Test Error: 185.74644470214844
Round: 17500 Training Error: 113.82791137695312 Validation Error: 149.19471740722656 Test Error: 186.5699005126953
Round: 18000 Training Error: 127.85538482666016 Validation Error: 149.6368408203125 Test Error: 190.09555053710938
Round: 18500 Training Error: 128.65438842773438 Validation Error: 147.54251098632812 Test Error: 185.88162231445312
Round: 19000 Training Error: 129.0330810546875 Validation Error: 147.84454345703125 Test Error: 187.01065063476562
Round: 19500 Training Error: 127.08312225341797 Validation Error: 147.22264099121094 Test Error: 185.94529724121094
Round: 20000 Training Error: 127.5560302734375 Validation Error: 146.75714111328125 Test Error: 184.6419219970703
5 3 0.01 20000 0.2 ['dr', 'mw', 'dw', 'residual', 'fridge', 'hvac']
Round: 500 Training Error: 133.68931579589844 Validation Error: 158.39466857910156 Test Error: 189.27166748046875
Round: 1000 Training Error: 168.18087768554688 Validation Error: 152.41551208496094 Test Error: 186.14768981933594
Round: 1500 Training Error: 116.11546325683594 Validation Error: 146.58596801757812 Test Error: 182.09100341796875
Round: 2000 Training Error: 104.82247924804688 Validation Error: 141.5317840576172 Test Error: 176.4105224609375
Round: 2500 Training Error: 101.4510269165039 Validation Error: 142.2977294921875 Test Error: 177.45730590820312
Round: 3000 Training Error: 100.61715698242188 Validation Error: 142.54800415039062 Test Error: 176.4918975830078
Round: 3500 Training Error: 99.3862075805664 Validation Error: 147.0492401123047 Test Error: 178.65762329101562
Round: 4000 Training Error: 99.6996078491211 Validation Error: 146.12692260742188 Test Error: 174.75698852539062
Round: 4500 Training Error: 98.82585144042969 Validation Error: 147.4919891357422 Test Error: 175.50701904296875
Round: 5000 Training Error: 101.45059967041016 Validation Error: 147.54795837402344 Test Error: 175.88934326171875
Round: 5500 Training Error: 98.7678451538086 Validation Error: 145.43212890625 Test Error: 175.11599731445312
Round: 6000 Training Error: 98.7677230834961 Validation Error: 149.34092712402344 Test Error: 175.80569458007812
Round: 6500 Training Error: 97.54711151123047 Validation Error: 147.96739196777344 Test Error: 175.79515075683594
Round: 7000 Training Error: 97.12132263183594 Validation Error: 144.7412872314453 Test Error: 174.72850036621094
Round: 7500 Training Error: 98.44639587402344 Validation Error: 147.6257781982422 Test Error: 177.1540985107422
Round: 8000 Training Error: 98.63524627685547 Validation Error: 146.35804748535156 Test Error: 175.715576171875
Round: 8500 Training Error: 144.94337463378906 Validation Error: 147.27151489257812 Test Error: 176.96334838867188
Round: 9000 Training Error: 96.53479766845703 Validation Error: 145.372314453125 Test Error: 175.90618896484375
Round: 9500 Training Error: 97.10042572021484 Validation Error: 147.9016876220703 Test Error: 177.41006469726562
Round: 10000 Training Error: 100.16912078857422 Validation Error: 147.0653076171875 Test Error: 178.1346893310547
Round: 10500 Training Error: 144.2965850830078 Validation Error: 144.49432373046875 Test Error: 176.60272216796875
Round: 11000 Training Error: 96.63458251953125 Validation Error: 142.65406799316406 Test Error: 175.02479553222656
Round: 11500 Training Error: 97.17164611816406 Validation Error: 142.7373046875 Test Error: 174.40907287597656
Round: 12000 Training Error: 95.45543670654297 Validation Error: 145.29718017578125 Test Error: 178.06570434570312
Round: 12500 Training Error: 143.23992919921875 Validation Error: 144.8868865966797 Test Error: 176.23605346679688
Round: 13000 Training Error: 144.14710998535156 Validation Error: 146.02120971679688 Test Error: 177.0292510986328
Round: 13500 Training Error: 96.62238311767578 Validation Error: 145.33047485351562 Test Error: 177.17431640625
Round: 14000 Training Error: 100.2435073852539 Validation Error: 144.3861541748047 Test Error: 176.3043212890625
Round: 14500 Training Error: 142.9647979736328 Validation Error: 145.13209533691406 Test Error: 177.75192260742188
Round: 15000 Training Error: 142.31405639648438 Validation Error: 141.78048706054688 Test Error: 175.97406005859375
Round: 15500 Training Error: 96.7571792602539 Validation Error: 145.48516845703125 Test Error: 178.78054809570312
Round: 16000 Training Error: 94.0001449584961 Validation Error: 141.8823699951172 Test Error: 175.98651123046875
Round: 16500 Training Error: 97.94666290283203 Validation Error: 146.28195190429688 Test Error: 177.92599487304688
Round: 17000 Training Error: 95.9963607788086 Validation Error: 142.11697387695312 Test Error: 176.4217987060547
Round: 17500 Training Error: 94.2502670288086 Validation Error: 140.32693481445312 Test Error: 176.0554962158203
Round: 18000 Training Error: 95.41908264160156 Validation Error: 142.97328186035156 Test Error: 177.4972381591797
Round: 18500 Training Error: 97.68651580810547 Validation Error: 140.5689697265625 Test Error: 177.2703399658203
Round: 19000 Training Error: 142.2559814453125 Validation Error: 142.93505859375 Test Error: 178.19390869140625
Round: 19500 Training Error: 143.8043670654297 Validation Error: 140.76817321777344 Test Error: 177.83209228515625
Round: 20000 Training Error: 93.6230697631836 Validation Error: 141.08042907714844 Test Error: 176.63890075683594
5 3 0.01 20000 0.4 ['dr', 'mw', 'dw', 'residual', 'fridge', 'hvac']
Round: 500 Training Error: 139.54412841796875 Validation Error: 160.3013916015625 Test Error: 193.3752899169922
Round: 1000 Training Error: 158.13772583007812 Validation Error: 158.60055541992188 Test Error: 190.19674682617188
Round: 1500 Training Error: 125.6009292602539 Validation Error: 154.44776916503906 Test Error: 186.01693725585938
Round: 2000 Training Error: 149.9345703125 Validation Error: 150.1656494140625 Test Error: 181.43972778320312
Round: 2500 Training Error: 145.91259765625 Validation Error: 153.14202880859375 Test Error: 179.34548950195312
Round: 3000 Training Error: 107.36111450195312 Validation Error: 154.8562774658203 Test Error: 179.74517822265625
Round: 3500 Training Error: 109.55879974365234 Validation Error: 164.9912109375 Test Error: 183.56065368652344
Round: 4000 Training Error: 105.10623168945312 Validation Error: 158.24130249023438 Test Error: 181.43934631347656
Round: 4500 Training Error: 102.08409881591797 Validation Error: 148.85948181152344 Test Error: 179.38890075683594
Round: 5000 Training Error: 141.9323272705078 Validation Error: 152.55673217773438 Test Error: 180.39486694335938
Round: 5500 Training Error: 101.7379379272461 Validation Error: 149.917724609375 Test Error: 178.90435791015625
Round: 6000 Training Error: 104.40937042236328 Validation Error: 141.92091369628906 Test Error: 178.11285400390625
Round: 6500 Training Error: 100.40875244140625 Validation Error: 150.26991271972656 Test Error: 178.59332275390625
Round: 7000 Training Error: 99.22779083251953 Validation Error: 148.28355407714844 Test Error: 179.00450134277344
Round: 7500 Training Error: 99.13936614990234 Validation Error: 148.14532470703125 Test Error: 179.6179656982422
Round: 8000 Training Error: 101.40997314453125 Validation Error: 157.8511199951172 Test Error: 180.86541748046875
Round: 8500 Training Error: 138.13970947265625 Validation Error: 147.63442993164062 Test Error: 178.75778198242188
Round: 9000 Training Error: 102.32505798339844 Validation Error: 144.74700927734375 Test Error: 178.29254150390625
Round: 9500 Training Error: 98.56694030761719 Validation Error: 153.022705078125 Test Error: 180.33872985839844
Round: 10000 Training Error: 138.39520263671875 Validation Error: 149.98793029785156 Test Error: 179.85450744628906
Round: 10500 Training Error: 137.3789825439453 Validation Error: 150.31849670410156 Test Error: 180.22894287109375
Round: 11000 Training Error: 137.5897979736328 Validation Error: 147.87803649902344 Test Error: 178.7964324951172
Round: 11500 Training Error: 97.78209686279297 Validation Error: 146.01272583007812 Test Error: 178.27479553222656
Round: 12000 Training Error: 98.6329345703125 Validation Error: 141.53933715820312 Test Error: 177.89724731445312
Round: 12500 Training Error: 137.01861572265625 Validation Error: 152.1852264404297 Test Error: 181.5079345703125
Round: 13000 Training Error: 145.57275390625 Validation Error: 142.6531219482422 Test Error: 179.39190673828125
Round: 13500 Training Error: 98.9573974609375 Validation Error: 148.9511260986328 Test Error: 179.09141540527344
Round: 14000 Training Error: 136.49099731445312 Validation Error: 147.64659118652344 Test Error: 177.8739471435547
Round: 14500 Training Error: 135.55532836914062 Validation Error: 147.70571899414062 Test Error: 178.45152282714844
Round: 15000 Training Error: 136.311767578125 Validation Error: 150.09620666503906 Test Error: 179.6997833251953
Round: 15500 Training Error: 98.53472137451172 Validation Error: 150.179443359375 Test Error: 179.00054931640625
Round: 16000 Training Error: 139.121826171875 Validation Error: 151.78982543945312 Test Error: 180.184814453125
Round: 16500 Training Error: 96.3804931640625 Validation Error: 146.35858154296875 Test Error: 178.28097534179688
Round: 17000 Training Error: 98.25885009765625 Validation Error: 146.6069793701172 Test Error: 178.38504028320312
Round: 17500 Training Error: 96.34098052978516 Validation Error: 145.7865753173828 Test Error: 178.40257263183594
Round: 18000 Training Error: 99.146240234375 Validation Error: 148.01625061035156 Test Error: 179.60169982910156
Round: 18500 Training Error: 99.65813446044922 Validation Error: 153.0088653564453 Test Error: 180.30189514160156
Round: 19000 Training Error: 134.04139709472656 Validation Error: 146.38441467285156 Test Error: 178.74298095703125
Round: 19500 Training Error: 133.30548095703125 Validation Error: 145.597412109375 Test Error: 178.9544219970703
Round: 20000 Training Error: 100.7554702758789 Validation Error: 146.09661865234375 Test Error: 179.02757263183594
5 3 0.01 20000 0.8 ['dr', 'mw', 'dw', 'residual', 'fridge', 'hvac']
Round: 500 Training Error: 156.2139434814453 Validation Error: 170.7774200439453 Test Error: 201.30908203125
Round: 1000 Training Error: 146.77610778808594 Validation Error: 171.2637939453125 Test Error: 196.99313354492188
Round: 1500 Training Error: 141.3362579345703 Validation Error: 158.8743133544922 Test Error: 189.47792053222656
Round: 2000 Training Error: 136.03689575195312 Validation Error: 162.35926818847656 Test Error: 189.4329071044922
Round: 2500 Training Error: 134.70321655273438 Validation Error: 159.56277465820312 Test Error: 187.88018798828125
Round: 3000 Training Error: 134.47019958496094 Validation Error: 158.4054412841797 Test Error: 187.6011505126953
Round: 3500 Training Error: 134.97164916992188 Validation Error: 155.74832153320312 Test Error: 186.8509063720703
Round: 4000 Training Error: 121.7948989868164 Validation Error: 161.2300262451172 Test Error: 189.111328125
Round: 4500 Training Error: 131.60760498046875 Validation Error: 162.92242431640625 Test Error: 188.48915100097656
Round: 5000 Training Error: 132.9096221923828 Validation Error: 158.72262573242188 Test Error: 188.98825073242188
Round: 5500 Training Error: 131.3510284423828 Validation Error: 163.76791381835938 Test Error: 188.781005859375
Round: 6000 Training Error: 132.73184204101562 Validation Error: 156.29812622070312 Test Error: 189.8208770751953
Round: 6500 Training Error: 130.12693786621094 Validation Error: 163.6027374267578 Test Error: 190.79541015625
Round: 7000 Training Error: 131.09933471679688 Validation Error: 162.5370635986328 Test Error: 189.5596923828125
Round: 7500 Training Error: 117.71957397460938 Validation Error: 158.23362731933594 Test Error: 188.90432739257812
Round: 8000 Training Error: 132.4993896484375 Validation Error: 157.35003662109375 Test Error: 188.92605590820312
Round: 8500 Training Error: 129.07818603515625 Validation Error: 159.50253295898438 Test Error: 190.6845245361328
Round: 9000 Training Error: 130.76654052734375 Validation Error: 158.24378967285156 Test Error: 187.11907958984375
Round: 9500 Training Error: 115.52716064453125 Validation Error: 157.85104370117188 Test Error: 187.65411376953125
Round: 10000 Training Error: 131.05795288085938 Validation Error: 153.55250549316406 Test Error: 185.66127014160156
Round: 10500 Training Error: 129.1167755126953 Validation Error: 155.5261993408203 Test Error: 187.34707641601562
Round: 11000 Training Error: 130.83624267578125 Validation Error: 156.5677032470703 Test Error: 186.87225341796875
Round: 11500 Training Error: 130.56613159179688 Validation Error: 150.59524536132812 Test Error: 184.51454162597656
Round: 12000 Training Error: 128.2384490966797 Validation Error: 152.53602600097656 Test Error: 184.9029541015625
Round: 12500 Training Error: 127.18357849121094 Validation Error: 157.4245147705078 Test Error: 187.5208740234375
Round: 13000 Training Error: 129.03570556640625 Validation Error: 156.42938232421875 Test Error: 187.1525421142578
Round: 13500 Training Error: 127.48727416992188 Validation Error: 157.45046997070312 Test Error: 187.25100708007812
Round: 14000 Training Error: 128.12249755859375 Validation Error: 154.85556030273438 Test Error: 185.32208251953125
Round: 14500 Training Error: 126.90230560302734 Validation Error: 155.5670166015625 Test Error: 186.93023681640625
Round: 15000 Training Error: 126.9224853515625 Validation Error: 152.97732543945312 Test Error: 187.3732452392578
Round: 15500 Training Error: 110.40665435791016 Validation Error: 152.2754364013672 Test Error: 186.59359741210938
Round: 16000 Training Error: 127.4119873046875 Validation Error: 153.02197265625 Test Error: 186.2212677001953
Round: 16500 Training Error: 107.59955596923828 Validation Error: 149.49588012695312 Test Error: 184.2502899169922
Round: 17000 Training Error: 127.13107299804688 Validation Error: 148.91116333007812 Test Error: 184.28195190429688
Round: 17500 Training Error: 111.93327331542969 Validation Error: 148.287841796875 Test Error: 185.42076110839844
Round: 18000 Training Error: 126.69109344482422 Validation Error: 147.91893005371094 Test Error: 183.28895568847656
Round: 18500 Training Error: 127.09400939941406 Validation Error: 147.5755157470703 Test Error: 182.65037536621094
Round: 19000 Training Error: 127.49424743652344 Validation Error: 148.11578369140625 Test Error: 182.8514404296875
Round: 19500 Training Error: 126.35765075683594 Validation Error: 147.8118438720703 Test Error: 184.03390502929688
Round: 20000 Training Error: 126.60687255859375 Validation Error: 146.78524780273438 Test Error: 183.52798461914062
