nohup: ignoring input
3 3 dw 1.0 2000
0 Training Error: 15.751209259033203 Test Error: 21.033048629760742
1000 Training Error: nan Test Error: nan
3 3 dw 1.0 4000
0 Training Error: 15.752256393432617 Test Error: 21.033145904541016
1000 Training Error: nan Test Error: nan
2000 Training Error: nan Test Error: nan
3000 Training Error: nan Test Error: nan
3 3 dw 1.0 6000
0 Training Error: 15.752256393432617 Test Error: 21.033145904541016
1000 Training Error: nan Test Error: nan
2000 Training Error: nan Test Error: nan
3000 Training Error: nan Test Error: nan
4000 Training Error: nan Test Error: nan
5000 Training Error: nan Test Error: nan
3 3 dw 1.0 8000
0 Training Error: 15.752256393432617 Test Error: 21.033145904541016
1000 Training Error: nan Test Error: nan
2000 Training Error: nan Test Error: nan
3000 Training Error: nan Test Error: nan
4000 Training Error: nan Test Error: nan
5000 Training Error: nan Test Error: nan
6000 Training Error: nan Test Error: nan
7000 Training Error: nan Test Error: nan
3 3 mw 0.001 2000
0 Training Error: 9.069540977478027 Test Error: 6.1593451499938965
1000 Training Error: 7.794600963592529 Test Error: 5.504955291748047
3 3 mw 0.001 4000
0 Training Error: 9.069540977478027 Test Error: 6.1593451499938965
1000 Training Error: 7.794600486755371 Test Error: 5.504955291748047
2000 Training Error: 7.763034343719482 Test Error: 5.512310981750488
3000 Training Error: 7.737593650817871 Test Error: 5.539035320281982
3 3 mw 0.001 6000
0 Training Error: 9.069540977478027 Test Error: 6.1593451499938965
1000 Training Error: 7.7945990562438965 Test Error: 5.504955291748047
2000 Training Error: 7.763032913208008 Test Error: 5.512313365936279
3000 Training Error: 7.737592697143555 Test Error: 5.539041996002197
4000 Training Error: 7.7146172523498535 Test Error: 5.559314250946045
5000 Training Error: 7.69104528427124 Test Error: 5.577119827270508
3 3 mw 0.001 8000
0 Training Error: 9.069540977478027 Test Error: 6.1593451499938965
1000 Training Error: 7.794600009918213 Test Error: 5.50495719909668
2000 Training Error: 7.763035297393799 Test Error: 5.512310981750488
3000 Training Error: 7.737593650817871 Test Error: 5.539036273956299
4000 Training Error: 7.714614391326904 Test Error: 5.559223651885986
5000 Training Error: 7.691059589385986 Test Error: 5.577079772949219
6000 Training Error: 7.669164657592773 Test Error: 5.5963945388793945
7000 Training Error: 7.650130748748779 Test Error: 5.602474689483643
3 3 mw 0.01 2000
0 Training Error: 9.069540977478027 Test Error: 6.152627468109131
1000 Training Error: 7.626888275146484 Test Error: 5.587125301361084
3 3 mw 0.01 4000
0 Training Error: 9.069540977478027 Test Error: 6.152627468109131
1000 Training Error: 7.6219964027404785 Test Error: 5.66251277923584
2000 Training Error: 7.506570816040039 Test Error: 5.633626461029053
3000 Training Error: 7.459880828857422 Test Error: 5.686859607696533
3 3 mw 0.01 6000
0 Training Error: 9.069540977478027 Test Error: 6.152627468109131
1000 Training Error: 7.610984802246094 Test Error: 5.606908321380615
2000 Training Error: 7.5092926025390625 Test Error: 5.6805853843688965
3000 Training Error: 7.461202621459961 Test Error: 5.668585777282715
4000 Training Error: 7.437211036682129 Test Error: 5.653284072875977
5000 Training Error: 7.398804664611816 Test Error: 5.7166056632995605
3 3 mw 0.01 8000
0 Training Error: 9.069540977478027 Test Error: 6.152627468109131
1000 Training Error: 7.617749214172363 Test Error: 5.643938064575195
2000 Training Error: 7.518070697784424 Test Error: 5.631865501403809
3000 Training Error: 7.456137180328369 Test Error: 5.657043933868408
4000 Training Error: 7.416547775268555 Test Error: 5.687849998474121
5000 Training Error: 7.371878623962402 Test Error: 5.7126946449279785
6000 Training Error: 7.370326042175293 Test Error: 5.754072666168213
7000 Training Error: 7.349834442138672 Test Error: 5.735373497009277
3 3 mw 0.1 2000
0 Training Error: 9.069540977478027 Test Error: 6.097539901733398
1000 Training Error: 7.3856658935546875 Test Error: 5.720148086547852
3 3 mw 0.1 4000
0 Training Error: 9.069540977478027 Test Error: 6.097539901733398
1000 Training Error: 7.384764671325684 Test Error: 5.810455322265625
2000 Training Error: 7.307210445404053 Test Error: 5.824295520782471
3000 Training Error: 7.266985893249512 Test Error: 5.799084663391113
3 3 mw 0.1 6000
0 Training Error: 9.069540977478027 Test Error: 6.097539901733398
1000 Training Error: 7.420718193054199 Test Error: 5.772575378417969
2000 Training Error: 7.319642543792725 Test Error: 5.908783435821533
3000 Training Error: 7.282738208770752 Test Error: 5.824899196624756
4000 Training Error: 7.247591972351074 Test Error: 5.89153528213501
5000 Training Error: 7.243744373321533 Test Error: 5.936512470245361
3 3 mw 0.1 8000
0 Training Error: 9.069540977478027 Test Error: 6.097539901733398
1000 Training Error: 7.387021541595459 Test Error: 5.781054973602295
2000 Training Error: 7.308861255645752 Test Error: 5.876096725463867
3000 Training Error: 7.278526782989502 Test Error: 5.810199737548828
4000 Training Error: 7.274468898773193 Test Error: 5.871424674987793
5000 Training Error: 7.242280006408691 Test Error: 5.8889007568359375
6000 Training Error: 7.246329307556152 Test Error: 5.823434352874756
7000 Training Error: 7.239906311035156 Test Error: 5.903029441833496
3 3 mw 1.0 2000
0 Training Error: 9.069540977478027 Test Error: 5.887828350067139
1000 Training Error: nan Test Error: nan
3 3 mw 1.0 4000
0 Training Error: 9.069540977478027 Test Error: 5.887828350067139
1000 Training Error: nan Test Error: nan
2000 Training Error: nan Test Error: nan
3000 Training Error: nan Test Error: nan
3 3 mw 1.0 6000
0 Training Error: 9.069540977478027 Test Error: 5.887828350067139
1000 Training Error: nan Test Error: nan
2000 Training Error: nan Test Error: nan
3000 Training Error: nan Test Error: nan
4000 Training Error: nan Test Error: nan
5000 Training Error: nan Test Error: nan
3 3 mw 1.0 8000
0 Training Error: 9.069540977478027 Test Error: 5.887828350067139
1000 Training Error: nan Test Error: nan
2000 Training Error: nan Test Error: nan
3000 Training Error: nan Test Error: nan
4000 Training Error: nan Test Error: nan
5000 Training Error: nan Test Error: nan
6000 Training Error: nan Test Error: nan
7000 Training Error: nan Test Error: nan
3 4 hvac 0.001 2000
0 Training Error: 894.495849609375 Test Error: 812.822265625
1000 Training Error: 312.3757629394531 Test Error: 396.3692932128906
3 4 hvac 0.001 4000
0 Training Error: 894.495849609375 Test Error: 812.822265625
1000 Training Error: 313.75830078125 Test Error: 397.93499755859375
2000 Training Error: 287.4009704589844 Test Error: 393.6362609863281
3000 Training Error: 263.4531555175781 Test Error: 377.721435546875
3 4 hvac 0.001 6000
0 Training Error: 894.495849609375 Test Error: 812.822265625
1000 Training Error: 313.4262390136719 Test Error: 397.39697265625
2000 Training Error: 283.9896240234375 Test Error: 386.80657958984375
3000 Training Error: 263.21881103515625 Test Error: 366.1799011230469
4000 Training Error: 247.80453491210938 Test Error: 355.3656921386719
5000 Training Error: 227.66110229492188 Test Error: 338.1315002441406
3 4 hvac 0.001 8000
0 Training Error: 894.495849609375 Test Error: 812.822265625
1000 Training Error: 314.2531433105469 Test Error: 394.5418701171875
2000 Training Error: 284.0858154296875 Test Error: 381.71612548828125
3000 Training Error: 263.0831298828125 Test Error: 376.23309326171875
4000 Training Error: 245.00218200683594 Test Error: 351.7056579589844
5000 Training Error: 226.6814727783203 Test Error: 339.8872985839844
6000 Training Error: 219.09336853027344 Test Error: 336.6604919433594
7000 Training Error: 215.47763061523438 Test Error: 328.6191711425781
3 4 hvac 0.01 2000
0 Training Error: 894.495849609375 Test Error: 812.8129272460938
1000 Training Error: 248.64593505859375 Test Error: 351.0858459472656
3 4 hvac 0.01 4000
0 Training Error: 894.495849609375 Test Error: 812.8129272460938
1000 Training Error: 266.42987060546875 Test Error: 353.0972595214844
2000 Training Error: 236.53826904296875 Test Error: 329.9993591308594
3000 Training Error: 231.36952209472656 Test Error: 327.02685546875
3 4 hvac 0.01 6000
0 Training Error: 894.495849609375 Test Error: 812.8129272460938
1000 Training Error: 246.96963500976562 Test Error: 353.6406555175781
2000 Training Error: 225.19989013671875 Test Error: 329.7740173339844
3000 Training Error: 221.22894287109375 Test Error: 333.9061584472656
4000 Training Error: 220.80621337890625 Test Error: 329.6882629394531
5000 Training Error: 217.9535675048828 Test Error: 332.34307861328125
3 4 hvac 0.01 8000
0 Training Error: 894.495849609375 Test Error: 812.8129272460938
1000 Training Error: 255.8559112548828 Test Error: 351.401123046875
2000 Training Error: 228.75051879882812 Test Error: 328.77239990234375
3000 Training Error: 222.92539978027344 Test Error: 325.14630126953125
4000 Training Error: 220.25071716308594 Test Error: 333.3721008300781
5000 Training Error: 218.7944793701172 Test Error: 332.6600036621094
6000 Training Error: 217.2144012451172 Test Error: 322.586669921875
7000 Training Error: 215.25521850585938 Test Error: 329.22540283203125
3 4 hvac 0.1 2000
0 Training Error: 894.495849609375 Test Error: 812.7215576171875
1000 Training Error: 238.7547149658203 Test Error: 332.427490234375
3 4 hvac 0.1 4000
0 Training Error: 894.495849609375 Test Error: 812.7215576171875
1000 Training Error: 256.7440185546875 Test Error: 364.34161376953125
2000 Training Error: 247.19332885742188 Test Error: 363.3268737792969
3000 Training Error: 239.17176818847656 Test Error: 362.6788330078125
3 4 hvac 0.1 6000
0 Training Error: 894.495849609375 Test Error: 812.7215576171875
1000 Training Error: 250.59193420410156 Test Error: 352.4561462402344
2000 Training Error: 235.01490783691406 Test Error: 296.2520751953125
3000 Training Error: 230.71665954589844 Test Error: 326.0010986328125
4000 Training Error: 222.7152557373047 Test Error: 301.3349304199219
5000 Training Error: 225.8786163330078 Test Error: 335.8812255859375
3 4 hvac 0.1 8000
0 Training Error: 894.495849609375 Test Error: 812.7215576171875
1000 Training Error: 248.9662628173828 Test Error: 355.5402526855469
2000 Training Error: 243.75405883789062 Test Error: 351.719970703125
3000 Training Error: 235.56741333007812 Test Error: 304.2398986816406
4000 Training Error: 235.89157104492188 Test Error: 348.1648254394531
5000 Training Error: 233.7054901123047 Test Error: 353.529541015625
6000 Training Error: 230.365478515625 Test Error: 313.0269775390625
7000 Training Error: 228.21551513671875 Test Error: 341.4410095214844
3 4 hvac 1.0 2000
0 Training Error: 894.495849609375 Test Error: 811.960205078125
1000 Training Error: nan Test Error: nan
3 4 hvac 1.0 4000
0 Training Error: 894.495849609375 Test Error: 811.960205078125
1000 Training Error: nan Test Error: nan
2000 Training Error: nan Test Error: nan
3000 Training Error: nan Test Error: nan
3 4 hvac 1.0 6000
0 Training Error: 894.495849609375 Test Error: 811.960205078125
1000 Training Error: nan Test Error: nan
2000 Training Error: nan Test Error: nan
3000 Training Error: nan Test Error: nan
4000 Training Error: nan Test Error: nan
5000 Training Error: nan Test Error: nan
3 4 hvac 1.0 8000
0 Training Error: 894.495849609375 Test Error: 811.960205078125
1000 Training Error: nan Test Error: nan
2000 Training Error: nan Test Error: nan
3000 Training Error: nan Test Error: nan
4000 Training Error: nan Test Error: nan
5000 Training Error: nan Test Error: nan
6000 Training Error: nan Test Error: nan
7000 Training Error: nan Test Error: nan
3 4 fridge 0.001 2000
0 Training Error: 89.19743347167969 Test Error: 78.6214370727539
1000 Training Error: 29.035242080688477 Test Error: 29.536376953125
3 4 fridge 0.001 4000
0 Training Error: 89.19743347167969 Test Error: 78.6214370727539
1000 Training Error: 29.035301208496094 Test Error: 29.536760330200195
2000 Training Error: 27.9875545501709 Test Error: 29.944406509399414
3000 Training Error: 27.39430046081543 Test Error: 30.394502639770508
3 4 fridge 0.001 6000
0 Training Error: 89.19743347167969 Test Error: 78.6214370727539
1000 Training Error: 29.035024642944336 Test Error: 29.536256790161133
2000 Training Error: 28.017127990722656 Test Error: 30.15888214111328
3000 Training Error: 27.37693214416504 Test Error: 30.38481903076172
4000 Training Error: 27.03200340270996 Test Error: 30.871763229370117
5000 Training Error: 26.76148796081543 Test Error: 31.20846176147461
3 4 fridge 0.001 8000
0 Training Error: 89.19743347167969 Test Error: 78.6214370727539
1000 Training Error: 29.035226821899414 Test Error: 29.53568458557129
2000 Training Error: 27.990137100219727 Test Error: 29.94637107849121
3000 Training Error: 27.392990112304688 Test Error: 30.376724243164062
4000 Training Error: 27.06414031982422 Test Error: 30.944246292114258
5000 Training Error: 26.765932083129883 Test Error: 31.216550827026367
6000 Training Error: 26.631328582763672 Test Error: 31.338037490844727
7000 Training Error: 26.404817581176758 Test Error: 31.305496215820312
3 4 fridge 0.01 2000
0 Training Error: 89.19743347167969 Test Error: 78.60977935791016
1000 Training Error: 26.695598602294922 Test Error: 30.46964454650879
3 4 fridge 0.01 4000
0 Training Error: 89.19743347167969 Test Error: 78.60977935791016
1000 Training Error: 26.639636993408203 Test Error: 30.564481735229492
2000 Training Error: 26.113414764404297 Test Error: 31.151248931884766
3000 Training Error: 25.700408935546875 Test Error: 31.716514587402344
3 4 fridge 0.01 6000
0 Training Error: 89.19743347167969 Test Error: 78.60977935791016
1000 Training Error: 26.638917922973633 Test Error: 30.9747314453125
2000 Training Error: 25.965675354003906 Test Error: 31.405366897583008
3000 Training Error: 25.662109375 Test Error: 32.10161590576172
4000 Training Error: 25.411190032958984 Test Error: 31.98036766052246
5000 Training Error: 25.30870246887207 Test Error: 32.096248626708984
3 4 fridge 0.01 8000
0 Training Error: 89.19743347167969 Test Error: 78.60977935791016
1000 Training Error: 26.67605972290039 Test Error: 30.512666702270508
2000 Training Error: 26.124277114868164 Test Error: 30.938541412353516
3000 Training Error: 25.977066040039062 Test Error: 31.736631393432617
4000 Training Error: 25.779815673828125 Test Error: 31.57921600341797
5000 Training Error: 25.458051681518555 Test Error: 32.13890075683594
6000 Training Error: 25.370153427124023 Test Error: 32.478084564208984
7000 Training Error: 25.244596481323242 Test Error: 32.275611877441406
3 4 fridge 0.1 2000
0 Training Error: 89.19743347167969 Test Error: 78.4941177368164
1000 Training Error: 26.409351348876953 Test Error: 31.522676467895508
3 4 fridge 0.1 4000
0 Training Error: 89.19743347167969 Test Error: 78.4941177368164
1000 Training Error: 26.594337463378906 Test Error: 30.27393913269043
2000 Training Error: 26.21603012084961 Test Error: 31.53399085998535
3000 Training Error: 25.850887298583984 Test Error: 31.894546508789062
3 4 fridge 0.1 6000
0 Training Error: 89.19743347167969 Test Error: 78.4941177368164
1000 Training Error: 26.3623046875 Test Error: 30.963159561157227
2000 Training Error: 25.882143020629883 Test Error: 31.185386657714844
3000 Training Error: 25.741762161254883 Test Error: 31.93587303161621
4000 Training Error: 25.85801887512207 Test Error: 32.468841552734375
5000 Training Error: 25.57513427734375 Test Error: 32.268348693847656
3 4 fridge 0.1 8000
0 Training Error: 89.19743347167969 Test Error: 78.4941177368164
1000 Training Error: 26.609371185302734 Test Error: 30.42213249206543
2000 Training Error: 25.97170639038086 Test Error: 31.51398277282715
3000 Training Error: 25.852441787719727 Test Error: 31.974597930908203
4000 Training Error: 25.692569732666016 Test Error: 31.848249435424805
5000 Training Error: 25.552186965942383 Test Error: 32.04273223876953
6000 Training Error: 25.50949478149414 Test Error: 32.086997985839844
7000 Training Error: 25.409387588500977 Test Error: 32.21906661987305
3 4 fridge 1.0 2000
0 Training Error: 89.19743347167969 Test Error: 77.39580535888672
1000 Training Error: nan Test Error: nan
3 4 fridge 1.0 4000
0 Training Error: 89.19743347167969 Test Error: 77.39580535888672
1000 Training Error: nan Test Error: nan
2000 Training Error: nan Test Error: nan
3000 Training Error: nan Test Error: nan
3 4 fridge 1.0 6000
0 Training Error: 89.19743347167969 Test Error: 77.39580535888672
1000 Training Error: nan Test Error: nan
2000 Training Error: nan Test Error: nan
3000 Training Error: nan Test Error: nan
4000 Training Error: nan Test Error: nan
5000 Training Error: nan Test Error: nan
3 4 fridge 1.0 8000
0 Training Error: 89.19743347167969 Test Error: 77.39580535888672
1000 Training Error: nan Test Error: nan
2000 Training Error: nan Test Error: nan
3000 Training Error: nan Test Error: nan
4000 Training Error: nan Test Error: nan
5000 Training Error: nan Test Error: nan
6000 Training Error: nan Test Error: nan
7000 Training Error: nan Test Error: nan
3 4 dr 0.001 2000
0 Training Error: 62.7231330871582 Test Error: 65.5698471069336
1000 Training Error: 62.56511306762695 Test Error: 65.4233627319336
3 4 dr 0.001 4000
0 Training Error: 62.7231330871582 Test Error: 65.5698471069336
1000 Training Error: 62.56511306762695 Test Error: 65.4233627319336
2000 Training Error: 62.55582809448242 Test Error: 65.41020965576172
3000 Training Error: 62.5526123046875 Test Error: 65.40547180175781
3 4 dr 0.001 6000
0 Training Error: 62.7231330871582 Test Error: 65.5698471069336
1000 Training Error: 62.56511306762695 Test Error: 65.4233627319336
2000 Training Error: 62.55582809448242 Test Error: 65.41020965576172
3000 Training Error: 62.552616119384766 Test Error: 65.40547180175781
4000 Training Error: 62.55101013183594 Test Error: 65.40304565429688
5000 Training Error: 62.550052642822266 Test Error: 65.40158081054688
3 4 dr 0.001 8000
0 Training Error: 62.7231330871582 Test Error: 65.5698471069336
1000 Training Error: 62.56511306762695 Test Error: 65.4233627319336
2000 Training Error: 62.55582809448242 Test Error: 65.41020965576172
3000 Training Error: 62.5526123046875 Test Error: 65.40547180175781
4000 Training Error: 62.55101013183594 Test Error: 65.40304565429688
5000 Training Error: 62.550052642822266 Test Error: 65.40158081054688
6000 Training Error: 62.54943084716797 Test Error: 65.40060424804688
7000 Training Error: 62.54898452758789 Test Error: 65.39991760253906
3 4 dr 0.01 2000
0 Training Error: 62.7231330871582 Test Error: 65.56453704833984
1000 Training Error: 62.552040100097656 Test Error: 65.40357971191406
3 4 dr 0.01 4000
0 Training Error: 62.7231330871582 Test Error: 65.56453704833984
1000 Training Error: 62.55035400390625 Test Error: 65.40277862548828
2000 Training Error: 62.54987335205078 Test Error: 65.40013885498047
3000 Training Error: 62.54893112182617 Test Error: 65.39945220947266
3 4 dr 0.01 6000
0 Training Error: 62.7231330871582 Test Error: 65.56453704833984
1000 Training Error: 62.55253982543945 Test Error: 65.40575408935547
2000 Training Error: 62.551414489746094 Test Error: 65.40078735351562
3000 Training Error: 62.55192947387695 Test Error: 65.4029312133789
4000 Training Error: 62.548545837402344 Test Error: 65.39901733398438
5000 Training Error: 62.5486946105957 Test Error: 65.39955139160156
3 4 dr 0.01 8000
0 Training Error: 62.7231330871582 Test Error: 65.56453704833984
1000 Training Error: 62.55050277709961 Test Error: 65.40287017822266
2000 Training Error: 62.54973220825195 Test Error: 65.4031982421875
3000 Training Error: 62.55109405517578 Test Error: 65.40116119384766
4000 Training Error: 62.54894256591797 Test Error: 65.40055847167969
5000 Training Error: 62.54828643798828 Test Error: 65.39801788330078
6000 Training Error: 62.54815673828125 Test Error: 65.39884948730469
7000 Training Error: 62.54812240600586 Test Error: 65.39864349365234
3 4 dr 0.1 2000
0 Training Error: 62.7231330871582 Test Error: 65.54043579101562
1000 Training Error: 62.551395416259766 Test Error: 65.41043853759766
3 4 dr 0.1 4000
0 Training Error: 62.7231330871582 Test Error: 65.54043579101562
1000 Training Error: 62.55125427246094 Test Error: 65.4147720336914
2000 Training Error: 62.54079055786133 Test Error: 65.44294738769531
3000 Training Error: 62.506954193115234 Test Error: 65.42744445800781
3 4 dr 0.1 6000
0 Training Error: 62.7231330871582 Test Error: 65.54043579101562
1000 Training Error: 62.55146026611328 Test Error: 65.41044616699219
2000 Training Error: 62.54133605957031 Test Error: 65.42193603515625
3000 Training Error: 62.50299835205078 Test Error: 65.4128189086914
4000 Training Error: 62.46748352050781 Test Error: 65.42986297607422
5000 Training Error: 62.119873046875 Test Error: 65.4979019165039
3 4 dr 0.1 8000
0 Training Error: 62.7231330871582 Test Error: 65.54043579101562
1000 Training Error: 62.551395416259766 Test Error: 65.41063690185547
2000 Training Error: 62.52415466308594 Test Error: 65.44429016113281
3000 Training Error: 62.49696350097656 Test Error: 65.44815826416016
4000 Training Error: 62.45688247680664 Test Error: 65.37493896484375
5000 Training Error: 62.17037582397461 Test Error: 65.49198913574219
6000 Training Error: 61.85285949707031 Test Error: 65.9073486328125
7000 Training Error: 61.833160400390625 Test Error: 65.77233123779297
3 4 dr 1.0 2000
0 Training Error: 62.7231330871582 Test Error: 65.81531524658203
1000 Training Error: nan Test Error: nan
3 4 dr 1.0 4000
0 Training Error: 62.7231330871582 Test Error: 65.81531524658203
1000 Training Error: nan Test Error: nan
2000 Training Error: nan Test Error: nan
3000 Training Error: nan Test Error: nan
3 4 dr 1.0 6000
0 Training Error: 62.7231330871582 Test Error: 65.81531524658203
1000 Training Error: nan Test Error: nan
2000 Training Error: nan Test Error: nan
3000 Training Error: nan Test Error: nan
4000 Training Error: nan Test Error: nan
5000 Training Error: nan Test Error: nan
3 4 dr 1.0 8000
0 Training Error: 62.7231330871582 Test Error: 65.81531524658203
1000 Training Error: nan Test Error: nan
2000 Training Error: nan Test Error: nan
3000 Training Error: nan Test Error: nan
4000 Training Error: nan Test Error: nan
5000 Training Error: nan Test Error: nan
6000 Training Error: nan Test Error: nan
7000 Training Error: nan Test Error: nan
3 4 dw 0.001 2000
0 Training Error: 16.301830291748047 Test Error: 9.743980407714844
1000 Training Error: 16.09869956970215 Test Error: 9.532118797302246
3 4 dw 0.001 4000
0 Training Error: 16.301830291748047 Test Error: 9.743980407714844
1000 Training Error: 16.09869956970215 Test Error: 9.532118797302246
2000 Training Error: 16.087238311767578 Test Error: 9.519678115844727
3000 Training Error: 16.083538055419922 Test Error: 9.515610694885254
3 4 dw 0.001 6000
0 Training Error: 16.301830291748047 Test Error: 9.743980407714844
1000 Training Error: 16.09869956970215 Test Error: 9.532118797302246
2000 Training Error: 16.087238311767578 Test Error: 9.519678115844727
3000 Training Error: 16.083539962768555 Test Error: 9.515610694885254
4000 Training Error: 16.08287239074707 Test Error: 9.514335632324219
5000 Training Error: 16.08384132385254 Test Error: 9.515473365783691
3 4 dw 0.001 8000
0 Training Error: 16.301830291748047 Test Error: 9.743980407714844
1000 Training Error: 16.09869956970215 Test Error: 9.532118797302246
2000 Training Error: 16.087238311767578 Test Error: 9.519678115844727
3000 Training Error: 16.083539962768555 Test Error: 9.515610694885254
4000 Training Error: 16.082870483398438 Test Error: 9.514335632324219
5000 Training Error: 16.0817813873291 Test Error: 9.515668869018555
6000 Training Error: 16.08306884765625 Test Error: 9.512792587280273
7000 Training Error: 16.08033561706543 Test Error: 9.513322830200195
3 4 dw 0.01 2000
0 Training Error: 16.301830291748047 Test Error: 9.73546028137207
1000 Training Error: 16.089509963989258 Test Error: 9.520147323608398
3 4 dw 0.01 4000
0 Training Error: 16.301830291748047 Test Error: 9.73546028137207
1000 Training Error: 16.085025787353516 Test Error: 9.519590377807617
2000 Training Error: 16.083160400390625 Test Error: 9.512747764587402
3000 Training Error: 16.08177947998047 Test Error: 9.513822555541992
3 4 dw 0.01 6000
0 Training Error: 16.301830291748047 Test Error: 9.73546028137207
1000 Training Error: 16.08790397644043 Test Error: 9.521492958068848
2000 Training Error: 16.081256866455078 Test Error: 9.514078140258789
3000 Training Error: 16.081459045410156 Test Error: 9.511754989624023
4000 Training Error: 16.079683303833008 Test Error: 9.512409210205078
5000 Training Error: 16.079689025878906 Test Error: 9.511357307434082
3 4 dw 0.01 8000
0 Training Error: 16.301830291748047 Test Error: 9.73546028137207
1000 Training Error: 16.08727264404297 Test Error: 9.521374702453613
2000 Training Error: 16.0830020904541 Test Error: 9.51315975189209
3000 Training Error: 16.0814208984375 Test Error: 9.511702537536621
4000 Training Error: 16.080520629882812 Test Error: 9.512612342834473
5000 Training Error: 16.08146095275879 Test Error: 9.514666557312012
6000 Training Error: 16.0802059173584 Test Error: 9.513375282287598
7000 Training Error: 16.081125259399414 Test Error: 9.513090133666992
3 4 dw 0.1 2000
0 Training Error: 16.301830291748047 Test Error: 9.696816444396973
1000 Training Error: 16.12364387512207 Test Error: 9.536438941955566
3 4 dw 0.1 4000
0 Training Error: 16.301830291748047 Test Error: 9.696816444396973
1000 Training Error: 16.132465362548828 Test Error: 9.518110275268555
2000 Training Error: 16.095300674438477 Test Error: 9.527077674865723
3000 Training Error: 16.111831665039062 Test Error: 9.590680122375488
3 4 dw 0.1 6000
0 Training Error: 16.301830291748047 Test Error: 9.696816444396973
1000 Training Error: 16.083209991455078 Test Error: 9.584010124206543
2000 Training Error: 16.142311096191406 Test Error: 9.522343635559082
3000 Training Error: 16.11164665222168 Test Error: 9.514585494995117
4000 Training Error: 16.088247299194336 Test Error: 9.58068561553955
5000 Training Error: 16.084789276123047 Test Error: 9.52296257019043
3 4 dw 0.1 8000
0 Training Error: 16.301830291748047 Test Error: 9.696816444396973
1000 Training Error: 16.12955665588379 Test Error: 9.566673278808594
2000 Training Error: 16.134849548339844 Test Error: 9.573463439941406
3000 Training Error: 16.134193420410156 Test Error: 9.521207809448242
4000 Training Error: 16.104768753051758 Test Error: 9.562164306640625
5000 Training Error: 16.113412857055664 Test Error: 9.531615257263184
6000 Training Error: 16.082571029663086 Test Error: 9.562464714050293
7000 Training Error: 16.101245880126953 Test Error: 9.51986312866211
3 4 dw 1.0 2000
0 Training Error: 16.301830291748047 Test Error: 9.950599670410156
1000 Training Error: nan Test Error: nan
3 4 dw 1.0 4000
0 Training Error: 16.301830291748047 Test Error: 9.950599670410156
1000 Training Error: nan Test Error: nan
2000 Training Error: nan Test Error: nan
3000 Training Error: nan Test Error: nan
3 4 dw 1.0 6000
0 Training Error: 16.301830291748047 Test Error: 9.95059871673584
1000 Training Error: nan Test Error: nan
2000 Training Error: nan Test Error: nan
3000 Training Error: nan Test Error: nan
4000 Training Error: nan Test Error: nan
5000 Training Error: nan Test Error: nan
3 4 dw 1.0 8000
0 Training Error: 16.301830291748047 Test Error: 9.950599670410156
1000 Training Error: nan Test Error: nan
2000 Training Error: nan Test Error: nan
3000 Training Error: nan Test Error: nan
4000 Training Error: nan Test Error: nan
5000 Training Error: nan Test Error: nan
6000 Training Error: nan Test Error: nan
7000 Training Error: nan Test Error: nan
3 4 mw 0.001 2000
0 Training Error: 8.822333335876465 Test Error: 12.964231491088867
1000 Training Error: 7.55129861831665 Test Error: 12.530635833740234
3 4 mw 0.001 4000
0 Training Error: 8.822333335876465 Test Error: 12.964231491088867
1000 Training Error: 7.55129861831665 Test Error: 12.530637741088867
2000 Training Error: 7.520069599151611 Test Error: 12.5413818359375
3000 Training Error: 7.493522644042969 Test Error: 12.566499710083008
3 4 mw 0.001 6000
0 Training Error: 8.822333335876465 Test Error: 12.964231491088867
1000 Training Error: 7.551298141479492 Test Error: 12.53063678741455
2000 Training Error: 7.520069599151611 Test Error: 12.541379928588867
3000 Training Error: 7.493521690368652 Test Error: 12.566505432128906
4000 Training Error: 7.468402862548828 Test Error: 12.581682205200195
5000 Training Error: 7.444320201873779 Test Error: 12.586686134338379
3 4 mw 0.001 8000
0 Training Error: 8.822333335876465 Test Error: 12.964231491088867
1000 Training Error: 7.551298141479492 Test Error: 12.530635833740234
2000 Training Error: 7.520068168640137 Test Error: 12.54138469696045
3000 Training Error: 7.493521213531494 Test Error: 12.566506385803223
4000 Training Error: 7.4684038162231445 Test Error: 12.581679344177246
5000 Training Error: 7.444324493408203 Test Error: 12.58643913269043
6000 Training Error: 7.422830104827881 Test Error: 12.59604549407959
7000 Training Error: 7.402093410491943 Test Error: 12.599148750305176
3 4 mw 0.01 2000
0 Training Error: 8.822333335876465 Test Error: 12.958401679992676
1000 Training Error: 7.358353137969971 Test Error: 12.574262619018555
3 4 mw 0.01 4000
0 Training Error: 8.822333335876465 Test Error: 12.958401679992676
1000 Training Error: 7.360278606414795 Test Error: 12.58281135559082
2000 Training Error: 7.264126777648926 Test Error: 12.664986610412598
3000 Training Error: 7.213201999664307 Test Error: 12.576906204223633
3 4 mw 0.01 6000
0 Training Error: 8.822333335876465 Test Error: 12.958401679992676
1000 Training Error: 7.3592047691345215 Test Error: 12.579288482666016
2000 Training Error: 7.262606620788574 Test Error: 12.633262634277344
3000 Training Error: 7.198831558227539 Test Error: 12.685346603393555
4000 Training Error: 7.147314548492432 Test Error: 12.666683197021484
5000 Training Error: 7.12119722366333 Test Error: 12.75997257232666
3 4 mw 0.01 8000
0 Training Error: 8.822333335876465 Test Error: 12.958401679992676
1000 Training Error: 7.361503601074219 Test Error: 12.63219928741455
2000 Training Error: 7.2848711013793945 Test Error: 12.563965797424316
3000 Training Error: 7.216307640075684 Test Error: 12.703286170959473
4000 Training Error: 7.13746452331543 Test Error: 12.658059120178223
5000 Training Error: 7.125275135040283 Test Error: 12.73750114440918
6000 Training Error: 7.099818706512451 Test Error: 12.72667121887207
7000 Training Error: 7.084105014801025 Test Error: 12.750930786132812
3 4 mw 0.1 2000
0 Training Error: 8.822333335876465 Test Error: 12.910860061645508
1000 Training Error: 7.119083404541016 Test Error: 12.801372528076172
3 4 mw 0.1 4000
0 Training Error: 8.822333335876465 Test Error: 12.910860061645508
1000 Training Error: 7.138494968414307 Test Error: 12.688826560974121
2000 Training Error: 7.06670618057251 Test Error: 12.80164623260498
3000 Training Error: 7.037792205810547 Test Error: 12.737445831298828
3 4 mw 0.1 6000
0 Training Error: 8.822333335876465 Test Error: 12.910860061645508
1000 Training Error: 7.147768974304199 Test Error: 12.814233779907227
2000 Training Error: 7.072817802429199 Test Error: 12.72501277923584
3000 Training Error: 7.025073051452637 Test Error: 12.79916763305664
4000 Training Error: 7.021361827850342 Test Error: 12.828420639038086
5000 Training Error: 7.01294469833374 Test Error: 12.874571800231934
3 4 mw 0.1 8000
0 Training Error: 8.822333335876465 Test Error: 12.910860061645508
1000 Training Error: 7.1464996337890625 Test Error: 12.701494216918945
2000 Training Error: 7.071053504943848 Test Error: 12.832918167114258
3000 Training Error: 7.039628028869629 Test Error: 12.772370338439941
4000 Training Error: 7.032445430755615 Test Error: 12.860457420349121
5000 Training Error: 7.0126729011535645 Test Error: 12.728857040405273
6000 Training Error: 6.9998016357421875 Test Error: 12.792272567749023
7000 Training Error: 7.0027852058410645 Test Error: 12.855548858642578
3 4 mw 1.0 2000
0 Training Error: 8.822333335876465 Test Error: 12.744895935058594
1000 Training Error: nan Test Error: nan
3 4 mw 1.0 4000
0 Training Error: 8.822333335876465 Test Error: 12.744895935058594
1000 Training Error: nan Test Error: nan
2000 Training Error: nan Test Error: nan
3000 Training Error: nan Test Error: nan
3 4 mw 1.0 6000
0 Training Error: 8.822333335876465 Test Error: 12.744895935058594
1000 Training Error: nan Test Error: nan
2000 Training Error: nan Test Error: nan
3000 Training Error: nan Test Error: nan
4000 Training Error: nan Test Error: nan
5000 Training Error: nan Test Error: nan
3 4 mw 1.0 8000
0 Training Error: 8.822333335876465 Test Error: 12.744895935058594
1000 Training Error: nan Test Error: nan
2000 Training Error: nan Test Error: nan
3000 Training Error: nan Test Error: nan
4000 Training Error: nan Test Error: nan
5000 Training Error: nan Test Error: nan
6000 Training Error: nan Test Error: nan
7000 Training Error: nan Test Error: nan
