nohup: ignoring input
3 2 dr 0.1 2000
0 Training Error: 66.7599868774414 Test Error: 71.12857818603516
1000 Training Error: 66.5527572631836 Test Error: 71.03162384033203
4
3 2 dr 0.1 4000
0 Training Error: 66.76919555664062 Test Error: 71.13059997558594
1000 Training Error: 66.56031799316406 Test Error: 71.04345703125
2000 Training Error: 66.28791046142578 Test Error: 71.55322265625
3000 Training Error: 66.13327026367188 Test Error: 72.38109588623047
3 2 dr 0.1 6000
0 Training Error: 66.76919555664062 Test Error: 71.13059997558594
1000 Training Error: 66.55994415283203 Test Error: 71.04436492919922
2000 Training Error: 66.19638061523438 Test Error: 71.46149444580078
3000 Training Error: 66.0082778930664 Test Error: 73.11509704589844
4000 Training Error: 65.60844421386719 Test Error: 72.5806655883789
5000 Training Error: 65.55105590820312 Test Error: 73.11810302734375
3 2 dr 0.1 8000
0 Training Error: 66.76919555664062 Test Error: 71.13059997558594
1000 Training Error: 66.55990600585938 Test Error: 71.03926849365234
2000 Training Error: 66.32868957519531 Test Error: 71.47499084472656
3000 Training Error: 65.58404541015625 Test Error: 72.31005859375
4000 Training Error: 65.62599182128906 Test Error: 72.8932876586914
5000 Training Error: 65.41992950439453 Test Error: 72.7041015625
6000 Training Error: 65.17227172851562 Test Error: 73.19013214111328
7000 Training Error: 65.03298950195312 Test Error: 73.45640563964844
3 2 dr 1.0 2000
0 Training Error: 66.76919555664062 Test Error: 71.32323455810547
1000 Training Error: nan Test Error: nan
3 2 dr 1.0 4000
0 Training Error: 66.76919555664062 Test Error: 71.32323455810547
1000 Training Error: nan Test Error: nan
2000 Training Error: nan Test Error: nan
3000 Training Error: nan Test Error: nan
3 2 dr 1.0 6000
0 Training Error: 66.76919555664062 Test Error: 71.32323455810547
1000 Training Error: nan Test Error: nan
2000 Training Error: nan Test Error: nan
3000 Training Error: nan Test Error: nan
4000 Training Error: nan Test Error: nan
5000 Training Error: nan Test Error: nan
3 2 dr 1.0 8000
0 Training Error: 66.76919555664062 Test Error: 71.32323455810547
1000 Training Error: nan Test Error: nan
2000 Training Error: nan Test Error: nan
3000 Training Error: nan Test Error: nan
4000 Training Error: nan Test Error: nan
5000 Training Error: nan Test Error: nan
6000 Training Error: nan Test Error: nan
7000 Training Error: nan Test Error: nan
3 2 dw 0.001 2000
0 Training Error: 15.985688209533691 Test Error: 19.73521614074707
1000 Training Error: 15.775250434875488 Test Error: 19.554216384887695
3 2 dw 0.001 4000
0 Training Error: 15.985688209533691 Test Error: 19.73521614074707
1000 Training Error: 15.775250434875488 Test Error: 19.554216384887695
2000 Training Error: 15.764017105102539 Test Error: 19.54486656188965
3000 Training Error: 15.760458946228027 Test Error: 19.541873931884766
3 2 dw 0.001 6000
0 Training Error: 15.985688209533691 Test Error: 19.73521614074707
1000 Training Error: 15.775250434875488 Test Error: 19.554216384887695
2000 Training Error: 15.764017105102539 Test Error: 19.54486846923828
3000 Training Error: 15.760457992553711 Test Error: 19.541873931884766
4000 Training Error: 15.759471893310547 Test Error: 19.54137420654297
5000 Training Error: 15.759410858154297 Test Error: 19.54151725769043
3 2 dw 0.001 8000
0 Training Error: 15.985688209533691 Test Error: 19.73521614074707
1000 Training Error: 15.775250434875488 Test Error: 19.554216384887695
2000 Training Error: 15.764017105102539 Test Error: 19.54486656188965
3000 Training Error: 15.760457992553711 Test Error: 19.541872024536133
4000 Training Error: 15.759477615356445 Test Error: 19.541383743286133
5000 Training Error: 15.75940990447998 Test Error: 19.54151725769043
6000 Training Error: 15.758810997009277 Test Error: 19.541292190551758
7000 Training Error: 15.75865650177002 Test Error: 19.54119873046875
3 2 dw 0.01 2000
0 Training Error: 15.985688209533691 Test Error: 19.726787567138672
1000 Training Error: 15.766372680664062 Test Error: 19.548547744750977
3 2 dw 0.01 4000
0 Training Error: 15.985688209533691 Test Error: 19.726787567138672
1000 Training Error: 15.766663551330566 Test Error: 19.545223236083984
2000 Training Error: 15.76157283782959 Test Error: 19.54018783569336
3000 Training Error: 15.758757591247559 Test Error: 19.53854751586914
3 2 dw 0.01 6000
0 Training Error: 15.985688209533691 Test Error: 19.726787567138672
1000 Training Error: 15.76347827911377 Test Error: 19.54963493347168
2000 Training Error: 15.761402130126953 Test Error: 19.54056739807129
3000 Training Error: 15.75735855102539 Test Error: 19.540508270263672
4000 Training Error: 15.757891654968262 Test Error: 19.5398006439209
5000 Training Error: 15.75786018371582 Test Error: 19.539596557617188
3 2 dw 0.01 8000
0 Training Error: 15.985688209533691 Test Error: 19.726787567138672
1000 Training Error: 15.762918472290039 Test Error: 19.545120239257812
2000 Training Error: 15.761216163635254 Test Error: 19.542049407958984
3000 Training Error: 15.759690284729004 Test Error: 19.539308547973633
4000 Training Error: 15.75838851928711 Test Error: 19.53884506225586
5000 Training Error: 15.757643699645996 Test Error: 19.541017532348633
6000 Training Error: 15.757237434387207 Test Error: 19.53954315185547
7000 Training Error: 15.756914138793945 Test Error: 19.54449462890625
3 2 dw 0.1 2000
0 Training Error: 15.985688209533691 Test Error: 19.694561004638672
1000 Training Error: 15.833712577819824 Test Error: 19.587324142456055
3 2 dw 0.1 4000
0 Training Error: 15.985688209533691 Test Error: 19.694561004638672
1000 Training Error: 15.766803741455078 Test Error: 19.557918548583984
2000 Training Error: 15.814870834350586 Test Error: 19.5740909576416
3000 Training Error: 15.832892417907715 Test Error: 19.587797164916992
3 2 dw 0.1 6000
0 Training Error: 15.985688209533691 Test Error: 19.694561004638672
1000 Training Error: 15.792445182800293 Test Error: 19.590770721435547
2000 Training Error: 15.820812225341797 Test Error: 19.543598175048828
3000 Training Error: 15.773907661437988 Test Error: 19.560941696166992
4000 Training Error: 15.762585639953613 Test Error: 19.568742752075195
5000 Training Error: 15.819381713867188 Test Error: 19.544780731201172
3 2 dw 0.1 8000
0 Training Error: 15.985688209533691 Test Error: 19.694561004638672
1000 Training Error: 15.766485214233398 Test Error: 19.603673934936523
2000 Training Error: 15.824679374694824 Test Error: 19.545141220092773
3000 Training Error: 15.834046363830566 Test Error: 19.589025497436523
4000 Training Error: 15.78600025177002 Test Error: 19.54591941833496
5000 Training Error: 15.82557201385498 Test Error: 19.548391342163086
6000 Training Error: 15.766329765319824 Test Error: 19.588037490844727
7000 Training Error: 15.798129081726074 Test Error: 19.585853576660156
3 2 dw 1.0 2000
0 Training Error: 15.985688209533691 Test Error: 19.974117279052734
1000 Training Error: nan Test Error: nan
3 2 dw 1.0 4000
0 Training Error: 15.985688209533691 Test Error: 19.974117279052734
1000 Training Error: nan Test Error: nan
2000 Training Error: nan Test Error: nan
3000 Training Error: nan Test Error: nan
3 2 dw 1.0 6000
0 Training Error: 15.985688209533691 Test Error: 19.974117279052734
1000 Training Error: nan Test Error: nan
2000 Training Error: nan Test Error: nan
3000 Training Error: nan Test Error: nan
4000 Training Error: nan Test Error: nan
5000 Training Error: nan Test Error: nan
3 2 dw 1.0 8000
0 Training Error: 15.985688209533691 Test Error: 19.974117279052734
1000 Training Error: nan Test Error: nan
2000 Training Error: nan Test Error: nan
3000 Training Error: nan Test Error: nan
4000 Training Error: nan Test Error: nan
5000 Training Error: nan Test Error: nan
6000 Training Error: nan Test Error: nan
7000 Training Error: nan Test Error: nan
3 2 mw 0.001 2000
0 Training Error: 8.992737770080566 Test Error: 6.604770183563232
1000 Training Error: 7.571358680725098 Test Error: 6.35831356048584
3 2 mw 0.001 4000
0 Training Error: 8.992737770080566 Test Error: 6.604770183563232
1000 Training Error: 7.571358680725098 Test Error: 6.358313083648682
2000 Training Error: 7.543149948120117 Test Error: 6.363988876342773
3000 Training Error: 7.5183868408203125 Test Error: 6.372786998748779
3 2 mw 0.001 6000
0 Training Error: 8.992737770080566 Test Error: 6.604770183563232
1000 Training Error: 7.571359157562256 Test Error: 6.358312606811523
2000 Training Error: 7.543147563934326 Test Error: 6.363995552062988
3000 Training Error: 7.5183844566345215 Test Error: 6.372801303863525
4000 Training Error: 7.490766525268555 Test Error: 6.392797470092773
5000 Training Error: 7.463311195373535 Test Error: 6.409533977508545
3 2 mw 0.001 8000
0 Training Error: 8.992737770080566 Test Error: 6.604770183563232
1000 Training Error: 7.571359157562256 Test Error: 6.358310222625732
2000 Training Error: 7.543148994445801 Test Error: 6.3639912605285645
3000 Training Error: 7.51838493347168 Test Error: 6.372790813446045
4000 Training Error: 7.4907636642456055 Test Error: 6.392820835113525
5000 Training Error: 7.463295936584473 Test Error: 6.4096174240112305
6000 Training Error: 7.437822341918945 Test Error: 6.424953460693359
7000 Training Error: 7.412984848022461 Test Error: 6.436712741851807
3 2 mw 0.01 2000
0 Training Error: 8.992737770080566 Test Error: 6.598390579223633
1000 Training Error: 7.379153251647949 Test Error: 6.493672847747803
3 2 mw 0.01 4000
0 Training Error: 8.992737770080566 Test Error: 6.598390579223633
1000 Training Error: 7.376491546630859 Test Error: 6.492274761199951
2000 Training Error: 7.235875606536865 Test Error: 6.558133125305176
3000 Training Error: 7.161593437194824 Test Error: 6.585399150848389
3 2 mw 0.01 6000
0 Training Error: 8.992737770080566 Test Error: 6.598390579223633
1000 Training Error: 7.376474380493164 Test Error: 6.419957160949707
2000 Training Error: 7.2465081214904785 Test Error: 6.543407440185547
3000 Training Error: 7.179339408874512 Test Error: 6.594746112823486
4000 Training Error: 7.134026527404785 Test Error: 6.601988792419434
5000 Training Error: 7.115288257598877 Test Error: 6.654263019561768
3 2 mw 0.01 8000
0 Training Error: 8.992737770080566 Test Error: 6.598390579223633
1000 Training Error: 7.375161170959473 Test Error: 6.494687557220459
2000 Training Error: 7.239686489105225 Test Error: 6.5521955490112305
3000 Training Error: 7.179527759552002 Test Error: 6.548138618469238
4000 Training Error: 7.141053199768066 Test Error: 6.6479949951171875
5000 Training Error: 7.10207986831665 Test Error: 6.641208171844482
6000 Training Error: 7.094013690948486 Test Error: 6.676945209503174
7000 Training Error: 7.077169418334961 Test Error: 6.681182384490967
3 2 mw 0.1 2000
0 Training Error: 8.992737770080566 Test Error: 6.546426773071289
1000 Training Error: 7.138281345367432 Test Error: 6.637649059295654
3 2 mw 0.1 4000
0 Training Error: 8.992737770080566 Test Error: 6.546426773071289
1000 Training Error: 7.160958766937256 Test Error: 6.593846797943115
2000 Training Error: 7.074886322021484 Test Error: 6.678706169128418
3000 Training Error: 7.02228307723999 Test Error: 6.644219398498535
3 2 mw 0.1 6000
0 Training Error: 8.992737770080566 Test Error: 6.546426773071289
1000 Training Error: 7.1338324546813965 Test Error: 6.618382930755615
2000 Training Error: 7.070509910583496 Test Error: 6.613040924072266
3000 Training Error: 7.028594493865967 Test Error: 6.655215263366699
4000 Training Error: 7.013936519622803 Test Error: 6.681410789489746
5000 Training Error: 7.000787734985352 Test Error: 6.662952423095703
3 2 mw 0.1 8000
0 Training Error: 8.992737770080566 Test Error: 6.546426773071289
1000 Training Error: 7.116819858551025 Test Error: 6.597263813018799
2000 Training Error: 7.090353965759277 Test Error: 6.6733880043029785
3000 Training Error: 7.027032375335693 Test Error: 6.657068252563477
4000 Training Error: 7.02937650680542 Test Error: 6.656162261962891
5000 Training Error: 7.0158185958862305 Test Error: 6.65768575668335
6000 Training Error: 7.0048675537109375 Test Error: 6.698875904083252
7000 Training Error: 6.9998459815979 Test Error: 6.707742214202881
3 2 mw 1.0 2000
0 Training Error: 8.992737770080566 Test Error: 6.41049861907959
1000 Training Error: nan Test Error: nan
3 2 mw 1.0 4000
0 Training Error: 8.992737770080566 Test Error: 6.41049861907959
1000 Training Error: nan Test Error: nan
2000 Training Error: nan Test Error: nan
3000 Training Error: nan Test Error: nan
3 2 mw 1.0 6000
0 Training Error: 8.992737770080566 Test Error: 6.41049861907959
1000 Training Error: nan Test Error: nan
2000 Training Error: nan Test Error: nan
3000 Training Error: nan Test Error: nan
4000 Training Error: nan Test Error: nan
5000 Training Error: nan Test Error: nan
3 2 mw 1.0 8000
0 Training Error: 8.992737770080566 Test Error: 6.41049861907959
1000 Training Error: nan Test Error: nan
2000 Training Error: nan Test Error: nan
3000 Training Error: nan Test Error: nan
4000 Training Error: nan Test Error: nan
5000 Training Error: nan Test Error: nan
6000 Training Error: nan Test Error: nan
7000 Training Error: nan Test Error: nan
3 3 hvac 0.001 2000
0 Training Error: 893.19140625 Test Error: 859.9471435546875
1000 Training Error: 307.6773681640625 Test Error: 429.533935546875
3 3 hvac 0.001 4000
0 Training Error: 893.19140625 Test Error: 859.9471435546875
1000 Training Error: 311.18597412109375 Test Error: 429.1805419921875
2000 Training Error: 279.5517272949219 Test Error: 416.3138732910156
3000 Training Error: 262.1973876953125 Test Error: 401.5863952636719
3 3 hvac 0.001 6000
0 Training Error: 893.19140625 Test Error: 859.9471435546875
1000 Training Error: 312.3584289550781 Test Error: 436.52008056640625
2000 Training Error: 278.6602478027344 Test Error: 418.1405334472656
3000 Training Error: 259.6662902832031 Test Error: 411.4145812988281
4000 Training Error: 240.78578186035156 Test Error: 397.0106201171875
5000 Training Error: 226.50953674316406 Test Error: 370.82916259765625
3 3 hvac 0.001 8000
0 Training Error: 893.19140625 Test Error: 859.9471435546875
1000 Training Error: 307.10302734375 Test Error: 429.1324768066406
2000 Training Error: 281.0035705566406 Test Error: 416.2110595703125
3000 Training Error: 262.4584045410156 Test Error: 401.72705078125
4000 Training Error: 240.5253143310547 Test Error: 383.1449279785156
5000 Training Error: 222.6014404296875 Test Error: 370.2452697753906
6000 Training Error: 218.64178466796875 Test Error: 375.1609802246094
7000 Training Error: 213.97808837890625 Test Error: 363.0909118652344
3 3 hvac 0.01 2000
0 Training Error: 893.19140625 Test Error: 859.9376831054688
1000 Training Error: 255.2082977294922 Test Error: 386.5798645019531
3 3 hvac 0.01 4000
0 Training Error: 893.19140625 Test Error: 859.9376831054688
1000 Training Error: 253.84693908691406 Test Error: 398.0602722167969
2000 Training Error: 221.17001342773438 Test Error: 365.5578308105469
3000 Training Error: 217.16236877441406 Test Error: 366.2704772949219
3 3 hvac 0.01 6000
0 Training Error: 893.19140625 Test Error: 859.9376831054688
1000 Training Error: 240.93374633789062 Test Error: 372.4245300292969
2000 Training Error: 225.4314727783203 Test Error: 358.2925720214844
3000 Training Error: 218.94769287109375 Test Error: 360.1297607421875
4000 Training Error: 216.3875274658203 Test Error: 363.7762145996094
5000 Training Error: 215.43841552734375 Test Error: 360.1164245605469
3 3 hvac 0.01 8000
0 Training Error: 893.19140625 Test Error: 859.9376831054688
1000 Training Error: 248.79052734375 Test Error: 389.4701232910156
2000 Training Error: 222.1385040283203 Test Error: 360.7653503417969
3000 Training Error: 219.46456909179688 Test Error: 365.64801025390625
4000 Training Error: 215.29518127441406 Test Error: 364.2421875
5000 Training Error: 213.97769165039062 Test Error: 364.2984924316406
6000 Training Error: 211.5410614013672 Test Error: 369.1034240722656
7000 Training Error: 212.73419189453125 Test Error: 372.951904296875
3 3 hvac 0.1 2000
0 Training Error: 893.19140625 Test Error: 859.8448486328125
1000 Training Error: 239.03639221191406 Test Error: 373.6348876953125
3 3 hvac 0.1 4000
0 Training Error: 893.19140625 Test Error: 859.8448486328125
1000 Training Error: 236.73350524902344 Test Error: 354.5085144042969
2000 Training Error: 228.33473205566406 Test Error: 354.6749267578125
3000 Training Error: 234.94967651367188 Test Error: 374.0760803222656
3 3 hvac 0.1 6000
0 Training Error: 893.19140625 Test Error: 859.8448486328125
1000 Training Error: 239.03872680664062 Test Error: 360.8348083496094
2000 Training Error: 235.4181365966797 Test Error: 346.26519775390625
3000 Training Error: 231.4381103515625 Test Error: 349.0936279296875
4000 Training Error: 232.6892852783203 Test Error: 373.3236999511719
5000 Training Error: 226.8758087158203 Test Error: 346.9234313964844
3 3 hvac 0.1 8000
0 Training Error: 893.19140625 Test Error: 859.8448486328125
1000 Training Error: 239.35806274414062 Test Error: 353.8175048828125
2000 Training Error: 233.1205596923828 Test Error: 351.27935791015625
3000 Training Error: 230.07791137695312 Test Error: 347.9859924316406
4000 Training Error: 229.40785217285156 Test Error: 371.74517822265625
5000 Training Error: 222.93238830566406 Test Error: 366.9110107421875
6000 Training Error: 227.10044860839844 Test Error: 372.6148376464844
7000 Training Error: 222.25845336914062 Test Error: 368.3031921386719
3 3 hvac 1.0 2000
0 Training Error: 893.19140625 Test Error: 859.0889282226562
1000 Training Error: nan Test Error: nan
3 3 hvac 1.0 4000
0 Training Error: 893.19140625 Test Error: 859.0889282226562
1000 Training Error: nan Test Error: nan
2000 Training Error: nan Test Error: nan
3000 Training Error: nan Test Error: nan
3 3 hvac 1.0 6000
0 Training Error: 893.19140625 Test Error: 859.0889282226562
1000 Training Error: nan Test Error: nan
2000 Training Error: nan Test Error: nan
3000 Training Error: nan Test Error: nan
4000 Training Error: nan Test Error: nan
5000 Training Error: nan Test Error: nan
3 3 hvac 1.0 8000
0 Training Error: 893.19140625 Test Error: 859.0889282226562
1000 Training Error: nan Test Error: nan
2000 Training Error: nan Test Error: nan
3000 Training Error: nan Test Error: nan
4000 Training Error: nan Test Error: nan
5000 Training Error: nan Test Error: nan
6000 Training Error: nan Test Error: nan
7000 Training Error: nan Test Error: nan
3 3 fridge 0.001 2000
0 Training Error: 88.3344497680664 Test Error: 91.31048583984375
1000 Training Error: 28.523359298706055 Test Error: 32.100040435791016
3 3 fridge 0.001 4000
0 Training Error: 88.3344497680664 Test Error: 91.31048583984375
1000 Training Error: 28.523099899291992 Test Error: 32.10075759887695
2000 Training Error: 27.46931266784668 Test Error: 32.15799331665039
3000 Training Error: 26.97215461730957 Test Error: 32.26779556274414
3 3 fridge 0.001 6000
0 Training Error: 88.3344497680664 Test Error: 91.31048583984375
1000 Training Error: 28.522825241088867 Test Error: 32.10116195678711
2000 Training Error: 27.45720863342285 Test Error: 32.164920806884766
3000 Training Error: 26.927400588989258 Test Error: 32.274749755859375
4000 Training Error: 26.64324951171875 Test Error: 32.72567367553711
5000 Training Error: 26.318653106689453 Test Error: 32.87274932861328
3 3 fridge 0.001 8000
0 Training Error: 88.3344497680664 Test Error: 91.31048583984375
1000 Training Error: 28.523168563842773 Test Error: 32.09925842285156
2000 Training Error: 27.45484733581543 Test Error: 32.365901947021484
3000 Training Error: 26.940488815307617 Test Error: 32.42010498046875
4000 Training Error: 26.57488250732422 Test Error: 32.75962448120117
5000 Training Error: 26.2581844329834 Test Error: 32.75053405761719
6000 Training Error: 26.036951065063477 Test Error: 32.85861587524414
7000 Training Error: 26.010005950927734 Test Error: 33.11432647705078
3 3 fridge 0.01 2000
0 Training Error: 88.3344497680664 Test Error: 91.29861450195312
1000 Training Error: 26.105525970458984 Test Error: 32.482295989990234
3 3 fridge 0.01 4000
0 Training Error: 88.3344497680664 Test Error: 91.29861450195312
1000 Training Error: 26.098814010620117 Test Error: 32.37625503540039
2000 Training Error: 25.6130313873291 Test Error: 32.89311981201172
3000 Training Error: 25.330129623413086 Test Error: 33.415889739990234
3 3 fridge 0.01 6000
0 Training Error: 88.3344497680664 Test Error: 91.29861450195312
1000 Training Error: 26.148515701293945 Test Error: 32.3868522644043
2000 Training Error: 25.72686004638672 Test Error: 32.94634246826172
3000 Training Error: 25.232786178588867 Test Error: 32.998470306396484
4000 Training Error: 24.90081214904785 Test Error: 33.059608459472656
5000 Training Error: 24.92933464050293 Test Error: 33.058250427246094
3 3 fridge 0.01 8000
0 Training Error: 88.3344497680664 Test Error: 91.29861450195312
1000 Training Error: 26.169309616088867 Test Error: 32.5684814453125
2000 Training Error: 25.498353958129883 Test Error: 32.82174301147461
3000 Training Error: 25.267444610595703 Test Error: 33.01994705200195
4000 Training Error: 24.957746505737305 Test Error: 33.44278335571289
5000 Training Error: 24.91400718688965 Test Error: 33.49674987792969
6000 Training Error: 24.811735153198242 Test Error: 33.5922737121582
7000 Training Error: 24.788904190063477 Test Error: 33.315921783447266
3 3 fridge 0.1 2000
0 Training Error: 88.3344497680664 Test Error: 91.18038177490234
1000 Training Error: 25.744855880737305 Test Error: 32.40769958496094
3 3 fridge 0.1 4000
0 Training Error: 88.3344497680664 Test Error: 91.18038177490234
1000 Training Error: 26.01633071899414 Test Error: 32.33056640625
2000 Training Error: 25.763946533203125 Test Error: 31.946910858154297
3000 Training Error: 25.503448486328125 Test Error: 32.133975982666016
3 3 fridge 0.1 6000
0 Training Error: 88.3344497680664 Test Error: 91.18038177490234
1000 Training Error: 25.731985092163086 Test Error: 32.571441650390625
2000 Training Error: 25.494903564453125 Test Error: 32.52338790893555
3000 Training Error: 25.189289093017578 Test Error: 32.63471603393555
4000 Training Error: 24.995262145996094 Test Error: 33.15668869018555
5000 Training Error: 24.96051597595215 Test Error: 33.212345123291016
3 3 fridge 0.1 8000
0 Training Error: 88.3344497680664 Test Error: 91.18038177490234
1000 Training Error: 26.068462371826172 Test Error: 31.81822967529297
2000 Training Error: 25.625885009765625 Test Error: 32.2117805480957
3000 Training Error: 25.590553283691406 Test Error: 32.96205139160156
4000 Training Error: 25.201570510864258 Test Error: 32.92881774902344
5000 Training Error: 25.185129165649414 Test Error: 32.82416915893555
6000 Training Error: 25.129514694213867 Test Error: 33.09251022338867
7000 Training Error: 25.126529693603516 Test Error: 33.1917839050293
3 3 fridge 1.0 2000
0 Training Error: 88.3344497680664 Test Error: 90.04890441894531
1000 Training Error: nan Test Error: nan
3 3 fridge 1.0 4000
0 Training Error: 88.3344497680664 Test Error: 90.04890441894531
1000 Training Error: nan Test Error: nan
2000 Training Error: nan Test Error: nan
3000 Training Error: nan Test Error: nan
3 3 fridge 1.0 6000
0 Training Error: 88.3344497680664 Test Error: 90.04890441894531
1000 Training Error: nan Test Error: nan
2000 Training Error: nan Test Error: nan
3000 Training Error: nan Test Error: nan
4000 Training Error: nan Test Error: nan
5000 Training Error: nan Test Error: nan
3 3 fridge 1.0 8000
0 Training Error: 88.3344497680664 Test Error: 90.04890441894531
1000 Training Error: nan Test Error: nan
2000 Training Error: nan Test Error: nan
3000 Training Error: nan Test Error: nan
4000 Training Error: nan Test Error: nan
5000 Training Error: nan Test Error: nan
6000 Training Error: nan Test Error: nan
7000 Training Error: nan Test Error: nan
3 3 dr 0.001 2000
0 Training Error: 63.328914642333984 Test Error: 83.16763305664062
1000 Training Error: 63.16425704956055 Test Error: 83.05419158935547
3 3 dr 0.001 4000
0 Training Error: 63.328914642333984 Test Error: 83.16763305664062
1000 Training Error: 63.16425704956055 Test Error: 83.05419158935547
2000 Training Error: 63.154422760009766 Test Error: 83.05480194091797
3000 Training Error: 63.15105438232422 Test Error: 83.05534362792969
3 3 dr 0.001 6000
0 Training Error: 63.328914642333984 Test Error: 83.16763305664062
1000 Training Error: 63.16425704956055 Test Error: 83.05419158935547
2000 Training Error: 63.154422760009766 Test Error: 83.05480194091797
3000 Training Error: 63.15105438232422 Test Error: 83.05534362792969
4000 Training Error: 63.149375915527344 Test Error: 83.05569458007812
5000 Training Error: 63.14838790893555 Test Error: 83.05592346191406
3 3 dr 0.001 8000
0 Training Error: 63.328914642333984 Test Error: 83.16763305664062
1000 Training Error: 63.16425704956055 Test Error: 83.05419158935547
2000 Training Error: 63.154422760009766 Test Error: 83.05480194091797
3000 Training Error: 63.15105438232422 Test Error: 83.05534362792969
4000 Training Error: 63.149375915527344 Test Error: 83.05569458007812
5000 Training Error: 63.14838790893555 Test Error: 83.05592346191406
6000 Training Error: 63.147735595703125 Test Error: 83.05609893798828
7000 Training Error: 63.14728927612305 Test Error: 83.05623626708984
3 3 dr 0.01 2000
0 Training Error: 63.328914642333984 Test Error: 83.16119384765625
1000 Training Error: 63.149986267089844 Test Error: 83.05393981933594
3 3 dr 0.01 4000
0 Training Error: 63.328914642333984 Test Error: 83.16119384765625
1000 Training Error: 63.1502799987793 Test Error: 83.05542755126953
2000 Training Error: 63.14768600463867 Test Error: 83.05543518066406
3000 Training Error: 63.14995193481445 Test Error: 83.05590057373047
3 3 dr 0.01 6000
0 Training Error: 63.328914642333984 Test Error: 83.16119384765625
1000 Training Error: 63.15054702758789 Test Error: 83.05441284179688
2000 Training Error: 63.15082931518555 Test Error: 83.05755615234375
3000 Training Error: 63.14772415161133 Test Error: 83.05543518066406
4000 Training Error: 63.147605895996094 Test Error: 83.05573272705078
5000 Training Error: 63.147544860839844 Test Error: 83.05615234375
3 3 dr 0.01 8000
0 Training Error: 63.328914642333984 Test Error: 83.16119384765625
1000 Training Error: 63.14959716796875 Test Error: 83.0556640625
2000 Training Error: 63.14979934692383 Test Error: 83.0583267211914
3000 Training Error: 63.14891815185547 Test Error: 83.05714416503906
4000 Training Error: 63.14914321899414 Test Error: 83.05447387695312
5000 Training Error: 63.147071838378906 Test Error: 83.05599975585938
6000 Training Error: 63.14683151245117 Test Error: 83.05670166015625
7000 Training Error: 63.146366119384766 Test Error: 83.0567626953125
3 3 dr 0.1 2000
0 Training Error: 63.328914642333984 Test Error: 83.12263488769531
1000 Training Error: 63.15922927856445 Test Error: 83.04993438720703
3 3 dr 0.1 4000
0 Training Error: 63.328914642333984 Test Error: 83.12263488769531
1000 Training Error: 63.161685943603516 Test Error: 83.04764556884766
2000 Training Error: 63.147640228271484 Test Error: 83.0428466796875
3000 Training Error: 63.11500930786133 Test Error: 83.02458190917969
3 3 dr 0.1 6000
0 Training Error: 63.328914642333984 Test Error: 83.12263488769531
1000 Training Error: 63.1610107421875 Test Error: 83.04151153564453
2000 Training Error: 63.14618682861328 Test Error: 83.0553207397461
3000 Training Error: 63.1121940612793 Test Error: 83.02778625488281
4000 Training Error: 63.1056022644043 Test Error: 82.98119354248047
5000 Training Error: 62.945716857910156 Test Error: 82.76002502441406
3 3 dr 0.1 8000
0 Training Error: 63.328914642333984 Test Error: 83.12263488769531
1000 Training Error: 63.14904022216797 Test Error: 83.05382537841797
2000 Training Error: 63.14919662475586 Test Error: 83.04571533203125
3000 Training Error: 63.1242561340332 Test Error: 83.02532958984375
4000 Training Error: 63.09421157836914 Test Error: 82.97766876220703
5000 Training Error: 63.07249069213867 Test Error: 82.90481567382812
6000 Training Error: 62.51262283325195 Test Error: 82.85907745361328
7000 Training Error: 62.79924392700195 Test Error: 82.65185546875
3 3 dr 1.0 2000
0 Training Error: 63.328914642333984 Test Error: 83.17501068115234
1000 Training Error: nan Test Error: nan
3 3 dr 1.0 4000
0 Training Error: 63.328914642333984 Test Error: 83.17501068115234
1000 Training Error: nan Test Error: nan
2000 Training Error: nan Test Error: nan
3000 Training Error: nan Test Error: nan
3 3 dr 1.0 6000
0 Training Error: 63.328914642333984 Test Error: 83.17501068115234
1000 Training Error: nan Test Error: nan
2000 Training Error: nan Test Error: nan
3000 Training Error: nan Test Error: nan
4000 Training Error: nan Test Error: nan
5000 Training Error: nan Test Error: nan
3 3 dr 1.0 8000
0 Training Error: 63.328914642333984 Test Error: 83.17501068115234
1000 Training Error: nan Test Error: nan
2000 Training Error: nan Test Error: nan
3000 Training Error: nan Test Error: nan
4000 Training Error: nan Test Error: nan
5000 Training Error: nan Test Error: nan
6000 Training Error: nan Test Error: nan
7000 Training Error: nan Test Error: nan
3 3 dw 0.001 2000
0 Training Error: 15.752256393432617 Test Error: 20.815719604492188
1000 Training Error: 15.54997730255127 Test Error: 20.612092971801758
3 3 dw 0.001 4000
0 Training Error: 15.752256393432617 Test Error: 20.815719604492188
1000 Training Error: 15.54997730255127 Test Error: 20.612092971801758
2000 Training Error: 15.53857421875 Test Error: 20.600557327270508
3000 Training Error: 15.534891128540039 Test Error: 20.5967960357666
3 3 dw 0.001 6000
0 Training Error: 15.752256393432617 Test Error: 20.815719604492188
1000 Training Error: 15.54997730255127 Test Error: 20.612092971801758
2000 Training Error: 15.53857421875 Test Error: 20.600557327270508
3000 Training Error: 15.534891128540039 Test Error: 20.59680938720703
4000 Training Error: 15.533868789672852 Test Error: 20.596275329589844
5000 Training Error: 15.532559394836426 Test Error: 20.594337463378906
3 3 dw 0.001 8000
0 Training Error: 15.752256393432617 Test Error: 20.815719604492188
1000 Training Error: 15.54997730255127 Test Error: 20.612092971801758
2000 Training Error: 15.53857421875 Test Error: 20.600557327270508
3000 Training Error: 15.534891128540039 Test Error: 20.596797943115234
4000 Training Error: 15.534171104431152 Test Error: 20.59565544128418
5000 Training Error: 15.532536506652832 Test Error: 20.594999313354492
6000 Training Error: 15.53211784362793 Test Error: 20.59490966796875
7000 Training Error: 15.534784317016602 Test Error: 20.593624114990234
3 3 dw 0.01 2000
0 Training Error: 15.752256393432617 Test Error: 20.806852340698242
1000 Training Error: 15.536798477172852 Test Error: 20.60223388671875
3 3 dw 0.01 4000
0 Training Error: 15.752256393432617 Test Error: 20.806852340698242
1000 Training Error: 15.542326927185059 Test Error: 20.597747802734375
2000 Training Error: 15.534283638000488 Test Error: 20.59471321105957
3000 Training Error: 15.531975746154785 Test Error: 20.59385108947754
3 3 dw 0.01 6000
0 Training Error: 15.752256393432617 Test Error: 20.806852340698242
1000 Training Error: 15.537872314453125 Test Error: 20.604101181030273
2000 Training Error: 15.53213882446289 Test Error: 20.597169876098633
3000 Training Error: 15.533063888549805 Test Error: 20.5931396484375
4000 Training Error: 15.53217887878418 Test Error: 20.593185424804688
5000 Training Error: 15.532161712646484 Test Error: 20.592926025390625
3 3 dw 0.01 8000
0 Training Error: 15.752256393432617 Test Error: 20.806852340698242
1000 Training Error: 15.54121208190918 Test Error: 20.599279403686523
2000 Training Error: 15.533170700073242 Test Error: 20.594524383544922
3000 Training Error: 15.531853675842285 Test Error: 20.594919204711914
4000 Training Error: 15.531709671020508 Test Error: 20.59370994567871
5000 Training Error: 15.531402587890625 Test Error: 20.593042373657227
6000 Training Error: 15.531048774719238 Test Error: 20.59429931640625
7000 Training Error: 15.53179931640625 Test Error: 20.593408584594727
3 3 dw 0.1 2000
0 Training Error: 15.752256393432617 Test Error: 20.768775939941406
1000 Training Error: 15.57026195526123 Test Error: 20.6127872467041
3 3 dw 0.1 4000
0 Training Error: 15.752256393432617 Test Error: 20.768775939941406
1000 Training Error: 15.533990859985352 Test Error: 20.597293853759766
2000 Training Error: 15.58626651763916 Test Error: 20.603622436523438
3000 Training Error: 15.606380462646484 Test Error: 20.66309928894043
3 3 dw 0.1 6000
0 Training Error: 15.752256393432617 Test Error: 20.768775939941406
1000 Training Error: 15.593626022338867 Test Error: 20.65498161315918
2000 Training Error: 15.53307056427002 Test Error: 20.683706283569336
3000 Training Error: 15.612936973571777 Test Error: 20.628280639648438
4000 Training Error: 15.542398452758789 Test Error: 20.6799373626709
5000 Training Error: 15.533947944641113 Test Error: 20.651662826538086
3 3 dw 0.1 8000
0 Training Error: 15.752256393432617 Test Error: 20.768775939941406
1000 Training Error: 15.576778411865234 Test Error: 20.61227035522461
2000 Training Error: 15.536714553833008 Test Error: 20.61206817626953
3000 Training Error: 15.546847343444824 Test Error: 20.67403221130371
4000 Training Error: 15.536826133728027 Test Error: 20.637624740600586
5000 Training Error: 15.535998344421387 Test Error: 20.601526260375977
6000 Training Error: 15.534812927246094 Test Error: 20.66727638244629
7000 Training Error: 15.545353889465332 Test Error: 20.61033821105957
