nohup: ignoring input
3 0 hvac 0.001 2000
0 Training Error: 918.0964965820312 Test Error: 785.6876220703125
1000 Training Error: 364.3561096191406 Test Error: 297.5535583496094
5
3 0 hvac 0.001 4000
0 Training Error: 918.1348266601562 Test Error: 785.7103271484375
1000 Training Error: 359.9074401855469 Test Error: 295.671142578125
2000 Training Error: 330.307373046875 Test Error: 301.0859069824219
3000 Training Error: 309.6065673828125 Test Error: 295.3034973144531
3 0 hvac 0.001 6000
0 Training Error: 918.1348266601562 Test Error: 785.7103271484375
1000 Training Error: 364.76580810546875 Test Error: 309.27313232421875
2000 Training Error: 328.18646240234375 Test Error: 299.845947265625
3000 Training Error: 310.76129150390625 Test Error: 303.0450744628906
4000 Training Error: 290.6632080078125 Test Error: 291.4593505859375
5000 Training Error: 266.16900634765625 Test Error: 284.5132751464844
3 0 hvac 0.001 8000
0 Training Error: 918.1348266601562 Test Error: 785.7103271484375
1000 Training Error: 369.29632568359375 Test Error: 302.461669921875
2000 Training Error: 333.0067138671875 Test Error: 310.97784423828125
3000 Training Error: 313.1562194824219 Test Error: 310.52166748046875
4000 Training Error: 292.5521545410156 Test Error: 295.0325012207031
5000 Training Error: 273.15765380859375 Test Error: 290.8994140625
6000 Training Error: 258.9615478515625 Test Error: 296.5776062011719
7000 Training Error: 253.97422790527344 Test Error: 300.9018249511719
3 0 hvac 0.01 2000
0 Training Error: 918.1348266601562 Test Error: 785.700439453125
1000 Training Error: 288.5413513183594 Test Error: 278.1946105957031
3 0 hvac 0.01 4000
0 Training Error: 918.1348266601562 Test Error: 785.700439453125
1000 Training Error: 313.5357971191406 Test Error: 291.19061279296875
2000 Training Error: 268.3417053222656 Test Error: 279.1425476074219
3000 Training Error: 261.3538818359375 Test Error: 280.3753967285156
3 0 hvac 0.01 6000
0 Training Error: 918.1348266601562 Test Error: 785.700439453125
1000 Training Error: 289.13519287109375 Test Error: 276.4193115234375
2000 Training Error: 259.6935119628906 Test Error: 284.11883544921875
3000 Training Error: 254.62303161621094 Test Error: 284.666015625
4000 Training Error: 248.17941284179688 Test Error: 287.7313537597656
5000 Training Error: 242.61251831054688 Test Error: 285.2261962890625
3 0 hvac 0.01 8000
0 Training Error: 918.1348266601562 Test Error: 785.700439453125
1000 Training Error: 290.77276611328125 Test Error: 280.3630065917969
2000 Training Error: 267.74676513671875 Test Error: 287.52825927734375
3000 Training Error: 258.09002685546875 Test Error: 280.81787109375
4000 Training Error: 255.65736389160156 Test Error: 283.1593933105469
5000 Training Error: 255.490478515625 Test Error: 281.5832824707031
6000 Training Error: 252.71827697753906 Test Error: 284.1812438964844
7000 Training Error: 251.92340087890625 Test Error: 285.33111572265625
3 0 hvac 0.1 2000
0 Training Error: 918.1348266601562 Test Error: 785.6038208007812
1000 Training Error: 283.7318115234375 Test Error: 268.2712707519531
3 0 hvac 0.1 4000
0 Training Error: 918.1348266601562 Test Error: 785.6038208007812
1000 Training Error: 286.2418518066406 Test Error: 272.5063781738281
2000 Training Error: 278.0309143066406 Test Error: 277.578369140625
3000 Training Error: 271.63336181640625 Test Error: 284.2864990234375
3 0 hvac 0.1 6000
0 Training Error: 918.1348266601562 Test Error: 785.6038208007812
1000 Training Error: 282.31201171875 Test Error: 267.27801513671875
2000 Training Error: 273.1041564941406 Test Error: 274.21978759765625
3000 Training Error: 269.0257873535156 Test Error: 295.0677185058594
4000 Training Error: 266.8054504394531 Test Error: 291.4313659667969
5000 Training Error: 266.2236633300781 Test Error: 277.60516357421875
3 0 hvac 0.1 8000
0 Training Error: 918.1348266601562 Test Error: 785.6038208007812
1000 Training Error: 283.19024658203125 Test Error: 262.2032165527344
2000 Training Error: 276.0263977050781 Test Error: 276.2502136230469
3000 Training Error: 270.4338073730469 Test Error: 275.72418212890625
4000 Training Error: 261.3376770019531 Test Error: 282.49041748046875
5000 Training Error: 265.21844482421875 Test Error: 302.676025390625
6000 Training Error: 258.1416320800781 Test Error: 274.8642272949219
7000 Training Error: 258.8690185546875 Test Error: 277.9412841796875
3 0 hvac 1.0 2000
0 Training Error: 918.1348266601562 Test Error: 784.7283325195312
1000 Training Error: nan Test Error: nan
3 0 hvac 1.0 4000
0 Training Error: 918.1348266601562 Test Error: 784.7283325195312
1000 Training Error: nan Test Error: nan
2000 Training Error: nan Test Error: nan
3000 Training Error: nan Test Error: nan
3 0 hvac 1.0 6000
0 Training Error: 918.1348266601562 Test Error: 784.7283325195312
1000 Training Error: nan Test Error: nan
2000 Training Error: nan Test Error: nan
3000 Training Error: nan Test Error: nan
4000 Training Error: nan Test Error: nan
5000 Training Error: nan Test Error: nan
3 0 hvac 1.0 8000
0 Training Error: 918.1348266601562 Test Error: 784.7283325195312
1000 Training Error: nan Test Error: nan
2000 Training Error: nan Test Error: nan
3000 Training Error: nan Test Error: nan
4000 Training Error: nan Test Error: nan
5000 Training Error: nan Test Error: nan
6000 Training Error: nan Test Error: nan
7000 Training Error: nan Test Error: nan
3 0 fridge 0.001 2000
0 Training Error: 89.99663543701172 Test Error: 85.99252319335938
1000 Training Error: 29.920103073120117 Test Error: 27.984477996826172
3 0 fridge 0.001 4000
0 Training Error: 89.99663543701172 Test Error: 85.99252319335938
1000 Training Error: 29.920209884643555 Test Error: 27.984434127807617
2000 Training Error: 28.88715934753418 Test Error: 28.189847946166992
3000 Training Error: 28.305397033691406 Test Error: 28.622150421142578
3 0 fridge 0.001 6000
0 Training Error: 89.99663543701172 Test Error: 85.99252319335938
1000 Training Error: 29.92003059387207 Test Error: 27.983936309814453
2000 Training Error: 28.880678176879883 Test Error: 28.18334197998047
3000 Training Error: 28.34571647644043 Test Error: 28.7160587310791
4000 Training Error: 28.07017707824707 Test Error: 28.98211669921875
5000 Training Error: 27.722900390625 Test Error: 29.447162628173828
3 0 fridge 0.001 8000
0 Training Error: 89.99663543701172 Test Error: 85.99252319335938
1000 Training Error: 29.92011833190918 Test Error: 27.985109329223633
2000 Training Error: 28.90142250061035 Test Error: 28.17652130126953
3000 Training Error: 28.385812759399414 Test Error: 28.85856819152832
4000 Training Error: 28.000215530395508 Test Error: 29.019481658935547
5000 Training Error: 27.743860244750977 Test Error: 29.293964385986328
6000 Training Error: 27.51712989807129 Test Error: 29.381593704223633
7000 Training Error: 27.390491485595703 Test Error: 29.52586555480957
3 0 fridge 0.01 2000
0 Training Error: 89.99663543701172 Test Error: 85.98069763183594
1000 Training Error: 27.679244995117188 Test Error: 29.1651554107666
3 0 fridge 0.01 4000
0 Training Error: 89.99663543701172 Test Error: 85.98069763183594
1000 Training Error: 27.64332389831543 Test Error: 28.876298904418945
2000 Training Error: 26.712806701660156 Test Error: 29.403772354125977
3000 Training Error: 26.43311309814453 Test Error: 29.754913330078125
3 0 fridge 0.01 6000
0 Training Error: 89.99663543701172 Test Error: 85.98069763183594
1000 Training Error: 27.468202590942383 Test Error: 29.011262893676758
2000 Training Error: 26.67364501953125 Test Error: 29.186174392700195
3000 Training Error: 26.586214065551758 Test Error: 29.778974533081055
4000 Training Error: 26.396987915039062 Test Error: 30.090377807617188
5000 Training Error: 25.972993850708008 Test Error: 30.338787078857422
3 0 fridge 0.01 8000
0 Training Error: 89.99663543701172 Test Error: 85.98069763183594
1000 Training Error: 27.670181274414062 Test Error: 29.079566955566406
2000 Training Error: 26.768484115600586 Test Error: 29.278728485107422
3000 Training Error: 26.462745666503906 Test Error: 29.810068130493164
4000 Training Error: 26.1984920501709 Test Error: 30.196372985839844
5000 Training Error: 26.12164878845215 Test Error: 30.393766403198242
6000 Training Error: 25.999113082885742 Test Error: 30.938682556152344
7000 Training Error: 25.90486717224121 Test Error: 31.01402473449707
3 0 fridge 0.1 2000
0 Training Error: 89.99663543701172 Test Error: 85.86282348632812
1000 Training Error: 27.273441314697266 Test Error: 28.885339736938477
3 0 fridge 0.1 4000
0 Training Error: 89.99663543701172 Test Error: 85.86282348632812
1000 Training Error: 27.69330596923828 Test Error: 28.69350814819336
2000 Training Error: 26.888221740722656 Test Error: 30.099905014038086
3000 Training Error: 26.697954177856445 Test Error: 30.04026222229004
3 0 fridge 0.1 6000
0 Training Error: 89.99663543701172 Test Error: 85.86282348632812
1000 Training Error: 27.738142013549805 Test Error: 28.57489585876465
2000 Training Error: 26.762557983398438 Test Error: 29.528060913085938
3000 Training Error: 26.5692195892334 Test Error: 29.618324279785156
4000 Training Error: 26.4069766998291 Test Error: 30.146474838256836
5000 Training Error: 26.34638023376465 Test Error: 30.182228088378906
3 0 fridge 0.1 8000
0 Training Error: 89.99663543701172 Test Error: 85.86282348632812
1000 Training Error: 27.611034393310547 Test Error: 28.368186950683594
2000 Training Error: 27.258909225463867 Test Error: 28.797189712524414
3000 Training Error: 26.862661361694336 Test Error: 29.411640167236328
4000 Training Error: 26.661767959594727 Test Error: 29.66124153137207
5000 Training Error: 26.62548065185547 Test Error: 29.9540958404541
6000 Training Error: 26.520803451538086 Test Error: 30.008153915405273
7000 Training Error: 26.57730484008789 Test Error: 29.93183708190918
3 0 fridge 1.0 2000
0 Training Error: 89.99663543701172 Test Error: 84.7373046875
1000 Training Error: nan Test Error: nan
3 0 fridge 1.0 4000
0 Training Error: 89.99663543701172 Test Error: 84.7373046875
1000 Training Error: nan Test Error: nan
2000 Training Error: nan Test Error: nan
3000 Training Error: nan Test Error: nan
3 0 fridge 1.0 6000
0 Training Error: 89.99663543701172 Test Error: 84.7373046875
1000 Training Error: nan Test Error: nan
2000 Training Error: nan Test Error: nan
3000 Training Error: nan Test Error: nan
4000 Training Error: nan Test Error: nan
5000 Training Error: nan Test Error: nan
3 0 fridge 1.0 8000
0 Training Error: 89.99663543701172 Test Error: 84.7373046875
1000 Training Error: nan Test Error: nan
2000 Training Error: nan Test Error: nan
3000 Training Error: nan Test Error: nan
4000 Training Error: nan Test Error: nan
5000 Training Error: nan Test Error: nan
6000 Training Error: nan Test Error: nan
7000 Training Error: nan Test Error: nan
3 0 dr 0.001 2000
0 Training Error: 73.2005386352539 Test Error: 51.42753982543945
1000 Training Error: 73.0472412109375 Test Error: 51.28569793701172
3 0 dr 0.001 4000
0 Training Error: 73.2005386352539 Test Error: 51.42753982543945
1000 Training Error: 73.0472412109375 Test Error: 51.28569793701172
2000 Training Error: 73.03884887695312 Test Error: 51.278751373291016
3000 Training Error: 73.03594207763672 Test Error: 51.27634811401367
3 0 dr 0.001 6000
0 Training Error: 73.2005386352539 Test Error: 51.42753982543945
1000 Training Error: 73.0472412109375 Test Error: 51.28569793701172
2000 Training Error: 73.03884887695312 Test Error: 51.278751373291016
3000 Training Error: 73.03594207763672 Test Error: 51.27634811401367
4000 Training Error: 73.03451538085938 Test Error: 51.27517318725586
5000 Training Error: 73.03369140625 Test Error: 51.27447509765625
3 0 dr 0.001 8000
0 Training Error: 73.2005386352539 Test Error: 51.42753982543945
1000 Training Error: 73.0472412109375 Test Error: 51.28569793701172
2000 Training Error: 73.03885650634766 Test Error: 51.278751373291016
3000 Training Error: 73.03594207763672 Test Error: 51.27634811401367
4000 Training Error: 73.03451538085938 Test Error: 51.27517318725586
5000 Training Error: 73.03369140625 Test Error: 51.27447509765625
6000 Training Error: 73.03314971923828 Test Error: 51.27402877807617
7000 Training Error: 73.03279113769531 Test Error: 51.27370834350586
3 0 dr 0.01 2000
0 Training Error: 73.2005386352539 Test Error: 51.420902252197266
1000 Training Error: 73.03472900390625 Test Error: 51.27604675292969
3 0 dr 0.01 4000
0 Training Error: 73.2005386352539 Test Error: 51.420902252197266
1000 Training Error: 73.03318786621094 Test Error: 51.2737922668457
2000 Training Error: 73.0322265625 Test Error: 51.27329635620117
3000 Training Error: 73.03215026855469 Test Error: 51.273223876953125
3 0 dr 0.01 6000
0 Training Error: 73.2005386352539 Test Error: 51.420902252197266
1000 Training Error: 73.03303527832031 Test Error: 51.27449417114258
2000 Training Error: 73.03203582763672 Test Error: 51.27303695678711
3000 Training Error: 73.03168487548828 Test Error: 51.273033142089844
4000 Training Error: 73.03197479248047 Test Error: 51.273529052734375
5000 Training Error: 73.03177642822266 Test Error: 51.27290725708008
3 0 dr 0.01 8000
0 Training Error: 73.2005386352539 Test Error: 51.420902252197266
1000 Training Error: 73.03643798828125 Test Error: 51.27429962158203
2000 Training Error: 73.0318832397461 Test Error: 51.273075103759766
3000 Training Error: 73.03189849853516 Test Error: 51.27328872680664
4000 Training Error: 73.03186798095703 Test Error: 51.2730712890625
5000 Training Error: 73.0317611694336 Test Error: 51.27307891845703
6000 Training Error: 73.03154754638672 Test Error: 51.272789001464844
7000 Training Error: 73.0313949584961 Test Error: 51.272705078125
3 0 dr 0.1 2000
0 Training Error: 73.2005386352539 Test Error: 51.38214111328125
1000 Training Error: 73.02367401123047 Test Error: 51.26915740966797
3 0 dr 0.1 4000
0 Training Error: 73.2005386352539 Test Error: 51.38214111328125
1000 Training Error: 73.0230484008789 Test Error: 51.26882553100586
2000 Training Error: 72.95236206054688 Test Error: 51.31336212158203
3000 Training Error: 72.08747863769531 Test Error: 52.20521926879883
3 0 dr 0.1 6000
0 Training Error: 73.2005386352539 Test Error: 51.38214111328125
1000 Training Error: 73.02416229248047 Test Error: 51.26938247680664
2000 Training Error: 72.93142700195312 Test Error: 51.30955123901367
3000 Training Error: 72.09574127197266 Test Error: 52.07252883911133
4000 Training Error: 71.32989501953125 Test Error: 53.16828918457031
5000 Training Error: 71.32201385498047 Test Error: 53.830474853515625
3 0 dr 0.1 8000
0 Training Error: 73.2005386352539 Test Error: 51.38214111328125
1000 Training Error: 73.02389526367188 Test Error: 51.26926803588867
2000 Training Error: 72.94136047363281 Test Error: 51.333702087402344
3000 Training Error: 72.03700256347656 Test Error: 52.16176223754883
4000 Training Error: 71.08055114746094 Test Error: 52.71232223510742
5000 Training Error: 71.18169403076172 Test Error: 52.9434928894043
6000 Training Error: 70.92561340332031 Test Error: 52.855892181396484
7000 Training Error: 71.018798828125 Test Error: 52.753326416015625
3 0 dr 1.0 2000
0 Training Error: 73.2005386352539 Test Error: 51.52774429321289
1000 Training Error: nan Test Error: nan
3 0 dr 1.0 4000
0 Training Error: 73.2005386352539 Test Error: 51.52774429321289
1000 Training Error: nan Test Error: nan
2000 Training Error: nan Test Error: nan
3000 Training Error: nan Test Error: nan
3 0 dr 1.0 6000
0 Training Error: 73.2005386352539 Test Error: 51.52774429321289
1000 Training Error: nan Test Error: nan
2000 Training Error: nan Test Error: nan
3000 Training Error: nan Test Error: nan
4000 Training Error: nan Test Error: nan
5000 Training Error: nan Test Error: nan
3 0 dr 1.0 8000
0 Training Error: 73.2005386352539 Test Error: 51.52774429321289
1000 Training Error: nan Test Error: nan
2000 Training Error: nan Test Error: nan
3000 Training Error: nan Test Error: nan
4000 Training Error: nan Test Error: nan
5000 Training Error: nan Test Error: nan
6000 Training Error: nan Test Error: nan
7000 Training Error: nan Test Error: nan
3 0 dw 0.001 2000
0 Training Error: 18.7435245513916 Test Error: 11.265737533569336
1000 Training Error: 18.547094345092773 Test Error: 11.048646926879883
3 0 dw 0.001 4000
0 Training Error: 18.7435245513916 Test Error: 11.265737533569336
1000 Training Error: 18.547094345092773 Test Error: 11.048646926879883
2000 Training Error: 18.536149978637695 Test Error: 11.03516674041748
3000 Training Error: 18.532522201538086 Test Error: 11.0305814743042
3 0 dw 0.001 6000
0 Training Error: 18.7435245513916 Test Error: 11.265737533569336
1000 Training Error: 18.547094345092773 Test Error: 11.048646926879883
2000 Training Error: 18.536149978637695 Test Error: 11.03516674041748
3000 Training Error: 18.532522201538086 Test Error: 11.0305814743042
4000 Training Error: 18.531558990478516 Test Error: 11.028969764709473
5000 Training Error: 18.532312393188477 Test Error: 11.027604103088379
3 0 dw 0.001 8000
0 Training Error: 18.7435245513916 Test Error: 11.265737533569336
1000 Training Error: 18.547094345092773 Test Error: 11.048646926879883
2000 Training Error: 18.536149978637695 Test Error: 11.03516674041748
3000 Training Error: 18.532522201538086 Test Error: 11.0305814743042
4000 Training Error: 18.5313720703125 Test Error: 11.02911376953125
5000 Training Error: 18.53024673461914 Test Error: 11.027641296386719
6000 Training Error: 18.529455184936523 Test Error: 11.027323722839355
7000 Training Error: 18.530229568481445 Test Error: 11.028582572937012
3 0 dw 0.01 2000
0 Training Error: 18.7435245513916 Test Error: 11.257200241088867
1000 Training Error: 18.541454315185547 Test Error: 11.03161334991455
3 0 dw 0.01 4000
0 Training Error: 18.7435245513916 Test Error: 11.257200241088867
1000 Training Error: 18.536521911621094 Test Error: 11.03239631652832
2000 Training Error: 18.531238555908203 Test Error: 11.028778076171875
3000 Training Error: 18.530742645263672 Test Error: 11.026244163513184
3 0 dw 0.01 6000
0 Training Error: 18.7435245513916 Test Error: 11.257200241088867
1000 Training Error: 18.531845092773438 Test Error: 11.040090560913086
2000 Training Error: 18.532238006591797 Test Error: 11.029121398925781
3000 Training Error: 18.529552459716797 Test Error: 11.025811195373535
4000 Training Error: 18.529109954833984 Test Error: 11.02923583984375
5000 Training Error: 18.52979850769043 Test Error: 11.029057502746582
3 0 dw 0.01 8000
0 Training Error: 18.7435245513916 Test Error: 11.257200241088867
1000 Training Error: 18.53784942626953 Test Error: 11.028884887695312
2000 Training Error: 18.531232833862305 Test Error: 11.029865264892578
3000 Training Error: 18.530364990234375 Test Error: 11.027167320251465
4000 Training Error: 18.528348922729492 Test Error: 11.025896072387695
5000 Training Error: 18.528732299804688 Test Error: 11.027949333190918
6000 Training Error: 18.531320571899414 Test Error: 11.026251792907715
7000 Training Error: 18.529211044311523 Test Error: 11.02703857421875
3 0 dw 0.1 2000
0 Training Error: 18.7435245513916 Test Error: 11.220430374145508
1000 Training Error: 18.584869384765625 Test Error: 11.073647499084473
3 0 dw 0.1 4000
0 Training Error: 18.7435245513916 Test Error: 11.220430374145508
1000 Training Error: 18.563323974609375 Test Error: 11.052144050598145
2000 Training Error: 18.533910751342773 Test Error: 11.062471389770508
3000 Training Error: 18.55078125 Test Error: 11.073978424072266
3 0 dw 0.1 6000
0 Training Error: 18.7435245513916 Test Error: 11.220430374145508
1000 Training Error: 18.57462501525879 Test Error: 11.034001350402832
2000 Training Error: 18.58164405822754 Test Error: 11.03448486328125
3000 Training Error: 18.594514846801758 Test Error: 11.035224914550781
4000 Training Error: 18.54914665222168 Test Error: 11.09543228149414
5000 Training Error: 18.540578842163086 Test Error: 11.073790550231934
3 0 dw 0.1 8000
0 Training Error: 18.7435245513916 Test Error: 11.220430374145508
1000 Training Error: 18.582273483276367 Test Error: 11.085355758666992
2000 Training Error: 18.539819717407227 Test Error: 11.043660163879395
3000 Training Error: 18.532550811767578 Test Error: 11.032453536987305
4000 Training Error: 18.539018630981445 Test Error: 11.072437286376953
5000 Training Error: 18.533706665039062 Test Error: 11.09747314453125
6000 Training Error: 18.53115463256836 Test Error: 11.07000732421875
7000 Training Error: 18.54619026184082 Test Error: 11.09414291381836
3 0 dw 1.0 2000
0 Training Error: 18.7435245513916 Test Error: 11.476995468139648
1000 Training Error: nan Test Error: nan
3 0 dw 1.0 4000
0 Training Error: 18.7435245513916 Test Error: 11.476995468139648
1000 Training Error: nan Test Error: nan
2000 Training Error: nan Test Error: nan
3000 Training Error: nan Test Error: nan
3 0 dw 1.0 6000
0 Training Error: 18.7435245513916 Test Error: 11.476995468139648
1000 Training Error: nan Test Error: nan
2000 Training Error: nan Test Error: nan
3000 Training Error: nan Test Error: nan
4000 Training Error: nan Test Error: nan
5000 Training Error: nan Test Error: nan
3 0 dw 1.0 8000
0 Training Error: 18.7435245513916 Test Error: 11.476996421813965
1000 Training Error: nan Test Error: nan
2000 Training Error: nan Test Error: nan
3000 Training Error: nan Test Error: nan
4000 Training Error: nan Test Error: nan
5000 Training Error: nan Test Error: nan
6000 Training Error: nan Test Error: nan
7000 Training Error: nan Test Error: nan
3 0 mw 0.001 2000
0 Training Error: 8.240677833557129 Test Error: 8.916993141174316
1000 Training Error: 7.406152248382568 Test Error: 6.943377494812012
3 0 mw 0.001 4000
0 Training Error: 8.240677833557129 Test Error: 8.916993141174316
1000 Training Error: 7.4061503410339355 Test Error: 6.943380832672119
2000 Training Error: 7.333786964416504 Test Error: 6.986557960510254
3000 Training Error: 7.276548862457275 Test Error: 7.054526329040527
3 0 mw 0.001 6000
0 Training Error: 8.240677833557129 Test Error: 8.916993141174316
1000 Training Error: 7.406149864196777 Test Error: 6.9433770179748535
2000 Training Error: 7.33378791809082 Test Error: 6.986557483673096
3000 Training Error: 7.2765607833862305 Test Error: 7.05402135848999
4000 Training Error: 7.237320899963379 Test Error: 7.101960182189941
5000 Training Error: 7.205635070800781 Test Error: 7.142571449279785
3 0 mw 0.001 8000
0 Training Error: 8.240677833557129 Test Error: 8.916993141174316
1000 Training Error: 7.406149387359619 Test Error: 6.943376064300537
2000 Training Error: 7.333785533905029 Test Error: 6.986548900604248
3000 Training Error: 7.276581287384033 Test Error: 7.054136753082275
4000 Training Error: 7.237362861633301 Test Error: 7.10221529006958
5000 Training Error: 7.205714225769043 Test Error: 7.142519950866699
6000 Training Error: 7.178764343261719 Test Error: 7.174953937530518
7000 Training Error: 7.154826641082764 Test Error: 7.2059807777404785
3 0 mw 0.01 2000
0 Training Error: 8.240677833557129 Test Error: 8.909470558166504
1000 Training Error: 7.129151344299316 Test Error: 7.269305229187012
3 0 mw 0.01 4000
0 Training Error: 8.240677833557129 Test Error: 8.909470558166504
1000 Training Error: 7.120039939880371 Test Error: 7.209095478057861
2000 Training Error: 7.005239009857178 Test Error: 7.311971664428711
3000 Training Error: 6.961696624755859 Test Error: 7.4531731605529785
3 0 mw 0.01 6000
0 Training Error: 8.240677833557129 Test Error: 8.909470558166504
1000 Training Error: 7.116085529327393 Test Error: 7.2794189453125
2000 Training Error: 7.013907432556152 Test Error: 7.349379539489746
3000 Training Error: 6.958937644958496 Test Error: 7.401731967926025
4000 Training Error: 6.939605712890625 Test Error: 7.424449920654297
5000 Training Error: 6.889878273010254 Test Error: 7.5114054679870605
3 0 mw 0.01 8000
0 Training Error: 8.240677833557129 Test Error: 8.909470558166504
1000 Training Error: 7.117620944976807 Test Error: 7.212085247039795
2000 Training Error: 7.016448974609375 Test Error: 7.298495292663574
3000 Training Error: 6.951821804046631 Test Error: 7.414576530456543
4000 Training Error: 6.915151596069336 Test Error: 7.506874084472656
5000 Training Error: 6.889360427856445 Test Error: 7.479672431945801
6000 Training Error: 6.866147518157959 Test Error: 7.557465076446533
7000 Training Error: 6.855521202087402 Test Error: 7.601946830749512
3 0 mw 0.1 2000
0 Training Error: 8.240677833557129 Test Error: 8.837488174438477
1000 Training Error: 6.895865440368652 Test Error: 7.394993782043457
3 0 mw 0.1 4000
0 Training Error: 8.240677833557129 Test Error: 8.837488174438477
1000 Training Error: 6.934628009796143 Test Error: 7.355876445770264
2000 Training Error: 6.8592987060546875 Test Error: 7.429409980773926
3000 Training Error: 6.8263840675354 Test Error: 7.487030029296875
3 0 mw 0.1 6000
0 Training Error: 8.240677833557129 Test Error: 8.837488174438477
1000 Training Error: 6.881253242492676 Test Error: 7.457228660583496
2000 Training Error: 6.811173915863037 Test Error: 7.486581325531006
3000 Training Error: 6.777672290802002 Test Error: 7.525204658508301
4000 Training Error: 6.775574684143066 Test Error: 7.517063140869141
5000 Training Error: 6.7534308433532715 Test Error: 7.644170761108398
3 0 mw 0.1 8000
0 Training Error: 8.240677833557129 Test Error: 8.837488174438477
1000 Training Error: 6.893354415893555 Test Error: 7.414185523986816
2000 Training Error: 6.824893951416016 Test Error: 7.466518878936768
3000 Training Error: 6.792937755584717 Test Error: 7.569383144378662
4000 Training Error: 6.774628639221191 Test Error: 7.574663162231445
5000 Training Error: 6.769519805908203 Test Error: 7.637876510620117
6000 Training Error: 6.7640604972839355 Test Error: 7.592986106872559
7000 Training Error: 6.743524551391602 Test Error: 7.602301597595215
3 0 mw 1.0 2000
0 Training Error: 8.240677833557129 Test Error: 8.306379318237305
1000 Training Error: nan Test Error: nan
3 0 mw 1.0 4000
0 Training Error: 8.240677833557129 Test Error: 8.306379318237305
1000 Training Error: nan Test Error: nan
2000 Training Error: nan Test Error: nan
3000 Training Error: nan Test Error: nan
3 0 mw 1.0 6000
0 Training Error: 8.240677833557129 Test Error: 8.306379318237305
1000 Training Error: nan Test Error: nan
2000 Training Error: nan Test Error: nan
3000 Training Error: nan Test Error: nan
4000 Training Error: nan Test Error: nan
5000 Training Error: nan Test Error: nan
3 0 mw 1.0 8000
0 Training Error: 8.240677833557129 Test Error: 8.306379318237305
1000 Training Error: nan Test Error: nan
2000 Training Error: nan Test Error: nan
3000 Training Error: nan Test Error: nan
4000 Training Error: nan Test Error: nan
5000 Training Error: nan Test Error: nan
6000 Training Error: nan Test Error: nan
7000 Training Error: nan Test Error: nan
3 1 hvac 0.001 2000
0 Training Error: 873.7423706054688 Test Error: 922.0580444335938
1000 Training Error: 339.30242919921875 Test Error: 394.7178955078125
3 1 hvac 0.001 4000
0 Training Error: 873.7423706054688 Test Error: 922.0580444335938
1000 Training Error: 343.4410705566406 Test Error: 381.6627197265625
2000 Training Error: 305.3757019042969 Test Error: 359.2750549316406
3000 Training Error: 293.18927001953125 Test Error: 343.820068359375
3 1 hvac 0.001 6000
0 Training Error: 873.7423706054688 Test Error: 922.0580444335938
1000 Training Error: 336.91741943359375 Test Error: 386.7309265136719
2000 Training Error: 306.9372863769531 Test Error: 370.94439697265625
3000 Training Error: 287.3192138671875 Test Error: 351.3677062988281
4000 Training Error: 273.2974853515625 Test Error: 329.084228515625
5000 Training Error: 260.3957824707031 Test Error: 330.7532958984375
3 1 hvac 0.001 8000
0 Training Error: 873.7423706054688 Test Error: 922.0580444335938
1000 Training Error: 334.3038635253906 Test Error: 379.5685729980469
2000 Training Error: 304.2897033691406 Test Error: 356.5314636230469
3000 Training Error: 289.61322021484375 Test Error: 358.5607604980469
4000 Training Error: 276.6440124511719 Test Error: 333.72735595703125
5000 Training Error: 261.96221923828125 Test Error: 314.00054931640625
6000 Training Error: 250.90293884277344 Test Error: 301.2043762207031
7000 Training Error: 242.94512939453125 Test Error: 304.1021423339844
3 1 hvac 0.01 2000
0 Training Error: 873.7423706054688 Test Error: 922.0484619140625
1000 Training Error: 279.01129150390625 Test Error: 308.2967224121094
3 1 hvac 0.01 4000
0 Training Error: 873.7423706054688 Test Error: 922.0484619140625
1000 Training Error: 281.9290771484375 Test Error: 299.0119323730469
2000 Training Error: 253.78758239746094 Test Error: 269.588623046875
3000 Training Error: 246.60702514648438 Test Error: 267.7353820800781
3 1 hvac 0.01 6000
0 Training Error: 873.7423706054688 Test Error: 922.0484619140625
1000 Training Error: 286.22186279296875 Test Error: 301.37091064453125
2000 Training Error: 258.8299560546875 Test Error: 275.8748474121094
3000 Training Error: 247.6024932861328 Test Error: 283.7181396484375
4000 Training Error: 241.2369842529297 Test Error: 286.9368896484375
5000 Training Error: 237.83926391601562 Test Error: 287.3036804199219
3 1 hvac 0.01 8000
0 Training Error: 873.7423706054688 Test Error: 922.0484619140625
1000 Training Error: 292.1388854980469 Test Error: 297.9006042480469
2000 Training Error: 255.02859497070312 Test Error: 283.5490417480469
3000 Training Error: 247.8208770751953 Test Error: 273.556640625
4000 Training Error: 244.89878845214844 Test Error: 274.2917175292969
5000 Training Error: 240.49349975585938 Test Error: 269.71221923828125
6000 Training Error: 241.1629638671875 Test Error: 283.0782470703125
7000 Training Error: 238.31234741210938 Test Error: 275.0249938964844
3 1 hvac 0.1 2000
0 Training Error: 873.7423706054688 Test Error: 921.9544067382812
1000 Training Error: 262.47320556640625 Test Error: 268.7127990722656
3 1 hvac 0.1 4000
0 Training Error: 873.7423706054688 Test Error: 921.9544067382812
1000 Training Error: 269.91217041015625 Test Error: 277.60443115234375
2000 Training Error: 258.4119567871094 Test Error: 275.50677490234375
3000 Training Error: 252.6875 Test Error: 278.95611572265625
3 1 hvac 0.1 6000
0 Training Error: 873.7423706054688 Test Error: 921.9544067382812
1000 Training Error: 261.217041015625 Test Error: 265.6335144042969
2000 Training Error: 254.4223175048828 Test Error: 279.46136474609375
3000 Training Error: 247.1261444091797 Test Error: 274.5599365234375
4000 Training Error: 242.4625244140625 Test Error: 276.6380615234375
5000 Training Error: 242.77047729492188 Test Error: 278.2305603027344
3 1 hvac 0.1 8000
0 Training Error: 873.7423706054688 Test Error: 921.9544067382812
1000 Training Error: 270.9344482421875 Test Error: 272.7593994140625
2000 Training Error: 257.4625549316406 Test Error: 265.61627197265625
3000 Training Error: 253.55032348632812 Test Error: 278.83709716796875
4000 Training Error: 245.5680694580078 Test Error: 265.8022155761719
5000 Training Error: 249.4383087158203 Test Error: 282.2135009765625
6000 Training Error: 246.73617553710938 Test Error: 281.15093994140625
7000 Training Error: 245.01902770996094 Test Error: 282.4223327636719
3 1 hvac 1.0 2000
0 Training Error: 873.7423706054688 Test Error: 921.1715698242188
1000 Training Error: nan Test Error: nan
3 1 hvac 1.0 4000
0 Training Error: 873.7423706054688 Test Error: 921.1715698242188
1000 Training Error: nan Test Error: nan
2000 Training Error: nan Test Error: nan
3000 Training Error: nan Test Error: nan
3 1 hvac 1.0 6000
0 Training Error: 873.7423706054688 Test Error: 921.1715698242188
1000 Training Error: nan Test Error: nan
2000 Training Error: nan Test Error: nan
3000 Training Error: nan Test Error: nan
4000 Training Error: nan Test Error: nan
5000 Training Error: nan Test Error: nan
3 1 hvac 1.0 8000
0 Training Error: 873.7423706054688 Test Error: 921.1715698242188
1000 Training Error: nan Test Error: nan
2000 Training Error: nan Test Error: nan
3000 Training Error: nan Test Error: nan
4000 Training Error: nan Test Error: nan
5000 Training Error: nan Test Error: nan
6000 Training Error: nan Test Error: nan
7000 Training Error: nan Test Error: nan
3 1 fridge 0.001 2000
0 Training Error: 87.55642700195312 Test Error: 93.48748779296875
1000 Training Error: 27.862985610961914 Test Error: 34.17072296142578
3 1 fridge 0.001 4000
0 Training Error: 87.55642700195312 Test Error: 93.48748779296875
1000 Training Error: 27.862993240356445 Test Error: 34.17045593261719
2000 Training Error: 26.874958038330078 Test Error: 34.123191833496094
3000 Training Error: 26.431060791015625 Test Error: 34.082096099853516
3 1 fridge 0.001 6000
0 Training Error: 87.55642700195312 Test Error: 93.48748779296875
1000 Training Error: 27.863182067871094 Test Error: 34.17023849487305
2000 Training Error: 26.868270874023438 Test Error: 34.451141357421875
3000 Training Error: 26.422670364379883 Test Error: 34.55225372314453
4000 Training Error: 26.031423568725586 Test Error: 34.86415100097656
5000 Training Error: 25.747982025146484 Test Error: 34.8934326171875
3 1 fridge 0.001 8000
0 Training Error: 87.55642700195312 Test Error: 93.48748779296875
1000 Training Error: 27.863252639770508 Test Error: 34.170021057128906
2000 Training Error: 26.889175415039062 Test Error: 34.47422790527344
3000 Training Error: 26.436697006225586 Test Error: 34.55653762817383
4000 Training Error: 26.0659236907959 Test Error: 34.98439407348633
5000 Training Error: 25.710554122924805 Test Error: 34.76810073852539
6000 Training Error: 25.505653381347656 Test Error: 35.25476837158203
7000 Training Error: 25.258562088012695 Test Error: 35.30847930908203
