nohup: ignoring input
3 1 fridge 0.01 2000
0 Training Error: 87.55616760253906 Test Error: 93.47557067871094
1000 Training Error: 25.43001365661621 Test Error: 34.67158889770508

3 1 fridge 0.01 4000
0 Training Error: 87.55642700195312 Test Error: 93.47563934326172
1000 Training Error: 25.24785041809082 Test Error: 34.66455841064453
2000 Training Error: 24.596078872680664 Test Error: 35.03192138671875
3000 Training Error: 24.491539001464844 Test Error: 35.82828140258789
3 1 fridge 0.01 6000
0 Training Error: 87.55642700195312 Test Error: 93.47563934326172
1000 Training Error: 25.3870849609375 Test Error: 34.8101692199707
2000 Training Error: 24.542591094970703 Test Error: 35.24091720581055
3000 Training Error: 24.36777114868164 Test Error: 35.68134689331055
4000 Training Error: 24.11636734008789 Test Error: 35.68854522705078
5000 Training Error: 23.98284339904785 Test Error: 35.751625061035156
3 1 fridge 0.01 8000
0 Training Error: 87.55642700195312 Test Error: 93.47563934326172
1000 Training Error: 25.273515701293945 Test Error: 34.685791015625
2000 Training Error: 24.66901397705078 Test Error: 35.234004974365234
3000 Training Error: 24.340877532958984 Test Error: 35.33149719238281
4000 Training Error: 24.125303268432617 Test Error: 35.783599853515625
5000 Training Error: 23.979488372802734 Test Error: 36.0155143737793
6000 Training Error: 23.96652603149414 Test Error: 35.84872055053711
7000 Training Error: 23.852521896362305 Test Error: 36.025630950927734
3 1 fridge 0.1 2000
0 Training Error: 87.55642700195312 Test Error: 93.35771942138672
1000 Training Error: 24.857234954833984 Test Error: 35.32401657104492
3 1 fridge 0.1 4000
0 Training Error: 87.55642700195312 Test Error: 93.35771942138672
1000 Training Error: 25.067943572998047 Test Error: 36.12725830078125
2000 Training Error: 24.509796142578125 Test Error: 36.16355514526367
3000 Training Error: 24.24277114868164 Test Error: 36.517051696777344
3 1 fridge 0.1 6000
0 Training Error: 87.55642700195312 Test Error: 93.35771942138672
1000 Training Error: 24.919200897216797 Test Error: 35.242042541503906
2000 Training Error: 24.644607543945312 Test Error: 35.78742599487305
3000 Training Error: 24.215742111206055 Test Error: 35.99540710449219
4000 Training Error: 24.203603744506836 Test Error: 35.927772521972656
5000 Training Error: 24.16429328918457 Test Error: 36.2841911315918
3 1 fridge 0.1 8000
0 Training Error: 87.55642700195312 Test Error: 93.35771942138672
1000 Training Error: 24.93491554260254 Test Error: 35.12382507324219
2000 Training Error: 24.443695068359375 Test Error: 36.2755012512207
3000 Training Error: 24.214244842529297 Test Error: 36.10329818725586
4000 Training Error: 24.10332679748535 Test Error: 36.391578674316406
5000 Training Error: 24.183349609375 Test Error: 36.69405746459961
6000 Training Error: 24.121822357177734 Test Error: 36.46943283081055
7000 Training Error: 24.089763641357422 Test Error: 36.29208755493164
3 1 fridge 1.0 2000
0 Training Error: 87.55642700195312 Test Error: 92.2328872680664
1000 Training Error: nan Test Error: nan
3 1 fridge 1.0 4000
0 Training Error: 87.55642700195312 Test Error: 92.2328872680664
1000 Training Error: nan Test Error: nan
2000 Training Error: nan Test Error: nan
3000 Training Error: nan Test Error: nan
3 1 fridge 1.0 6000
0 Training Error: 87.55642700195312 Test Error: 92.2328872680664
1000 Training Error: nan Test Error: nan
2000 Training Error: nan Test Error: nan
3000 Training Error: nan Test Error: nan
4000 Training Error: nan Test Error: nan
5000 Training Error: nan Test Error: nan
3 1 fridge 1.0 8000
0 Training Error: 87.55642700195312 Test Error: 92.2328872680664
1000 Training Error: nan Test Error: nan
2000 Training Error: nan Test Error: nan
3000 Training Error: nan Test Error: nan
4000 Training Error: nan Test Error: nan
5000 Training Error: nan Test Error: nan
6000 Training Error: nan Test Error: nan
7000 Training Error: nan Test Error: nan
3 1 dr 0.001 2000
0 Training Error: 68.72565460205078 Test Error: 65.17138671875
1000 Training Error: 68.58622741699219 Test Error: 65.01508331298828
3 1 dr 0.001 4000
0 Training Error: 68.72565460205078 Test Error: 65.17138671875
1000 Training Error: 68.58622741699219 Test Error: 65.01508331298828
2000 Training Error: 68.57931518554688 Test Error: 64.9963607788086
3000 Training Error: 68.57676696777344 Test Error: 64.98927307128906
3 1 dr 0.001 6000
0 Training Error: 68.72565460205078 Test Error: 65.17138671875
1000 Training Error: 68.58622741699219 Test Error: 65.01508331298828
2000 Training Error: 68.57931518554688 Test Error: 64.9963607788086
3000 Training Error: 68.57676696777344 Test Error: 64.98927307128906
4000 Training Error: 68.5754623413086 Test Error: 64.98595428466797
5000 Training Error: 68.57461547851562 Test Error: 64.98438262939453
3 1 dr 0.001 8000
0 Training Error: 68.72565460205078 Test Error: 65.17138671875
1000 Training Error: 68.58622741699219 Test Error: 65.01508331298828
2000 Training Error: 68.57931518554688 Test Error: 64.9963607788086
3000 Training Error: 68.57676696777344 Test Error: 64.98927307128906
4000 Training Error: 68.5754623413086 Test Error: 64.98595428466797
5000 Training Error: 68.57461547851562 Test Error: 64.98438262939453
6000 Training Error: 68.57398223876953 Test Error: 64.98363494873047
7000 Training Error: 68.57349395751953 Test Error: 64.9834213256836
3 1 dr 0.01 2000
0 Training Error: 68.72565460205078 Test Error: 65.16399383544922
1000 Training Error: 68.57229614257812 Test Error: 64.9853515625
3 1 dr 0.01 4000
0 Training Error: 68.72565460205078 Test Error: 65.16399383544922
1000 Training Error: 68.57229614257812 Test Error: 64.9853515625
2000 Training Error: 68.568359375 Test Error: 65.0014877319336
3000 Training Error: 68.560302734375 Test Error: 65.02847290039062
3 1 dr 0.01 6000
0 Training Error: 68.72565460205078 Test Error: 65.16399383544922
1000 Training Error: 68.57229614257812 Test Error: 64.9853515625
2000 Training Error: 68.568359375 Test Error: 65.00149536132812
3000 Training Error: 68.560302734375 Test Error: 65.0284652709961
4000 Training Error: 68.5416259765625 Test Error: 65.05706787109375
5000 Training Error: 68.52757263183594 Test Error: 65.07859802246094
3 1 dr 0.01 8000
0 Training Error: 68.72565460205078 Test Error: 65.16399383544922
1000 Training Error: 68.57229614257812 Test Error: 64.9853515625
2000 Training Error: 68.568359375 Test Error: 65.0014877319336
3000 Training Error: 68.560302734375 Test Error: 65.0284652709961
4000 Training Error: 68.54163360595703 Test Error: 65.05706024169922
5000 Training Error: 68.52745819091797 Test Error: 65.0755615234375
6000 Training Error: 68.5164794921875 Test Error: 65.09479522705078
7000 Training Error: 68.50355529785156 Test Error: 65.12129974365234
3 1 dr 0.1 2000
0 Training Error: 68.72565460205078 Test Error: 65.11790466308594
1000 Training Error: 68.49604034423828 Test Error: 65.1126937866211
3 1 dr 0.1 4000
0 Training Error: 68.72565460205078 Test Error: 65.11790466308594
1000 Training Error: 68.48885345458984 Test Error: 65.11572265625
2000 Training Error: 68.27957916259766 Test Error: 65.16156768798828
3000 Training Error: 67.61122131347656 Test Error: 65.8752212524414
3 1 dr 0.1 6000
0 Training Error: 68.72565460205078 Test Error: 65.11790466308594
1000 Training Error: 68.48797607421875 Test Error: 65.10891723632812
2000 Training Error: 68.36785888671875 Test Error: 65.24575805664062
3000 Training Error: 67.59383392333984 Test Error: 66.04026794433594
4000 Training Error: 67.23332214355469 Test Error: 66.42650604248047
5000 Training Error: 67.25598907470703 Test Error: 66.0573959350586
3 1 dr 0.1 8000
0 Training Error: 68.72565460205078 Test Error: 65.11790466308594
1000 Training Error: 68.49613952636719 Test Error: 65.11196899414062
2000 Training Error: 68.36028289794922 Test Error: 65.23040771484375
3000 Training Error: 67.58959197998047 Test Error: 65.74524688720703
4000 Training Error: 67.1534194946289 Test Error: 66.3072509765625
5000 Training Error: 67.31951904296875 Test Error: 66.65589904785156
6000 Training Error: 67.18758392333984 Test Error: 66.51880645751953
7000 Training Error: 67.08476257324219 Test Error: 66.32086944580078
3 1 dr 1.0 2000
0 Training Error: 68.72565460205078 Test Error: 65.35905456542969
1000 Training Error: nan Test Error: nan
3 1 dr 1.0 4000
0 Training Error: 68.72565460205078 Test Error: 65.35905456542969
1000 Training Error: nan Test Error: nan
2000 Training Error: nan Test Error: nan
3000 Training Error: nan Test Error: nan
3 1 dr 1.0 6000
0 Training Error: 68.72565460205078 Test Error: 65.35905456542969
1000 Training Error: nan Test Error: nan
2000 Training Error: nan Test Error: nan
3000 Training Error: nan Test Error: nan
4000 Training Error: nan Test Error: nan
5000 Training Error: nan Test Error: nan
3 1 dr 1.0 8000
0 Training Error: 68.72565460205078 Test Error: 65.35905456542969
1000 Training Error: nan Test Error: nan
2000 Training Error: nan Test Error: nan
3000 Training Error: nan Test Error: nan
4000 Training Error: nan Test Error: nan
5000 Training Error: nan Test Error: nan
6000 Training Error: nan Test Error: nan
7000 Training Error: nan Test Error: nan
3 1 dw 0.001 2000
0 Training Error: 16.97470474243164 Test Error: 16.698755264282227
1000 Training Error: 16.771949768066406 Test Error: 16.497594833374023
3 1 dw 0.001 4000
0 Training Error: 16.97470474243164 Test Error: 16.698755264282227
1000 Training Error: 16.771949768066406 Test Error: 16.497594833374023
2000 Training Error: 16.760671615600586 Test Error: 16.485933303833008
3000 Training Error: 16.756986618041992 Test Error: 16.48214340209961
3 1 dw 0.001 6000
0 Training Error: 16.97470474243164 Test Error: 16.698755264282227
1000 Training Error: 16.771949768066406 Test Error: 16.497594833374023
2000 Training Error: 16.760671615600586 Test Error: 16.485933303833008
3000 Training Error: 16.75698471069336 Test Error: 16.48215675354004
4000 Training Error: 16.755992889404297 Test Error: 16.481361389160156
5000 Training Error: 16.754514694213867 Test Error: 16.47969627380371
3 1 dw 0.001 8000
0 Training Error: 16.97470474243164 Test Error: 16.698755264282227
1000 Training Error: 16.771949768066406 Test Error: 16.497594833374023
2000 Training Error: 16.760671615600586 Test Error: 16.485933303833008
3000 Training Error: 16.756986618041992 Test Error: 16.48214340209961
4000 Training Error: 16.756288528442383 Test Error: 16.48100471496582
5000 Training Error: 16.75459098815918 Test Error: 16.479576110839844
6000 Training Error: 16.75499725341797 Test Error: 16.481225967407227
7000 Training Error: 16.75405502319336 Test Error: 16.48004150390625
3 1 dw 0.01 2000
0 Training Error: 16.97470474243164 Test Error: 16.69042205810547
1000 Training Error: 16.757661819458008 Test Error: 16.485946655273438
3 1 dw 0.01 4000
0 Training Error: 16.97470474243164 Test Error: 16.69042205810547
1000 Training Error: 16.758480072021484 Test Error: 16.485496520996094
2000 Training Error: 16.755474090576172 Test Error: 16.48025894165039
3000 Training Error: 16.753589630126953 Test Error: 16.481517791748047
3 1 dw 0.01 6000
0 Training Error: 16.97470474243164 Test Error: 16.69042205810547
1000 Training Error: 16.761945724487305 Test Error: 16.48719596862793
2000 Training Error: 16.754430770874023 Test Error: 16.48092269897461
3000 Training Error: 16.753498077392578 Test Error: 16.479625701904297
4000 Training Error: 16.755290985107422 Test Error: 16.477828979492188
5000 Training Error: 16.754104614257812 Test Error: 16.47944450378418
3 1 dw 0.01 8000
0 Training Error: 16.97470474243164 Test Error: 16.69042205810547
1000 Training Error: 16.761547088623047 Test Error: 16.48813819885254
2000 Training Error: 16.7582950592041 Test Error: 16.479190826416016
3000 Training Error: 16.755170822143555 Test Error: 16.480422973632812
4000 Training Error: 16.75503158569336 Test Error: 16.477794647216797
5000 Training Error: 16.755611419677734 Test Error: 16.478477478027344
6000 Training Error: 16.757526397705078 Test Error: 16.479122161865234
7000 Training Error: 16.755353927612305 Test Error: 16.48030662536621
3 1 dw 0.1 2000
0 Training Error: 16.97470474243164 Test Error: 16.653919219970703
1000 Training Error: 16.8316650390625 Test Error: 16.54170799255371
3 1 dw 0.1 4000
0 Training Error: 16.97470474243164 Test Error: 16.653919219970703
1000 Training Error: 16.766651153564453 Test Error: 16.4949893951416
2000 Training Error: 16.843046188354492 Test Error: 16.517240524291992
3000 Training Error: 16.77880859375 Test Error: 16.52698516845703
3 1 dw 0.1 6000
0 Training Error: 16.97470474243164 Test Error: 16.653919219970703
1000 Training Error: 16.767866134643555 Test Error: 16.520170211791992
2000 Training Error: 16.75832748413086 Test Error: 16.518077850341797
3000 Training Error: 16.79219627380371 Test Error: 16.501266479492188
4000 Training Error: 16.793075561523438 Test Error: 16.49285316467285
5000 Training Error: 16.788745880126953 Test Error: 16.48653221130371
3 1 dw 0.1 8000
0 Training Error: 16.97470474243164 Test Error: 16.653919219970703
1000 Training Error: 16.829376220703125 Test Error: 16.494403839111328
2000 Training Error: 16.824466705322266 Test Error: 16.495479583740234
3000 Training Error: 16.824777603149414 Test Error: 16.495807647705078
4000 Training Error: 16.831613540649414 Test Error: 16.537639617919922
5000 Training Error: 16.800233840942383 Test Error: 16.512577056884766
6000 Training Error: 16.778072357177734 Test Error: 16.53144645690918
7000 Training Error: 16.767114639282227 Test Error: 16.55185317993164
3 1 dw 1.0 2000
0 Training Error: 16.97470474243164 Test Error: 16.92254638671875
1000 Training Error: nan Test Error: nan
3 1 dw 1.0 4000
0 Training Error: 16.97470474243164 Test Error: 16.92254638671875
1000 Training Error: nan Test Error: nan
2000 Training Error: nan Test Error: nan
3000 Training Error: nan Test Error: nan
3 1 dw 1.0 6000
0 Training Error: 16.97470474243164 Test Error: 16.92254638671875
1000 Training Error: nan Test Error: nan
2000 Training Error: nan Test Error: nan
3000 Training Error: nan Test Error: nan
4000 Training Error: nan Test Error: nan
5000 Training Error: nan Test Error: nan
3 1 dw 1.0 8000
0 Training Error: 16.97470474243164 Test Error: 16.92254638671875
1000 Training Error: nan Test Error: nan
2000 Training Error: nan Test Error: nan
3000 Training Error: nan Test Error: nan
4000 Training Error: nan Test Error: nan
5000 Training Error: nan Test Error: nan
6000 Training Error: nan Test Error: nan
7000 Training Error: nan Test Error: nan
3 1 mw 0.001 2000
0 Training Error: 7.503842353820801 Test Error: 11.175276756286621
1000 Training Error: 6.344465732574463 Test Error: 10.111297607421875
3 1 mw 0.001 4000
0 Training Error: 7.503842353820801 Test Error: 11.175276756286621
1000 Training Error: 6.344465732574463 Test Error: 10.11129379272461
2000 Training Error: 6.302307605743408 Test Error: 10.12695026397705
3000 Training Error: 6.270625114440918 Test Error: 10.151081085205078
3 1 mw 0.001 6000
0 Training Error: 7.503842353820801 Test Error: 11.175276756286621
1000 Training Error: 6.344467639923096 Test Error: 10.111292839050293
2000 Training Error: 6.302309989929199 Test Error: 10.12695026397705
3000 Training Error: 6.270626544952393 Test Error: 10.151087760925293
4000 Training Error: 6.2426934242248535 Test Error: 10.16739559173584
5000 Training Error: 6.2162957191467285 Test Error: 10.181778907775879
3 1 mw 0.001 8000
0 Training Error: 7.503842353820801 Test Error: 11.175276756286621
1000 Training Error: 6.344466686248779 Test Error: 10.111297607421875
2000 Training Error: 6.302309036254883 Test Error: 10.12696647644043
3000 Training Error: 6.270623683929443 Test Error: 10.151073455810547
4000 Training Error: 6.242687225341797 Test Error: 10.167381286621094
5000 Training Error: 6.216292858123779 Test Error: 10.181807518005371
6000 Training Error: 6.190749645233154 Test Error: 10.1985502243042
7000 Training Error: 6.170793533325195 Test Error: 10.205172538757324
3 1 mw 0.01 2000
0 Training Error: 7.503842353820801 Test Error: 11.168127059936523
1000 Training Error: 6.125624179840088 Test Error: 10.219767570495605
3 1 mw 0.01 4000
0 Training Error: 7.503842353820801 Test Error: 11.168127059936523
1000 Training Error: 6.1249284744262695 Test Error: 10.22591495513916
2000 Training Error: 6.0306077003479 Test Error: 10.309088706970215
3000 Training Error: 5.994153022766113 Test Error: 10.296238899230957
3 1 mw 0.01 6000
0 Training Error: 7.503842353820801 Test Error: 11.168127059936523
1000 Training Error: 6.12425422668457 Test Error: 10.247193336486816
2000 Training Error: 6.027642250061035 Test Error: 10.29248332977295
3000 Training Error: 5.9859619140625 Test Error: 10.319537162780762
4000 Training Error: 5.961084365844727 Test Error: 10.361414909362793
5000 Training Error: 5.922447681427002 Test Error: 10.383464813232422
3 1 mw 0.01 8000
0 Training Error: 7.503842353820801 Test Error: 11.168127059936523
1000 Training Error: 6.119775295257568 Test Error: 10.238083839416504
2000 Training Error: 6.025257587432861 Test Error: 10.288726806640625
3000 Training Error: 5.982261657714844 Test Error: 10.329390525817871
4000 Training Error: 5.954993724822998 Test Error: 10.374969482421875
5000 Training Error: 5.93572473526001 Test Error: 10.380560874938965
6000 Training Error: 5.912788391113281 Test Error: 10.400579452514648
7000 Training Error: 5.898431777954102 Test Error: 10.425768852233887
3 1 mw 0.1 2000
0 Training Error: 7.503842353820801 Test Error: 11.102556228637695
1000 Training Error: 5.965114593505859 Test Error: 10.338713645935059
3 1 mw 0.1 4000
0 Training Error: 7.503842353820801 Test Error: 11.102556228637695
1000 Training Error: 5.950516700744629 Test Error: 10.392899513244629
2000 Training Error: 5.9098405838012695 Test Error: 10.407458305358887
3000 Training Error: 5.863475322723389 Test Error: 10.417142868041992
3 1 mw 0.1 6000
0 Training Error: 7.503842353820801 Test Error: 11.102556228637695
1000 Training Error: 5.925631046295166 Test Error: 10.311078071594238
2000 Training Error: 5.88309907913208 Test Error: 10.353242874145508
3000 Training Error: 5.8609514236450195 Test Error: 10.391490936279297
4000 Training Error: 5.829852104187012 Test Error: 10.406144142150879
5000 Training Error: 5.8265509605407715 Test Error: 10.415143013000488
3 1 mw 0.1 8000
0 Training Error: 7.503842353820801 Test Error: 11.102556228637695
1000 Training Error: 5.957427978515625 Test Error: 10.336442947387695
2000 Training Error: 5.882517337799072 Test Error: 10.365443229675293
3000 Training Error: 5.86134147644043 Test Error: 10.382316589355469
4000 Training Error: 5.835135459899902 Test Error: 10.397639274597168
5000 Training Error: 5.834869861602783 Test Error: 10.394309997558594
6000 Training Error: 5.819271564483643 Test Error: 10.424654960632324
7000 Training Error: 5.813148498535156 Test Error: 10.435286521911621
3 1 mw 1.0 2000
0 Training Error: 7.503842353820801 Test Error: 10.741374969482422
1000 Training Error: nan Test Error: nan
3 1 mw 1.0 4000
0 Training Error: 7.503842353820801 Test Error: 10.741374969482422
1000 Training Error: nan Test Error: nan
2000 Training Error: nan Test Error: nan
3000 Training Error: nan Test Error: nan
3 1 mw 1.0 6000
0 Training Error: 7.503842353820801 Test Error: 10.741374969482422
1000 Training Error: nan Test Error: nan
2000 Training Error: nan Test Error: nan
3000 Training Error: nan Test Error: nan
4000 Training Error: nan Test Error: nan
5000 Training Error: nan Test Error: nan
3 1 mw 1.0 8000
0 Training Error: 7.503842353820801 Test Error: 10.741374969482422
1000 Training Error: nan Test Error: nan
2000 Training Error: nan Test Error: nan
3000 Training Error: nan Test Error: nan
4000 Training Error: nan Test Error: nan
5000 Training Error: nan Test Error: nan
6000 Training Error: nan Test Error: nan
7000 Training Error: nan Test Error: nan
3 2 hvac 0.001 2000
0 Training Error: 858.9849853515625 Test Error: 967.3836059570312
1000 Training Error: 338.87127685546875 Test Error: 384.35650634765625
3 2 hvac 0.001 4000
0 Training Error: 858.9849853515625 Test Error: 967.3836059570312
1000 Training Error: 342.025390625 Test Error: 381.8960876464844
2000 Training Error: 304.3985900878906 Test Error: 365.1277770996094
3000 Training Error: 294.37994384765625 Test Error: 372.06103515625
3 2 hvac 0.001 6000
0 Training Error: 858.9849853515625 Test Error: 967.3836059570312
1000 Training Error: 338.0744934082031 Test Error: 376.7015686035156
2000 Training Error: 306.34600830078125 Test Error: 379.2421875
3000 Training Error: 294.4615783691406 Test Error: 361.3067626953125
4000 Training Error: 281.595947265625 Test Error: 362.70849609375
5000 Training Error: 263.85400390625 Test Error: 354.2825622558594
3 2 hvac 0.001 8000
0 Training Error: 858.9849853515625 Test Error: 967.3836059570312
1000 Training Error: 339.20263671875 Test Error: 382.4734191894531
2000 Training Error: 306.32196044921875 Test Error: 379.8305358886719
3000 Training Error: 292.9295959472656 Test Error: 352.4517822265625
4000 Training Error: 276.31964111328125 Test Error: 342.637939453125
5000 Training Error: 256.40130615234375 Test Error: 333.6634826660156
6000 Training Error: 248.314697265625 Test Error: 323.8681640625
7000 Training Error: 238.15310668945312 Test Error: 336.7379455566406
3 2 hvac 0.01 2000
0 Training Error: 858.9849853515625 Test Error: 967.3735961914062
1000 Training Error: 279.02392578125 Test Error: 328.7098693847656
3 2 hvac 0.01 4000
0 Training Error: 858.9849853515625 Test Error: 967.3735961914062
1000 Training Error: 270.39031982421875 Test Error: 336.1268615722656
2000 Training Error: 246.9424285888672 Test Error: 317.5994873046875
3000 Training Error: 241.67578125 Test Error: 311.54815673828125
3 2 hvac 0.01 6000
0 Training Error: 858.9849853515625 Test Error: 967.3735961914062
1000 Training Error: 282.2978820800781 Test Error: 320.1052551269531
2000 Training Error: 245.67779541015625 Test Error: 316.7230224609375
3000 Training Error: 240.62234497070312 Test Error: 323.30419921875
4000 Training Error: 238.5289306640625 Test Error: 323.9584045410156
5000 Training Error: 236.2107696533203 Test Error: 319.72760009765625
3 2 hvac 0.01 8000
0 Training Error: 858.9849853515625 Test Error: 967.3735961914062
1000 Training Error: 282.247802734375 Test Error: 341.6246337890625
2000 Training Error: 251.90725708007812 Test Error: 323.76953125
3000 Training Error: 241.88072204589844 Test Error: 330.6567687988281
4000 Training Error: 239.0067596435547 Test Error: 321.5281982421875
5000 Training Error: 237.94212341308594 Test Error: 324.7738037109375
6000 Training Error: 237.29934692382812 Test Error: 323.2883605957031
7000 Training Error: 234.43043518066406 Test Error: 331.4252624511719
3 2 hvac 0.1 2000
0 Training Error: 858.9849853515625 Test Error: 967.2745361328125
1000 Training Error: 264.9413146972656 Test Error: 303.7030334472656
3 2 hvac 0.1 4000
0 Training Error: 858.9849853515625 Test Error: 967.2745361328125
1000 Training Error: 264.1717529296875 Test Error: 333.4753112792969
2000 Training Error: 255.64369201660156 Test Error: 335.0718688964844
3000 Training Error: 254.48863220214844 Test Error: 299.0666809082031
3 2 hvac 0.1 6000
0 Training Error: 858.9849853515625 Test Error: 967.2745361328125
1000 Training Error: 264.0297546386719 Test Error: 320.8114013671875
2000 Training Error: 251.03948974609375 Test Error: 319.58392333984375
3000 Training Error: 249.34613037109375 Test Error: 321.181396484375
4000 Training Error: 250.82888793945312 Test Error: 305.88214111328125
5000 Training Error: 246.2223358154297 Test Error: 320.12835693359375
3 2 hvac 0.1 8000
0 Training Error: 858.9849853515625 Test Error: 967.2745361328125
1000 Training Error: 264.4656982421875 Test Error: 314.8216857910156
2000 Training Error: 258.59442138671875 Test Error: 319.978515625
3000 Training Error: 255.9685821533203 Test Error: 301.618896484375
4000 Training Error: 248.61343383789062 Test Error: 330.7103576660156
5000 Training Error: 245.73037719726562 Test Error: 312.58123779296875
6000 Training Error: 247.75466918945312 Test Error: 341.26617431640625
7000 Training Error: 242.17303466796875 Test Error: 319.1659240722656
3 2 hvac 1.0 2000
0 Training Error: 858.9849853515625 Test Error: 966.3484497070312
1000 Training Error: nan Test Error: nan
3 2 hvac 1.0 4000
0 Training Error: 858.9849853515625 Test Error: 966.3484497070312
1000 Training Error: nan Test Error: nan
2000 Training Error: nan Test Error: nan
3000 Training Error: nan Test Error: nan
3 2 hvac 1.0 6000
0 Training Error: 858.9849853515625 Test Error: 966.3484497070312
1000 Training Error: nan Test Error: nan
2000 Training Error: nan Test Error: nan
3000 Training Error: nan Test Error: nan
4000 Training Error: nan Test Error: nan
5000 Training Error: nan Test Error: nan
3 2 hvac 1.0 8000
0 Training Error: 858.9849853515625 Test Error: 966.3484497070312
1000 Training Error: nan Test Error: nan
2000 Training Error: nan Test Error: nan
3000 Training Error: nan Test Error: nan
4000 Training Error: nan Test Error: nan
5000 Training Error: nan Test Error: nan
6000 Training Error: nan Test Error: nan
7000 Training Error: nan Test Error: nan
3 2 fridge 0.001 2000
0 Training Error: 90.58806610107422 Test Error: 84.17595672607422
1000 Training Error: 30.365774154663086 Test Error: 27.16884422302246
3 2 fridge 0.001 4000
0 Training Error: 90.58806610107422 Test Error: 84.17595672607422
1000 Training Error: 30.366052627563477 Test Error: 27.170368194580078
2000 Training Error: 29.44253158569336 Test Error: 27.12647247314453
3000 Training Error: 28.90607261657715 Test Error: 27.519018173217773
3 2 fridge 0.001 6000
0 Training Error: 90.58806610107422 Test Error: 84.17595672607422
1000 Training Error: 30.365692138671875 Test Error: 27.169437408447266
2000 Training Error: 29.461572647094727 Test Error: 27.117630004882812
3000 Training Error: 28.890483856201172 Test Error: 27.280054092407227
4000 Training Error: 28.525217056274414 Test Error: 27.594711303710938
5000 Training Error: 28.187114715576172 Test Error: 27.751148223876953
3 2 fridge 0.001 8000
0 Training Error: 90.58806610107422 Test Error: 84.17595672607422
1000 Training Error: 30.36572265625 Test Error: 27.16815948486328
2000 Training Error: 29.468170166015625 Test Error: 27.113248825073242
3000 Training Error: 29.046953201293945 Test Error: 27.299898147583008
4000 Training Error: 28.55620002746582 Test Error: 27.814884185791016
5000 Training Error: 28.197998046875 Test Error: 28.44504737854004
6000 Training Error: 27.86166763305664 Test Error: 28.313812255859375
7000 Training Error: 27.677852630615234 Test Error: 28.203384399414062
3 2 fridge 0.01 2000
0 Training Error: 90.58806610107422 Test Error: 84.16407775878906
1000 Training Error: 27.823896408081055 Test Error: 28.512479782104492
3 2 fridge 0.01 4000
0 Training Error: 90.58806610107422 Test Error: 84.16407775878906
1000 Training Error: 27.756704330444336 Test Error: 28.09794807434082
2000 Training Error: 27.135255813598633 Test Error: 29.065317153930664
3000 Training Error: 26.921669006347656 Test Error: 29.84436798095703
3 2 fridge 0.01 6000
0 Training Error: 90.58806610107422 Test Error: 84.16407775878906
1000 Training Error: 27.91550064086914 Test Error: 28.40015411376953
2000 Training Error: 27.248254776000977 Test Error: 29.388439178466797
3000 Training Error: 26.906639099121094 Test Error: 29.59909439086914
4000 Training Error: 26.668787002563477 Test Error: 29.783203125
5000 Training Error: 26.532724380493164 Test Error: 30.100419998168945
3 2 fridge 0.01 8000
0 Training Error: 90.58806610107422 Test Error: 84.16407775878906
1000 Training Error: 27.84258460998535 Test Error: 28.158329010009766
2000 Training Error: 27.32537078857422 Test Error: 29.36229133605957
3000 Training Error: 27.07791519165039 Test Error: 28.937545776367188
4000 Training Error: 26.64330291748047 Test Error: 30.13835906982422
5000 Training Error: 26.531044006347656 Test Error: 30.288869857788086
6000 Training Error: 26.495121002197266 Test Error: 30.453031539916992
7000 Training Error: 26.30524253845215 Test Error: 30.502531051635742
3 2 fridge 0.1 2000
0 Training Error: 90.58806610107422 Test Error: 84.04562377929688
1000 Training Error: 28.143495559692383 Test Error: 28.07192611694336
3 2 fridge 0.1 4000
0 Training Error: 90.58806610107422 Test Error: 84.04562377929688
1000 Training Error: 28.04697608947754 Test Error: 27.835912704467773
2000 Training Error: 27.855262756347656 Test Error: 28.192522048950195
3000 Training Error: 27.67814826965332 Test Error: 28.295400619506836
3 2 fridge 0.1 6000
0 Training Error: 90.58806610107422 Test Error: 84.04562377929688
1000 Training Error: 28.003347396850586 Test Error: 28.67203712463379
2000 Training Error: 27.375158309936523 Test Error: 27.978403091430664
3000 Training Error: 27.287582397460938 Test Error: 28.105541229248047
4000 Training Error: 27.31795883178711 Test Error: 28.660648345947266
5000 Training Error: 27.093936920166016 Test Error: 28.84835433959961
3 2 fridge 0.1 8000
0 Training Error: 90.58806610107422 Test Error: 84.04562377929688
1000 Training Error: 27.8876895904541 Test Error: 27.992822647094727
2000 Training Error: 27.560678482055664 Test Error: 28.747501373291016
3000 Training Error: 27.43213653564453 Test Error: 28.294031143188477
4000 Training Error: 27.381805419921875 Test Error: 28.614585876464844
5000 Training Error: 27.356971740722656 Test Error: 29.094860076904297
6000 Training Error: 27.22395133972168 Test Error: 28.498401641845703
7000 Training Error: 27.03858184814453 Test Error: 28.807119369506836
3 2 fridge 1.0 2000
0 Training Error: 90.58806610107422 Test Error: 82.9150161743164
1000 Training Error: nan Test Error: nan
3 2 fridge 1.0 4000
0 Training Error: 90.58806610107422 Test Error: 82.9150161743164
1000 Training Error: nan Test Error: nan
2000 Training Error: nan Test Error: nan
3000 Training Error: nan Test Error: nan
3 2 fridge 1.0 6000
0 Training Error: 90.58806610107422 Test Error: 82.9150161743164
1000 Training Error: nan Test Error: nan
2000 Training Error: nan Test Error: nan
3000 Training Error: nan Test Error: nan
4000 Training Error: nan Test Error: nan
5000 Training Error: nan Test Error: nan
3 2 fridge 1.0 8000
0 Training Error: 90.58806610107422 Test Error: 82.9150161743164
1000 Training Error: nan Test Error: nan
2000 Training Error: nan Test Error: nan
3000 Training Error: nan Test Error: nan
4000 Training Error: nan Test Error: nan
5000 Training Error: nan Test Error: nan
6000 Training Error: nan Test Error: nan
7000 Training Error: nan Test Error: nan
3 2 dr 0.001 2000
0 Training Error: 66.76919555664062 Test Error: 71.1794662475586
1000 Training Error: 66.62116241455078 Test Error: 71.03120422363281
3 2 dr 0.001 4000
0 Training Error: 66.76919555664062 Test Error: 71.1794662475586
1000 Training Error: 66.62116241455078 Test Error: 71.03120422363281
2000 Training Error: 66.61347961425781 Test Error: 71.01952362060547
3000 Training Error: 66.61082458496094 Test Error: 71.01519775390625
3 2 dr 0.001 6000
0 Training Error: 66.76919555664062 Test Error: 71.1794662475586
1000 Training Error: 66.62116241455078 Test Error: 71.03120422363281
2000 Training Error: 66.61347961425781 Test Error: 71.01952362060547
3000 Training Error: 66.6108169555664 Test Error: 71.01519775390625
4000 Training Error: 66.6095199584961 Test Error: 71.01296997070312
5000 Training Error: 66.60874938964844 Test Error: 71.01161193847656
3 2 dr 0.001 8000
0 Training Error: 66.76919555664062 Test Error: 71.1794662475586
1000 Training Error: 66.62116241455078 Test Error: 71.03120422363281
2000 Training Error: 66.61347961425781 Test Error: 71.01952362060547
3000 Training Error: 66.6108169555664 Test Error: 71.01519775390625
4000 Training Error: 66.6095199584961 Test Error: 71.01296997070312
5000 Training Error: 66.60874938964844 Test Error: 71.01161193847656
6000 Training Error: 66.6082534790039 Test Error: 71.01075744628906
7000 Training Error: 66.60791015625 Test Error: 71.01014709472656
3 2 dr 0.01 2000
0 Training Error: 66.76919555664062 Test Error: 71.17235565185547
1000 Training Error: 66.60771179199219 Test Error: 71.0100326538086
3 2 dr 0.01 4000
0 Training Error: 66.76919555664062 Test Error: 71.17235565185547
1000 Training Error: 66.6077651977539 Test Error: 71.01012420654297
2000 Training Error: 66.60628509521484 Test Error: 71.01063537597656
3000 Training Error: 66.60504150390625 Test Error: 71.01377868652344
3 2 dr 0.01 6000
0 Training Error: 66.76919555664062 Test Error: 71.17235565185547
1000 Training Error: 66.60774993896484 Test Error: 71.0101089477539
2000 Training Error: 66.60628509521484 Test Error: 71.01063537597656
3000 Training Error: 66.60504150390625 Test Error: 71.01376342773438
4000 Training Error: 66.60316467285156 Test Error: 71.01998901367188
5000 Training Error: 66.59989929199219 Test Error: 71.02798461914062
3 2 dr 0.01 8000
0 Training Error: 66.76919555664062 Test Error: 71.17235565185547
1000 Training Error: 66.60780334472656 Test Error: 71.01128387451172
2000 Training Error: 66.6063232421875 Test Error: 71.01166534423828
3000 Training Error: 66.60504150390625 Test Error: 71.01376342773438
4000 Training Error: 66.60316467285156 Test Error: 71.01998901367188
5000 Training Error: 66.59989929199219 Test Error: 71.02798461914062
6000 Training Error: 66.59302520751953 Test Error: 71.03842163085938
7000 Training Error: 66.57917785644531 Test Error: 71.04703521728516
