nohup: ignoring input
dr
dr GRU 20 1 True 0.01 800
cur_fold:  0
100 70.98782348632812
200 70.970703125
300 70.94613647460938
400 70.93824768066406
500 70.95524597167969
600 70.92792510986328
700 70.93013000488281
800 70.92353057861328
cur_fold:  1
100 67.43282318115234
200 67.39920043945312
300 67.3848648071289
400 67.38014221191406
500 67.3780288696289
600 67.37760925292969
700 67.36485290527344
800 67.36651611328125
cur_fold:  2
100 65.8670425415039
200 65.8450698852539
300 65.82988739013672
400 65.81326293945312
500 65.81893157958984
600 65.80345153808594
700 65.7981185913086
800 65.80390930175781
cur_fold:  3
100 63.12364196777344
200 63.12717056274414
300 63.126800537109375
400 63.12207794189453
500 63.124595642089844
600 63.119049072265625
700 63.125587463378906
800 63.121280670166016
cur_fold:  4
100 67.2798080444336
200 67.2547378540039
300 67.22962188720703
400 67.22879791259766
500 67.21825408935547
600 67.21855163574219
700 67.2151107788086
800 67.21570587158203
dr GRU 20 1 True 1 800
cur_fold:  0
100 72.24272155761719
200 72.16099548339844
300 72.16338348388672
400 72.15861511230469
500 72.16019439697266
600 72.16537475585938
700 72.15929412841797
800 72.15998077392578
cur_fold:  1
100 71.02176666259766
200 68.69750213623047
300 69.76223754882812
400 69.49331665039062
500 70.65518951416016
600 68.76549530029297
700 67.87976837158203
800 71.03713989257812
cur_fold:  2
100 66.28214263916016
200 67.8594970703125
300 69.12992095947266
400 67.61197662353516
500 66.62517547607422
600 69.43445587158203
700 67.075439453125
800 68.42457580566406
cur_fold:  3
100 64.38996124267578
200 64.34048461914062
300 64.3553466796875
400 64.35382080078125
500 64.35498809814453
600 64.35041809082031
700 64.35711669921875
800 64.3630142211914
cur_fold:  4
100 69.28634643554688
200 69.39103698730469
300 69.39202880859375
400 69.38895416259766
500 69.3906021118164
600 69.38045501708984
700 69.39102172851562
800 69.38736724853516
dr GRU 20 1 True 2 800
cur_fold:  0
100 71.48973846435547
200 72.07638549804688
300 77.20475006103516
400 71.59272766113281
500 72.09180450439453
600 77.21761322021484
700 71.60995483398438
800 72.11398315429688
cur_fold:  1
100 67.76049041748047
200 67.96178436279297
300 67.98365020751953
400 67.969970703125
500 68.01154327392578
600 67.97097778320312
700 68.0157241821289
800 67.95591735839844
cur_fold:  2
100 66.34488677978516
200 68.34629821777344
300 66.42013549804688
400 66.28662872314453
500 68.48497772216797
600 66.46807098388672
700 66.27302551269531
800 68.57656860351562
cur_fold:  3
100 63.17941665649414
200 78.44599151611328
300 70.31100463867188
400 70.9237060546875
500 64.44078826904297
600 63.16213607788086
700 67.73558807373047
800 70.45073699951172
cur_fold:  4
100 70.64585876464844
200 70.77864074707031
300 70.80651092529297
400 70.81269073486328
500 70.82671356201172
600 70.81906127929688
700 70.82660675048828
800 70.82449340820312
dr GRU 20 1 False 0.01 800
cur_fold:  0
100 70.98782348632812
200 70.970703125
300 70.94613647460938
400 70.93824768066406
500 70.95524597167969
600 70.92792510986328
700 70.93013000488281
800 70.92353057861328
cur_fold:  1
100 67.43282318115234
200 67.39920043945312
300 67.3848648071289
400 67.38014221191406
500 67.3780288696289
600 67.37760925292969
700 67.36485290527344
800 67.36651611328125
cur_fold:  2
100 65.8670425415039
200 65.8450698852539
300 65.82988739013672
400 65.81326293945312
500 65.81893157958984
600 65.80345153808594
700 65.7981185913086
800 65.80390930175781
cur_fold:  3
100 63.12364196777344
200 63.12717056274414
300 63.126800537109375
400 63.12207794189453
500 63.124595642089844
600 63.119049072265625
700 63.125587463378906
800 63.121280670166016
cur_fold:  4
100 67.2798080444336
200 67.2547378540039
300 67.22962188720703
400 67.22879791259766
500 67.21825408935547
600 67.21855163574219
700 67.2151107788086
800 67.21570587158203
dr GRU 20 1 False 1 800
cur_fold:  0
100 72.24272155761719
200 72.16099548339844
300 72.16338348388672
400 72.15861511230469
500 72.16019439697266
600 72.16537475585938
700 72.15929412841797
800 72.15998077392578
cur_fold:  1
100 71.02176666259766
200 68.69750213623047
300 69.76223754882812
400 69.49331665039062
500 70.65518951416016
600 68.76549530029297
700 67.87976837158203
800 71.03713989257812
cur_fold:  2
100 66.28214263916016
200 67.8594970703125
300 69.12992095947266
400 67.61197662353516
500 66.62517547607422
600 69.43445587158203
700 67.075439453125
800 68.42457580566406
cur_fold:  3
100 64.38996124267578
200 64.34048461914062
300 64.3553466796875
400 64.35382080078125
500 64.35498809814453
600 64.35041809082031
700 64.35711669921875
800 64.3630142211914
cur_fold:  4
100 69.28634643554688
200 69.39103698730469
300 69.39202880859375
400 69.38895416259766
500 69.3906021118164
600 69.38045501708984
700 69.39102172851562
800 69.38736724853516
dr GRU 20 1 False 2 800
cur_fold:  0
100 71.48973846435547
200 72.07638549804688
300 77.20475006103516
400 71.59272766113281
500 72.09180450439453
600 77.21761322021484
700 71.60995483398438
800 72.11398315429688
cur_fold:  1
100 67.76049041748047
200 67.96178436279297
300 67.98365020751953
400 67.969970703125
500 68.01154327392578
600 67.97097778320312
700 68.0157241821289
800 67.95591735839844
cur_fold:  2
100 66.34488677978516
200 68.34629821777344
300 66.42013549804688
400 66.28662872314453
500 68.48497772216797
600 66.46807098388672
700 66.27302551269531
800 68.57656860351562
cur_fold:  3
100 63.17941665649414
200 78.44599151611328
300 70.31100463867188
400 70.9237060546875
500 64.44078826904297
600 63.16213607788086
700 67.73558807373047
800 70.45073699951172
cur_fold:  4
100 70.64585876464844
200 70.77864074707031
300 70.80651092529297
400 70.81269073486328
500 70.82671356201172
600 70.81906127929688
700 70.82660675048828
800 70.82449340820312
dr GRU 20 3 True 0.01 800
cur_fold:  0
100 70.97933197021484
200 70.93510437011719
300 70.95016479492188
400 70.9153823852539
500 70.99801635742188
600 71.0051498413086
700 70.99063110351562
800 70.9739761352539
cur_fold:  1
100 67.36198425292969
200 67.35694885253906
300 67.40180206298828
400 67.31098175048828
500 67.22529602050781
600 67.4209976196289
700 67.29087829589844
800 67.41929626464844
cur_fold:  2
100 65.81416320800781
200 65.79293060302734
300 65.83670806884766
400 65.82681274414062
500 65.80662536621094
600 65.82584381103516
700 65.76781463623047
800 65.75690460205078
cur_fold:  3
100 63.14862823486328
200 63.12195587158203
300 63.11953353881836
400 63.12248992919922
500 63.12031936645508
600 63.12175369262695
700 63.118953704833984
800 63.12071990966797
cur_fold:  4
100 67.2516098022461
200 67.24264526367188
300 67.23057556152344
400 67.27471160888672
500 67.2220230102539
600 67.24446105957031
700 67.23628234863281
800 67.24250793457031
dr GRU 20 3 True 1 800
cur_fold:  0
100 1005.2733764648438
200 1005.2733764648438
300 1005.2733764648438
400 1005.2733764648438
500 1005.2733764648438
600 1005.2733764648438
700 1005.2733764648438
800 1005.2733764648438
cur_fold:  1
100 70.57662963867188
200 69.5702133178711
300 69.59647369384766
400 70.74349212646484
500 68.80990600585938
600 67.87483978271484
700 71.11161804199219
800 68.73435974121094
cur_fold:  2
100 957.055908203125
200 957.055908203125
300 957.055908203125
400 957.055908203125
500 957.055908203125
600 957.055908203125
700 957.055908203125
800 957.055908203125
cur_fold:  3
100 982.8065185546875
200 982.8065185546875
300 982.8065185546875
400 982.8065185546875
500 982.8065185546875
600 982.8065185546875
700 982.8065185546875
800 982.8065185546875
cur_fold:  4
100 997.957763671875
200 997.957763671875
300 997.957763671875
400 997.957763671875
500 997.957763671875
600 997.957763671875
700 997.957763671875
800 997.957763671875
dr GRU 20 3 True 2 800
cur_fold:  0
100 79.26451110839844
200 81.9861831665039
300 80.44694519042969
400 74.29647827148438
500 75.84346008300781
600 80.22570037841797
700 80.92462158203125
800 77.94759368896484
cur_fold:  1
100 965.9950561523438
200 965.9950561523438
300 965.9950561523438
400 965.9950561523438
500 965.9950561523438
600 965.9950561523438
700 965.9950561523438
800 965.9950561523438
cur_fold:  2
100 957.055908203125
200 957.055908203125
300 957.055908203125
400 957.055908203125
500 957.055908203125
600 957.055908203125
700 957.055908203125
800 957.055908203125
cur_fold:  3
100 982.8065185546875
200 982.8065185546875
300 982.8065185546875
400 982.8065185546875
500 982.8065185546875
600 982.8065185546875
700 982.8065185546875
800 982.8065185546875
cur_fold:  4
100 997.957763671875
200 997.957763671875
300 997.957763671875
400 997.957763671875
500 997.957763671875
600 997.957763671875
700 997.957763671875
800 997.957763671875
dr GRU 20 3 False 0.01 800
cur_fold:  0
100 70.97933197021484
200 70.93510437011719
300 70.95016479492188
400 70.9153823852539
500 70.99801635742188
600 71.0051498413086
700 70.99063110351562
800 70.9739761352539
cur_fold:  1
100 67.36198425292969
200 67.35694885253906
300 67.40180206298828
400 67.31098175048828
500 67.22529602050781
600 67.4209976196289
700 67.29087829589844
800 67.41929626464844
cur_fold:  2
100 65.81416320800781
200 65.79293060302734
300 65.83670806884766
400 65.82681274414062
500 65.80662536621094
600 65.82584381103516
700 65.76781463623047
800 65.75690460205078
cur_fold:  3
100 63.14862823486328
200 63.12195587158203
300 63.11953353881836
400 63.12248992919922
500 63.12031936645508
600 63.12175369262695
700 63.118953704833984
800 63.12071990966797
cur_fold:  4
100 67.2516098022461
200 67.24264526367188
300 67.23057556152344
400 67.27471160888672
500 67.2220230102539
600 67.24446105957031
700 67.23628234863281
800 67.24250793457031
dr GRU 20 3 False 1 800
cur_fold:  0
100 1005.2733764648438
200 1005.2733764648438
300 1005.2733764648438
400 1005.2733764648438
500 1005.2733764648438
600 1005.2733764648438
700 1005.2733764648438
800 1005.2733764648438
cur_fold:  1
100 70.57662963867188
200 69.5702133178711
300 69.59647369384766
400 70.74349212646484
500 68.80990600585938
600 67.87483978271484
700 71.11161804199219
800 68.73435974121094
cur_fold:  2
100 957.055908203125
200 957.055908203125
300 957.055908203125
400 957.055908203125
500 957.055908203125
600 957.055908203125
700 957.055908203125
800 957.055908203125
cur_fold:  3
100 982.8065185546875
200 982.8065185546875
300 982.8065185546875
400 982.8065185546875
500 982.8065185546875
600 982.8065185546875
700 982.8065185546875
800 982.8065185546875
cur_fold:  4
100 997.957763671875
200 997.957763671875
300 997.957763671875
400 997.957763671875
500 997.957763671875
600 997.957763671875
700 997.957763671875
800 997.957763671875
dr GRU 20 3 False 2 800
cur_fold:  0
100 79.26451110839844
200 81.9861831665039
300 80.44694519042969
400 74.29647827148438
500 75.84346008300781
600 80.22570037841797
700 80.92462158203125
800 77.94759368896484
cur_fold:  1
100 965.9950561523438
200 965.9950561523438
300 965.9950561523438
400 965.9950561523438
500 965.9950561523438
600 965.9950561523438
700 965.9950561523438
800 965.9950561523438
cur_fold:  2
100 957.055908203125
200 957.055908203125
300 957.055908203125
400 957.055908203125
500 957.055908203125
600 957.055908203125
700 957.055908203125
800 957.055908203125
cur_fold:  3
100 982.8065185546875
200 982.8065185546875
300 982.8065185546875
400 982.8065185546875
500 982.8065185546875
600 982.8065185546875
700 982.8065185546875
800 982.8065185546875
cur_fold:  4
100 997.957763671875
200 997.957763671875
300 997.957763671875
400 997.957763671875
500 997.957763671875
600 997.957763671875
700 997.957763671875
800 997.957763671875
dr GRU 50 1 True 0.01 800
cur_fold:  0
100 70.9891586303711
200 70.93284606933594
300 70.91743469238281
400 70.89466094970703
500 70.87578582763672
600 70.8790512084961
700 70.84489440917969
800 70.83124542236328
cur_fold:  1
100 67.40692138671875
200 67.37045288085938
300 67.3561019897461
400 67.34651184082031
500 67.3258056640625
600 67.31746673583984
700 67.27404022216797
800 67.28943634033203
cur_fold:  2
100 65.83734893798828
200 65.81649780273438
300 65.81776428222656
400 65.77457427978516
500 65.78231048583984
600 65.77184295654297
700 65.76242065429688
800 65.7606201171875
cur_fold:  3
100 63.1419792175293
200 63.16227722167969
300 63.15854263305664
400 63.125343322753906
500 63.126766204833984
600 63.13031005859375
700 63.15088653564453
800 63.128482818603516
cur_fold:  4
100 67.2719497680664
200 67.23029327392578
300 67.2022705078125
400 67.18584442138672
500 67.15818786621094
600 67.15992736816406
700 67.1429672241211
800 67.12118530273438
dr GRU 50 1 True 1 800
cur_fold:  0
100 73.56653594970703
200 72.51538848876953
300 78.7931900024414
400 75.64152526855469
500 72.27346801757812
600 81.1858901977539
700 74.14422607421875
800 71.25259399414062
cur_fold:  1
100 68.99683380126953
200 73.38248443603516
300 68.83320617675781
400 67.70658874511719
500 70.02461242675781
600 67.93990325927734
700 75.9222412109375
800 71.4614486694336
cur_fold:  2
100 68.04320526123047
200 68.55928802490234
300 73.08309936523438
400 74.3902359008789
500 65.89833068847656
600 69.36143493652344
700 68.19725036621094
800 67.30586242675781
cur_fold:  3
100 70.55793762207031
200 67.73820495605469
300 66.14035034179688
400 65.08521270751953
500 72.45242309570312
600 66.41934967041016
700 74.95553588867188
800 64.53141784667969
cur_fold:  4
100 73.6271743774414
200 68.05436706542969
300 74.46864318847656
400 71.89833068847656
500 73.9124526977539
600 68.63785552978516
700 67.3763427734375
800 79.87284851074219
dr GRU 50 1 True 2 800
cur_fold:  0
100 78.56889343261719
200 73.521240234375
300 78.78230285644531
400 78.73684692382812
500 76.83997344970703
600 73.54906463623047
700 74.87808990478516
800 82.7893295288086
cur_fold:  1
100 80.78357696533203
200 76.8296890258789
300 67.92254638671875
400 78.34761810302734
500 83.55345153808594
600 70.94432830810547
700 72.15705108642578
800 68.19168853759766
cur_fold:  2
100 95.60650634765625
200 72.24951934814453
300 68.467529296875
400 69.75458526611328
500 85.56977081298828
600 76.88363647460938
700 90.63189697265625
800 70.42943572998047
cur_fold:  3
100 88.68633270263672
200 82.70124053955078
300 64.87378692626953
400 66.32925415039062
500 68.1871566772461
600 66.80047607421875
700 84.01627349853516
800 65.03543090820312
cur_fold:  4
100 107.4903335571289
200 82.47782897949219
300 77.93704223632812
400 78.61486053466797
500 71.13473510742188
600 75.45207977294922
700 87.50045776367188
800 68.79231262207031
dr GRU 50 1 False 0.01 800
cur_fold:  0
100 70.9891586303711
200 70.93284606933594
300 70.91743469238281
400 70.89466094970703
500 70.87578582763672
600 70.8790512084961
700 70.84489440917969
800 70.83124542236328
cur_fold:  1
100 67.40692138671875
200 67.37045288085938
300 67.3561019897461
400 67.34651184082031
500 67.3258056640625
600 67.31746673583984
700 67.27404022216797
800 67.28943634033203
cur_fold:  2
100 65.83734893798828
200 65.81649780273438
300 65.81776428222656
400 65.77457427978516
500 65.78231048583984
600 65.77184295654297
700 65.76242065429688
800 65.7606201171875
cur_fold:  3
100 63.1419792175293
200 63.16227722167969
300 63.15854263305664
400 63.125343322753906
500 63.126766204833984
600 63.13031005859375
700 63.15088653564453
800 63.128482818603516
cur_fold:  4
100 67.2719497680664
200 67.23029327392578
300 67.2022705078125
400 67.18584442138672
500 67.15818786621094
600 67.15992736816406
700 67.1429672241211
800 67.12118530273438
dr GRU 50 1 False 1 800
cur_fold:  0
100 73.56653594970703
200 72.51538848876953
300 78.7931900024414
400 75.64152526855469
500 72.27346801757812
600 81.1858901977539
700 74.14422607421875
800 71.25259399414062
cur_fold:  1
100 68.99683380126953
200 73.38248443603516
300 68.83320617675781
400 67.70658874511719
500 70.02461242675781
600 67.93990325927734
700 75.9222412109375
800 71.4614486694336
cur_fold:  2
100 68.04320526123047
200 68.55928802490234
300 73.08309936523438
400 74.3902359008789
500 65.89833068847656
600 69.36143493652344
700 68.19725036621094
800 67.30586242675781
cur_fold:  3
100 70.55793762207031
200 67.73820495605469
300 66.14035034179688
400 65.08521270751953
500 72.45242309570312
600 66.41934967041016
700 74.95553588867188
800 64.53141784667969
cur_fold:  4
100 73.6271743774414
200 68.05436706542969
300 74.46864318847656
400 71.89833068847656
500 73.9124526977539
600 68.63785552978516
700 67.3763427734375
800 79.87284851074219
dr GRU 50 1 False 2 800
cur_fold:  0
100 78.56889343261719
200 73.521240234375
300 78.78230285644531
400 78.73684692382812
500 76.83997344970703
600 73.54906463623047
700 74.87808990478516
800 82.7893295288086
cur_fold:  1
100 80.78357696533203
200 76.8296890258789
300 67.92254638671875
400 78.34761810302734
500 83.55345153808594
600 70.94432830810547
700 72.15705108642578
800 68.19168853759766
cur_fold:  2
100 95.60650634765625
200 72.24951934814453
300 68.467529296875
400 69.75458526611328
500 85.56977081298828
600 76.88363647460938
700 90.63189697265625
800 70.42943572998047
cur_fold:  3
100 88.68633270263672
200 82.70124053955078
300 64.87378692626953
400 66.32925415039062
500 68.1871566772461
600 66.80047607421875
700 84.01627349853516
800 65.03543090820312
cur_fold:  4
100 107.4903335571289
200 82.47782897949219
300 77.93704223632812
400 78.61486053466797
500 71.13473510742188
600 75.45207977294922
700 87.50045776367188
800 68.79231262207031
dr GRU 50 3 True 0.01 800
cur_fold:  0
100 70.97506713867188
200 70.9473648071289
300 70.9322509765625
400 70.90225982666016
500 70.96076202392578
600 70.91065216064453
700 70.96717071533203
800 70.81369018554688
cur_fold:  1
100 67.3960952758789
200 67.31407928466797
300 67.38458251953125
400 67.31634521484375
500 67.3667984008789
600 67.27120208740234
700 67.33149719238281
800 67.26140594482422
cur_fold:  2
100 65.82838439941406
200 65.7775650024414
300 65.70338439941406
400 65.55879211425781
500 65.42863464355469
600 65.81565856933594
700 65.73751068115234
800 65.80892181396484
cur_fold:  3
100 63.168907165527344
200 63.12811279296875
300 63.13862991333008
400 63.20548629760742
500 63.13709259033203
600 63.14594650268555
700 63.09629440307617
800 63.15107727050781
cur_fold:  4
100 67.23169708251953
200 67.3101577758789
300 67.21311950683594
400 67.24104309082031
500 67.07350158691406
600 67.2552490234375
700 67.05513763427734
800 67.32475280761719
dr GRU 50 3 True 1 800
cur_fold:  0
100 1005.2733764648438
200 1005.2733764648438
300 1005.2733764648438
400 1005.2733764648438
500 1005.2733764648438
600 1005.2733764648438
700 1005.2733764648438
800 1005.2733764648438
cur_fold:  1
100 965.9950561523438
200 965.9950561523438
300 965.9950561523438
400 965.9950561523438
500 965.9950561523438
600 965.9950561523438
700 965.9950561523438
800 965.9950561523438
cur_fold:  2
100 957.055908203125
200 957.055908203125
300 957.055908203125
400 957.055908203125
500 957.055908203125
600 957.055908203125
700 957.055908203125
800 957.055908203125
cur_fold:  3
100 982.8065185546875
200 982.8065185546875
300 982.8065185546875
400 982.8065185546875
500 982.8065185546875
600 982.8065185546875
700 982.8065185546875
800 982.8065185546875
cur_fold:  4
100 997.957763671875
200 997.957763671875
300 997.957763671875
400 997.957763671875
500 997.957763671875
600 997.957763671875
700 997.957763671875
800 997.957763671875
dr GRU 50 3 True 2 800
cur_fold:  0
100 1005.2733764648438
200 1005.2733764648438
300 1005.2733764648438
400 1005.2733764648438
500 1005.2733764648438
600 1005.2733764648438
700 1005.2733764648438
800 1005.2733764648438
cur_fold:  1
100 965.9950561523438
200 965.9950561523438
300 965.9950561523438
400 965.9950561523438
500 965.9950561523438
600 965.9950561523438
700 965.9950561523438
800 965.9950561523438
cur_fold:  2
100 957.055908203125
200 957.055908203125
300 957.055908203125
400 957.055908203125
500 957.055908203125
600 957.055908203125
700 957.055908203125
800 957.055908203125
cur_fold:  3
100 982.8065185546875
200 982.8065185546875
300 982.8065185546875
400 982.8065185546875
500 982.8065185546875
600 982.8065185546875
700 982.8065185546875
800 982.8065185546875
cur_fold:  4
100 997.957763671875
200 997.957763671875
300 997.957763671875
400 997.957763671875
500 997.957763671875
600 997.957763671875
700 997.957763671875
800 997.957763671875
dr GRU 50 3 False 0.01 800
cur_fold:  0
100 70.97506713867188
200 70.9473648071289
300 70.9322509765625
400 70.90225982666016
500 70.96076202392578
600 70.91065216064453
700 70.96717071533203
800 70.81369018554688
cur_fold:  1
100 67.3960952758789
200 67.31407928466797
300 67.38458251953125
400 67.31634521484375
500 67.3667984008789
600 67.27120208740234
700 67.33149719238281
800 67.26140594482422
cur_fold:  2
100 65.82838439941406
200 65.7775650024414
300 65.70338439941406
400 65.55879211425781
500 65.42863464355469
600 65.81565856933594
700 65.73751068115234
800 65.80892181396484
cur_fold:  3
100 63.168907165527344
200 63.12811279296875
300 63.13862991333008
400 63.20548629760742
500 63.13709259033203
600 63.14594650268555
700 63.09629440307617
800 63.15107727050781
cur_fold:  4
100 67.23169708251953
200 67.3101577758789
300 67.21311950683594
400 67.24104309082031
500 67.07350158691406
600 67.2552490234375
700 67.05513763427734
800 67.32475280761719
dr GRU 50 3 False 1 800
cur_fold:  0
100 1005.2733764648438
200 1005.2733764648438
300 1005.2733764648438
400 1005.2733764648438
500 1005.2733764648438
600 1005.2733764648438
700 1005.2733764648438
800 1005.2733764648438
cur_fold:  1
100 965.9950561523438
200 965.9950561523438
300 965.9950561523438
400 965.9950561523438
500 965.9950561523438
600 965.9950561523438
700 965.9950561523438
800 965.9950561523438
cur_fold:  2
100 957.055908203125
200 957.055908203125
300 957.055908203125
400 957.055908203125
500 957.055908203125
600 957.055908203125
700 957.055908203125
800 957.055908203125
cur_fold:  3
100 982.8065185546875
200 982.8065185546875
300 982.8065185546875
400 982.8065185546875
500 982.8065185546875
600 982.8065185546875
700 982.8065185546875
800 982.8065185546875
cur_fold:  4
100 997.957763671875
200 997.957763671875
300 997.957763671875
400 997.957763671875
500 997.957763671875
600 997.957763671875
700 997.957763671875
800 997.957763671875
dr GRU 50 3 False 2 800
cur_fold:  0
100 1005.2733764648438
200 1005.2733764648438
300 1005.2733764648438
400 1005.2733764648438
500 1005.2733764648438
600 1005.2733764648438
700 1005.2733764648438
800 1005.2733764648438
cur_fold:  1
100 965.9950561523438
200 965.9950561523438
300 965.9950561523438
400 965.9950561523438
500 965.9950561523438
600 965.9950561523438
700 965.9950561523438
800 965.9950561523438
cur_fold:  2
100 957.055908203125
200 957.055908203125
300 957.055908203125
400 957.055908203125
500 957.055908203125
600 957.055908203125
700 957.055908203125
800 957.055908203125
cur_fold:  3
100 982.8065185546875
200 982.8065185546875
300 982.8065185546875
400 982.8065185546875
500 982.8065185546875
600 982.8065185546875
700 982.8065185546875
800 982.8065185546875
cur_fold:  4
100 997.957763671875
200 997.957763671875
300 997.957763671875
400 997.957763671875
500 997.957763671875
600 997.957763671875
700 997.957763671875
800 997.957763671875
dr GRU 100 1 True 0.01 800
cur_fold:  0
100 71.02750396728516
200 70.92847442626953
300 70.93629455566406
400 70.89904022216797
500 70.89415740966797
600 70.86780548095703
700 70.85248565673828
800 70.89783477783203
cur_fold:  1
100 67.39334106445312
200 67.35548400878906
300 67.32837677001953
400 67.31597900390625
500 67.32262420654297
600 67.28147888183594
700 67.24261474609375
800 67.24305725097656
cur_fold:  2
100 65.88322448730469
200 65.80622100830078
300 65.80045318603516
400 65.74855041503906
500 65.78738403320312
600 65.75252532958984
700 65.79814910888672
800 65.86267852783203
cur_fold:  3
100 63.1544303894043
200 63.240028381347656
300 63.12919235229492
400 63.1479377746582
500 63.176475524902344
600 63.15658187866211
700 63.15135192871094
800 63.1235237121582
cur_fold:  4
100 67.2583999633789
200 67.23081970214844
300 67.1933364868164
400 67.18659973144531
500 67.1382827758789
600 67.15176391601562
700 67.08898162841797
800 67.24091339111328
dr GRU 100 1 True 1 800
cur_fold:  0
100 75.24748992919922
200 94.5712890625
300 88.64138793945312
400 86.322509765625
500 77.64186096191406
600 91.06956481933594
700 72.60527801513672
800 73.07711029052734
cur_fold:  1
100 77.45800018310547
200 79.1077651977539
300 69.37122344970703
400 71.0325698852539
500 77.49604034423828
600 87.76235961914062
700 83.32539367675781
800 78.95775604248047
cur_fold:  2
100 83.86849975585938
200 70.37492370605469
300 73.28754425048828
400 66.57084655761719
500 65.91234588623047
600 72.32047271728516
700 88.0884780883789
800 73.0517578125
cur_fold:  3
100 73.89053344726562
200 77.36737823486328
300 86.24720001220703
400 73.34701538085938
500 63.70564270019531
600 66.15381622314453
700 69.0551528930664
800 66.1880111694336
cur_fold:  4
100 79.0679931640625
200 68.05854034423828
300 70.57611083984375
400 96.01762390136719
500 90.70206451416016
600 73.10292053222656
700 75.81175231933594
800 105.46321868896484
dr GRU 100 1 True 2 800
cur_fold:  0
100 73.96240997314453
200 94.66111755371094
300 95.25834655761719
400 99.9053726196289
500 73.07905578613281
600 79.7331314086914
700 80.04534149169922
800 103.41593170166016
cur_fold:  1
100 123.75833892822266
200 82.20023345947266
300 111.29423522949219
400 103.67364501953125
500 113.07038879394531
600 68.28836059570312
700 68.00003814697266
800 68.75215911865234
cur_fold:  2
100 108.2269058227539
200 86.1932144165039
300 68.51770782470703
400 66.76445007324219
500 84.58766174316406
600 93.1089096069336
700 71.66246795654297
800 83.72879791259766
cur_fold:  3
100 73.3948745727539
200 68.57535552978516
300 77.20137023925781
400 83.22723388671875
500 95.47205352783203
600 106.93641662597656
700 144.93539428710938
800 119.37405395507812
cur_fold:  4
100 73.74380493164062
200 69.47048950195312
300 86.30828857421875
400 104.03878021240234
500 69.01289367675781
600 70.40335845947266
700 115.78375244140625
800 86.42306518554688
dr GRU 100 1 False 0.01 800
cur_fold:  0
100 71.02750396728516
200 70.92847442626953
300 70.93629455566406
400 70.89904022216797
500 70.89415740966797
600 70.86780548095703
700 70.85248565673828
800 70.89783477783203
cur_fold:  1
100 67.39334106445312
200 67.35548400878906
300 67.32837677001953
400 67.31597900390625
500 67.32262420654297
600 67.28147888183594
700 67.24261474609375
800 67.24305725097656
cur_fold:  2
100 65.88322448730469
200 65.80622100830078
300 65.80045318603516
400 65.74855041503906
500 65.78738403320312
600 65.75252532958984
700 65.79814910888672
800 65.86267852783203
cur_fold:  3
100 63.1544303894043
200 63.240028381347656
300 63.12919235229492
400 63.1479377746582
500 63.176475524902344
600 63.15658187866211
700 63.15135192871094
800 63.1235237121582
cur_fold:  4
100 67.2583999633789
200 67.23081970214844
300 67.1933364868164
400 67.18659973144531
500 67.1382827758789
600 67.15176391601562
700 67.08898162841797
800 67.24091339111328
dr GRU 100 1 False 1 800
cur_fold:  0
100 75.24748992919922
200 94.5712890625
300 88.64138793945312
400 86.322509765625
500 77.64186096191406
600 91.06956481933594
700 72.60527801513672
800 73.07711029052734
cur_fold:  1
100 77.45800018310547
200 79.1077651977539
300 69.37122344970703
400 71.0325698852539
500 77.49604034423828
600 87.76235961914062
700 83.32539367675781
800 78.95775604248047
cur_fold:  2
100 83.86849975585938
200 70.37492370605469
300 73.28754425048828
400 66.57084655761719
500 65.91234588623047
600 72.32047271728516
700 88.0884780883789
800 73.0517578125
cur_fold:  3
100 73.89053344726562
200 77.36737823486328
300 86.24720001220703
400 73.34701538085938
500 63.70564270019531
600 66.15381622314453
700 69.0551528930664
800 66.1880111694336
cur_fold:  4
100 79.0679931640625
200 68.05854034423828
300 70.57611083984375
400 96.01762390136719
500 90.70206451416016
600 73.10292053222656
700 75.81175231933594
800 105.46321868896484
dr GRU 100 1 False 2 800
cur_fold:  0
100 73.96240997314453
200 94.66111755371094
300 95.25834655761719
400 99.9053726196289
500 73.07905578613281
600 79.7331314086914
700 80.04534149169922
800 103.41593170166016
cur_fold:  1
100 123.75833892822266
200 82.20023345947266
300 111.29423522949219
400 103.67364501953125
500 113.07038879394531
600 68.28836059570312
700 68.00003814697266
800 68.75215911865234
cur_fold:  2
100 108.2269058227539
200 86.1932144165039
300 68.51770782470703
400 66.76445007324219
500 84.58766174316406
600 93.1089096069336
700 71.66246795654297
800 83.72879791259766
cur_fold:  3
100 73.3948745727539
200 68.57535552978516
300 77.20137023925781
400 83.22723388671875
500 95.47205352783203
600 106.93641662597656
700 144.93539428710938
800 119.37405395507812
cur_fold:  4
100 73.74380493164062
200 69.47048950195312
300 86.30828857421875
400 104.03878021240234
500 69.01289367675781
600 70.40335845947266
700 115.78375244140625
800 86.42306518554688
dr GRU 100 3 True 0.01 800
cur_fold:  0
100 71.03413391113281
200 71.08760070800781
300 71.14028930664062
400 70.99617767333984
500 71.17418670654297
600 71.17269897460938
700 70.99488830566406
800 71.17474365234375
cur_fold:  1
100 67.5025634765625
200 67.53547668457031
300 67.45478820800781
400 67.67123413085938
500 67.53953552246094
600 67.64768981933594
700 67.60724639892578
800 67.46686553955078
cur_fold:  2
100 66.0813980102539
200 65.91963958740234
300 65.95948791503906
400 65.89149475097656
500 65.98711395263672
600 65.96025848388672
700 66.00753784179688
800 66.04641723632812
cur_fold:  3
100 63.1652946472168
200 63.25990295410156
300 63.160430908203125
400 63.19416809082031
500 63.1776123046875
600 63.218318939208984
700 63.19551467895508
800 63.232276916503906
cur_fold:  4
100 67.6286392211914
200 67.59210968017578
300 67.5212173461914
400 67.42323303222656
500 67.32795715332031
600 67.40532684326172
700 67.30518341064453
800 67.38868713378906
dr GRU 100 3 True 1 800
cur_fold:  0
100 1005.2733764648438
200 1005.2733764648438
300 1005.2733764648438
400 1005.2733764648438
500 1005.2733764648438
600 1005.2733764648438
700 1005.2733764648438
800 1005.2733764648438
cur_fold:  1
100 965.9950561523438
200 965.9950561523438
300 965.9950561523438
400 965.9950561523438
500 965.9950561523438
600 965.9950561523438
700 965.9950561523438
800 965.9950561523438
cur_fold:  2
100 957.055908203125
200 957.055908203125
300 957.055908203125
400 957.055908203125
500 957.055908203125
600 957.055908203125
700 957.055908203125
800 957.055908203125
cur_fold:  3
100 982.8065185546875
200 982.8065185546875
300 982.8065185546875
400 982.8065185546875
500 982.8065185546875
600 982.8065185546875
700 982.8065185546875
800 982.8065185546875
cur_fold:  4
100 997.957763671875
200 997.957763671875
300 997.957763671875
400 997.957763671875
500 997.957763671875
600 997.957763671875
700 997.957763671875
800 997.957763671875
dr GRU 100 3 True 2 800
cur_fold:  0
100 1005.2733764648438
200 1005.2733764648438
300 1005.2733764648438
400 1005.2733764648438
500 1005.2733764648438
600 1005.2733764648438
700 1005.2733764648438
800 1005.2733764648438
cur_fold:  1
100 965.9950561523438
200 965.9950561523438
300 965.9950561523438
400 965.9950561523438
500 965.9950561523438
600 965.9950561523438
700 965.9950561523438
800 965.9950561523438
cur_fold:  2
100 957.055908203125
200 957.055908203125
300 957.055908203125
400 957.055908203125
500 957.055908203125
600 957.055908203125
700 957.055908203125
800 957.055908203125
cur_fold:  3
100 982.8065185546875
200 982.8065185546875
300 982.8065185546875
400 982.8065185546875
500 982.8065185546875
600 982.8065185546875
700 982.8065185546875
800 982.8065185546875
cur_fold:  4
100 997.957763671875
200 997.957763671875
300 997.957763671875
400 997.957763671875
500 997.957763671875
600 997.957763671875
700 997.957763671875
800 997.957763671875
dr GRU 100 3 False 0.01 800
cur_fold:  0
100 71.03413391113281
200 71.08760070800781
300 71.14028930664062
400 70.99617767333984
500 71.17418670654297
600 71.17269897460938
700 70.99488830566406
800 71.17474365234375
cur_fold:  1
100 67.5025634765625
200 67.53547668457031
300 67.45478820800781
400 67.67123413085938
500 67.53953552246094
600 67.64768981933594
700 67.60724639892578
800 67.46686553955078
cur_fold:  2
100 66.0813980102539
200 65.91963958740234
300 65.95948791503906
400 65.89149475097656
500 65.98711395263672
600 65.96025848388672
700 66.00753784179688
800 66.04641723632812
cur_fold:  3
100 63.1652946472168
200 63.25990295410156
300 63.160430908203125
400 63.19416809082031
500 63.1776123046875
600 63.218318939208984
700 63.19551467895508
800 63.232276916503906
cur_fold:  4
100 67.6286392211914
200 67.59210968017578
300 67.5212173461914
400 67.42323303222656
500 67.32795715332031
600 67.40532684326172
700 67.30518341064453
800 67.38868713378906
dr GRU 100 3 False 1 800
cur_fold:  0
100 1005.2733764648438
200 1005.2733764648438
300 1005.2733764648438
400 1005.2733764648438
500 1005.2733764648438
600 1005.2733764648438
700 1005.2733764648438
800 1005.2733764648438
cur_fold:  1
100 965.9950561523438
200 965.9950561523438
300 965.9950561523438
400 965.9950561523438
500 965.9950561523438
600 965.9950561523438
700 965.9950561523438
800 965.9950561523438
cur_fold:  2
100 957.055908203125
200 957.055908203125
300 957.055908203125
400 957.055908203125
500 957.055908203125
600 957.055908203125
700 957.055908203125
800 957.055908203125
cur_fold:  3
100 982.8065185546875
200 982.8065185546875
300 982.8065185546875
400 982.8065185546875
500 982.8065185546875
600 982.8065185546875
700 982.8065185546875
800 982.8065185546875
cur_fold:  4
100 997.957763671875
200 997.957763671875
300 997.957763671875
400 997.957763671875
500 997.957763671875
600 997.957763671875
700 997.957763671875
800 997.957763671875
dr GRU 100 3 False 2 800
cur_fold:  0
100 1005.2733764648438
200 1005.2733764648438
300 1005.2733764648438
400 1005.2733764648438
500 1005.2733764648438
600 1005.2733764648438
700 1005.2733764648438
800 1005.2733764648438
cur_fold:  1
100 965.9950561523438
200 965.9950561523438
300 965.9950561523438
400 965.9950561523438
500 965.9950561523438
600 965.9950561523438
700 965.9950561523438
800 965.9950561523438
cur_fold:  2
100 957.055908203125
200 957.055908203125
300 957.055908203125
400 957.055908203125
500 957.055908203125
600 957.055908203125
700 957.055908203125
800 957.055908203125
cur_fold:  3
100 982.8065185546875
200 982.8065185546875
300 982.8065185546875
400 982.8065185546875
500 982.8065185546875
600 982.8065185546875
700 982.8065185546875
800 982.8065185546875
cur_fold:  4
100 997.957763671875
200 997.957763671875
300 997.957763671875
400 997.957763671875
500 997.957763671875
600 997.957763671875
700 997.957763671875
800 997.957763671875
dr LSTM 20 1 True 0.01 800
cur_fold:  0
100 70.987548828125
200 70.97533416748047
300 70.96192932128906
400 70.9543228149414
500 70.95221710205078
600 70.95433807373047
700 70.94854736328125
800 70.94914245605469
cur_fold:  1
100 67.44087982177734
200 67.43476867675781
300 67.42535400390625
400 67.40459442138672
500 67.40264892578125
600 67.40386962890625
700 67.39775085449219
800 67.39676666259766
cur_fold:  2
100 65.87445831298828
200 65.88167572021484
300 65.86737060546875
400 65.86360168457031
500 65.860595703125
600 65.85799407958984
700 65.85489654541016
800 65.8503646850586
cur_fold:  3
100 63.12253952026367
200 63.12417984008789
300 63.11917495727539
400 63.123863220214844
500 63.1219482421875
600 63.12250900268555
700 63.12195587158203
800 63.13077163696289
cur_fold:  4
100 67.2934341430664
200 67.28276062011719
300 67.27281188964844
400 67.2557601928711
500 67.2535171508789
600 67.24143981933594
700 67.24202728271484
800 67.23985290527344
dr LSTM 20 1 True 1 800
cur_fold:  0
100 72.39847564697266
200 71.4471206665039
300 71.30899810791016
400 72.6440658569336
500 71.16494750976562
600 71.51951599121094
700 71.31132507324219
800 72.43608856201172
cur_fold:  1
100 68.37033081054688
200 67.68879699707031
300 68.47036743164062
400 68.6283950805664
500 67.6445083618164
600 68.47920227050781
700 68.64130401611328
800 67.640869140625
cur_fold:  2
100 68.2887191772461
200 67.25741577148438
300 66.04338836669922
400 66.26969909667969
500 65.99220275878906
600 67.53902435302734
700 66.12232971191406
800 66.41593170166016
cur_fold:  3
100 64.44013977050781
200 64.4413833618164
300 64.453369140625
400 64.44696044921875
500 64.44113159179688
600 64.44159698486328
700 64.44713592529297
800 64.44572448730469
cur_fold:  4
100 67.53665924072266
200 68.2625961303711
300 68.3853759765625
400 67.47001647949219
500 68.30780792236328
600 68.44023132324219
700 67.46629333496094
800 68.31816101074219
dr LSTM 20 1 True 2 800
cur_fold:  0
100 75.9998550415039
200 73.23542022705078
300 74.89057159423828
400 74.62126159667969
500 73.33011627197266
600 75.4538803100586
700 72.06275939941406
800 75.98387908935547
cur_fold:  1
100 74.71998596191406
200 75.46927642822266
300 72.9096450805664
400 69.02519226074219
500 71.8794174194336
600 74.42677307128906
700 73.47295379638672
800 68.88011169433594
cur_fold:  2
100 67.44286346435547
200 67.6225357055664
300 67.84607696533203
400 67.52571105957031
500 67.52301025390625
600 67.5216293334961
700 67.51490020751953
800 67.52176666259766
cur_fold:  3
100 63.749107360839844
200 66.96965789794922
300 66.56967163085938
400 63.43716812133789
500 66.98611450195312
600 65.31199645996094
700 63.936161041259766
800 64.81863403320312
cur_fold:  4
100 68.82051849365234
200 68.84163665771484
300 68.84342956542969
400 68.85218811035156
500 68.8651351928711
600 68.84515380859375
700 68.85858917236328
800 68.85750579833984
dr LSTM 20 1 False 0.01 800
cur_fold:  0
100 70.987548828125
200 70.97533416748047
300 70.96192932128906
400 70.9543228149414
500 70.95221710205078
600 70.95433807373047
700 70.94854736328125
800 70.94914245605469
cur_fold:  1
100 67.44087982177734
200 67.43476867675781
300 67.42535400390625
400 67.40459442138672
500 67.40264892578125
600 67.40386962890625
700 67.39775085449219
800 67.39676666259766
cur_fold:  2
100 65.87445831298828
200 65.88167572021484
300 65.86737060546875
400 65.86360168457031
500 65.860595703125
600 65.85799407958984
700 65.85489654541016
800 65.8503646850586
cur_fold:  3
100 63.12253952026367
200 63.12417984008789
300 63.11917495727539
400 63.123863220214844
500 63.1219482421875
600 63.12250900268555
700 63.12195587158203
800 63.13077163696289
cur_fold:  4
100 67.2934341430664
200 67.28276062011719
300 67.27281188964844
400 67.2557601928711
500 67.2535171508789
600 67.24143981933594
700 67.24202728271484
800 67.23985290527344
dr LSTM 20 1 False 1 800
cur_fold:  0
100 72.39847564697266
200 71.4471206665039
300 71.30899810791016
400 72.6440658569336
500 71.16494750976562
600 71.51951599121094
700 71.31132507324219
800 72.43608856201172
cur_fold:  1
100 68.37033081054688
200 67.68879699707031
300 68.47036743164062
400 68.6283950805664
500 67.6445083618164
600 68.47920227050781
700 68.64130401611328
800 67.640869140625
cur_fold:  2
100 68.2887191772461
200 67.25741577148438
300 66.04338836669922
400 66.26969909667969
500 65.99220275878906
600 67.53902435302734
700 66.12232971191406
800 66.41593170166016
cur_fold:  3
100 64.44013977050781
200 64.4413833618164
300 64.453369140625
400 64.44696044921875
500 64.44113159179688
600 64.44159698486328
700 64.44713592529297
800 64.44572448730469
cur_fold:  4
100 67.53665924072266
200 68.2625961303711
300 68.3853759765625
400 67.47001647949219
500 68.30780792236328
600 68.44023132324219
700 67.46629333496094
800 68.31816101074219
dr LSTM 20 1 False 2 800
cur_fold:  0
100 75.9998550415039
200 73.23542022705078
300 74.89057159423828
400 74.62126159667969
500 73.33011627197266
600 75.4538803100586
700 72.06275939941406
800 75.98387908935547
cur_fold:  1
100 74.71998596191406
200 75.46927642822266
300 72.9096450805664
400 69.02519226074219
500 71.8794174194336
600 74.42677307128906
700 73.47295379638672
800 68.88011169433594
cur_fold:  2
100 67.44286346435547
200 67.6225357055664
300 67.84607696533203
400 67.52571105957031
500 67.52301025390625
600 67.5216293334961
700 67.51490020751953
800 67.52176666259766
cur_fold:  3
100 63.749107360839844
200 66.96965789794922
300 66.56967163085938
400 63.43716812133789
500 66.98611450195312
600 65.31199645996094
700 63.936161041259766
800 64.81863403320312
cur_fold:  4
100 68.82051849365234
200 68.84163665771484
300 68.84342956542969
400 68.85218811035156
500 68.8651351928711
600 68.84515380859375
700 68.85858917236328
800 68.85750579833984
dr LSTM 20 3 True 0.01 800
cur_fold:  0
100 70.98919677734375
200 70.94711303710938
300 70.98892211914062
400 70.93512725830078
500 70.9410171508789
600 70.94366455078125
700 70.9419937133789
800 70.9408187866211
cur_fold:  1
100 67.43940734863281
200 67.41121673583984
300 67.40862274169922
400 67.40597534179688
500 67.39201354980469
600 67.3919906616211
700 67.39205932617188
800 67.38152313232422
cur_fold:  2
100 65.87367248535156
200 65.82778930664062
300 65.79708862304688
400 65.82254028320312
500 65.79612731933594
600 65.79330444335938
700 65.7925033569336
800 65.81657409667969
cur_fold:  3
100 63.118072509765625
200 63.11785125732422
300 63.118289947509766
400 63.119140625
500 63.11772918701172
600 63.11799240112305
700 63.117713928222656
800 63.118080139160156
cur_fold:  4
100 67.25044250488281
200 67.23370361328125
300 67.24523162841797
400 67.22863006591797
500 67.24568176269531
600 67.24446868896484
700 67.24423217773438
800 67.23345184326172
dr LSTM 20 3 True 1 800
cur_fold:  0
100 72.38068389892578
200 71.29793548583984
300 71.38675689697266
400 71.36097717285156
500 71.4772720336914
600 71.3853988647461
700 71.35713958740234
800 71.50141143798828
cur_fold:  1
100 70.6966552734375
200 68.12572479248047
300 68.79741668701172
400 67.61544799804688
500 68.67716979980469
600 69.6742935180664
700 67.55009460449219
800 68.75276184082031
cur_fold:  2
100 69.93840026855469
200 70.121337890625
300 66.96018981933594
400 65.87427520751953
500 66.23080444335938
600 66.04215240478516
700 67.06949615478516
800 66.08617401123047
cur_fold:  3
100 65.6086196899414
200 64.99987030029297
300 64.28681945800781
400 65.92945098876953
500 63.99552917480469
600 65.83197021484375
700 64.64171600341797
800 65.6060791015625
cur_fold:  4
100 68.74120330810547
200 70.62445068359375
300 68.0843505859375
400 68.36083221435547
500 69.4502944946289
600 68.08853149414062
700 71.41841125488281
800 69.16719055175781
dr LSTM 20 3 True 2 800
cur_fold:  0
100 75.24784851074219
200 76.00375366210938
300 74.31077575683594
400 76.05976867675781
500 71.86195373535156
600 77.6620864868164
700 73.28714752197266
800 75.25457000732422
cur_fold:  1
100 71.73245239257812
200 72.26982879638672
300 70.49605560302734
400 72.53412628173828
500 68.24642181396484
600 73.74536895751953
700 69.92893981933594
800 71.72528839111328
cur_fold:  2
100 70.0707015991211
200 70.90635681152344
300 69.15338134765625
400 70.92658233642578
500 66.63568878173828
600 72.54981994628906
700 68.12562561035156
800 70.05963897705078
cur_fold:  3
100 64.75509643554688
200 67.50576782226562
300 67.04874420166016
400 65.24313354492188
500 68.76913452148438
600 64.90695190429688
700 65.54409790039062
800 66.3424072265625
cur_fold:  4
100 71.49495697021484
200 72.2209701538086
300 70.46209716796875
400 72.3420181274414
500 68.0621109008789
600 73.69622039794922
700 69.72640991210938
800 71.5191650390625
dr LSTM 20 3 False 0.01 800
cur_fold:  0
100 70.98919677734375
200 70.94711303710938
300 70.98892211914062
400 70.93512725830078
500 70.9410171508789
600 70.94366455078125
700 70.9419937133789
800 70.9408187866211
cur_fold:  1
100 67.43940734863281
200 67.41121673583984
300 67.40862274169922
400 67.40597534179688
500 67.39201354980469
600 67.3919906616211
700 67.39205932617188
800 67.38152313232422
cur_fold:  2
100 65.87367248535156
200 65.82778930664062
300 65.79708862304688
400 65.82254028320312
500 65.79612731933594
600 65.79330444335938
700 65.7925033569336
800 65.81657409667969
cur_fold:  3
100 63.118072509765625
200 63.11785125732422
300 63.118289947509766
400 63.119140625
500 63.11772918701172
600 63.11799240112305
700 63.117713928222656
800 63.118080139160156
cur_fold:  4
100 67.25044250488281
200 67.23370361328125
300 67.24523162841797
400 67.22863006591797
500 67.24568176269531
600 67.24446868896484
700 67.24423217773438
800 67.23345184326172
dr LSTM 20 3 False 1 800
cur_fold:  0
100 72.38068389892578
200 71.29793548583984
300 71.38675689697266
400 71.36097717285156
500 71.4772720336914
600 71.3853988647461
700 71.35713958740234
800 71.50141143798828
cur_fold:  1
100 70.6966552734375
200 68.12572479248047
300 68.79741668701172
400 67.61544799804688
500 68.67716979980469
600 69.6742935180664
700 67.55009460449219
800 68.75276184082031
cur_fold:  2
100 69.93840026855469
200 70.121337890625
300 66.96018981933594
400 65.87427520751953
500 66.23080444335938
600 66.04215240478516
700 67.06949615478516
800 66.08617401123047
cur_fold:  3
100 65.6086196899414
200 64.99987030029297
300 64.28681945800781
400 65.92945098876953
500 63.99552917480469
600 65.83197021484375
700 64.64171600341797
800 65.6060791015625
cur_fold:  4
100 68.74120330810547
200 70.62445068359375
300 68.0843505859375
400 68.36083221435547
500 69.4502944946289
600 68.08853149414062
700 71.41841125488281
800 69.16719055175781
dr LSTM 20 3 False 2 800
cur_fold:  0
100 75.24784851074219
200 76.00375366210938
300 74.31077575683594
400 76.05976867675781
500 71.86195373535156
600 77.6620864868164
700 73.28714752197266
800 75.25457000732422
cur_fold:  1
100 71.73245239257812
200 72.26982879638672
300 70.49605560302734
400 72.53412628173828
500 68.24642181396484
600 73.74536895751953
700 69.92893981933594
800 71.72528839111328
cur_fold:  2
100 70.0707015991211
200 70.90635681152344
300 69.15338134765625
400 70.92658233642578
500 66.63568878173828
600 72.54981994628906
700 68.12562561035156
800 70.05963897705078
cur_fold:  3
100 64.75509643554688
200 67.50576782226562
300 67.04874420166016
400 65.24313354492188
500 68.76913452148438
600 64.90695190429688
700 65.54409790039062
800 66.3424072265625
cur_fold:  4
100 71.49495697021484
200 72.2209701538086
300 70.46209716796875
400 72.3420181274414
500 68.0621109008789
600 73.69622039794922
700 69.72640991210938
800 71.5191650390625
dr LSTM 50 1 True 0.01 800
cur_fold:  0
100 70.9828872680664
200 70.95709991455078
300 70.93854522705078
400 70.9361572265625
500 70.9365463256836
600 70.93167877197266
700 70.93286895751953
800 70.92642211914062
cur_fold:  1
100 67.43557739257812
200 67.42021942138672
300 67.4102554321289
400 67.40203857421875
500 67.3980484008789
600 67.3533935546875
700 67.34554290771484
800 67.32154846191406
cur_fold:  2
100 65.8644027709961
200 65.84771728515625
300 65.82951354980469
400 65.82162475585938
500 65.81970977783203
600 65.82018280029297
700 65.81713104248047
800 65.81509399414062
cur_fold:  3
100 63.11952209472656
200 63.120845794677734
300 63.12497329711914
400 63.12138748168945
500 63.13866424560547
600 63.12246322631836
700 63.11943435668945
800 63.12180709838867
cur_fold:  4
100 67.28096008300781
200 67.25408172607422
300 67.24524688720703
400 67.24555206298828
500 67.24260711669922
600 67.24212646484375
700 67.24637603759766
800 67.23834228515625
dr LSTM 50 1 True 1 800
cur_fold:  0
100 72.87068939208984
200 72.89328002929688
300 72.89664459228516
400 72.89993286132812
500 72.90391540527344
600 72.90827178955078
700 72.9169692993164
800 72.9161376953125
cur_fold:  1
100 68.90798950195312
200 68.94408416748047
300 68.9422378540039
400 68.93582916259766
500 68.9365005493164
600 68.95408630371094
700 68.95825958251953
800 68.94100189208984
cur_fold:  2
100 67.71976470947266
200 67.72601318359375
300 67.66458129882812
400 67.67809295654297
500 67.6773910522461
600 67.68466186523438
700 67.68262481689453
800 67.6808090209961
cur_fold:  3
100 70.15323638916016
200 65.30240631103516
300 64.06917572021484
400 65.13541412353516
500 65.31169128417969
600 64.05132293701172
700 65.14410400390625
800 65.30571746826172
cur_fold:  4
100 74.96299743652344
200 73.66958618164062
300 68.8941650390625
400 71.28611755371094
500 74.93544006347656
600 75.06885528564453
700 73.23291778564453
800 68.47196197509766
dr LSTM 50 1 True 2 800
cur_fold:  0
100 73.11165618896484
200 86.27536010742188
300 73.8522720336914
400 76.993408203125
500 84.7519760131836
600 74.79985809326172
700 73.83831787109375
800 78.60749053955078
cur_fold:  1
100 69.13874816894531
200 70.01451873779297
300 76.47421264648438
400 77.07246398925781
500 70.52005767822266
600 70.62123107910156
700 69.86299896240234
800 76.65113067626953
cur_fold:  2
100 73.67054748535156
200 66.88414001464844
300 74.21939849853516
400 75.01792907714844
500 77.63961029052734
600 70.86646270751953
700 74.74874114990234
800 69.194091796875
cur_fold:  3
100 68.591796875
200 64.06282043457031
300 72.71353149414062
400 64.71714782714844
500 66.84720611572266
600 80.2105484008789
700 71.65827941894531
800 65.34676361083984
cur_fold:  4
100 67.81570434570312
200 71.39591979980469
300 71.96571350097656
400 71.1171875
500 67.46060943603516
600 67.31969451904297
700 73.44420623779297
800 67.6124267578125
dr LSTM 50 1 False 0.01 800
cur_fold:  0
100 70.9828872680664
200 70.95709991455078
300 70.93854522705078
400 70.9361572265625
500 70.9365463256836
600 70.93167877197266
700 70.93286895751953
800 70.92642211914062
cur_fold:  1
100 67.43557739257812
200 67.42021942138672
300 67.4102554321289
400 67.40203857421875
500 67.3980484008789
600 67.3533935546875
700 67.34554290771484
800 67.32154846191406
cur_fold:  2
100 65.8644027709961
200 65.84771728515625
300 65.82951354980469
400 65.82162475585938
500 65.81970977783203
600 65.82018280029297
700 65.81713104248047
800 65.81509399414062
cur_fold:  3
100 63.11952209472656
200 63.120845794677734
300 63.12497329711914
400 63.12138748168945
500 63.13866424560547
600 63.12246322631836
700 63.11943435668945
800 63.12180709838867
cur_fold:  4
100 67.28096008300781
200 67.25408172607422
300 67.24524688720703
400 67.24555206298828
500 67.24260711669922
600 67.24212646484375
700 67.24637603759766
800 67.23834228515625
dr LSTM 50 1 False 1 800
cur_fold:  0
100 72.87068939208984
200 72.89328002929688
300 72.89664459228516
400 72.89993286132812
500 72.90391540527344
600 72.90827178955078
700 72.9169692993164
800 72.9161376953125
cur_fold:  1
100 68.90798950195312
200 68.94408416748047
300 68.9422378540039
400 68.93582916259766
500 68.9365005493164
600 68.95408630371094
700 68.95825958251953
800 68.94100189208984
cur_fold:  2
100 67.71976470947266
200 67.72601318359375
300 67.66458129882812
400 67.67809295654297
500 67.6773910522461
600 67.68466186523438
700 67.68262481689453
800 67.6808090209961
cur_fold:  3
100 70.15323638916016
200 65.30240631103516
300 64.06917572021484
400 65.13541412353516
500 65.31169128417969
600 64.05132293701172
700 65.14410400390625
800 65.30571746826172
cur_fold:  4
100 74.96299743652344
200 73.66958618164062
300 68.8941650390625
400 71.28611755371094
500 74.93544006347656
600 75.06885528564453
700 73.23291778564453
800 68.47196197509766
dr LSTM 50 1 False 2 800
cur_fold:  0
100 73.11165618896484
200 86.27536010742188
300 73.8522720336914
400 76.993408203125
500 84.7519760131836
600 74.79985809326172
700 73.83831787109375
800 78.60749053955078
cur_fold:  1
100 69.13874816894531
200 70.01451873779297
300 76.47421264648438
400 77.07246398925781
500 70.52005767822266
600 70.62123107910156
700 69.86299896240234
800 76.65113067626953
cur_fold:  2
100 73.67054748535156
200 66.88414001464844
300 74.21939849853516
400 75.01792907714844
500 77.63961029052734
600 70.86646270751953
700 74.74874114990234
800 69.194091796875
cur_fold:  3
100 68.591796875
200 64.06282043457031
300 72.71353149414062
400 64.71714782714844
500 66.84720611572266
600 80.2105484008789
700 71.65827941894531
800 65.34676361083984
cur_fold:  4
100 67.81570434570312
200 71.39591979980469
300 71.96571350097656
400 71.1171875
500 67.46060943603516
600 67.31969451904297
700 73.44420623779297
800 67.6124267578125
dr LSTM 50 3 True 0.01 800
cur_fold:  0
100 70.98894500732422
200 70.98929595947266
300 70.94438171386719
400 70.94049835205078
500 70.94195556640625
600 70.94107818603516
700 70.95194244384766
800 70.9266128540039
cur_fold:  1
100 67.37622833251953
200 67.39241027832031
300 67.39298248291016
400 67.40168762207031
500 67.36164855957031
600 67.38735961914062
700 67.45536804199219
800 67.31745910644531
cur_fold:  2
100 65.87084197998047
200 65.80060577392578
300 65.82632446289062
400 65.7872543334961
500 65.82614135742188
600 65.78922271728516
700 65.78018188476562
800 65.75382232666016
cur_fold:  3
100 63.11835861206055
200 63.11875534057617
300 63.121395111083984
400 63.118221282958984
500 63.1185417175293
600 63.117652893066406
700 63.118770599365234
800 63.11773681640625
cur_fold:  4
100 67.29012298583984
200 67.23504638671875
300 67.23334503173828
400 67.2267074584961
500 67.23284912109375
600 67.22514343261719
700 67.1493911743164
800 67.2314224243164
dr LSTM 50 3 True 1 800
cur_fold:  0
100 75.008544921875
200 71.26190185546875
300 73.3800277709961
400 71.4443359375
500 71.3463134765625
600 73.60392761230469
700 71.43702697753906
800 71.36209869384766
cur_fold:  1
100 79.67548370361328
200 69.45561981201172
300 76.4449691772461
400 84.06620788574219
500 85.94276428222656
600 84.84589385986328
700 78.32891082763672
800 70.28282165527344
cur_fold:  2
100 78.38199615478516
200 68.08792114257812
300 74.849853515625
400 82.51937103271484
500 84.32170104980469
600 83.28661346435547
700 76.71793365478516
800 68.72296142578125
cur_fold:  3
100 63.59421157836914
200 67.43206787109375
300 64.77583312988281
400 64.58604431152344
500 68.89228820800781
600 63.57022476196289
700 69.47107696533203
800 69.66004180908203
cur_fold:  4
100 71.02066040039062
200 67.8327865600586
300 67.78675079345703
400 69.46305847167969
500 67.92024230957031
600 67.71337127685547
700 69.55636596679688
800 67.96627807617188
dr LSTM 50 3 True 2 800
cur_fold:  0
100 72.01603698730469
200 86.37840270996094
300 77.51168060302734
400 79.29989624023438
500 83.30325317382812
600 76.73469543457031
700 76.73448181152344
800 71.41307067871094
cur_fold:  1
100 67.93987274169922
200 67.49459075927734
300 81.06721496582031
400 71.18144226074219
500 72.92474365234375
600 68.4999771118164
700 83.02359771728516
800 71.44791412353516
cur_fold:  2
100 84.77665710449219
200 74.99243927001953
300 86.97098541259766
400 82.06053924560547
500 73.68746948242188
600 67.02604675292969
700 66.82025146484375
800 89.8528823852539
cur_fold:  3
100 75.06109619140625
200 69.22651672363281
300 71.19940948486328
400 74.62410736083984
500 69.22891998291016
600 71.19509887695312
700 74.61386108398438
800 69.21694946289062
cur_fold:  4
100 72.2041015625
200 68.15830993652344
300 86.29839324951172
400 76.16827392578125
500 76.94738006591797
600 70.42813873291016
700 81.50831604003906
800 72.48722076416016
dr LSTM 50 3 False 0.01 800
