nohup: ignoring input
hvac
hvac 190.942212389
{'hvac': 190.9422123892904}
{'hvac': 230.04135731513449}
fridge
fridge 28.1477905572
{'fridge': 28.147790557235883}
{'hvac': 230.04135731513449, 'fridge': 340.12826267498207}
dr
dr 66.9294258049
{'dr': 66.929425804880026}
{'hvac': 230.04135731513449, 'fridge': 340.12826267498207, 'dr': 1048.8100582089096}
dw
dw 15.4395102012
{'dw': 15.43951020120803}
{'hvac': 230.04135731513449, 'fridge': 340.12826267498207, 'dr': 1048.8100582089096, 'dw': 1048.8099434418109}
mw
mw 9.09707779131
{'mw': 9.0970777913095713}
{'hvac': 230.04135731513449, 'fridge': 340.12826267498207, 'dr': 1048.8100582089096, 'dw': 1048.8099434418109, 'mw': 1048.8104618795846}
hvac 192.824237458
fridge 76.7896007053
hvac 190.942338771
dr 66.9294258049
hvac 190.942348695
dw 15.4395102012
hvac 191.449259114
mw 9.09707779131
fridge 28.314757214
hvac 134.739233177
fridge 28.1472626539
dr 66.9294258049
fridge 28.14725344
dw 15.4395102012
fridge 28.1428540293
mw 8.96481098811
dw 15.4395102012
hvac 190.942367974
dw 15.4395102012
fridge 28.1471399877
dw 15.4395102012
dr 66.9294258049
dw 15.4395102012
mw 9.09707779131
fridge 28.3148716797
hvac 134.734986771
dr 66.9294258049
fridge 28.3145491701
hvac 134.734200895
dw 15.4395102012
fridge 28.3112527562
hvac 135.302254212
mw 8.97975104444
hvac 192.819707196
fridge 76.7901102358
dr 66.9294258049
hvac 192.819681421
fridge 76.7901210382
dw 15.4395102012
hvac 192.914489025
fridge 76.7780299745
mw 9.09707779131
hvac 192.819689836
dw 15.4395102012
fridge 76.7901456988
hvac 190.9383451
dw 15.4395102012
dr 66.9294258049
hvac 191.293356323
dw 15.4395102012
mw 9.03995798225
fridge 28.3353970757
hvac 134.765421371
mw 9.09707720681
dr 66.9294258049
fridge 28.3122603132
hvac 135.042772312
mw 9.03351988074
dw 15.4395102012
fridge 28.3146649874
hvac 134.734090929
dw 15.4395102012
dr 66.9294258049
fridge 28.3144610694
hvac 134.765155662
dw 15.4395102012
mw 9.06777782417
fridge 28.3146649874
hvac 134.734090929
dr 66.9294258049
dw 15.4395102012
fridge 28.2677266672
hvac 179.826728628
dr 66.9294258049
mw 9.06789788886
fridge 28.2985014526
hvac 140.124886335
mw 9.04530870315
dw 15.4395102012
dr 66.9294258049
fridge 28.9984786296
hvac 238.906744875
dw 15.4395102012
mw 9.05434801556
dr 66.9294258049
fridge 28.3141756095
hvac 134.918491877
dr 66.9294258049
dw 15.4395102012
mw 9.04533003679
fridge 28.3141756095
hvac 134.918491877
dr 66.9294258049
dw 15.4395102012
mw 9.04533003679
hvac
hvac 169.646331136
{'hvac': 169.64633113595977}
{'hvac': 204.38472870778273}
fridge
fridge 28.1466836602
{'fridge': 28.146683660205994}
{'hvac': 204.38472870778273, 'fridge': 340.11488731029863}
dr
dr 66.9294258049
{'dr': 66.929425804880026}
{'hvac': 204.38472870778273, 'fridge': 340.11488731029863, 'dr': 1048.8100582089096}
dw
dw 15.4395102012
{'dw': 15.43951020120803}
{'hvac': 204.38472870778273, 'fridge': 340.11488731029863, 'dr': 1048.8100582089096, 'dw': 1048.8099434418109}
mw
mw 9.09707779131
{'mw': 9.0970777913095713}
{'hvac': 204.38472870778273, 'fridge': 340.11488731029863, 'dr': 1048.8100582089096, 'dw': 1048.8099434418109, 'mw': 1048.8104618795846}
hvac 170.669359813
fridge 80.8876550982
hvac 169.646078446
dr 66.9294258049
hvac 169.646057373
dw 15.4395102012
hvac 169.742153497
mw 9.09707779131
fridge 28.39647854
hvac 109.339110533
fridge 28.1476260312
dr 66.9294258049
fridge 28.1474369976
dw 15.4395102012
fridge 28.142534441
mw 8.95562442983
dw 15.4395102012
hvac 169.646054236
dw 15.4395102012
fridge 28.1476377942
dw 15.4395102012
dr 66.9294258049
dw 15.4395102012
mw 9.09707779131
fridge 28.3962322513
hvac 109.338261184
dr 66.9294258049
fridge 28.3966202335
hvac 109.338124425
dw 15.4395102012
fridge 28.3945187273
hvac 109.378732734
mw 9.03612180416
hvac 170.669028494
fridge 80.8878305722
dr 66.9294258049
hvac 170.669026721
fridge 80.8878247367
dw 15.4395102012
hvac 170.671863201
fridge 80.8817852038
mw 9.09707779131
dw 15.4395102012
hvac 170.669032243
fridge 80.8878310503
dw 15.4395102012
hvac 169.645548891
dr 66.9294258049
dw 15.4395102012
hvac 169.652702518
mw 9.09707779131
fridge 28.3967972904
hvac 109.369152006
mw 9.06584678057
dr 66.9294258049
fridge 28.3952787122
hvac 109.355007195
mw 9.06893947944
dw 15.4395102012
fridge 28.3956536915
hvac 109.338003787
dr 66.9294258049
dw 15.4395102012
fridge 28.3288366617
hvac 125.807475691
dr 66.9294258049
mw 9.08811337063
fridge 28.3956536915
hvac 109.338003787
dw 15.4395102012
dr 66.9294258049
fridge 28.3952733665
hvac 109.353748208
dw 15.4395102012
mw 9.07100724452
fridge 28.3951402601
hvac 109.408881938
mw 9.09707779131
dr 66.9294258049
dw 15.4395102012
fridge 28.3798632739
hvac 109.787499355
mw 9.06466413259
dw 15.4395102012
dr 66.9294258049
fridge 28.4419236222
hvac 206.60057029
dw 15.4395102012
mw 9.07841650459
dr 66.9294258049
fridge 28.3798632739
hvac 109.787499355
mw 9.06466413259
dw 15.4395102012
dr 66.9294258049
hvac
hvac 167.864146555
{'hvac': 167.86414655516487}
{'hvac': 202.23760704818704}
fridge
fridge 28.145434736
{'fridge': 28.145434735993028}
{'hvac': 202.23760704818704, 'fridge': 340.09979573776809}
dr
dr 66.9294258049
{'dr': 66.929425804880026}
{'hvac': 202.23760704818704, 'fridge': 340.09979573776809, 'dr': 1048.8100582089096}
dw
dw 15.4395102012
{'dw': 15.43951020120803}
{'hvac': 202.23760704818704, 'fridge': 340.09979573776809, 'dr': 1048.8100582089096, 'dw': 1048.8099434418109}
mw
mw 9.09707779131
{'mw': 9.0970777913095713}
{'hvac': 202.23760704818704, 'fridge': 340.09979573776809, 'dr': 1048.8100582089096, 'dw': 1048.8099434418109, 'mw': 1048.8104618795846}
hvac 168.904116849
fridge 81.8594337179
hvac 167.86396534
dr 66.9294258049
hvac 167.863970319
dw 15.4395102012
hvac 167.91225827
mw 9.09707779131
fridge 28.4247782166
hvac 106.315838325
fridge 28.1471026668
dr 66.9294258049
fridge 28.1467961742
dw 15.4395102012
fridge 28.1415620651
mw 8.9611651145
dw 15.4395102012
hvac 167.863966058
dw 15.4395102012
fridge 28.1471828723
dw 15.4395102012
dr 66.9294258049
dw 15.4395102012
mw 9.09707779131
fridge 28.4250967881
hvac 106.316233106
dr 66.9294258049
fridge 28.424324205
hvac 106.315692834
dw 15.4395102012
fridge 28.4226528465
hvac 106.310633604
mw 9.04896663177
hvac 168.904019226
fridge 81.8595998112
dr 66.9294258049
hvac 168.904023963
fridge 81.8595772906
dw 15.4395102012
hvac 168.903352941
fridge 81.8561403029
mw 9.09707779131
dw 15.4395102012
hvac 168.90399735
fridge 81.859596613
dw 15.4395102012
hvac 167.86381138
dr 66.9294258049
dw 15.4395102012
hvac 167.864525002
mw 9.09707779131
fridge 28.4254981488
hvac 106.33267388
mw 9.06770356856
dr 66.9294258049
fridge 28.4245512137
hvac 106.307176513
mw 9.07841131636
dw 15.4395102012
fridge 28.4248279797
hvac 106.316284297
dw 15.4395102012
dr 66.9294258049
fridge 28.4244597863
hvac 106.32130362
dw 15.4395102012
mw 9.08077127052
fridge 28.4248279797
hvac 106.316284297
dr 66.9294258049
dw 15.4395102012
fridge 28.3663113961
hvac 112.673647911
dr 66.9294258049
mw 9.09052714543
fridge 28.4241166115
hvac 106.329551424
mw 9.09707779131
dr 66.9294258049
dw 15.4395102012
fridge 28.4160389729
hvac 106.29490756
mw 9.06764293312
dw 15.4395102012
dr 66.9294258049
fridge 28.5148414876
hvac 191.205857387
dw 15.4395102012
mw 9.08517202804
dr 66.9294258049
fridge 28.4160389729
hvac 106.29490756
mw 9.06764293312
dw 15.4395102012
dr 66.9294258049
hvac
hvac 167.499704609
{'hvac': 167.49970460872379}
{'hvac': 201.79853849978798}
fridge
fridge 28.1444613776
{'fridge': 28.144461377576604}
{'hvac': 201.79853849978798, 'fridge': 340.08803400796319}
dr
dr 66.9294258049
{'dr': 66.929425804880026}
{'hvac': 201.79853849978798, 'fridge': 340.08803400796319, 'dr': 1048.8100582089096}
dw
dw 15.4395102012
{'dw': 15.43951020120803}
{'hvac': 201.79853849978798, 'fridge': 340.08803400796319, 'dr': 1048.8100582089096, 'dw': 1048.8099434418109}
mw
mw 9.09707779131
{'mw': 9.0970777913095713}
{'hvac': 201.79853849978798, 'fridge': 340.08803400796319, 'dr': 1048.8100582089096, 'dw': 1048.8099434418109, 'mw': 1048.8104618795846}
hvac 168.455323591
fridge 82.2928708961
hvac 167.499502893
dr 66.9294258049
hvac 167.499497537
dw 15.4395102012
hvac 167.529254083
mw 9.09707779131
fridge 28.4401988711
hvac 105.65133438
fridge 28.1473816431
dr 66.9294258049
fridge 28.1472906013
dw 15.4395102012
fridge 28.1496684469
mw 8.99266337253
dw 15.4395102012
hvac 167.499493948
dw 15.4395102012
fridge 28.1471963175
dw 15.4395102012
dr 66.9294258049
dw 15.4395102012
mw 9.09707779131
fridge 28.440645828
hvac 105.650497308
dr 66.9294258049
fridge 28.4405690409
hvac 105.651074721
dw 15.4395102012
fridge 28.4395809072
hvac 105.635924467
mw 9.05408699608
hvac 168.455283
fridge 82.2929822543
dr 66.9294258049
hvac 168.455280098
fridge 82.2929611595
dw 15.4395102012
hvac 168.454251293
fridge 82.2906069656
mw 9.09707779131
dw 15.4395102012
hvac 168.455260378
fridge 82.292972047
dw 15.4395102012
hvac 167.499519587
dr 66.9294258049
dw 15.4395102012
hvac 167.497607591
mw 9.09707779131
fridge 28.4416589789
hvac 105.66383815
mw 9.07005977398
dr 66.9294258049
fridge 28.4393643098
hvac 105.633980978
mw 9.08179148508
dw 15.4395102012
fridge 28.4403731591
hvac 105.649953352
dw 15.4395102012
dr 66.9294258049
fridge 28.439623342
hvac 105.646462901
dw 15.4395102012
mw 9.0823544341
fridge 28.4403731591
hvac 105.649953352
dr 66.9294258049
dw 15.4395102012
fridge 28.3901976509
hvac 107.748173551
dr 66.9294258049
mw 9.09000393157
fridge 28.4402948609
hvac 105.650514415
mw 9.09707779131
dr 66.9294258049
dw 15.4395102012
fridge 28.4345307114
hvac 105.532313312
mw 9.07056937959
dw 15.4395102012
dr 66.9294258049
fridge 28.5348769369
hvac 178.14683006
dw 15.4395102012
mw 9.08843973115
dr 66.9294258049
fridge 28.4345307114
hvac 105.532313312
mw 9.07056937959
dw 15.4395102012
dr 66.9294258049
hvac
hvac 870.548352617
{'hvac': 870.54835261663027}
{'hvac': 1048.8101197659335}
fridge
fridge 86.7957522576
{'fridge': 86.795752257560508}
{'hvac': 1048.8101197659335, 'fridge': 1048.8101495178682}
dr
dr 66.9294258049
{'dr': 66.929425804880026}
{'hvac': 1048.8101197659335, 'fridge': 1048.8101495178682, 'dr': 1048.8100582089096}
dw
dw 15.4395102012
{'dw': 15.43951020120803}
{'hvac': 1048.8101197659335, 'fridge': 1048.8101495178682, 'dr': 1048.8100582089096, 'dw': 1048.8099434418109}
mw
mw 9.09707779131
{'mw': 9.0970777913095713}
{'hvac': 1048.8101197659335, 'fridge': 1048.8101495178682, 'dr': 1048.8100582089096, 'dw': 1048.8099434418109, 'mw': 1048.8104618795846}
dw 15.4395102012
hvac 870.548352617
dw 15.4395102012
fridge 86.7957522576
dw 15.4395102012
dr 66.9294258049
dw 15.4395102012
mw 9.09707779131
dr 66.9294258049
hvac 870.548352617
dr 66.9294258049
fridge 86.7957522576
dr 66.9294258049
dw 15.4395102012
dr 66.9294258049
mw 9.09707779131
hvac 870.548352617
fridge 86.7957522576
hvac 870.548352617
dr 66.9294258049
hvac 870.548352617
dw 15.4395102012
hvac 870.548352617
mw 9.09707779131
dr 66.9294258049
dw 15.4395102012
hvac 870.548352617
dr 66.9294258049
dw 15.4395102012
fridge 86.7957522576
dr 66.9294258049
dw 15.4395102012
mw 9.09707779131
dw 15.4395102012
dr 66.9294258049
hvac 870.548352617
dw 15.4395102012
dr 66.9294258049
fridge 86.7957522576
dw 15.4395102012
dr 66.9294258049
mw 9.09707779131
dw 15.4395102012
hvac 870.548352617
fridge 86.7957522576
dw 15.4395102012
hvac 870.548352617
dr 66.9294258049
dw 15.4395102012
hvac 870.548352617
mw 9.09707779131
dr 66.9294258049
dw 15.4395102012
hvac 870.548352617
fridge 86.7957522576
dr 66.9294258049
dw 15.4395102012
hvac 870.548352617
mw 9.09707779131
dw 15.4395102012
dr 66.9294258049
hvac 870.548352617
fridge 86.7957522576
dw 15.4395102012
dr 66.9294258049
hvac 870.548352617
mw 9.09707779131
dw 15.4395102012
hvac 870.548352617
dr 66.9294258049
fridge 86.7957522576
dw 15.4395102012
hvac 870.548352617
dr 66.9294258049
mw 9.09707779131
dr 66.9294258049
dw 15.4395102012
hvac 870.548352617
fridge 86.7957522576
mw 9.09707779131
dw 15.4395102012
dr 66.9294258049
hvac 870.548352617
fridge 86.7957522576
mw 9.09707779131
dw 15.4395102012
hvac 870.548352617
dr 66.9294258049
fridge 86.7957522576
mw 9.09707779131
dr 66.9294258049
dw 15.4395102012
hvac 870.548352617
fridge 86.7957522576
mw 9.09707779131
hvac
hvac 870.548352617
{'hvac': 870.54835261663027}
{'hvac': 1048.8101197659335}
fridge
fridge 86.7957522576
{'fridge': 86.795752257560508}
{'hvac': 1048.8101197659335, 'fridge': 1048.8101495178682}
dr
dr 66.9294258049
{'dr': 66.929425804880026}
{'hvac': 1048.8101197659335, 'fridge': 1048.8101495178682, 'dr': 1048.8100582089096}
dw
dw 15.4395102012
{'dw': 15.43951020120803}
{'hvac': 1048.8101197659335, 'fridge': 1048.8101495178682, 'dr': 1048.8100582089096, 'dw': 1048.8099434418109}
mw
mw 9.09707779131
{'mw': 9.0970777913095713}
{'hvac': 1048.8101197659335, 'fridge': 1048.8101495178682, 'dr': 1048.8100582089096, 'dw': 1048.8099434418109, 'mw': 1048.8104618795846}
dw 15.4395102012
hvac 870.548352617
dw 15.4395102012
fridge 86.7957522576
dw 15.4395102012
dr 66.9294258049
dw 15.4395102012
mw 9.09707779131
dr 66.9294258049
hvac 870.548352617
dr 66.9294258049
fridge 86.7957522576
dr 66.9294258049
dw 15.4395102012
dr 66.9294258049
mw 9.09707779131
hvac 870.548352617
fridge 86.7957522576
hvac 870.548352617
dr 66.9294258049
hvac 870.548352617
dw 15.4395102012
hvac 870.548352617
mw 9.09707779131
dr 66.9294258049
dw 15.4395102012
hvac 870.548352617
dr 66.9294258049
dw 15.4395102012
fridge 86.7957522576
dr 66.9294258049
dw 15.4395102012
mw 9.09707779131
dw 15.4395102012
dr 66.9294258049
hvac 870.548352617
dw 15.4395102012
dr 66.9294258049
fridge 86.7957522576
dw 15.4395102012
dr 66.9294258049
mw 9.09707779131
dw 15.4395102012
hvac 870.548352617
fridge 86.7957522576
dw 15.4395102012
hvac 870.548352617
dr 66.9294258049
dw 15.4395102012
hvac 870.548352617
mw 9.09707779131
dr 66.9294258049
dw 15.4395102012
hvac 870.548352617
fridge 86.7957522576
dr 66.9294258049
dw 15.4395102012
hvac 870.548352617
mw 9.09707779131
dw 15.4395102012
dr 66.9294258049
hvac 870.548352617
fridge 86.7957522576
dw 15.4395102012
dr 66.9294258049
hvac 870.548352617
mw 9.09707779131
dw 15.4395102012
hvac 870.548352617
dr 66.9294258049
fridge 86.7957522576
dw 15.4395102012
hvac 870.548352617
dr 66.9294258049
mw 9.09707779131
dr 66.9294258049
dw 15.4395102012
hvac 870.548352617
fridge 86.7957522576
mw 9.09707779131
dw 15.4395102012
dr 66.9294258049
hvac 870.548352617
fridge 86.7957522576
mw 9.09707779131
dw 15.4395102012
hvac 870.548352617
dr 66.9294258049
fridge 86.7957522576
mw 9.09707779131
dr 66.9294258049
dw 15.4395102012
hvac 870.548352617
fridge 86.7957522576
mw 9.09707779131
crf-0.sh: line 12:  1497 Terminated              CUDA_VISIBLE_DEVICES=0 python rnn-tree-greedy.py LSTM 20 4 True 1 600 0
crf-0.sh: error reading input file: Stale file handle
