nohup: ignoring input
hvac
hvac 716.992444517
{'hvac': 716.99244451713298}
{'hvac': 863.8106422750792}
fridge
fridge 40.8819607617
{'fridge': 40.881960761688006}
{'hvac': 863.8106422750792, 'fridge': 494.00361496739839}
dr
dr 66.9294258049
{'dr': 66.929425804880026}
{'hvac': 863.8106422750792, 'fridge': 494.00361496739839, 'dr': 1048.8100582089096}
dw
dw 15.4395102012
{'dw': 15.43951020120803}
{'hvac': 863.8106422750792, 'fridge': 494.00361496739839, 'dr': 1048.8100582089096, 'dw': 1048.8099434418109}
mw
mw 9.09709338348
{'mw': 9.0970933834834202}
{'hvac': 863.8106422750792, 'fridge': 494.00361496739839, 'dr': 1048.8100582089096, 'dw': 1048.8099434418109, 'mw': 1048.8122595156422}
fridge 62.2396846206
hvac 308.620577143
fridge 28.1677559181
dr 66.9294258049
fridge 112.184310749
dw 15.4395109315
fridge 134.328101869
mw 9.09707779131
hvac 452.882886442
fridge 59.8852023891
hvac 424.407456982
dr 66.9294258049
hvac 704.41738542
dw 15.4395102012
hvac 704.421575501
mw 9.09707779131
dw 15.4395102012
hvac 578.241646683
dw 15.4395375559
fridge 28.4613459783
dw 15.4395102012
dr 66.9294258049
dw 15.4395102012
mw 9.0972489405
fridge 64.9836674939
hvac 310.554641537
dr 66.9298990439
fridge 62.7748176591
hvac 268.038787675
dw 15.4410303039
fridge 61.2953986646
hvac 294.150895408
mw 9.09705791321
hvac 717.302547021
fridge 51.5891434542
dr 66.9294258049
hvac 591.83533035
fridge 50.6010715601
dw 15.4395102012
hvac 172.362447478
fridge 84.9241078457
mw 9.09807342891
fridge 73.9477168504
dr 66.9294704353
hvac 411.16652107
fridge 53.1610719857
dr 66.9294258049
dw 15.4438017096
fridge 52.6051256775
dr 66.9294258049
mw 9.09707779131
fridge 159.65542888
hvac 534.098946226
dw 15.4398178059
dr 66.9303360898
fridge 74.9538988068
hvac 156.196215529
dw 16.0207520726
mw 9.09725399518
fridge 62.8794910772
hvac 585.856010088
mw 9.09699760048
dr 66.9294258049
fridge 191.840192525
hvac 279.661920206
mw 9.09791873898
dw 15.4410581503
fridge 52.3859462256
hvac 310.091325924
dr 66.9294258049
dw 15.4400590558
fridge 65.1828718807
hvac 433.720419538
dr 66.9294535253
mw 9.09716066746
fridge 161.322921843
hvac 625.532960076
dr 66.9294258049
dw 15.4397883757
mw 9.09709120953
fridge 61.9177451241
hvac 599.954196166
dw 15.4396301775
mw 9.09707779131
dr 66.9293869901
fridge 74.8604890078
hvac 285.727001445
dr 66.9294226807
mw 9.09708609068
dw 15.439857777
fridge 74.8604890078
hvac 285.727001445
dr 66.9294226807
mw 9.09708609068
dw 15.439857777
hvac
hvac 716.979894717
{'hvac': 716.97989471743563}
{'hvac': 863.79552265893835}
fridge
fridge 41.44193396
{'fridge': 41.441933959971962}
{'hvac': 863.79552265893835, 'fridge': 500.77013934840045}
dr
dr 66.9294258049
{'dr': 66.929425804880026}
{'hvac': 863.79552265893835, 'fridge': 500.77013934840045, 'dr': 1048.8100582089096}
dw
dw 15.4395102012
{'dw': 15.43951020120803}
{'hvac': 863.79552265893835, 'fridge': 500.77013934840045, 'dr': 1048.8100582089096, 'dw': 1048.8099434418109}
mw
mw 9.09709338348
{'mw': 9.0970933834834202}
{'hvac': 863.79552265893835, 'fridge': 500.77013934840045, 'dr': 1048.8100582089096, 'dw': 1048.8099434418109, 'mw': 1048.8122595156422}
fridge 62.1631740677
hvac 308.614346977
fridge 27.9868169181
dr 66.9294258049
fridge 28.1458168395
dw 15.4395107934
fridge 56.6871515697
mw 9.09707779131
hvac 452.851989137
fridge 59.8832510472
hvac 424.638300674
dr 66.9294258049
hvac 580.830391302
dw 15.4395102012
hvac 704.426567297
mw 9.09707779131
dw 15.4395102012
hvac 578.24117265
dw 15.4395375559
fridge 28.3428015598
dw 15.4395102012
dr 66.9294258049
dw 15.4395102012
mw 9.0972489405
fridge 64.8162560658
hvac 291.261557154
dr 66.9295294918
fridge 62.7174771245
hvac 267.979734941
dw 15.4408580505
fridge 53.2795361717
hvac 285.22318607
mw 9.09701949162
hvac 717.302330893
fridge 51.5605752068
dr 66.9294258049
hvac 591.828984704
fridge 50.4403904354
dw 15.4395102012
hvac 172.291101466
fridge 85.9706573179
mw 9.09747247021
fridge 73.9471878209
dr 66.9294693369
hvac 411.166842097
fridge 53.2232940596
dr 66.9294258049
dw 15.4438017096
fridge 50.5877532941
dr 66.9294258049
mw 9.09706540907
fridge 62.8790334202
hvac 585.872736827
mw 9.09719013201
dr 66.9294258049
fridge 182.980823736
hvac 256.97980525
mw 9.09691462521
dw 15.440262516
fridge 52.3914557177
hvac 442.090023515
dw 15.4397313724
dr 66.932549453
fridge 74.9311080849
hvac 155.667035377
dw 15.7860309843
mw 9.09713369806
fridge 65.2026535508
hvac 323.238938447
dr 66.9294258049
dw 15.4394506896
fridge 65.1098519763
hvac 432.060740442
dr 66.9294639644
mw 9.09718222824
fridge 61.9966430035
hvac 599.953519446
dw 15.4396301775
mw 9.09707779131
dr 66.9293870943
fridge 77.2454589315
hvac 157.599176076
dw 15.4416315725
dr 66.9293035654
mw 9.09714371325
fridge 81.3395134885
hvac 541.234678555
dr 66.9294258049
dw 15.4395342402
mw 9.09702563652
fridge 77.2454589315
hvac 157.599176076
dw 15.4416315725
dr 66.9293035654
mw 9.09714371325
hvac
hvac 716.979287505
{'hvac': 716.97928750471715}
{'hvac': 863.79479110756381}
fridge
fridge 40.5857721989
{'fridge': 40.585772198913482}
{'hvac': 863.79479110756381, 'fridge': 490.42457379626813}
dr
dr 66.9294258049
{'dr': 66.929425804880026}
{'hvac': 863.79479110756381, 'fridge': 490.42457379626813, 'dr': 1048.8100582089096}
dw
dw 15.4395102012
{'dw': 15.43951020120803}
{'hvac': 863.79479110756381, 'fridge': 490.42457379626813, 'dr': 1048.8100582089096, 'dw': 1048.8099434418109}
mw
mw 9.09709338348
{'mw': 9.0970933834834202}
{'hvac': 863.79479110756381, 'fridge': 490.42457379626813, 'dr': 1048.8100582089096, 'dw': 1048.8099434418109, 'mw': 1048.8122595156422}
fridge 62.194084734
hvac 308.616871037
fridge 27.6232519137
dr 66.9294258049
fridge 28.4389625642
dw 15.4395152542
fridge 52.6783013245
mw 9.09707779131
hvac 452.881556371
fridge 60.5929422168
hvac 424.666660432
dr 66.9294258049
hvac 580.259584324
dw 15.4395102012
hvac 704.424823382
mw 9.09707779131
dw 15.4395102012
hvac 578.243262367
dw 15.4395375559
fridge 28.05206069
dw 15.4395102012
dr 66.9294258049
dw 15.4395102012
mw 9.0972489405
fridge 65.1844852222
hvac 288.422448847
dr 66.9294872675
fridge 62.5367032208
hvac 267.740869773
dw 15.4408525422
fridge 53.2921245793
hvac 285.147643859
mw 9.0969493979
hvac 717.301840415
fridge 52.072387086
dr 66.9294258049
hvac 591.828804718
fridge 50.9443651844
dw 15.4395102012
hvac 171.992599859
fridge 86.0065140086
mw 9.09715377858
fridge 73.9450536278
dr 66.9294806732
hvac 411.160269866
fridge 53.351143129
dr 66.9294258049
dw 15.4438017096
fridge 50.4296189934
dr 66.9294258049
mw 9.0970930079
fridge 63.1172647477
hvac 585.924553415
mw 9.09715794109
dr 66.9294258049
fridge 166.541848742
hvac 235.684853362
mw 9.09679244696
dw 15.4397962506
fridge 52.3308126927
hvac 441.221383675
dw 15.4397709716
dr 66.9311556766
fridge 75.2864576628
hvac 155.4685646
dw 16.1128235343
mw 9.09742543999
fridge 65.1703268158
hvac 323.21061375
dr 66.9294258049
dw 15.4397837014
fridge 65.265225086
hvac 306.905743559
dr 66.9298961981
mw 9.09706786722
fridge 61.5405990984
hvac 600.041054868
dw 15.4396301775
mw 9.09707779131
dr 66.9294018067
fridge 74.858229811
hvac 281.217863243
dr 66.9294258049
mw 9.09710407025
dw 15.4398577638
fridge 77.2989259867
hvac 157.325275074
dw 15.4407608778
dr 66.9294258049
mw 9.09700017504
fridge 77.2989259867
hvac 157.325275074
dw 15.4407608778
dr 66.9294258049
mw 9.09700017504
gpu03-0.sh: line 8: 14996 Terminated              CUDA_VISIBLE_DEVICES=0 python rnn-tree-greedy.py RNN 100 2 True 1 800 0
gpu03-0.sh: line 10: 18517 Terminated              CUDA_VISIBLE_DEVICES=0 python rnn-tree-greedy.py RNN 100 4 True 1 200 0
gpu03-0.sh: line 11: 18604 Terminated              CUDA_VISIBLE_DEVICES=0 python rnn-tree-greedy.py RNN 100 4 True 1 400 0
gpu03-0.sh: line 12: 18627 Terminated              CUDA_VISIBLE_DEVICES=0 python rnn-tree-greedy.py RNN 100 4 True 1 600 0
gpu03-0.sh: line 13: 18651 Terminated              CUDA_VISIBLE_DEVICES=0 python rnn-tree-greedy.py RNN 100 4 True 1 800 0
