nohup: ignoring input
hvac
hvac 167.322688387
{'hvac': 167.32268838654736}
{'hvac': 201.58527475099865}
fridge
fridge 28.1876400912
{'fridge': 28.187640091157078}
{'hvac': 201.58527475099865, 'fridge': 340.60979079753446}
dr
dr 66.9294258049
{'dr': 66.929425804880026}
{'hvac': 201.58527475099865, 'fridge': 340.60979079753446, 'dr': 1048.8100582089096}
dw
dw 15.4395309908
{'dw': 15.439530990773594}
{'hvac': 201.58527475099865, 'fridge': 340.60979079753446, 'dr': 1048.8100582089096, 'dw': 1048.8113556824067}
mw
mw 9.09707997968
{'mw': 9.0970799796849544}
{'hvac': 201.58527475099865, 'fridge': 340.60979079753446, 'dr': 1048.8100582089096, 'dw': 1048.8113556824067, 'mw': 1048.8107141793944}
hvac 321.222704842
fridge 71.0483228442
hvac 167.324338116
dr 66.9294258049
hvac 167.325395757
dw 15.4395102012
hvac 167.328839646
mw 9.09707779131
fridge 28.6667132921
hvac 272.66283658
fridge 28.1573855408
dr 66.9294258049
fridge 40.3238914183
dw 15.4395102012
fridge 28.3110226713
mw 9.09696465264
dr 66.9294413971
hvac 320.890308071
dr 66.9294279933
fridge 28.1977759699
dr 66.9294258049
dw 15.4395102012
dr 66.9294258049
mw 9.09707779131
fridge 40.3228184202
hvac 262.441366603
dr 66.9294258049
fridge 29.0341678064
hvac 251.360420127
dw 15.4395187308
fridge 28.4912926405
hvac 105.694519569
mw 9.09707779131
hvac 619.045652765
fridge 47.9778585242
dr 66.9294258049
hvac 299.374717052
fridge 70.7988944209
dw 15.4395102012
hvac 349.720914484
fridge 67.6828262708
mw 9.09707779131
hvac 321.421681859
dr 66.9295062277
fridge 71.0035193352
hvac 333.424724324
dr 66.9294258049
dw 15.4395102012
hvac 452.01700441
dr 66.92942417
mw 9.09707779131
fridge 28.6671029962
hvac 244.23568901
mw 9.09707779131
dr 66.9294258049
fridge 40.4628387572
hvac 422.835144501
mw 9.09707779131
dw 15.4395102012
fridge 40.3109085264
hvac 428.566449395
dw 15.439517872
dr 66.9294269922
fridge 40.5220323746
hvac 256.645850962
dw 15.4395102012
mw 9.09707779131
fridge 40.4426656599
hvac 429.452746128
dr 66.9294258049
dw 15.4395172587
fridge 28.3445141262
hvac 422.838924122
dr 66.9294258049
mw 9.09707779131
fridge 28.7273816268
hvac 411.173372191
mw 9.09707779131
dr 66.9294258049
dw 15.4395102012
fridge 50.2972169833
hvac 296.099557552
dw 15.4395120509
mw 9.09707779131
dr 66.9294267428
fridge 78.1184905697
hvac 145.019767657
dr 66.9294233964
mw 9.09707779131
dw 15.4395102012
fridge 28.7273816268
hvac 411.173372191
mw 9.09707779131
dr 66.9294258049
dw 15.4395102012
hvac
hvac 167.31751923
{'hvac': 167.31751922999467}
{'hvac': 201.57904710874672}
fridge
fridge 28.1807230507
{'fridge': 28.180723050685476}
{'hvac': 201.57904710874672, 'fridge': 340.52620764902144}
dr
dr 66.9294258049
{'dr': 66.929425804880026}
{'hvac': 201.57904710874672, 'fridge': 340.52620764902144, 'dr': 1048.8100582089096}
dw
dw 15.4395309908
{'dw': 15.439530990773594}
{'hvac': 201.57904710874672, 'fridge': 340.52620764902144, 'dr': 1048.8100582089096, 'dw': 1048.8113556824067}
mw
mw 9.09707997968
{'mw': 9.0970799796849544}
{'hvac': 201.57904710874672, 'fridge': 340.52620764902144, 'dr': 1048.8100582089096, 'dw': 1048.8113556824067, 'mw': 1048.8107141793944}
hvac 321.281312587
fridge 71.1379334333
hvac 167.285703852
dr 66.9294258049
hvac 167.31801265
dw 15.4395102012
hvac 167.320211717
mw 9.09707779131
fridge 28.7786061928
hvac 272.807356362
fridge 28.1849279477
dr 66.9294258049
fridge 40.3275991138
dw 15.4395102012
fridge 28.0782382947
mw 9.09707395259
dr 66.9294413971
hvac 320.876421628
dr 66.9294279933
fridge 28.1998319596
dr 66.9294258049
dw 15.4395102012
dr 66.9294258049
mw 9.09707779131
fridge 40.1787718576
hvac 262.380952437
dr 66.9294258049
fridge 28.4001725285
hvac 250.141131552
dw 15.4395102012
fridge 113.843939407
hvac 175.6985345
mw 9.09707779131
hvac 618.150159715
fridge 48.2155609804
dr 66.9294258049
hvac 299.344772407
fridge 70.7679075802
dw 15.4395102012
hvac 348.454297284
fridge 67.9167731198
mw 9.09707779131
hvac 321.413105294
dr 66.9295062277
fridge 71.1112228552
hvac 333.10270673
dr 66.9294258049
dw 15.4395102012
hvac 451.985119708
dr 66.9294258049
mw 9.09707779131
fridge 40.3451818245
hvac 428.743458862
dw 15.4395102012
dr 66.9294258049
fridge 40.4855561769
hvac 256.697370022
dw 15.4395102012
mw 9.09707779131
fridge 40.4471850825
hvac 429.506994815
dr 66.9294258049
dw 15.4395172457
fridge 28.4096140848
hvac 422.81968118
dr 66.9294258049
mw 9.09707779131
hvac 321.251791545
fridge 71.1367720024
dw 15.4395102012
dr 66.9294264429
hvac 167.988151439
fridge 82.6137519278
dw 15.4395102012
mw 9.09707779131
fridge 50.3021591312
hvac 296.216261544
dw 15.4395122135
mw 9.09707779131
dr 66.9294269054
fridge 28.5844162031
hvac 105.800938294
dr 66.9293684535
mw 9.09707779131
dw 15.4395102012
fridge 38.1257095428
hvac 283.013735974
dw 15.4395102012
dr 66.9294258049
mw 9.09707779131
fridge 28.5844162031
hvac 105.800938294
dr 66.9293684535
mw 9.09707779131
dw 15.4395102012
hvac
hvac 167.317486406
{'hvac': 167.31748640570009}
{'hvac': 201.57900756303715}
fridge
fridge 28.2689444601
{'fridge': 28.268944460093127}
{'hvac': 201.57900756303715, 'fridge': 341.59224495136482}
dr
dr 66.9294258049
{'dr': 66.929425804880026}
{'hvac': 201.57900756303715, 'fridge': 341.59224495136482, 'dr': 1048.8100582089096}
dw
dw 15.4395309908
{'dw': 15.439530990773594}
{'hvac': 201.57900756303715, 'fridge': 341.59224495136482, 'dr': 1048.8100582089096, 'dw': 1048.8113556824067}
mw
mw 9.09707997968
{'mw': 9.0970799796849544}
{'hvac': 201.57900756303715, 'fridge': 341.59224495136482, 'dr': 1048.8100582089096, 'dw': 1048.8113556824067, 'mw': 1048.8107141793944}
hvac 321.280250211
fridge 71.1930233385
hvac 167.291852504
dr 66.9294258049
hvac 167.324996718
dw 15.4395102012
hvac 167.320193305
mw 9.09707779131
fridge 28.7565937367
hvac 272.802831642
fridge 28.0657673279
dr 66.9294258049
fridge 40.1679927783
dw 15.4395102012
fridge 28.4988729639
mw 9.09707399183
dr 66.9294413971
hvac 320.876569419
dr 66.9294279933
fridge 28.1745829719
dr 66.9294258049
dw 15.4395102012
dr 66.9294258049
mw 9.09707779131
fridge 40.3858623424
hvac 262.404649429
dr 66.9294258049
fridge 28.379815631
hvac 250.097374391
dw 15.4395112564
fridge 28.387502257
hvac 105.744111498
mw 9.09707779131
hvac 618.342957808
fridge 48.146138284
dr 66.9294258049
hvac 299.376840076
fridge 70.8625204197
dw 15.4395102012
hvac 348.017474231
fridge 67.898207793
mw 9.09707779131
hvac 321.355556258
dr 66.9295062277
fridge 71.120630205
hvac 333.30370276
dr 66.9294258049
dw 15.4395102012
hvac 451.988390091
dr 66.9294258049
mw 9.09707779131
fridge 28.5443961668
hvac 244.389798947
mw 9.09707779131
dr 66.9294258049
fridge 53.4166205599
hvac 436.314510166
mw 9.09707779131
dw 15.4395102012
fridge 40.2034235778
hvac 428.520271573
dw 15.4395102012
dr 66.9294258049
fridge 40.4717750971
hvac 256.655178149
dw 15.4395102012
mw 9.09707779131
fridge 40.7797256797
hvac 429.584982223
dr 66.9294258049
dw 15.4395102012
fridge 28.4606524928
hvac 422.825854442
dr 66.9294258049
mw 9.09707779131
fridge 28.7806768131
hvac 411.438879261
mw 9.09707779131
dr 66.9294258049
dw 15.4395102012
fridge 50.3037539523
hvac 296.214533662
dw 15.4395120126
mw 9.09707779131
dr 66.9294267045
fridge 28.6269580703
hvac 105.85341316
dr 66.9293664887
mw 9.09707779131
dw 15.4395102012
fridge 28.6269580703
hvac 105.85341316
dr 66.9293664887
mw 9.09707779131
dw 15.4395102012
hvac
hvac 167.317345561
{'hvac': 167.31734556109322}
{'hvac': 201.5788378777479}
fridge
fridge 28.246072083
{'fridge': 28.246072083000026}
{'hvac': 201.5788378777479, 'fridge': 341.31586297857359}
dr
dr 66.9294258049
{'dr': 66.929425804880026}
{'hvac': 201.5788378777479, 'fridge': 341.31586297857359, 'dr': 1048.8100582089096}
dw
dw 15.4395309908
{'dw': 15.439530990773594}
{'hvac': 201.5788378777479, 'fridge': 341.31586297857359, 'dr': 1048.8100582089096, 'dw': 1048.8113556824067}
mw
mw 9.09707997968
{'mw': 9.0970799796849544}
{'hvac': 201.5788378777479, 'fridge': 341.31586297857359, 'dr': 1048.8100582089096, 'dw': 1048.8113556824067, 'mw': 1048.8107141793944}
hvac 321.279286521
fridge 71.0495675479
hvac 167.300972509
dr 66.9294258049
hvac 167.324957202
dw 15.4395102012
hvac 167.320200992
mw 9.09707779131
fridge 28.7905262601
hvac 272.883442378
fridge 28.0272146948
dr 66.9294258049
fridge 40.100470565
dw 15.4395102012
fridge 28.1143878805
mw 9.09707619858
dr 66.9294413971
hvac 320.876768863
dr 66.9294279933
fridge 28.320111243
dr 66.9294258049
dw 15.4395102012
dr 66.9294258049
mw 9.09707779131
fridge 40.3209507462
hvac 262.397819125
dr 66.9294258049
fridge 28.4289656289
hvac 250.095501579
dw 15.4395113726
fridge 29.345145105
hvac 106.325061797
mw 9.09707779131
hvac 619.00666913
fridge 48.1093899451
dr 66.9294258049
hvac 299.374212965
fridge 70.9115710175
dw 15.4395102012
hvac 346.673328683
fridge 68.0520696552
mw 9.09707779131
hvac 322.413611559
dr 66.9295062277
fridge 70.7656989253
hvac 333.418260435
dr 66.9294258049
dw 15.4395102012
hvac 451.989547948
dr 66.9294258049
mw 9.09707779131
fridge 28.3633986576
hvac 244.345139063
mw 9.09707779131
dr 66.9294258049
fridge 53.3726929636
hvac 436.294957057
mw 9.09707779131
dw 15.4395102012
fridge 40.1289274922
hvac 428.120155985
dw 15.4395102012
dr 66.9294258049
fridge 40.5152864449
hvac 256.765929834
dw 15.4395102012
mw 9.09707779131
fridge 40.3463267915
hvac 429.508256502
dr 66.9294258049
dw 15.4395102012
fridge 28.073595738
hvac 422.38071518
dr 66.9294258049
mw 9.09707779131
fridge 29.0176448611
hvac 411.437747685
mw 9.09707779131
dr 66.9294258049
dw 15.4395102012
fridge 50.5096926339
hvac 296.233894923
dw 15.4395102012
mw 9.09707779131
dr 66.9294258049
fridge 28.7407253024
hvac 106.024507841
dr 66.9294145812
mw 9.09707779131
dw 15.4395102012
fridge 28.7407253024
hvac 106.024507841
dr 66.9294145812
mw 9.09707779131
dw 15.4395102012
hvac
hvac 167.329847074
{'hvac': 167.32984707430299}
{'hvac': 201.59389931980036}
fridge
fridge 40.8943755459
{'fridge': 40.894375545887392}
{'hvac': 201.59389931980036, 'fridge': 494.15363096857033}
dr
dr 66.9294258049
{'dr': 66.929425804880026}
{'hvac': 201.59389931980036, 'fridge': 494.15363096857033, 'dr': 1048.8100582089096}
dw
dw 15.4395102012
{'dw': 15.43951020120803}
{'hvac': 201.59389931980036, 'fridge': 494.15363096857033, 'dr': 1048.8100582089096, 'dw': 1048.8099434418109}
mw
mw 9.09707779131
{'mw': 9.0970777913095713}
{'hvac': 201.59389931980036, 'fridge': 494.15363096857033, 'dr': 1048.8100582089096, 'dw': 1048.8099434418109, 'mw': 1048.8104618795846}
hvac 617.601942714
fridge 68.2222963532
hvac 503.328114162
dr 66.9294258049
hvac 424.847139454
dw 15.4395102012
hvac 578.326574067
mw 9.09707779131
fridge 50.1770964999
hvac 129.112593157
fridge 28.1903995822
dr 66.9294289597
fridge 59.1711899691
dw 15.4395502929
fridge 44.034588079
mw 9.09707779131
dw 15.4395102012
hvac 293.549416105
dw 15.4395102012
fridge 61.959296203
dw 15.4396566464
dr 66.9294258049
dw 15.4395102012
mw 9.09699445068
fridge 96.5963977172
hvac 386.303606554
dr 66.9294258049
fridge 74.8580835897
hvac 281.13045252
dw 15.4395171871
fridge 86.7957522576
hvac 704.363683265
mw 9.09707779131
fridge 65.2746263651
dr 66.9294258049
hvac 407.653657219
fridge 58.4714060954
dr 66.9294258049
dw 15.4395102012
fridge 50.0867235132
dr 66.9294258049
mw 9.09710496364
dw 15.7619079206
hvac 467.202954609
fridge 71.694081108
dw 15.4396248174
hvac 170.565431445
dr 66.928627315
dw 15.4395102012
hvac 167.347171394
mw 9.09707779131
fridge 74.4959181562
hvac 471.466007133
dw 15.4395102012
dr 66.9301824129
fridge 77.119605844
hvac 428.930485042
dw 15.4395123896
mw 9.09708775058
dw 15.4991407062
hvac 529.690017516
mw 9.11068072354
fridge 69.363638689
dw 68.9697761397
hvac 630.794686889
mw 9.09707779131
dr 66.9294258049
dw 15.4395102012
hvac 452.460867503
dr 66.9294258049
fridge 60.7212955361
dw 15.4395102012
hvac 303.410649983
dr 66.9295624979
mw 9.09704068316
dw 15.4395102012
hvac 558.450222256
dr 66.9294258049
fridge 49.1712525946
mw 9.09707779131
dw 15.4395102012
hvac 750.525721126
dr 66.9294258049
mw 9.09695754857
fridge 59.8508373695
fridge 144.912736843
hvac 739.291215802
dw 15.4395102012
mw 9.21266594569
dr 66.9294258049
dw 15.4395102012
hvac 558.450222256
dr 66.9294258049
fridge 49.1712525946
mw 9.09707779131
hvac
hvac 167.31618427
{'hvac': 167.31618426989442}
{'hvac': 201.5774387895093}
fridge
fridge 40.8917477732
{'fridge': 40.891747773151778}
{'hvac': 201.5774387895093, 'fridge': 494.12187786264002}
dr
dr 66.9294258049
{'dr': 66.929425804880026}
{'hvac': 201.5774387895093, 'fridge': 494.12187786264002, 'dr': 1048.8100582089096}
dw
dw 15.4395102012
{'dw': 15.43951020120803}
{'hvac': 201.5774387895093, 'fridge': 494.12187786264002, 'dr': 1048.8100582089096, 'dw': 1048.8099434418109}
mw
mw 9.09707779131
{'mw': 9.0970777913095713}
{'hvac': 201.5774387895093, 'fridge': 494.12187786264002, 'dr': 1048.8100582089096, 'dw': 1048.8099434418109, 'mw': 1048.8104618795846}
hvac 609.061357818
fridge 69.0149363405
hvac 494.314472472
dr 66.9294258049
hvac 424.597221659
dw 15.4395102012
hvac 578.173355259
mw 9.09707779131
fridge 50.2022728443
hvac 129.25861413
fridge 28.1940228874
dr 66.9294303471
fridge 59.1688064921
dw 15.4395391063
fridge 44.0304592795
mw 9.09707779131
dw 15.4395102012
hvac 293.544921981
dw 15.4395102012
fridge 61.8687728189
dw 15.4396566464
dr 66.9294258049
dw 15.4395102012
mw 9.09699445068
fridge 73.6816811884
hvac 342.93194487
dr 66.9294258049
fridge 74.8616411342
hvac 281.093202867
dw 15.4395102012
fridge 86.7957522576
hvac 704.404852126
mw 9.09707779131
fridge 65.2776109722
dr 66.9294258049
hvac 407.466358181
fridge 58.4718458619
dr 66.9294258049
dw 15.4395102012
fridge 50.0671747882
dr 66.9294258049
mw 9.09710496364
dw 15.7618847038
hvac 465.711401373
fridge 72.2530556412
dw 15.4396248174
hvac 170.291847931
dr 66.053763277
dw 15.4395102012
hvac 167.306955422
mw 9.09707779131
dw 15.4395102012
hvac 451.839078781
dr 66.9294258049
fridge 60.8981671174
dw 15.4395102012
hvac 295.010608418
dr 66.9294258049
mw 9.09706603153
fridge 74.4960464949
hvac 457.343907429
dw 15.4395102012
dr 66.9305853704
fridge 77.1193048142
hvac 420.495022532
dw 15.4395123896
mw 9.09707779131
dw 15.4684163353
hvac 483.881995488
mw 9.09710762437
fridge 71.1364439698
dw 18.6504475217
hvac 604.796198845
mw 9.09707121414
dr 66.9294258049
dw 15.4395102012
hvac 551.786455147
dr 66.9294258049
fridge 50.4906443271
mw 9.09707779131
dw 15.4395102012
hvac 744.886648214
dr 66.9294258049
mw 9.09695754857
fridge 60.6921236578
fridge 119.087209171
hvac 739.504179218
dw 15.4395102012
mw 9.16971371119
dr 66.9294258049
dw 15.4395102012
hvac 551.786455147
dr 66.9294258049
fridge 50.4906443271
mw 9.09707779131
gpu02-1.sh: line 12: 10529 Terminated              CUDA_VISIBLE_DEVICES=1 python rnn-tree-greedy.py RNN 50 4 True 1 600 0
