nohup: ignoring input
hvac
hvac 169.210147188
{'hvac': 169.21014718781689}
{'hvac': 203.85922758252451}
fridge
fridge 28.1975751737
{'fridge': 28.197575173706554}
{'hvac': 203.85922758252451, 'fridge': 340.72984293307292}
dr
dr 66.9331678786
{'dr': 66.933167878594418}
{'hvac': 203.85922758252451, 'fridge': 340.72984293307292, 'dr': 1048.8686979552247}
dw
dw 15.4395108395
{'dw': 15.439510839484177}
{'hvac': 203.85922758252451, 'fridge': 340.72984293307292, 'dr': 1048.8686979552247, 'dw': 1048.8099868000756}
mw
mw 9.09707779131
{'mw': 9.0970777913095713}
{'hvac': 203.85922758252451, 'fridge': 340.72984293307292, 'dr': 1048.8686979552247, 'dw': 1048.8099868000756, 'mw': 1048.8104618795846}
hvac 322.381859039
fridge 69.9993577352
hvac 321.796095075
dr 66.9294235088
hvac 321.705488926
dw 15.4395215438
hvac 321.71068357
mw 9.09707779131
fridge 28.4493486275
hvac 108.598593082
fridge 28.1966833177
dr 66.9294258049
fridge 28.1973695292
dw 15.4395645545
fridge 28.2090788954
mw 9.09707760895
dw 15.4396800038
hvac 447.700490788
dw 15.4398542749
fridge 28.1956801104
dw 15.4395102012
dr 66.9294290874
dw 15.4395102012
mw 9.09707779131
fridge 28.4487750792
hvac 108.638739328
dr 66.9294355834
fridge 28.4501046077
hvac 108.634053274
dw 15.4395294147
fridge 28.2921081623
hvac 244.688959454
mw 9.09707779131
hvac 323.660441751
fridge 69.740494214
dr 66.929433575
hvac 322.385837859
fridge 70.0190417311
dw 15.4395412476
hvac 448.336167732
fridge 61.2094593493
mw 9.09707779131
fridge 28.4487672909
dr 66.9295883299
hvac 108.504845446
fridge 28.1971775304
dr 66.9294394433
dw 15.4395402308
fridge 28.1953939195
dr 66.9294488823
mw 9.09707779131
fridge 28.4484364022
dr 66.9294650927
hvac 108.56486064
dw 15.4395393444
fridge 28.4487537173
dr 66.9295702698
hvac 108.596673361
mw 9.09707779131
fridge 28.4492794665
hvac 108.760002346
dr 66.9294644688
dw 15.4395232882
fridge 28.4470648981
hvac 108.522678437
dr 66.929454327
mw 9.09707779131
fridge 28.4418331964
hvac 108.763161013
dw 15.439535094
dr 66.9294258049
fridge 28.4501707965
hvac 108.613724322
dw 15.439518381
mw 9.09707877437
fridge 41.124938756
hvac 257.543424249
dr 66.9294490113
mw 9.09707779131
dw 15.4395102012
fridge 28.4482989813
dr 66.9295026149
hvac 108.619143637
dw 15.4395105565
mw 9.09706706047
fridge 28.2901275862
dr 66.9294923169
hvac 244.604153442
mw 9.09701693113
dw 15.4395180123
fridge 28.4482989813
dr 66.9295026149
hvac 108.619143637
dw 15.4395105565
mw 9.09706706047
hvac
hvac 167.400828693
{'hvac': 167.40082869342086}
{'hvac': 201.67941581089983}
fridge
fridge 28.1973831364
{'fridge': 28.197383136431696}
{'hvac': 201.67941581089983, 'fridge': 340.72752242040133}
dr
dr 66.9294588129
{'dr': 66.92945881287541}
{'hvac': 201.67941581089983, 'fridge': 340.72752242040133, 'dr': 1048.8105754569981}
dw
dw 15.4395108395
{'dw': 15.439510839484177}
{'hvac': 201.67941581089983, 'fridge': 340.72752242040133, 'dr': 1048.8105754569981, 'dw': 1048.8099868000756}
mw
mw 9.09707779131
{'mw': 9.0970777913095713}
{'hvac': 201.67941581089983, 'fridge': 340.72752242040133, 'dr': 1048.8105754569981, 'dw': 1048.8099868000756, 'mw': 1048.8104618795846}
hvac 321.283199621
fridge 70.8744093257
hvac 320.814532775
dr 66.9294258049
hvac 320.809508755
dw 15.4395102012
hvac 320.820437891
mw 9.09707779131
fridge 28.4863797502
hvac 105.691746219
fridge 28.1960566106
dr 66.9294258049
fridge 28.1921892766
dw 15.4395167889
fridge 28.1975665984
mw 9.09707704792
dw 15.4396800038
hvac 446.972113677
dw 15.4398542749
fridge 28.1946189374
dw 15.4395102012
dr 66.9294290874
dw 15.4395102012
mw 9.09707779131
fridge 28.4816491848
hvac 105.709168802
dr 66.9293927695
fridge 28.4845230814
hvac 105.694390651
dw 15.4395202789
fridge 28.3134882628
hvac 242.111561389
mw 9.09707779131
hvac 321.475419365
fridge 70.8384879621
dr 66.9294398952
hvac 321.277483065
fridge 70.8817593848
dw 15.4395071369
hvac 447.346421441
fridge 61.8941441391
mw 9.09707779131
fridge 28.4827465355
dw 15.4396009099
hvac 105.686858236
fridge 28.1959057589
dw 15.4395102012
dr 66.9294258049
fridge 28.1964934411
dw 15.4395102012
mw 9.09707779131
fridge 28.4869113749
dw 15.4395469292
hvac 105.705128633
dr 66.9294386528
fridge 28.4622224827
dw 15.43953076
hvac 105.693980024
mw 9.09707779131
fridge 28.4847800137
hvac 105.698402386
dr 66.9294257621
dw 15.4395267903
fridge 28.4843807751
hvac 105.686610871
dr 66.9294347139
mw 9.09707779131
fridge 28.4663136419
hvac 105.728478676
dw 15.4395102012
dr 66.9294310701
fridge 28.4855471367
hvac 105.700157668
dw 15.4395130716
mw 9.09699770553
fridge 28.4850431239
dw 15.4395102012
hvac 105.681720406
mw 9.09707779131
dr 66.9294258049
fridge 28.4968325681
hvac 106.980309841
dw 15.4395112297
dr 66.929430545
mw 9.09707779131
fridge 41.1555503489
hvac 255.484432206
dr 66.9294259411
mw 9.09707779131
dw 15.4395102012
fridge 28.4850431239
dw 15.4395102012
hvac 105.681720406
mw 9.09707779131
dr 66.9294258049
hvac
hvac 167.324097836
{'hvac': 167.32409783571063}
{'hvac': 201.58697281238869}
fridge
fridge 28.195215357
{'fridge': 28.195215357032463}
{'hvac': 201.58697281238869, 'fridge': 340.70132771643603}
dr
dr 66.9294588129
{'dr': 66.92945881287541}
{'hvac': 201.58697281238869, 'fridge': 340.70132771643603, 'dr': 1048.8105754569981}
dw
dw 15.4395108395
{'dw': 15.439510839484177}
{'hvac': 201.58697281238869, 'fridge': 340.70132771643603, 'dr': 1048.8105754569981, 'dw': 1048.8099868000756}
mw
mw 9.09707779131
{'mw': 9.0970777913095713}
{'hvac': 201.58697281238869, 'fridge': 340.70132771643603, 'dr': 1048.8105754569981, 'dw': 1048.8099868000756, 'mw': 1048.8104618795846}
hvac 321.28286971
fridge 71.0894806704
hvac 320.865178216
dr 66.9294258049
hvac 320.863062586
dw 15.4395102012
hvac 320.873562546
mw 9.09707779131
fridge 28.497036614
hvac 105.736965273
fridge 28.1960427678
dr 66.9294258049
fridge 28.1946100667
dw 15.4395102012
fridge 28.1979410978
mw 9.09707683062
dw 15.4396800038
hvac 447.046115787
dw 15.4398542749
fridge 28.1953634537
dw 15.4395102012
dr 66.9294290874
dw 15.4395102012
mw 9.09707779131
fridge 28.4960095998
hvac 105.753257227
dr 66.9293366956
fridge 28.496668942
hvac 105.744616059
dw 15.4395102012
fridge 28.3233569108
hvac 242.144597401
mw 9.09707779131
hvac 321.353998816
fridge 71.0788780713
dr 66.9294443847
hvac 321.284249828
fridge 71.0902496276
dw 15.4395230726
hvac 447.356987816
fridge 62.0995829435
mw 9.09707779131
fridge 28.4967944777
dw 15.4395996794
hvac 105.751925467
fridge 28.1952189733
dw 15.4395102012
dr 66.9294258049
fridge 28.195620991
dw 15.4395102012
mw 9.09707779131
fridge 28.4952263985
hvac 105.730917668
dw 15.4395102012
dr 66.9294258049
fridge 28.4964806281
hvac 105.744600342
dw 15.4395102012
mw 9.0970862728
fridge 28.494028679
hvac 105.754411864
dr 66.9294223361
dw 15.4395354388
fridge 28.4957192124
hvac 105.73355875
dr 66.9294234367
mw 9.09707779131
fridge 28.4978989397
dw 15.4395432433
hvac 105.763917436
dr 66.9294255772
fridge 28.4954267282
dw 15.4395302216
hvac 105.77116945
mw 9.09707779131
fridge 28.5030871083
hvac 106.253239963
dw 15.4395102012
dr 66.9294148577
mw 9.09707779131
fridge 41.1663186955
hvac 255.566559495
dr 66.9293694553
mw 9.0970769712
dw 15.4395102012
fridge 41.3367410584
hvac 119.1827
dr 66.9294258049
dw 15.4395102012
mw 9.09707779131
fridge 28.5030871083
hvac 106.253239963
dw 15.4395102012
dr 66.9294148577
mw 9.09707779131
hvac
hvac 167.315749511
{'hvac': 167.31574951099105}
{'hvac': 201.57691500523455}
fridge
fridge 28.1948966616
{'fridge': 28.194896661598793}
{'hvac': 201.57691500523455, 'fridge': 340.69747670994383}
dr
dr 66.9294588129
{'dr': 66.92945881287541}
{'hvac': 201.57691500523455, 'fridge': 340.69747670994383, 'dr': 1048.8105754569981}
dw
dw 15.4395108395
{'dw': 15.439510839484177}
{'hvac': 201.57691500523455, 'fridge': 340.69747670994383, 'dr': 1048.8105754569981, 'dw': 1048.8099868000756}
mw
mw 9.09707779131
{'mw': 9.0970777913095713}
{'hvac': 201.57691500523455, 'fridge': 340.69747670994383, 'dr': 1048.8105754569981, 'dw': 1048.8099868000756, 'mw': 1048.8104618795846}
hvac 321.285098822
fridge 71.1359714931
hvac 320.877959686
dr 66.9294258049
hvac 320.873553058
dw 15.4395102012
hvac 320.88352453
mw 9.09707779131
fridge 28.4982731005
hvac 105.770408987
fridge 28.1964290178
dr 66.9294258049
fridge 28.1973515878
dw 15.4395102012
fridge 28.1981389746
mw 9.09707732691
dw 15.4396800038
hvac 447.060462133
dw 15.4398542749
fridge 28.1946023837
dw 15.4395102012
dr 66.9294290874
dw 15.4395102012
mw 9.09707779131
fridge 28.4961344739
hvac 105.78848716
dr 66.9289176172
fridge 28.4968486889
hvac 105.780557177
dw 15.4395102012
fridge 28.3240647559
hvac 242.17167375
mw 9.09707779131
hvac 321.314183252
fridge 71.1328642386
dr 66.9294281188
hvac 321.286901991
fridge 71.1353831832
dw 15.4395232565
hvac 447.369705186
fridge 62.1363358211
mw 9.09707779131
fridge 28.4954894776
dr 66.9296852156
hvac 105.788982305
fridge 28.1949536982
dr 66.9294266866
dw 15.4395157646
fridge 28.1960021112
dr 66.9294405762
mw 9.09707779131
fridge 28.4943443832
hvac 105.825603461
dr 66.9294353243
dw 15.4395172684
fridge 28.4965918827
hvac 105.75971326
dr 66.9295207508
mw 9.09707779131
fridge 28.49847709
dr 66.9294258049
hvac 105.799039016
dw 15.4395176797
fridge 28.4952903064
dr 66.9294628185
hvac 105.808873081
mw 9.09707779131
fridge 28.4986655413
hvac 105.77381801
dw 15.4395102012
dr 66.9293725247
fridge 28.5025414445
hvac 105.793911567
dw 15.4395128512
mw 9.09706971179
fridge 41.166457445
hvac 255.588470814
dr 66.9294310394
mw 9.09707176072
dw 15.4395102012
fridge 28.4948371249
hvac 105.893366029
dw 15.4395109465
dr 66.3190780256
mw 9.09707779131
fridge 28.3217216266
dr 66.9294451263
hvac 242.176234086
mw 9.09707779131
dw 15.4395102012
fridge 28.4948371249
hvac 105.893366029
dw 15.4395109465
dr 66.3190780256
mw 9.09707779131
hvac
hvac 447.70533694
{'hvac': 447.70533694029268}
{'hvac': 539.38174329413562}
fridge
fridge 28.1692833153
{'fridge': 28.169283315286904}
{'hvac': 539.38174329413562, 'fridge': 340.3879738036805}
dr
dr 66.9294258049
{'dr': 66.929425804880026}
{'hvac': 539.38174329413562, 'fridge': 340.3879738036805, 'dr': 1048.8100582089096}
dw
dw 15.4395102012
{'dw': 15.43951020120803}
{'hvac': 539.38174329413562, 'fridge': 340.3879738036805, 'dr': 1048.8100582089096, 'dw': 1048.8099434418109}
mw
mw 9.09707779131
{'mw': 9.0970777913095713}
{'hvac': 539.38174329413562, 'fridge': 340.3879738036805, 'dr': 1048.8100582089096, 'dw': 1048.8099434418109, 'mw': 1048.8104618795846}
fridge 28.4341457105
hvac 108.636183838
fridge 28.1837519948
dr 66.9294258049
fridge 28.181281339
dw 15.4395102012
fridge 37.8541812283
mw 9.09710605783
hvac 394.924794938
fridge 59.8411312301
hvac 169.158460069
dr 66.9294258049
hvac 169.150528667
dw 15.4395102012
hvac 352.768773338
mw 9.09710041258
dw 15.4395102012
hvac 300.700007429
dw 15.4395102012
fridge 28.1832064588
dw 15.4395102012
dr 66.9294258049
dw 15.4395102012
mw 9.09709338348
fridge 41.1129579661
hvac 257.66383132
dr 66.9294258049
fridge 37.9695092347
hvac 118.758958797
dw 15.4395102012
fridge 40.2689251517
hvac 123.19655072
mw 9.09707779131
hvac 325.554631906
fridge 66.6011917997
dr 66.9294258049
hvac 393.130522348
fridge 60.9243208568
dw 15.4395102012
hvac 472.291729769
fridge 57.7920156017
mw 9.09707779131
hvac 466.104580666
dw 15.4395102012
fridge 56.9100052734
hvac 181.699722328
dw 15.4395102012
dr 66.9294258049
hvac 233.153911606
dw 15.4395102012
mw 9.09716081753
fridge 28.4287668751
hvac 108.509483204
dw 15.4395102012
dr 66.9294258049
fridge 28.6290790244
hvac 117.854237949
dw 15.4395102012
mw 9.09707779131
fridge 49.9940498831
hvac 371.363884162
mw 9.09707779131
dr 66.9294258049
fridge 28.6893893785
hvac 249.239587115
mw 9.09709232616
dw 15.439518741
fridge 41.4472982365
hvac 261.179718267
dr 66.9294258049
dw 15.4395102012
fridge 28.4501235566
hvac 350.917508615
dr 66.9294258049
mw 9.0971944171
fridge 56.7676291381
hvac 246.407689907
dw 15.4395102012
dr 66.9294258049
mw 9.09707779131
fridge 41.9504713606
hvac 130.962039238
dw 15.4395102012
mw 9.09705113952
dr 66.9294258049
fridge 28.4289061304
hvac 122.806830066
mw 9.09707779131
dw 15.4395102012
dr 66.9294265294
fridge 28.4289061304
hvac 122.806830066
mw 9.09707779131
dw 15.4395102012
dr 66.9294265294
hvac
hvac 446.964113804
{'hvac': 446.96411380404265}
{'hvac': 538.48874025304428}
fridge
fridge 28.169246991
{'fridge': 28.169246990972525}
{'hvac': 538.48874025304428, 'fridge': 340.38753487310379}
dr
dr 66.9294258049
{'dr': 66.929425804880026}
{'hvac': 538.48874025304428, 'fridge': 340.38753487310379, 'dr': 1048.8100582089096}
dw
dw 15.4395102012
{'dw': 15.43951020120803}
{'hvac': 538.48874025304428, 'fridge': 340.38753487310379, 'dr': 1048.8100582089096, 'dw': 1048.8099434418109}
mw
mw 9.09707779131
{'mw': 9.0970777913095713}
{'hvac': 538.48874025304428, 'fridge': 340.38753487310379, 'dr': 1048.8100582089096, 'dw': 1048.8099434418109, 'mw': 1048.8104618795846}
fridge 28.4707774044
hvac 105.660295675
fridge 28.1846703431
dr 66.9294258049
fridge 28.1827423921
dw 15.4395102012
fridge 37.8547885345
mw 9.09710605783
hvac 331.94459084
fridge 65.9323555087
hvac 167.371634382
dr 66.9294258049
hvac 167.380398333
dw 15.4395102012
hvac 321.306015596
mw 9.09707779131
dw 15.4395102012
hvac 298.668508491
dw 15.4395102012
fridge 28.1847148255
dw 15.4395102012
dr 66.9294258049
dw 15.4395102012
mw 9.09709338348
fridge 41.1442944033
hvac 255.478383433
dr 66.9294258049
fridge 37.9956012717
hvac 115.950919111
dw 15.4395102012
fridge 40.3020922196
hvac 117.830644253
mw 9.09707779131
hvac 301.238566122
fridge 69.9046339782
dr 66.9294258049
hvac 333.000008791
fridge 66.1164475798
dw 15.4395102012
hvac 466.796205313
fridge 59.3177581068
mw 9.09707779131
hvac 389.012802237
dr 66.9294258049
fridge 60.1893374739
hvac 167.505672155
dr 66.9294258049
dw 15.4395102012
hvac 167.37597121
dr 66.9294258049
mw 9.09707779131
fridge 28.4709735989
hvac 105.583841186
dw 15.4395102012
dr 66.9294258049
fridge 28.4227288895
hvac 106.795196506
dw 15.4395102012
mw 9.09705535644
fridge 50.1666836735
hvac 354.997162215
mw 9.09707779131
dr 66.9294258049
fridge 28.6444649838
hvac 244.449653532
mw 9.09707665465
dw 15.4395102012
fridge 41.4524956976
hvac 257.320057993
dr 66.9294258049
dw 15.4395102012
fridge 28.4166912505
hvac 288.551104665
dr 66.9294258049
mw 9.09696008806
fridge 41.2522424935
hvac 200.661438362
dw 15.4395102012
dr 66.9294258049
mw 9.09707779131
fridge 40.3343600057
hvac 119.285149474
dw 15.4395102012
mw 9.09712524921
dr 66.9294258049
fridge 28.4729503974
hvac 108.593696895
mw 9.09707779131
dw 15.4395102012
dr 66.9293925408
fridge 28.4729503974
hvac 108.593696895
mw 9.09707779131
dw 15.4395102012
dr 66.9293925408
hvac
hvac 447.048160657
{'hvac': 447.04816065673145}
{'hvac': 538.58999733930443}
fridge
fridge 28.1708784693
{'fridge': 28.170878469315884}
{'hvac': 538.58999733930443, 'fridge': 340.40724909875109}
dr
dr 66.9294258049
{'dr': 66.929425804880026}
{'hvac': 538.58999733930443, 'fridge': 340.40724909875109, 'dr': 1048.8100582089096}
dw
dw 15.4395102012
{'dw': 15.43951020120803}
{'hvac': 538.58999733930443, 'fridge': 340.40724909875109, 'dr': 1048.8100582089096, 'dw': 1048.8099434418109}
mw
mw 9.09707779131
{'mw': 9.0970777913095713}
{'hvac': 538.58999733930443, 'fridge': 340.40724909875109, 'dr': 1048.8100582089096, 'dw': 1048.8099434418109, 'mw': 1048.8104618795846}
fridge 28.5124566318
hvac 105.76411786
fridge 28.1838449725
dr 66.9294258049
fridge 28.1814744229
dw 15.4395102012
fridge 37.8547897387
mw 9.09710605783
hvac 313.397684213
fridge 68.0858227205
hvac 167.329859346
dr 66.9294258049
hvac 167.362061938
dw 15.4395102012
hvac 310.10602127
mw 9.09707779131
dw 15.4395102012
hvac 298.513812662
dw 15.4395102012
fridge 28.1847425903
dw 15.4395102012
dr 66.9294258049
dw 15.4395102012
mw 9.09709338348
fridge 41.1520032201
hvac 255.547558303
dr 66.9294258049
fridge 38.0021314139
hvac 116.051719805
dw 15.4395102012
fridge 40.3127425389
hvac 117.751031528
mw 9.09707779131
hvac 295.723635221
fridge 70.8477714495
dr 66.9294258049
hvac 312.993897119
fridge 67.8470945029
dw 15.4395102012
hvac 466.010430049
fridge 59.5518303864
mw 9.09707779131
hvac 350.300852122
dr 66.9294258049
fridge 63.6021505795
hvac 167.395861411
dr 66.9294258049
dw 15.4395102012
hvac 167.12774212
dr 66.9294258049
mw 9.09707779131
fridge 28.485044306
hvac 105.700486673
dw 15.4395102012
dr 66.9294223094
fridge 28.446873276
hvac 106.026869992
dw 15.4395102012
mw 9.09707779131
fridge 50.1732079362
hvac 342.285105647
mw 9.09707779131
dr 66.9294258049
fridge 28.6263508139
hvac 244.347757909
mw 9.09707779131
dw 15.4395102012
fridge 41.474708124
hvac 257.507747634
dr 66.9294258049
dw 15.4395102012
fridge 28.4462318963
hvac 266.211712457
dr 66.9294258049
mw 9.09703379168
fridge 40.3409007423
hvac 118.159577856
dw 15.4395102012
mw 9.09707779131
dr 66.9294258049
fridge 41.2130034171
hvac 175.553687055
dw 15.4395102012
dr 66.9294258049
mw 9.09707779131
fridge 28.5034525317
hvac 107.046446408
mw 9.09707779131
dw 15.4395102012
dr 66.4388304154
fridge 28.5034525317
hvac 107.046446408
mw 9.09707779131
dw 15.4395102012
dr 66.4388304154
gpu02-0.sh: line 13:  5247 Terminated              CUDA_VISIBLE_DEVICES=0 python rnn-tree-greedy.py RNN 20 4 True 1 800 0
