nohup: ignoring input
hvac
hvac 167.663824053
{'hvac': 167.66382405269738}
{'hvac': 201.99626460330936}
fridge
fridge 28.1828341804
{'fridge': 28.182834180377764}
{'hvac': 201.99626460330936, 'fridge': 340.55171781732611}
dr
dr 66.9294258049
{'dr': 66.929425804880026}
{'hvac': 201.99626460330936, 'fridge': 340.55171781732611, 'dr': 1048.8100582089096}
dw
dw 15.4395102012
{'dw': 15.43951020120803}
{'hvac': 201.99626460330936, 'fridge': 340.55171781732611, 'dr': 1048.8100582089096, 'dw': 1048.8099434418109}
mw
mw 9.09707779131
{'mw': 9.0970777913095713}
{'hvac': 201.99626460330936, 'fridge': 340.55171781732611, 'dr': 1048.8100582089096, 'dw': 1048.8099434418109, 'mw': 1048.8104618795846}
hvac 168.620092353
fridge 81.981522573
hvac 167.683321513
dr 66.9294258049
hvac 167.683869918
dw 15.4395102012
hvac 416.289741299
mw 9.09707779131
fridge 28.4682943475
hvac 106.177758006
fridge 28.1954721618
dr 66.9294258049
fridge 28.1949767821
dw 15.4395102012
fridge 65.4150091079
mw 9.09709466746
dw 15.4395102012
hvac 167.728636314
dw 15.4395102012
fridge 28.1916550174
dw 15.4395102012
dr 66.9294258049
dw 15.4395102012
mw 9.09712584439
fridge 28.4767849459
hvac 106.730202835
dr 66.9294258049
fridge 28.471673035
hvac 106.373783862
dw 15.4395102012
fridge 74.4633561688
hvac 255.808449939
mw 9.09700448795
hvac 168.625390474
fridge 81.975484041
dr 66.9294258049
hvac 168.610204424
fridge 81.9785661647
dw 15.4395102012
hvac 574.486099766
fridge 75.8747843636
mw 9.09707779131
hvac 168.610550058
dr 66.9294258049
fridge 81.9792409604
hvac 167.735799751
dr 66.9294258049
dw 15.4395102012
hvac 489.748923367
dr 66.9294258049
mw 9.0980433754
fridge 28.4588414947
hvac 106.257991933
dw 15.4395102012
dr 66.9294258049
fridge 86.7957522576
hvac 400.819623882
dw 15.4395102012
mw 9.09707089053
fridge 28.4459509883
hvac 106.282706673
dr 66.9294258049
dw 15.4395102012
fridge 62.5747320026
hvac 343.408232321
dr 66.9294258049
mw 9.09704973537
hvac 168.659865823
fridge 81.952529348
dr 66.9294258049
dw 15.4395102012
hvac 423.400160274
fridge 71.0824994088
dr 66.9294258049
mw 9.09707966303
fridge 50.0152499777
hvac 265.42900565
dr 66.9294258049
dw 15.4395102012
mw 9.09783795865
fridge 28.9065962009
hvac 307.585624354
dw 15.4395102012
dr 66.9294258049
mw 9.09703128499
fridge 62.4838715863
hvac 470.329713653
dr 66.9294258049
mw 9.09706672839
dw 15.4395102012
fridge 28.9065962009
hvac 307.585624354
dw 15.4395102012
dr 66.9294258049
mw 9.09703128499
hvac
hvac 167.331794754
{'hvac': 167.33179475412339}
{'hvac': 201.59624582508013}
fridge
fridge 28.1817020094
{'fridge': 28.181702009434112}
{'hvac': 201.59624582508013, 'fridge': 340.5380370513231}
dr
dr 66.9294258049
{'dr': 66.929425804880026}
{'hvac': 201.59624582508013, 'fridge': 340.5380370513231, 'dr': 1048.8100582089096}
dw
dw 15.4395102012
{'dw': 15.43951020120803}
{'hvac': 201.59624582508013, 'fridge': 340.5380370513231, 'dr': 1048.8100582089096, 'dw': 1048.8099434418109}
mw
mw 9.09707779131
{'mw': 9.0970777913095713}
{'hvac': 201.59624582508013, 'fridge': 340.5380370513231, 'dr': 1048.8100582089096, 'dw': 1048.8099434418109, 'mw': 1048.8104618795846}
hvac 168.026299332
fridge 82.6709358162
hvac 167.329853197
dr 66.9294258049
hvac 167.32995015
dw 15.4395102012
hvac 369.714886826
mw 9.09707779131
fridge 28.4969270118
hvac 105.676410426
fridge 28.1927302534
dr 66.9294258049
fridge 28.1974943304
dw 15.4395102012
fridge 61.784022212
mw 9.09701190001
dw 15.4395102012
hvac 167.336713145
dw 15.4395102012
fridge 28.1894623965
dw 15.4395102012
dr 66.9294258049
dw 15.4395102012
mw 9.09712584439
fridge 28.5003447731
hvac 105.74743146
dr 66.9294258049
fridge 28.4936642236
hvac 105.707617856
dw 15.4395102012
fridge 70.7676276665
hvac 225.828276929
mw 9.09709201673
hvac 168.02772237
fridge 82.6676897256
dr 66.9294258049
hvac 168.024689228
fridge 82.6714479262
dw 15.4395102012
hvac 552.611718992
fridge 76.8460035042
mw 9.09707149492
hvac 168.025934315
dr 66.9294258049
fridge 82.6718369406
hvac 167.335995966
dr 66.9294258049
dw 15.4395102012
hvac 462.4191165
dr 66.9294258049
mw 9.09733128715
fridge 28.4885005847
hvac 105.671544047
dw 15.4395102012
dr 66.9294258049
fridge 86.7957522576
hvac 374.288207237
dw 15.4395102012
mw 9.09707302695
fridge 28.4844517591
hvac 105.670262573
dr 66.9294258049
dw 15.4395102012
fridge 62.6551439364
hvac 306.926134608
dr 66.9294258049
mw 9.09710318365
fridge 52.7137663173
hvac 303.655000072
mw 9.09702615191
dr 66.9294258049
fridge 58.6923948863
hvac 191.469845148
mw 9.09707779131
dw 15.4395102012
fridge 50.0288043413
hvac 212.453276925
dr 66.9294258049
dw 15.4395102012
mw 9.09703032126
fridge 28.6783720057
hvac 259.619233595
dw 15.4395102012
dr 66.9294258049
mw 9.09706449814
fridge 74.7513389045
hvac 336.008914193
mw 9.09707779131
dw 15.4395102012
dr 66.9294258049
fridge 28.6783720057
hvac 259.619233595
dw 15.4395102012
dr 66.9294258049
mw 9.09706449814
hvac
hvac 167.318154723
{'hvac': 167.31815472303009}
{'hvac': 201.57981273138512}
fridge
fridge 28.1782109124
{'fridge': 28.178210912421623}
{'hvac': 201.57981273138512, 'fridge': 340.49585183045207}
dr
dr 66.9294258049
{'dr': 66.929425804880026}
{'hvac': 201.57981273138512, 'fridge': 340.49585183045207, 'dr': 1048.8100582089096}
dw
dw 15.4395102012
{'dw': 15.43951020120803}
{'hvac': 201.57981273138512, 'fridge': 340.49585183045207, 'dr': 1048.8100582089096, 'dw': 1048.8099434418109}
mw
mw 9.09707779131
{'mw': 9.0970777913095713}
{'hvac': 201.57981273138512, 'fridge': 340.49585183045207, 'dr': 1048.8100582089096, 'dw': 1048.8099434418109, 'mw': 1048.8104618795846}
hvac 168.067194341
fridge 82.7349247584
hvac 167.322177558
dr 66.9294258049
hvac 167.322191333
dw 15.4395102012
hvac 350.967038394
mw 9.09707779131
fridge 28.5017799427
hvac 105.774120546
fridge 28.1944366656
dr 66.9294258049
fridge 28.19679371
dw 15.4395102012
fridge 61.7861384447
mw 9.09707051844
dw 15.4395102012
hvac 167.31588203
dw 15.4395102012
fridge 28.1901690416
dw 15.4395102012
dr 66.9294258049
dw 15.4395102012
mw 9.09712584439
fridge 28.5088615709
hvac 105.789397397
dr 66.9294258049
fridge 28.5002751355
hvac 105.782285973
dw 15.4395102012
fridge 65.4054652661
hvac 211.743864718
mw 9.09706641168
hvac 168.065834355
fridge 82.7348881108
dr 66.9294258049
hvac 168.068872917
fridge 82.7425809841
dw 15.4395102012
hvac 542.335729418
fridge 74.8775956035
mw 9.09707779131
dw 15.4395102012
hvac 168.066922518
fridge 82.7377661304
dw 15.4395102012
hvac 167.321705577
dr 66.9294258049
dw 15.4395102012
hvac 550.689133475
mw 9.09707779131
fridge 37.9899349546
hvac 116.647088423
dw 15.4395102012
dr 66.9294258049
fridge 86.7957522576
hvac 358.547377201
dw 15.4395102012
mw 9.09707010715
fridge 28.4864923098
hvac 105.772957669
dr 66.9294258049
dw 15.4395102012
fridge 62.6987681896
hvac 298.457276642
dr 66.9294258049
mw 9.09709188752
fridge 52.6629784588
hvac 273.267199372
mw 9.09704588298
dr 66.9294258049
fridge 50.4171983045
hvac 151.878329927
mw 9.097090584
dw 15.4395102012
fridge 50.0518470003
hvac 180.698448056
dr 66.9294258049
dw 15.4395102012
mw 9.09682447175
fridge 28.4915966751
hvac 249.068163908
dw 15.4395211367
dr 66.9294258049
mw 9.09705883828
fridge 70.775200221
hvac 317.679642406
mw 9.09707779131
dw 15.4395102012
dr 66.9294258049
fridge 28.4915966751
hvac 249.068163908
dw 15.4395211367
dr 66.9294258049
mw 9.09705883828
gpu03-1.sh: line 8: 15119 Terminated              CUDA_VISIBLE_DEVICES=1 python rnn-tree-greedy.py GRU 50 2 True 1 800 0
