nohup: ignoring input
mw
mw GRU 20 1 True 0.1 800
cur_fold:  0
100 8.290752410888672
200 8.274748802185059
300 8.216056823730469
400 8.18282699584961
500 8.149051666259766
600 8.169793128967285
700 8.155252456665039
800 8.182905197143555
cur_fold:  1
100 7.538748264312744
200 7.5485920906066895
300 7.560876846313477
400 7.543504238128662
500 7.531849384307861
600 7.532763957977295
700 7.544955253601074
800 7.524356365203857
cur_fold:  2
100 8.383054733276367
200 8.320740699768066
300 8.274066925048828
400 8.196310043334961
500 8.145768165588379
600 8.200861930847168
700 8.102330207824707
800 8.171310424804688
cur_fold:  3
100 8.553730964660645
200 8.546512603759766
300 8.530277252197266
400 8.531283378601074
500 8.516292572021484
600 8.557758331298828
700 8.514059066772461
800 8.509183883666992
cur_fold:  4
100 6.9377217292785645
200 7.035150051116943
300 6.926957130432129
400 6.825297832489014
500 6.799989700317383
600 6.850707054138184
700 6.814051628112793
800 6.7800164222717285
mw GRU 20 1 True 1 800
cur_fold:  0
100 8.62154769897461
200 8.659754753112793
300 8.513769149780273
400 8.575783729553223
500 8.520886421203613
600 8.579057693481445
700 8.514189720153809
800 8.464926719665527
cur_fold:  1
100 7.886634349822998
200 7.912222862243652
300 7.930711269378662
400 7.839755058288574
500 7.869197368621826
600 7.879476547241211
700 7.904603481292725
800 7.887773513793945
cur_fold:  2
100 8.637548446655273
200 9.179407119750977
300 8.666547775268555
400 8.699725151062012
500 9.035720825195312
600 9.181157112121582
700 9.03976821899414
800 9.10833740234375
cur_fold:  3
100 8.768702507019043
200 9.001781463623047
300 8.762319564819336
400 8.996390342712402
500 9.208150863647461
600 8.733166694641113
700 9.302403450012207
800 8.747929573059082
cur_fold:  4
100 7.188669204711914
200 7.545812129974365
300 7.182468414306641
400 7.1810150146484375
500 7.180563449859619
600 7.179930210113525
700 7.180308818817139
800 7.180388450622559
mw GRU 20 1 True 2 800
cur_fold:  0
100 10.188840866088867
200 8.60412311553955
300 9.426973342895508
400 8.756863594055176
500 8.734343528747559
600 8.689164161682129
700 8.83393383026123
800 8.896590232849121
cur_fold:  1
100 7.723330497741699
200 8.072601318359375
300 13.197548866271973
400 12.961615562438965
500 8.557979583740234
600 8.121208190917969
700 8.15494441986084
800 7.881638050079346
cur_fold:  2
100 9.649271965026855
200 10.67021656036377
300 10.473893165588379
400 10.043641090393066
500 8.676584243774414
600 8.676587104797363
700 9.008406639099121
800 9.337747573852539
cur_fold:  3
100 9.137460708618164
200 8.775572776794434
300 9.980513572692871
400 8.73772144317627
500 8.802810668945312
600 10.19110107421875
700 10.846498489379883
800 8.978048324584961
cur_fold:  4
100 7.354272365570068
200 7.4793009757995605
300 7.417184352874756
400 7.53126859664917
500 7.487367153167725
600 7.5401835441589355
700 7.530416965484619
800 7.503998279571533
mw GRU 20 1 False 0.1 800
cur_fold:  0
100 8.290752410888672
200 8.274748802185059
300 8.216056823730469
400 8.18282699584961
500 8.149051666259766
600 8.169793128967285
700 8.155252456665039
800 8.182905197143555
cur_fold:  1
100 7.538748264312744
200 7.5485920906066895
300 7.560876846313477
400 7.543504238128662
500 7.531849384307861
600 7.532763957977295
700 7.544955253601074
800 7.524356365203857
cur_fold:  2
100 8.383054733276367
200 8.320740699768066
300 8.274066925048828
400 8.196310043334961
500 8.145768165588379
600 8.200861930847168
700 8.102330207824707
800 8.171310424804688
cur_fold:  3
100 8.553730964660645
200 8.546512603759766
300 8.530277252197266
400 8.531283378601074
500 8.516292572021484
600 8.557758331298828
700 8.514059066772461
800 8.509183883666992
cur_fold:  4
100 6.9377217292785645
200 7.035150051116943
300 6.926957130432129
400 6.825297832489014
500 6.799989700317383
600 6.850707054138184
700 6.814051628112793
800 6.7800164222717285
mw GRU 20 1 False 1 800
cur_fold:  0
100 8.62154769897461
200 8.659754753112793
300 8.513769149780273
400 8.575783729553223
500 8.520886421203613
600 8.579057693481445
700 8.514189720153809
800 8.464926719665527
cur_fold:  1
100 7.886634349822998
200 7.912222862243652
300 7.930711269378662
400 7.839755058288574
500 7.869197368621826
600 7.879476547241211
700 7.904603481292725
800 7.887773513793945
cur_fold:  2
100 8.637548446655273
200 9.179407119750977
300 8.666547775268555
400 8.699725151062012
500 9.035720825195312
600 9.181157112121582
700 9.03976821899414
800 9.10833740234375
cur_fold:  3
100 8.768702507019043
200 9.001781463623047
300 8.762319564819336
400 8.996390342712402
500 9.208150863647461
600 8.733166694641113
700 9.302403450012207
800 8.747929573059082
cur_fold:  4
100 7.188669204711914
200 7.545812129974365
300 7.182468414306641
400 7.1810150146484375
500 7.180563449859619
600 7.179930210113525
700 7.180308818817139
800 7.180388450622559
mw GRU 20 1 False 2 800
cur_fold:  0
100 10.188840866088867
200 8.60412311553955
300 9.426973342895508
400 8.756863594055176
500 8.734343528747559
600 8.689164161682129
700 8.83393383026123
800 8.896590232849121
cur_fold:  1
100 7.723330497741699
200 8.072601318359375
300 13.197548866271973
400 12.961615562438965
500 8.557979583740234
600 8.121208190917969
700 8.15494441986084
800 7.881638050079346
cur_fold:  2
100 9.649271965026855
200 10.67021656036377
300 10.473893165588379
400 10.043641090393066
500 8.676584243774414
600 8.676587104797363
700 9.008406639099121
800 9.337747573852539
cur_fold:  3
100 9.137460708618164
200 8.775572776794434
300 9.980513572692871
400 8.73772144317627
500 8.802810668945312
600 10.19110107421875
700 10.846498489379883
800 8.978048324584961
cur_fold:  4
100 7.354272365570068
200 7.4793009757995605
300 7.417184352874756
400 7.53126859664917
500 7.487367153167725
600 7.5401835441589355
700 7.530416965484619
800 7.503998279571533
mw GRU 20 3 True 0.1 800
cur_fold:  0
100 8.578158378601074
200 8.57608699798584
300 8.57601261138916
400 8.577814102172852
500 8.578577041625977
600 8.580389022827148
700 8.5752534866333
800 8.58305549621582
cur_fold:  1
100 7.719479560852051
200 7.552718639373779
300 7.571451187133789
400 7.561339378356934
500 7.583128452301025
600 7.5706071853637695
700 7.573131084442139
800 7.5771284103393555
cur_fold:  2
100 8.676536560058594
200 8.64754867553711
300 8.64899730682373
400 8.577561378479004
500 8.597413063049316
600 8.57922077178955
700 8.575279235839844
800 8.575279235839844
cur_fold:  3
100 8.876819610595703
200 8.81983470916748
300 8.856422424316406
400 8.874520301818848
500 8.845999717712402
600 8.893633842468262
700 8.830658912658691
800 8.880705833435059
cur_fold:  4
100 7.163885593414307
200 7.163745403289795
300 7.163780212402344
400 7.163686275482178
500 7.206719398498535
600 7.163747310638428
700 7.163747787475586
800 7.163747310638428
mw GRU 20 3 True 1 800
cur_fold:  0
100 1067.11572265625
200 1067.11572265625
300 1067.11572265625
400 1067.11572265625
500 1067.11572265625
600 1067.11572265625
700 1067.11572265625
800 1067.11572265625
cur_fold:  1
100 1024.864013671875
200 1024.864013671875
300 1024.864013671875
400 1024.864013671875
500 1024.864013671875
600 1024.864013671875
700 1024.864013671875
800 1024.864013671875
cur_fold:  2
100 1013.1602783203125
200 1013.1602783203125
300 1013.1602783203125
400 1013.1602783203125
500 1013.1602783203125
600 1013.1602783203125
700 1013.1602783203125
800 1013.1602783203125
cur_fold:  3
100 1036.11865234375
200 1036.11865234375
300 1036.11865234375
400 1036.11865234375
500 1036.11865234375
600 1036.11865234375
700 1036.11865234375
800 1036.11865234375
cur_fold:  4
100 1057.0518798828125
200 1057.0518798828125
300 1057.0518798828125
400 1057.0518798828125
500 1057.0518798828125
600 1057.0518798828125
700 1057.0518798828125
800 1057.0518798828125
mw GRU 20 3 True 2 800
cur_fold:  0
100 8.608259201049805
200 9.211573600769043
300 9.471992492675781
400 8.550820350646973
500 8.509989738464355
600 8.896306037902832
700 8.860090255737305
800 8.91796588897705
cur_fold:  1
100 1024.864013671875
200 1024.864013671875
300 1024.864013671875
400 1024.864013671875
500 1024.864013671875
600 1024.864013671875
700 1024.864013671875
800 1024.864013671875
cur_fold:  2
100 1013.1602783203125
200 1013.1602783203125
300 1013.1602783203125
400 1013.1602783203125
500 1013.1602783203125
600 1013.1602783203125
700 1013.1602783203125
800 1013.1602783203125
cur_fold:  3
100 1036.11865234375
200 1036.11865234375
300 1036.11865234375
400 1036.11865234375
500 1036.11865234375
600 1036.11865234375
700 1036.11865234375
800 1036.11865234375
cur_fold:  4
100 1057.0518798828125
200 1057.0518798828125
300 1057.0518798828125
400 1057.0518798828125
500 1057.0518798828125
600 1057.0518798828125
700 1057.0518798828125
800 1057.0518798828125
mw GRU 20 3 False 0.1 800
cur_fold:  0
100 8.578158378601074
200 8.57608699798584
300 8.57601261138916
400 8.577814102172852
500 8.578577041625977
600 8.580389022827148
700 8.5752534866333
800 8.58305549621582
cur_fold:  1
100 7.719479560852051
200 7.552718639373779
300 7.571451187133789
400 7.561339378356934
500 7.583128452301025
600 7.5706071853637695
700 7.573131084442139
800 7.5771284103393555
cur_fold:  2
100 8.676536560058594
200 8.64754867553711
300 8.64899730682373
400 8.577561378479004
500 8.597413063049316
600 8.57922077178955
700 8.575279235839844
800 8.575279235839844
cur_fold:  3
100 8.876819610595703
200 8.81983470916748
300 8.856422424316406
400 8.874520301818848
500 8.845999717712402
600 8.893633842468262
700 8.830658912658691
800 8.880705833435059
cur_fold:  4
100 7.163885593414307
200 7.163745403289795
300 7.163780212402344
400 7.163686275482178
500 7.206719398498535
600 7.163747310638428
700 7.163747787475586
800 7.163747310638428
mw GRU 20 3 False 1 800
cur_fold:  0
100 1067.11572265625
200 1067.11572265625
300 1067.11572265625
400 1067.11572265625
500 1067.11572265625
600 1067.11572265625
700 1067.11572265625
800 1067.11572265625
cur_fold:  1
100 1024.864013671875
200 1024.864013671875
300 1024.864013671875
400 1024.864013671875
500 1024.864013671875
600 1024.864013671875
700 1024.864013671875
800 1024.864013671875
cur_fold:  2
100 1013.1602783203125
200 1013.1602783203125
300 1013.1602783203125
400 1013.1602783203125
500 1013.1602783203125
600 1013.1602783203125
700 1013.1602783203125
800 1013.1602783203125
cur_fold:  3
100 1036.11865234375
200 1036.11865234375
300 1036.11865234375
400 1036.11865234375
500 1036.11865234375
600 1036.11865234375
700 1036.11865234375
800 1036.11865234375
cur_fold:  4
100 1057.0518798828125
200 1057.0518798828125
300 1057.0518798828125
400 1057.0518798828125
500 1057.0518798828125
600 1057.0518798828125
700 1057.0518798828125
800 1057.0518798828125
mw GRU 20 3 False 2 800
cur_fold:  0
100 8.608259201049805
200 9.211573600769043
300 9.471992492675781
400 8.550820350646973
500 8.509989738464355
600 8.896306037902832
700 8.860090255737305
800 8.91796588897705
cur_fold:  1
100 1024.864013671875
200 1024.864013671875
300 1024.864013671875
400 1024.864013671875
500 1024.864013671875
600 1024.864013671875
700 1024.864013671875
800 1024.864013671875
cur_fold:  2
100 1013.1602783203125
200 1013.1602783203125
300 1013.1602783203125
400 1013.1602783203125
500 1013.1602783203125
600 1013.1602783203125
700 1013.1602783203125
800 1013.1602783203125
cur_fold:  3
100 1036.11865234375
200 1036.11865234375
300 1036.11865234375
400 1036.11865234375
500 1036.11865234375
600 1036.11865234375
700 1036.11865234375
800 1036.11865234375
cur_fold:  4
100 1057.0518798828125
200 1057.0518798828125
300 1057.0518798828125
400 1057.0518798828125
500 1057.0518798828125
600 1057.0518798828125
700 1057.0518798828125
800 1057.0518798828125
mw GRU 50 1 True 0.1 800
cur_fold:  0
100 8.375659942626953
200 8.318078994750977
300 8.35515308380127
400 8.273377418518066
500 8.316408157348633
600 8.324756622314453
700 8.275532722473145
800 8.332832336425781
cur_fold:  1
100 7.527767658233643
200 7.475356101989746
300 7.49678373336792
400 7.477193832397461
500 7.545236110687256
600 7.54114294052124
700 7.477174758911133
800 7.532520294189453
cur_fold:  2
100 8.359829902648926
200 8.342016220092773
300 8.266144752502441
400 8.304217338562012
500 8.330513954162598
600 8.495352745056152
700 8.28991413116455
800 8.257043838500977
cur_fold:  3
100 8.623997688293457
200 8.669139862060547
300 8.566661834716797
400 8.553018569946289
500 8.579808235168457
600 8.588920593261719
700 8.616147994995117
800 8.621195793151855
cur_fold:  4
100 6.968967914581299
200 6.87489652633667
300 6.883752346038818
400 6.891181945800781
500 6.908886909484863
600 6.928154468536377
700 6.885725021362305
800 6.899555206298828
mw GRU 50 1 True 1 800
cur_fold:  0
100 8.460299491882324
200 8.52689266204834
300 16.627107620239258
400 8.48318099975586
500 8.604371070861816
600 8.480164527893066
700 8.568764686584473
800 8.675463676452637
cur_fold:  1
100 7.63340425491333
200 7.634199142456055
300 7.8113322257995605
400 8.224937438964844
500 8.69507122039795
600 10.73931884765625
700 7.771308898925781
800 7.978530406951904
cur_fold:  2
100 8.960193634033203
200 9.062507629394531
300 9.134378433227539
400 9.125631332397461
500 10.910707473754883
600 9.032634735107422
700 10.645298957824707
800 9.101502418518066
cur_fold:  3
100 8.775960922241211
200 11.249348640441895
300 9.0212984085083
400 9.440549850463867
500 9.503534317016602
600 9.005084991455078
700 10.38209056854248
800 9.408900260925293
cur_fold:  4
100 7.338498592376709
200 7.5328168869018555
300 7.519158363342285
400 7.562586307525635
500 15.447738647460938
600 14.659012794494629
700 8.487482070922852
800 8.257853507995605
mw GRU 50 1 True 2 800
cur_fold:  0
100 11.097341537475586
200 10.045095443725586
300 9.148606300354004
400 11.68018913269043
500 9.834444999694824
600 9.273329734802246
700 8.854029655456543
800 8.595719337463379
cur_fold:  1
100 14.275721549987793
200 8.03380012512207
300 9.570770263671875
400 14.698073387145996
500 17.33205795288086
600 12.34989070892334
700 18.49614715576172
800 15.74619197845459
cur_fold:  2
100 10.30160140991211
200 11.57142162322998
300 10.86859130859375
400 12.182132720947266
500 9.054991722106934
600 13.169079780578613
700 13.398957252502441
800 17.027156829833984
cur_fold:  3
100 9.957930564880371
200 13.11851692199707
300 8.7422456741333
400 9.1051664352417
500 16.051677703857422
600 8.851029396057129
700 10.354689598083496
800 11.118660926818848
cur_fold:  4
100 7.790846347808838
200 24.659578323364258
300 18.354036331176758
400 25.403263092041016
500 10.063785552978516
600 8.555302619934082
700 7.542287349700928
800 7.334643840789795
mw GRU 50 1 False 0.1 800
cur_fold:  0
100 8.375659942626953
200 8.318078994750977
300 8.35515308380127
400 8.273377418518066
500 8.316408157348633
600 8.324756622314453
700 8.275532722473145
800 8.332832336425781
cur_fold:  1
100 7.527767658233643
200 7.475356101989746
300 7.49678373336792
400 7.477193832397461
500 7.545236110687256
600 7.54114294052124
700 7.477174758911133
800 7.532520294189453
cur_fold:  2
100 8.359829902648926
200 8.342016220092773
300 8.266144752502441
400 8.304217338562012
500 8.330513954162598
600 8.495352745056152
700 8.28991413116455
800 8.257043838500977
cur_fold:  3
100 8.623997688293457
200 8.669139862060547
300 8.566661834716797
400 8.553018569946289
500 8.579808235168457
600 8.588920593261719
700 8.616147994995117
800 8.621195793151855
cur_fold:  4
100 6.968967914581299
200 6.87489652633667
300 6.883752346038818
400 6.891181945800781
500 6.908886909484863
600 6.928154468536377
700 6.885725021362305
800 6.899555206298828
mw GRU 50 1 False 1 800
cur_fold:  0
100 8.460299491882324
200 8.52689266204834
300 16.627107620239258
400 8.48318099975586
500 8.604371070861816
600 8.480164527893066
700 8.568764686584473
800 8.675463676452637
cur_fold:  1
100 7.63340425491333
200 7.634199142456055
300 7.8113322257995605
400 8.224937438964844
500 8.69507122039795
600 10.73931884765625
700 7.771308898925781
800 7.978530406951904
cur_fold:  2
100 8.960193634033203
200 9.062507629394531
300 9.134378433227539
400 9.125631332397461
500 10.910707473754883
600 9.032634735107422
700 10.645298957824707
800 9.101502418518066
cur_fold:  3
100 8.775960922241211
200 11.249348640441895
300 9.0212984085083
400 9.440549850463867
500 9.503534317016602
600 9.005084991455078
700 10.38209056854248
800 9.408900260925293
cur_fold:  4
100 7.338498592376709
200 7.5328168869018555
300 7.519158363342285
400 7.562586307525635
500 15.447738647460938
600 14.659012794494629
700 8.487482070922852
800 8.257853507995605
mw GRU 50 1 False 2 800
cur_fold:  0
100 11.097341537475586
200 10.045095443725586
300 9.148606300354004
400 11.68018913269043
500 9.834444999694824
600 9.273329734802246
700 8.854029655456543
800 8.595719337463379
cur_fold:  1
100 14.275721549987793
200 8.03380012512207
300 9.570770263671875
400 14.698073387145996
500 17.33205795288086
600 12.34989070892334
700 18.49614715576172
800 15.74619197845459
cur_fold:  2
100 10.30160140991211
200 11.57142162322998
300 10.86859130859375
400 12.182132720947266
500 9.054991722106934
600 13.169079780578613
700 13.398957252502441
800 17.027156829833984
cur_fold:  3
100 9.957930564880371
200 13.11851692199707
300 8.7422456741333
400 9.1051664352417
500 16.051677703857422
600 8.851029396057129
700 10.354689598083496
800 11.118660926818848
cur_fold:  4
100 7.790846347808838
200 24.659578323364258
300 18.354036331176758
400 25.403263092041016
500 10.063785552978516
600 8.555302619934082
700 7.542287349700928
800 7.334643840789795
mw GRU 50 3 True 0.1 800
cur_fold:  0
100 8.575818061828613
200 8.577906608581543
300 8.579069137573242
400 8.580519676208496
500 8.582134246826172
600 8.581181526184082
700 8.581698417663574
800 8.582634925842285
cur_fold:  1
100 7.719542503356934
200 7.719537734985352
300 7.719512939453125
400 7.719527721405029
500 7.719512939453125
600 7.719545841217041
700 7.719534397125244
800 7.719511985778809
cur_fold:  2
100 8.67654037475586
200 8.676584243774414
300 8.676541328430176
400 8.676552772521973
500 8.67654037475586
600 8.676586151123047
700 8.676682472229004
800 8.67663288116455
cur_fold:  3
100 8.81967544555664
200 8.819780349731445
300 8.819754600524902
400 8.819717407226562
500 8.819887161254883
600 8.81993579864502
700 8.819803237915039
800 8.820232391357422
cur_fold:  4
100 7.163753032684326
200 7.163756370544434
300 7.16375207901001
400 7.16375732421875
500 7.163769245147705
600 7.163881778717041
700 7.163769245147705
800 7.1638407707214355
mw GRU 50 3 True 1 800
cur_fold:  0
100 8.887386322021484
200 8.538000106811523
300 8.622445106506348
400 8.59920597076416
500 9.181504249572754
600 8.985565185546875
700 8.514501571655273
800 8.756985664367676
cur_fold:  1
100 1024.864013671875
200 1024.864013671875
300 1024.864013671875
400 1024.864013671875
500 1024.864013671875
600 1024.864013671875
700 1024.864013671875
800 1024.864013671875
cur_fold:  2
100 10.256759643554688
200 11.509510040283203
300 8.67908763885498
400 10.780853271484375
500 10.21175479888916
600 10.678852081298828
700 10.18545913696289
800 10.64501667022705
cur_fold:  3
100 1036.11865234375
200 1036.11865234375
300 1036.11865234375
400 1036.11865234375
500 1036.11865234375
600 1036.11865234375
700 1036.11865234375
800 1036.11865234375
cur_fold:  4
100 1057.0518798828125
200 1057.0518798828125
300 1057.0518798828125
400 1057.0518798828125
500 1057.0518798828125
600 1057.0518798828125
700 1057.0518798828125
800 1057.0518798828125
mw GRU 50 3 True 2 800
cur_fold:  0
100 14.427552223205566
200 14.511930465698242
300 8.847724914550781
400 9.633749961853027
500 26.44232177734375
600 9.105854034423828
700 8.966646194458008
800 14.04207992553711
cur_fold:  1
100 1024.864013671875
200 1024.864013671875
300 1024.864013671875
400 1024.864013671875
500 1024.864013671875
600 1024.864013671875
700 1024.864013671875
800 1024.864013671875
cur_fold:  2
100 20.17937660217285
200 14.043107032775879
300 12.896757125854492
400 18.48969078063965
500 14.512096405029297
600 10.772521018981934
700 8.968317985534668
800 8.920794486999512
cur_fold:  3
100 1036.11865234375
200 1036.11865234375
300 1036.11865234375
400 1036.11865234375
500 1036.11865234375
600 1036.11865234375
700 1036.11865234375
800 1036.11865234375
cur_fold:  4
100 1057.0518798828125
200 1057.0518798828125
300 1057.0518798828125
400 1057.0518798828125
500 1057.0518798828125
600 1057.0518798828125
700 1057.0518798828125
800 1057.0518798828125
mw GRU 50 3 False 0.1 800
cur_fold:  0
100 8.575818061828613
200 8.577906608581543
300 8.579069137573242
400 8.580519676208496
500 8.582134246826172
600 8.581181526184082
700 8.581698417663574
800 8.582634925842285
cur_fold:  1
100 7.719542503356934
200 7.719537734985352
300 7.719512939453125
400 7.719527721405029
500 7.719512939453125
600 7.719545841217041
700 7.719534397125244
800 7.719511985778809
cur_fold:  2
100 8.67654037475586
200 8.676584243774414
300 8.676541328430176
400 8.676552772521973
500 8.67654037475586
600 8.676586151123047
700 8.676682472229004
800 8.67663288116455
cur_fold:  3
100 8.81967544555664
200 8.819780349731445
300 8.819754600524902
400 8.819717407226562
500 8.819887161254883
600 8.81993579864502
700 8.819803237915039
800 8.820232391357422
cur_fold:  4
100 7.163753032684326
200 7.163756370544434
300 7.16375207901001
400 7.16375732421875
500 7.163769245147705
600 7.163881778717041
700 7.163769245147705
800 7.1638407707214355
mw GRU 50 3 False 1 800
cur_fold:  0
100 8.887386322021484
200 8.538000106811523
300 8.622445106506348
400 8.59920597076416
500 9.181504249572754
600 8.985565185546875
700 8.514501571655273
800 8.756985664367676
cur_fold:  1
100 1024.864013671875
200 1024.864013671875
300 1024.864013671875
400 1024.864013671875
500 1024.864013671875
600 1024.864013671875
700 1024.864013671875
800 1024.864013671875
cur_fold:  2
100 10.256759643554688
200 11.509510040283203
300 8.67908763885498
400 10.780853271484375
500 10.21175479888916
600 10.678852081298828
700 10.18545913696289
800 10.64501667022705
cur_fold:  3
100 1036.11865234375
200 1036.11865234375
300 1036.11865234375
400 1036.11865234375
500 1036.11865234375
600 1036.11865234375
700 1036.11865234375
800 1036.11865234375
cur_fold:  4
100 1057.0518798828125
200 1057.0518798828125
300 1057.0518798828125
400 1057.0518798828125
500 1057.0518798828125
600 1057.0518798828125
700 1057.0518798828125
800 1057.0518798828125
mw GRU 50 3 False 2 800
cur_fold:  0
100 14.427552223205566
200 14.511930465698242
300 8.847724914550781
400 9.633749961853027
500 26.44232177734375
600 9.105854034423828
700 8.966646194458008
800 14.04207992553711
cur_fold:  1
100 1024.864013671875
200 1024.864013671875
300 1024.864013671875
400 1024.864013671875
500 1024.864013671875
600 1024.864013671875
700 1024.864013671875
800 1024.864013671875
cur_fold:  2
100 20.17937660217285
200 14.043107032775879
300 12.896757125854492
400 18.48969078063965
500 14.512096405029297
600 10.772521018981934
700 8.968317985534668
800 8.920794486999512
cur_fold:  3
100 1036.11865234375
200 1036.11865234375
300 1036.11865234375
400 1036.11865234375
500 1036.11865234375
600 1036.11865234375
700 1036.11865234375
800 1036.11865234375
cur_fold:  4
100 1057.0518798828125
200 1057.0518798828125
300 1057.0518798828125
400 1057.0518798828125
500 1057.0518798828125
600 1057.0518798828125
700 1057.0518798828125
800 1057.0518798828125
mw GRU 100 1 True 0.1 800
cur_fold:  0
100 8.397626876831055
200 8.4098539352417
300 8.367817878723145
400 8.392921447753906
500 8.418865203857422
600 8.562515258789062
700 9.03104019165039
800 8.442289352416992
cur_fold:  1
100 7.445512294769287
200 7.631259918212891
300 7.582639217376709
400 7.70628547668457
500 7.504572868347168
600 7.520155429840088
700 7.52421760559082
800 7.473005771636963
cur_fold:  2
100 8.35533332824707
200 8.350107192993164
300 8.286420822143555
400 8.860845565795898
500 8.314804077148438
600 8.44542407989502
700 8.524665832519531
800 8.500326156616211
cur_fold:  3
100 8.95374870300293
200 8.613385200500488
300 8.596632957458496
400 8.668366432189941
500 9.082192420959473
600 8.848986625671387
700 8.763802528381348
800 8.592735290527344
cur_fold:  4
100 6.887755393981934
200 6.9147443771362305
300 6.895922660827637
400 6.882956504821777
500 6.901142597198486
600 6.908309459686279
700 6.935940265655518
800 6.928700923919678
mw GRU 100 1 True 1 800
cur_fold:  0
100 13.090065956115723
200 8.813441276550293
300 16.04932403564453
400 22.26106071472168
500 19.67322540283203
600 10.20374584197998
700 9.01308822631836
800 8.828208923339844
cur_fold:  1
100 25.756994247436523
200 11.142013549804688
300 21.992168426513672
400 10.738808631896973
500 7.878636837005615
600 16.441181182861328
700 19.908708572387695
800 12.250845909118652
cur_fold:  2
100 14.130993843078613
200 17.606351852416992
300 15.203984260559082
400 12.094237327575684
500 9.82769775390625
600 8.673320770263672
700 12.742831230163574
800 12.488055229187012
cur_fold:  3
100 11.836125373840332
200 9.263483047485352
300 9.598286628723145
400 9.168874740600586
500 10.873226165771484
600 13.939735412597656
700 10.733946800231934
800 13.063206672668457
cur_fold:  4
100 11.111037254333496
200 9.531917572021484
300 7.305267333984375
400 10.552783966064453
500 15.812183380126953
600 16.629114151000977
700 7.164048194885254
800 11.8509521484375
mw GRU 100 1 True 2 800
cur_fold:  0
100 9.097305297851562
200 45.881778717041016
300 21.282962799072266
400 19.726455688476562
500 54.66147994995117
600 21.39055824279785
700 15.29123306274414
800 29.939462661743164
cur_fold:  1
100 34.54497528076172
200 23.18891716003418
300 17.064428329467773
400 16.645360946655273
500 21.195531845092773
600 39.03501510620117
700 15.332971572875977
800 18.305744171142578
cur_fold:  2
100 19.152210235595703
200 63.878196716308594
300 16.679536819458008
400 14.46560001373291
500 27.48589515686035
600 30.902774810791016
700 9.70039176940918
800 9.699002265930176
cur_fold:  3
100 28.48077964782715
200 28.63270378112793
300 17.677125930786133
400 25.465221405029297
500 44.407066345214844
600 23.495620727539062
700 25.78122329711914
800 16.786746978759766
cur_fold:  4
100 13.828558921813965
200 33.60762023925781
300 33.9780387878418
400 9.182769775390625
500 49.234806060791016
600 74.32696533203125
700 37.19310760498047
800 19.759227752685547
mw GRU 100 1 False 0.1 800
cur_fold:  0
100 8.397626876831055
200 8.4098539352417
300 8.367817878723145
400 8.392921447753906
500 8.418865203857422
600 8.562515258789062
700 9.03104019165039
800 8.442289352416992
cur_fold:  1
100 7.445512294769287
200 7.631259918212891
300 7.582639217376709
400 7.70628547668457
500 7.504572868347168
600 7.520155429840088
700 7.52421760559082
800 7.473005771636963
cur_fold:  2
100 8.35533332824707
200 8.350107192993164
300 8.286420822143555
400 8.860845565795898
500 8.314804077148438
600 8.44542407989502
700 8.524665832519531
800 8.500326156616211
cur_fold:  3
100 8.95374870300293
200 8.613385200500488
300 8.596632957458496
400 8.668366432189941
500 9.082192420959473
600 8.848986625671387
700 8.763802528381348
800 8.592735290527344
cur_fold:  4
100 6.887755393981934
200 6.9147443771362305
300 6.895922660827637
400 6.882956504821777
500 6.901142597198486
600 6.908309459686279
700 6.935940265655518
800 6.928700923919678
mw GRU 100 1 False 1 800
cur_fold:  0
100 13.090065956115723
200 8.813441276550293
300 16.04932403564453
400 22.26106071472168
500 19.67322540283203
600 10.20374584197998
700 9.01308822631836
800 8.828208923339844
cur_fold:  1
100 25.756994247436523
200 11.142013549804688
300 21.992168426513672
400 10.738808631896973
500 7.878636837005615
600 16.441181182861328
700 19.908708572387695
800 12.250845909118652
cur_fold:  2
100 14.130993843078613
200 17.606351852416992
300 15.203984260559082
400 12.094237327575684
500 9.82769775390625
600 8.673320770263672
700 12.742831230163574
800 12.488055229187012
cur_fold:  3
100 11.836125373840332
200 9.263483047485352
300 9.598286628723145
400 9.168874740600586
500 10.873226165771484
600 13.939735412597656
700 10.733946800231934
800 13.063206672668457
cur_fold:  4
100 11.111037254333496
200 9.531917572021484
300 7.305267333984375
400 10.552783966064453
500 15.812183380126953
600 16.629114151000977
700 7.164048194885254
800 11.8509521484375
mw GRU 100 1 False 2 800
cur_fold:  0
100 9.097305297851562
200 45.881778717041016
300 21.282962799072266
400 19.726455688476562
500 54.66147994995117
600 21.39055824279785
700 15.29123306274414
800 29.939462661743164
cur_fold:  1
100 34.54497528076172
200 23.18891716003418
300 17.064428329467773
400 16.645360946655273
500 21.195531845092773
600 39.03501510620117
700 15.332971572875977
800 18.305744171142578
cur_fold:  2
100 19.152210235595703
200 63.878196716308594
300 16.679536819458008
400 14.46560001373291
500 27.48589515686035
600 30.902774810791016
700 9.70039176940918
800 9.699002265930176
cur_fold:  3
100 28.48077964782715
200 28.63270378112793
300 17.677125930786133
400 25.465221405029297
500 44.407066345214844
600 23.495620727539062
700 25.78122329711914
800 16.786746978759766
cur_fold:  4
100 13.828558921813965
200 33.60762023925781
300 33.9780387878418
400 9.182769775390625
500 49.234806060791016
600 74.32696533203125
700 37.19310760498047
800 19.759227752685547
mw GRU 100 3 True 0.1 800
cur_fold:  0
100 8.670092582702637
200 8.59119701385498
300 8.615819931030273
400 8.629327774047852
500 8.643851280212402
600 8.654502868652344
700 8.659400939941406
800 8.662546157836914
cur_fold:  1
100 7.71972131729126
200 7.719696521759033
300 7.719718933105469
400 7.719686031341553
500 7.719754219055176
600 7.719816207885742
700 7.982926368713379
800 7.849780082702637
cur_fold:  2
100 8.67654800415039
200 8.676567077636719
300 8.676529884338379
400 8.67656135559082
500 8.676603317260742
600 8.676664352416992
700 8.676795959472656
800 8.676565170288086
cur_fold:  3
100 9.056778907775879
200 9.073217391967773
300 9.086738586425781
400 9.093467712402344
500 9.094797134399414
600 9.092116355895996
700 9.084012031555176
800 9.083503723144531
cur_fold:  4
100 7.314111709594727
200 7.163763046264648
300 7.163791179656982
400 7.163754940032959
500 7.163760662078857
600 7.1638031005859375
700 7.16375207901001
800 7.1638875007629395
mw GRU 100 3 True 1 800
cur_fold:  0
100 1067.11572265625
200 1067.11572265625
300 1067.11572265625
400 1067.11572265625
500 1067.11572265625
600 1067.11572265625
700 1067.11572265625
800 1067.11572265625
cur_fold:  1
100 1024.864013671875
200 1024.864013671875
300 1024.864013671875
400 1024.864013671875
500 1024.864013671875
600 1024.864013671875
700 1024.864013671875
800 1024.864013671875
cur_fold:  2
100 1013.1602783203125
200 1013.1602783203125
300 1013.1602783203125
400 1013.1602783203125
500 1013.1602783203125
600 1013.1602783203125
700 1013.1602783203125
800 1013.1602783203125
cur_fold:  3
100 1036.11865234375
200 1036.11865234375
300 1036.11865234375
400 1036.11865234375
500 1036.11865234375
600 1036.11865234375
700 1036.11865234375
800 1036.11865234375
cur_fold:  4
100 1057.0518798828125
200 1057.0518798828125
300 1057.0518798828125
400 1057.0518798828125
500 1057.0518798828125
600 1057.0518798828125
700 1057.0518798828125
800 1057.0518798828125
mw GRU 100 3 True 2 800
cur_fold:  0
100 1067.11572265625
200 1067.11572265625
300 1067.11572265625
400 1067.11572265625
500 1067.11572265625
600 1067.11572265625
700 1067.11572265625
800 1067.11572265625
cur_fold:  1
100 1024.864013671875
200 1024.864013671875
300 1024.864013671875
400 1024.864013671875
500 1024.864013671875
600 1024.864013671875
700 1024.864013671875
800 1024.864013671875
cur_fold:  2
100 1013.1602783203125
200 1013.1602783203125
300 1013.1602783203125
400 1013.1602783203125
500 1013.1602783203125
600 1013.1602783203125
700 1013.1602783203125
800 1013.1602783203125
cur_fold:  3
100 1036.11865234375
200 1036.11865234375
300 1036.11865234375
400 1036.11865234375
500 1036.11865234375
600 1036.11865234375
700 1036.11865234375
800 1036.11865234375
cur_fold:  4
100 1057.0518798828125
200 1057.0518798828125
300 1057.0518798828125
400 1057.0518798828125
500 1057.0518798828125
600 1057.0518798828125
700 1057.0518798828125
800 1057.0518798828125
mw GRU 100 3 False 0.1 800
cur_fold:  0
100 8.670092582702637
200 8.59119701385498
300 8.615819931030273
400 8.629327774047852
500 8.643851280212402
600 8.654502868652344
700 8.659400939941406
800 8.662546157836914
cur_fold:  1
100 7.71972131729126
200 7.719696521759033
300 7.719718933105469
400 7.719686031341553
500 7.719754219055176
600 7.719816207885742
700 7.982926368713379
800 7.849780082702637
cur_fold:  2
100 8.67654800415039
200 8.676567077636719
300 8.676529884338379
400 8.67656135559082
500 8.676603317260742
600 8.676664352416992
700 8.676795959472656
800 8.676565170288086
cur_fold:  3
100 9.056778907775879
200 9.073217391967773
300 9.086738586425781
400 9.093467712402344
500 9.094797134399414
600 9.092116355895996
700 9.084012031555176
800 9.083503723144531
cur_fold:  4
100 7.314111709594727
200 7.163763046264648
300 7.163791179656982
400 7.163754940032959
500 7.163760662078857
600 7.1638031005859375
700 7.16375207901001
800 7.1638875007629395
mw GRU 100 3 False 1 800
cur_fold:  0
100 1067.11572265625
200 1067.11572265625
300 1067.11572265625
400 1067.11572265625
500 1067.11572265625
600 1067.11572265625
700 1067.11572265625
800 1067.11572265625
cur_fold:  1
100 1024.864013671875
200 1024.864013671875
300 1024.864013671875
400 1024.864013671875
500 1024.864013671875
600 1024.864013671875
700 1024.864013671875
800 1024.864013671875
cur_fold:  2
100 1013.1602783203125
200 1013.1602783203125
300 1013.1602783203125
400 1013.1602783203125
500 1013.1602783203125
600 1013.1602783203125
700 1013.1602783203125
800 1013.1602783203125
cur_fold:  3
100 1036.11865234375
200 1036.11865234375
300 1036.11865234375
400 1036.11865234375
500 1036.11865234375
600 1036.11865234375
700 1036.11865234375
800 1036.11865234375
cur_fold:  4
100 1057.0518798828125
200 1057.0518798828125
300 1057.0518798828125
400 1057.0518798828125
500 1057.0518798828125
600 1057.0518798828125
700 1057.0518798828125
800 1057.0518798828125
mw GRU 100 3 False 2 800
cur_fold:  0
100 1067.11572265625
200 1067.11572265625
300 1067.11572265625
400 1067.11572265625
500 1067.11572265625
600 1067.11572265625
700 1067.11572265625
800 1067.11572265625
cur_fold:  1
100 1024.864013671875
200 1024.864013671875
300 1024.864013671875
400 1024.864013671875
500 1024.864013671875
600 1024.864013671875
700 1024.864013671875
800 1024.864013671875
cur_fold:  2
100 1013.1602783203125
200 1013.1602783203125
300 1013.1602783203125
400 1013.1602783203125
500 1013.1602783203125
600 1013.1602783203125
700 1013.1602783203125
800 1013.1602783203125
cur_fold:  3
100 1036.11865234375
200 1036.11865234375
300 1036.11865234375
400 1036.11865234375
500 1036.11865234375
600 1036.11865234375
700 1036.11865234375
800 1036.11865234375
cur_fold:  4
100 1057.0518798828125
200 1057.0518798828125
300 1057.0518798828125
400 1057.0518798828125
500 1057.0518798828125
600 1057.0518798828125
700 1057.0518798828125
800 1057.0518798828125
mw LSTM 20 1 True 0.1 800
cur_fold:  0
100 8.44470500946045
200 8.4620943069458
300 8.460034370422363
400 8.44454574584961
500 8.444619178771973
600 8.442609786987305
700 8.440372467041016
800 8.446623802185059
cur_fold:  1
100 7.501827239990234
200 7.517544746398926
300 7.508681297302246
400 7.506070137023926
500 7.5036091804504395
600 7.500474452972412
700 7.498084545135498
800 7.498382568359375
cur_fold:  2
100 8.671711921691895
200 8.667922973632812
300 8.663702964782715
400 8.66163158416748
500 8.659568786621094
600 8.658069610595703
700 8.657011985778809
800 8.656784057617188
cur_fold:  3
100 8.712091445922852
200 8.709260940551758
300 8.702509880065918
400 8.705090522766113
500 8.700690269470215
600 8.695116996765137
700 8.717068672180176
800 8.717881202697754
cur_fold:  4
100 7.160590648651123
200 7.158143997192383
300 7.158778190612793
400 7.160616874694824
500 7.161030292510986
600 7.156160354614258
700 7.15640115737915
800 7.163474082946777
mw LSTM 20 1 True 1 800
cur_fold:  0
100 8.515151977539062
200 8.601869583129883
300 8.58578872680664
400 8.591513633728027
500 8.590924263000488
600 8.614452362060547
700 8.608499526977539
800 8.590717315673828
cur_fold:  1
100 7.717813968658447
200 7.717902660369873
300 7.717658042907715
400 7.717726230621338
500 7.717660427093506
600 7.717912197113037
700 7.717936992645264
800 7.718184947967529
cur_fold:  2
100 8.681534767150879
200 9.023452758789062
300 8.981675148010254
400 8.963399887084961
500 8.959317207336426
600 8.958419799804688
700 8.948720932006836
800 8.950260162353516
cur_fold:  3
100 8.86790943145752
200 8.904446601867676
300 8.955916404724121
400 9.032543182373047
500 8.985528945922852
600 8.971817016601562
700 8.940343856811523
800 8.964978218078613
cur_fold:  4
100 7.685083389282227
200 7.4002790451049805
300 7.1818437576293945
400 7.846500396728516
500 7.424288749694824
600 7.181717395782471
700 7.863166332244873
800 7.418055057525635
mw LSTM 20 1 True 2 800
cur_fold:  0
100 8.62785816192627
200 8.70433521270752
300 8.6492919921875
400 8.897428512573242
500 10.126526832580566
600 8.87458610534668
700 8.734113693237305
800 8.764816284179688
cur_fold:  1
100 7.885659694671631
200 8.0905179977417
300 8.149158477783203
400 8.190407752990723
500 8.165495872497559
600 8.179883003234863
700 8.177261352539062
800 8.185400009155273
cur_fold:  2
100 8.674516677856445
200 8.674241065979004
300 8.849285125732422
400 9.021743774414062
500 8.871621131896973
600 8.91742992401123
700 8.827404022216797
800 8.674449920654297
cur_fold:  3
100 9.399517059326172
200 9.18469524383545
300 9.30643081665039
400 9.282907485961914
500 9.34070110321045
600 9.33969497680664
700 9.373723983764648
800 9.351387977600098
cur_fold:  4
100 7.451457500457764
200 7.6798601150512695
300 7.411309719085693
400 7.743090629577637
500 7.812367916107178
600 7.853765964508057
700 7.909450054168701
800 7.9382524490356445
mw LSTM 20 1 False 0.1 800
cur_fold:  0
100 8.44470500946045
200 8.4620943069458
300 8.460034370422363
400 8.44454574584961
500 8.444619178771973
600 8.442609786987305
700 8.440372467041016
800 8.446623802185059
cur_fold:  1
100 7.501827239990234
200 7.517544746398926
300 7.508681297302246
400 7.506070137023926
500 7.5036091804504395
600 7.500474452972412
700 7.498084545135498
800 7.498382568359375
cur_fold:  2
100 8.671711921691895
200 8.667922973632812
300 8.663702964782715
400 8.66163158416748
500 8.659568786621094
600 8.658069610595703
700 8.657011985778809
800 8.656784057617188
cur_fold:  3
100 8.712091445922852
200 8.709260940551758
300 8.702509880065918
400 8.705090522766113
500 8.700690269470215
600 8.695116996765137
700 8.717068672180176
800 8.717881202697754
cur_fold:  4
100 7.160590648651123
200 7.158143997192383
300 7.158778190612793
400 7.160616874694824
500 7.161030292510986
600 7.156160354614258
700 7.15640115737915
800 7.163474082946777
mw LSTM 20 1 False 1 800
cur_fold:  0
100 8.515151977539062
200 8.601869583129883
300 8.58578872680664
400 8.591513633728027
500 8.590924263000488
600 8.614452362060547
700 8.608499526977539
800 8.590717315673828
cur_fold:  1
100 7.717813968658447
200 7.717902660369873
300 7.717658042907715
400 7.717726230621338
500 7.717660427093506
600 7.717912197113037
700 7.717936992645264
800 7.718184947967529
cur_fold:  2
100 8.681534767150879
200 9.023452758789062
300 8.981675148010254
400 8.963399887084961
500 8.959317207336426
600 8.958419799804688
700 8.948720932006836
800 8.950260162353516
cur_fold:  3
100 8.86790943145752
200 8.904446601867676
300 8.955916404724121
400 9.032543182373047
500 8.985528945922852
600 8.971817016601562
700 8.940343856811523
800 8.964978218078613
cur_fold:  4
100 7.685083389282227
200 7.4002790451049805
300 7.1818437576293945
400 7.846500396728516
500 7.424288749694824
600 7.181717395782471
700 7.863166332244873
800 7.418055057525635
mw LSTM 20 1 False 2 800
cur_fold:  0
100 8.62785816192627
200 8.70433521270752
300 8.6492919921875
400 8.897428512573242
500 10.126526832580566
600 8.87458610534668
700 8.734113693237305
800 8.764816284179688
cur_fold:  1
100 7.885659694671631
200 8.0905179977417
300 8.149158477783203
400 8.190407752990723
500 8.165495872497559
600 8.179883003234863
700 8.177261352539062
800 8.185400009155273
cur_fold:  2
100 8.674516677856445
200 8.674241065979004
300 8.849285125732422
400 9.021743774414062
500 8.871621131896973
600 8.91742992401123
700 8.827404022216797
800 8.674449920654297
cur_fold:  3
100 9.399517059326172
200 9.18469524383545
300 9.30643081665039
400 9.282907485961914
500 9.34070110321045
600 9.33969497680664
700 9.373723983764648
800 9.351387977600098
cur_fold:  4
100 7.451457500457764
200 7.6798601150512695
300 7.411309719085693
400 7.743090629577637
500 7.812367916107178
600 7.853765964508057
700 7.909450054168701
800 7.9382524490356445
mw LSTM 20 3 True 0.1 800
cur_fold:  0
100 8.567780494689941
200 8.580061912536621
300 8.567352294921875
400 8.572339057922363
500 8.583365440368652
600 8.569992065429688
700 8.573325157165527
800 8.582403182983398
cur_fold:  1
100 7.719505310058594
200 7.71950101852417
300 7.719499111175537
400 7.719496726989746
500 7.7194976806640625
600 7.719496726989746
700 7.71949577331543
800 7.719519138336182
cur_fold:  2
100 8.676522254943848
200 8.676522254943848
300 8.676522254943848
400 8.676522254943848
500 8.676538467407227
600 8.676544189453125
700 8.676526069641113
800 8.676548957824707
cur_fold:  3
100 8.824919700622559
200 8.82781982421875
300 8.830033302307129
400 8.821139335632324
500 8.832734107971191
600 8.828311920166016
700 8.82004165649414
800 8.822274208068848
cur_fold:  4
100 7.163747787475586
200 7.163755416870117
300 7.163748741149902
400 7.163764953613281
500 7.16377592086792
600 7.163788318634033
700 7.163747787475586
800 7.163748741149902
mw LSTM 20 3 True 1 800
cur_fold:  0
100 8.603790283203125
200 8.567980766296387
300 8.577472686767578
400 8.580007553100586
500 8.588159561157227
600 8.571290016174316
700 10.284869194030762
800 8.598353385925293
cur_fold:  1
100 7.911547660827637
200 8.016855239868164
300 8.064289093017578
400 7.957736492156982
500 7.8997111320495605
600 7.923478603363037
700 7.932301998138428
800 7.957460880279541
cur_fold:  2
100 8.678313255310059
200 8.676570892333984
300 8.676528930664062
400 8.676529884338379
500 8.676634788513184
600 8.676666259765625
700 8.676801681518555
800 8.676528930664062
cur_fold:  3
100 8.831039428710938
200 8.841482162475586
300 9.003350257873535
400 8.934601783752441
500 8.968465805053711
600 8.939809799194336
700 8.905001640319824
800 8.942675590515137
cur_fold:  4
100 7.26041841506958
200 7.56572151184082
300 7.984282970428467
400 7.783669948577881
500 7.753337383270264
600 7.738713264465332
700 7.396491050720215
800 7.163756370544434
mw LSTM 20 3 True 2 800
cur_fold:  0
100 8.720281600952148
200 8.724223136901855
300 8.730073928833008
400 8.730681419372559
500 8.731640815734863
600 8.733000755310059
700 8.731870651245117
800 8.731849670410156
cur_fold:  1
100 7.929130554199219
200 8.660219192504883
300 8.984210968017578
400 8.036124229431152
500 7.770246982574463
600 7.838261127471924
700 7.849865913391113
800 8.071440696716309
cur_fold:  2
100 9.519577026367188
200 9.164233207702637
300 8.681145668029785
400 8.680258750915527
500 8.678586959838867
600 8.679495811462402
700 8.680574417114258
800 8.681074142456055
cur_fold:  3
100 8.848808288574219
200 10.347867012023926
300 8.960789680480957
400 8.948834419250488
500 9.526288986206055
600 8.995217323303223
700 8.951980590820312
800 9.529862403869629
cur_fold:  4
100 7.2032341957092285
200 7.574272632598877
300 7.6740312576293945
400 7.741974353790283
500 7.742724418640137
600 7.819587707519531
700 7.8263750076293945
800 7.84759521484375
mw LSTM 20 3 False 0.1 800
cur_fold:  0
100 8.567780494689941
200 8.580061912536621
300 8.567352294921875
400 8.572339057922363
500 8.583365440368652
600 8.569992065429688
700 8.573325157165527
800 8.582403182983398
cur_fold:  1
100 7.719505310058594
200 7.71950101852417
300 7.719499111175537
400 7.719496726989746
500 7.7194976806640625
600 7.719496726989746
700 7.71949577331543
800 7.719519138336182
cur_fold:  2
100 8.676522254943848
200 8.676522254943848
300 8.676522254943848
400 8.676522254943848
500 8.676538467407227
600 8.676544189453125
700 8.676526069641113
800 8.676548957824707
cur_fold:  3
100 8.824919700622559
200 8.82781982421875
300 8.830033302307129
400 8.821139335632324
500 8.832734107971191
600 8.828311920166016
700 8.82004165649414
800 8.822274208068848
cur_fold:  4
100 7.163747787475586
200 7.163755416870117
300 7.163748741149902
400 7.163764953613281
500 7.16377592086792
600 7.163788318634033
700 7.163747787475586
800 7.163748741149902
mw LSTM 20 3 False 1 800
cur_fold:  0
100 8.603790283203125
200 8.567980766296387
300 8.577472686767578
400 8.580007553100586
500 8.588159561157227
600 8.571290016174316
700 10.284869194030762
800 8.598353385925293
cur_fold:  1
100 7.911547660827637
200 8.016855239868164
300 8.064289093017578
400 7.957736492156982
500 7.8997111320495605
600 7.923478603363037
700 7.932301998138428
800 7.957460880279541
cur_fold:  2
100 8.678313255310059
200 8.676570892333984
300 8.676528930664062
400 8.676529884338379
500 8.676634788513184
600 8.676666259765625
700 8.676801681518555
800 8.676528930664062
cur_fold:  3
100 8.831039428710938
200 8.841482162475586
300 9.003350257873535
400 8.934601783752441
500 8.968465805053711
600 8.939809799194336
700 8.905001640319824
800 8.942675590515137
cur_fold:  4
100 7.26041841506958
200 7.56572151184082
300 7.984282970428467
400 7.783669948577881
500 7.753337383270264
600 7.738713264465332
700 7.396491050720215
800 7.163756370544434
mw LSTM 20 3 False 2 800
cur_fold:  0
100 8.720281600952148
200 8.724223136901855
300 8.730073928833008
400 8.730681419372559
500 8.731640815734863
600 8.733000755310059
700 8.731870651245117
800 8.731849670410156
cur_fold:  1
100 7.929130554199219
200 8.660219192504883
300 8.984210968017578
400 8.036124229431152
500 7.770246982574463
600 7.838261127471924
700 7.849865913391113
800 8.071440696716309
cur_fold:  2
100 9.519577026367188
200 9.164233207702637
300 8.681145668029785
400 8.680258750915527
500 8.678586959838867
600 8.679495811462402
700 8.680574417114258
800 8.681074142456055
cur_fold:  3
100 8.848808288574219
200 10.347867012023926
300 8.960789680480957
400 8.948834419250488
500 9.526288986206055
600 8.995217323303223
700 8.951980590820312
800 9.529862403869629
cur_fold:  4
100 7.2032341957092285
200 7.574272632598877
300 7.6740312576293945
400 7.741974353790283
500 7.742724418640137
600 7.819587707519531
700 7.8263750076293945
800 7.84759521484375
mw LSTM 50 1 True 0.1 800
cur_fold:  0
100 8.365880966186523
200 8.389225006103516
300 8.361252784729004
400 8.358901977539062
500 8.27212905883789
600 8.26073932647705
700 8.273038864135742
800 8.275983810424805
cur_fold:  1
100 7.686493396759033
200 7.684882164001465
300 7.684659004211426
400 7.684730529785156
500 7.684485912322998
600 7.684591770172119
700 7.684353351593018
800 7.684564113616943
cur_fold:  2
100 8.573479652404785
200 8.560139656066895
300 8.545483589172363
400 8.558180809020996
500 8.542804718017578
600 8.541056632995605
700 8.535585403442383
800 8.540380477905273
cur_fold:  3
100 8.800708770751953
200 8.784463882446289
300 8.778287887573242
400 8.778294563293457
500 8.779403686523438
600 8.77772045135498
700 8.775335311889648
800 8.776494979858398
cur_fold:  4
100 7.108805179595947
200 7.077732086181641
300 7.213396072387695
400 7.078562259674072
500 7.075476169586182
600 7.075277805328369
700 7.0756964683532715
800 7.081705093383789
mw LSTM 50 1 True 1 800
cur_fold:  0
100 8.801871299743652
200 8.639392852783203
300 8.652953147888184
400 8.65261459350586
500 8.658432006835938
600 8.65727424621582
700 8.660117149353027
800 8.660102844238281
cur_fold:  1
100 7.840028762817383
200 7.955965995788574
300 8.006529808044434
400 8.039072036743164
500 8.03563404083252
600 7.997167587280273
700 7.734391212463379
800 7.892499923706055
cur_fold:  2
100 8.996809005737305
200 8.872419357299805
300 8.857038497924805
400 8.680438995361328
500 8.67663860321045
600 9.265707969665527
700 9.397912979125977
800 9.103658676147461
cur_fold:  3
100 10.578826904296875
200 9.481398582458496
300 9.010193824768066
400 8.9564847946167
500 9.59293270111084
600 9.017610549926758
700 8.965548515319824
800 9.626502990722656
cur_fold:  4
100 7.443618297576904
200 7.826249599456787
300 7.959746360778809
400 8.060993194580078
500 9.68475341796875
600 12.473401069641113
700 13.379501342773438
800 7.184218406677246
mw LSTM 50 1 True 2 800
cur_fold:  0
100 15.424817085266113
200 12.705216407775879
300 15.638434410095215
400 12.871525764465332
500 10.61950969696045
600 16.36644172668457
700 10.756333351135254
800 15.248437881469727
cur_fold:  1
100 7.86582612991333
200 7.721868991851807
300 7.716348171234131
400 7.7149977684021
500 7.713874816894531
600 7.712968349456787
700 7.712512493133545
800 23.69109344482422
cur_fold:  2
100 10.072083473205566
200 9.282340049743652
300 11.894340515136719
400 10.50997543334961
500 8.728303909301758
600 13.95862102508545
700 9.255454063415527
800 16.824892044067383
cur_fold:  3
100 11.25071907043457
200 11.595916748046875
300 10.177062034606934
400 11.501233100891113
500 10.152324676513672
600 11.500667572021484
700 10.139336585998535
800 11.456709861755371
cur_fold:  4
100 18.181486129760742
200 7.257676601409912
300 8.586478233337402
400 12.24278450012207
500 27.68832778930664
600 10.561957359313965
700 8.427546501159668
800 7.542627334594727
mw LSTM 50 1 False 0.1 800
cur_fold:  0
100 8.365880966186523
200 8.389225006103516
300 8.361252784729004
400 8.358901977539062
500 8.27212905883789
600 8.26073932647705
700 8.273038864135742
800 8.275983810424805
cur_fold:  1
100 7.686493396759033
200 7.684882164001465
300 7.684659004211426
400 7.684730529785156
500 7.684485912322998
600 7.684591770172119
700 7.684353351593018
800 7.684564113616943
cur_fold:  2
100 8.573479652404785
200 8.560139656066895
300 8.545483589172363
400 8.558180809020996
500 8.542804718017578
600 8.541056632995605
700 8.535585403442383
800 8.540380477905273
cur_fold:  3
100 8.800708770751953
200 8.784463882446289
300 8.778287887573242
400 8.778294563293457
500 8.779403686523438
600 8.77772045135498
700 8.775335311889648
800 8.776494979858398
cur_fold:  4
100 7.108805179595947
200 7.077732086181641
300 7.213396072387695
400 7.078562259674072
500 7.075476169586182
600 7.075277805328369
700 7.0756964683532715
800 7.081705093383789
mw LSTM 50 1 False 1 800
cur_fold:  0
100 8.801871299743652
200 8.639392852783203
300 8.652953147888184
400 8.65261459350586
500 8.658432006835938
600 8.65727424621582
700 8.660117149353027
800 8.660102844238281
cur_fold:  1
100 7.840028762817383
200 7.955965995788574
300 8.006529808044434
400 8.039072036743164
500 8.03563404083252
600 7.997167587280273
700 7.734391212463379
800 7.892499923706055
cur_fold:  2
100 8.996809005737305
200 8.872419357299805
300 8.857038497924805
400 8.680438995361328
500 8.67663860321045
600 9.265707969665527
700 9.397912979125977
800 9.103658676147461
cur_fold:  3
100 10.578826904296875
200 9.481398582458496
300 9.010193824768066
400 8.9564847946167
500 9.59293270111084
600 9.017610549926758
700 8.965548515319824
800 9.626502990722656
cur_fold:  4
100 7.443618297576904
200 7.826249599456787
300 7.959746360778809
400 8.060993194580078
500 9.68475341796875
600 12.473401069641113
700 13.379501342773438
800 7.184218406677246
mw LSTM 50 1 False 2 800
cur_fold:  0
100 15.424817085266113
200 12.705216407775879
300 15.638434410095215
400 12.871525764465332
500 10.61950969696045
600 16.36644172668457
700 10.756333351135254
800 15.248437881469727
cur_fold:  1
100 7.86582612991333
200 7.721868991851807
300 7.716348171234131
400 7.7149977684021
500 7.713874816894531
600 7.712968349456787
700 7.712512493133545
800 23.69109344482422
cur_fold:  2
100 10.072083473205566
200 9.282340049743652
300 11.894340515136719
400 10.50997543334961
500 8.728303909301758
600 13.95862102508545
700 9.255454063415527
800 16.824892044067383
cur_fold:  3
100 11.25071907043457
200 11.595916748046875
300 10.177062034606934
400 11.501233100891113
500 10.152324676513672
600 11.500667572021484
700 10.139336585998535
800 11.456709861755371
cur_fold:  4
100 18.181486129760742
200 7.257676601409912
300 8.586478233337402
400 12.24278450012207
500 27.68832778930664
600 10.561957359313965
700 8.427546501159668
800 7.542627334594727
mw LSTM 50 3 True 0.1 800
cur_fold:  0
100 8.568352699279785
200 8.581313133239746
300 8.571686744689941
400 8.576828002929688
500 8.589387893676758
600 8.572793960571289
700 8.581862449645996
800 8.591314315795898
cur_fold:  1
100 1024.864013671875
200 1024.864013671875
300 1024.864013671875
400 1024.864013671875
500 1024.864013671875
600 1024.864013671875
700 1024.864013671875
800 1024.864013671875
cur_fold:  2
100 8.676525115966797
200 8.676525115966797
300 8.676525115966797
400 8.676525115966797
500 8.676559448242188
600 8.676525115966797
700 8.676523208618164
800 8.676532745361328
cur_fold:  3
100 8.819860458374023
200 8.833378791809082
300 8.825541496276855
400 8.833539009094238
500 8.851354598999023
600 8.826424598693848
700 8.836813926696777
800 8.859362602233887
cur_fold:  4
100 7.163970947265625
200 7.163747787475586
300 7.163748741149902
400 7.163758754730225
500 7.163754940032959
600 7.163749694824219
700 7.16376256942749
800 7.163748741149902
mw LSTM 50 3 True 1 800
cur_fold:  0
100 8.761686325073242
200 8.816898345947266
300 8.819757461547852
400 8.824786186218262
500 8.831193923950195
600 8.875812530517578
700 8.875348091125488
800 8.876855850219727
cur_fold:  1
100 8.096648216247559
200 12.209136009216309
300 9.371728897094727
400 8.174202919006348
500 12.261344909667969
600 9.408589363098145
700 8.175772666931152
800 12.281627655029297
cur_fold:  2
100 8.67673397064209
200 9.317137718200684
300 9.502099990844727
400 9.178617477416992
500 9.321810722351074
600 9.335623741149902
700 9.610023498535156
800 8.933695793151855
cur_fold:  3
100 9.045516014099121
200 9.188218116760254
300 9.222979545593262
400 9.280905723571777
500 8.97478199005127
600 9.703922271728516
700 9.042868614196777
800 8.999889373779297
cur_fold:  4
100 7.185671806335449
200 7.399045467376709
300 7.538390159606934
400 7.5259809494018555
500 7.543959617614746
600 7.54880952835083
700 7.557828426361084
800 7.579172611236572
mw LSTM 50 3 True 2 800
cur_fold:  0
100 11.859701156616211
200 12.172926902770996
300 8.972506523132324
400 12.200464248657227
500 20.82257080078125
600 9.6777925491333
700 13.80266284942627
800 12.812850952148438
cur_fold:  1
100 13.475266456604004
200 7.729485511779785
300 17.184690475463867
400 10.706472396850586
500 18.163715362548828
600 7.946761608123779
700 15.506732940673828
800 11.999740600585938
cur_fold:  2
100 16.90851402282715
200 9.875632286071777
300 10.074222564697266
400 13.16854190826416
500 15.459506034851074
600 12.122075080871582
700 8.676589012145996
800 8.676840782165527
cur_fold:  3
100 10.26768684387207
200 15.707846641540527
300 21.44942855834961
400 9.45205020904541
500 14.550477027893066
600 10.53435230255127
700 9.190346717834473
800 9.1738920211792
cur_fold:  4
100 9.381624221801758
200 9.850421905517578
300 7.1642889976501465
400 7.16375207901001
500 7.164236545562744
600 7.163750648498535
700 7.163911819458008
800 8.738269805908203
mw LSTM 50 3 False 0.1 800
