nohup: ignoring input
hvac
hvac GRU 20 1 True 0.01 800
cur_fold:  0
100 865.3173217773438
200 832.8870239257812
300 804.0452880859375
400 784.0377197265625
500 752.0300903320312
600 722.2374877929688
700 694.0306396484375
800 667.8656005859375
cur_fold:  1
100 826.3085327148438
200 791.2294311523438
300 755.492431640625
400 722.9425048828125
500 692.2338256835938
600 663.5116577148438
700 636.5376586914062
800 611.240478515625
cur_fold:  2
100 817.3839721679688
200 786.8344116210938
300 757.14306640625
400 728.3140869140625
500 699.4334106445312
600 685.8624877929688
700 664.9349975585938
800 638.0424194335938
cur_fold:  3
100 842.9370727539062
200 810.9215698242188
300 780.874755859375
400 748.4921264648438
500 718.6826782226562
600 697.3681030273438
700 669.5899658203125
800 643.3829956054688
cur_fold:  4
100 854.6262817382812
200 822.593017578125
300 792.53515625
400 763.5404052734375
500 740.9134521484375
600 712.0598754882812
700 684.226806640625
800 657.9386596679688
hvac GRU 20 1 True 1 800
cur_fold:  0
100 199.59039306640625
200 174.7000274658203
300 172.35447692871094
400 171.738525390625
500 171.60179138183594
600 171.58241271972656
700 171.57896423339844
800 171.57833862304688
cur_fold:  1
100 205.06358337402344
200 171.1128387451172
300 166.0538330078125
400 164.98056030273438
500 164.62010192871094
600 164.50770568847656
700 164.47052001953125
800 164.4652099609375
cur_fold:  2
100 208.34632873535156
200 174.46192932128906
300 170.5846405029297
400 169.36520385742188
500 168.8500213623047
600 168.670654296875
700 168.6202392578125
800 168.6101837158203
cur_fold:  3
100 194.21583557128906
200 162.4853057861328
300 159.9036407470703
400 159.4228515625
500 159.27847290039062
600 159.2287139892578
700 159.2092742919922
800 159.19937133789062
cur_fold:  4
100 213.89456176757812
200 176.6202850341797
300 171.5351104736328
400 170.54293823242188
500 170.23544311523438
600 170.1571502685547
700 170.14630126953125
800 170.14529418945312
hvac GRU 20 1 True 2 800
cur_fold:  0
100 173.86129760742188
200 171.56121826171875
300 171.39120483398438
400 171.34225463867188
500 171.29129028320312
600 171.23544311523438
700 171.17234802246094
800 171.10304260253906
cur_fold:  1
100 170.40208435058594
200 165.02532958984375
300 164.52804565429688
400 164.46664428710938
500 164.4638671875
600 164.46385192871094
700 164.46385192871094
800 164.46385192871094
cur_fold:  2
100 174.28036499023438
200 169.502197265625
300 168.72354125976562
400 168.61831665039062
500 168.6117706298828
600 168.61062622070312
700 168.60968017578125
800 168.60855102539062
cur_fold:  3
100 162.24575805664062
200 159.45755004882812
300 159.24505615234375
400 159.21153259277344
500 159.20553588867188
600 159.20462036132812
700 159.20375061035156
800 159.20272827148438
cur_fold:  4
100 176.79769897460938
200 170.65309143066406
300 170.175537109375
400 170.14576721191406
500 170.1452178955078
600 170.14523315429688
700 170.14523315429688
800 170.14523315429688
hvac GRU 20 1 False 0.01 800
cur_fold:  0
100 865.3173217773438
200 832.8870239257812
300 804.0452880859375
400 784.0377197265625
500 752.0300903320312
600 722.2374877929688
700 694.0306396484375
800 667.8656005859375
cur_fold:  1
100 826.3085327148438
200 791.2294311523438
300 755.492431640625
400 722.9425048828125
500 692.2338256835938
600 663.5116577148438
700 636.5376586914062
800 611.240478515625
cur_fold:  2
100 817.3839721679688
200 786.8344116210938
300 757.14306640625
400 728.3140869140625
500 699.4334106445312
600 685.8624877929688
700 664.9349975585938
800 638.0424194335938
cur_fold:  3
100 842.9370727539062
200 810.9215698242188
300 780.874755859375
400 748.4921264648438
500 718.6826782226562
600 697.3681030273438
700 669.5899658203125
800 643.3829956054688
cur_fold:  4
100 854.6262817382812
200 822.593017578125
300 792.53515625
400 763.5404052734375
500 740.9134521484375
600 712.0598754882812
700 684.226806640625
800 657.9386596679688
hvac GRU 20 1 False 1 800
cur_fold:  0
100 199.59039306640625
200 174.7000274658203
300 172.35447692871094
400 171.738525390625
500 171.60179138183594
600 171.58241271972656
700 171.57896423339844
800 171.57833862304688
cur_fold:  1
100 205.06358337402344
200 171.1128387451172
300 166.0538330078125
400 164.98056030273438
500 164.62010192871094
600 164.50770568847656
700 164.47052001953125
800 164.4652099609375
cur_fold:  2
100 208.34632873535156
200 174.46192932128906
300 170.5846405029297
400 169.36520385742188
500 168.8500213623047
600 168.670654296875
700 168.6202392578125
800 168.6101837158203
cur_fold:  3
100 194.21583557128906
200 162.4853057861328
300 159.9036407470703
400 159.4228515625
500 159.27847290039062
600 159.2287139892578
700 159.2092742919922
800 159.19937133789062
cur_fold:  4
100 213.89456176757812
200 176.6202850341797
300 171.5351104736328
400 170.54293823242188
500 170.23544311523438
600 170.1571502685547
700 170.14630126953125
800 170.14529418945312
hvac GRU 20 1 False 2 800
cur_fold:  0
100 173.86129760742188
200 171.56121826171875
300 171.39120483398438
400 171.34225463867188
500 171.29129028320312
600 171.23544311523438
700 171.17234802246094
800 171.10304260253906
cur_fold:  1
100 170.40208435058594
200 165.02532958984375
300 164.52804565429688
400 164.46664428710938
500 164.4638671875
600 164.46385192871094
700 164.46385192871094
800 164.46385192871094
cur_fold:  2
100 174.28036499023438
200 169.502197265625
300 168.72354125976562
400 168.61831665039062
500 168.6117706298828
600 168.61062622070312
700 168.60968017578125
800 168.60855102539062
cur_fold:  3
100 162.24575805664062
200 159.45755004882812
300 159.24505615234375
400 159.21153259277344
500 159.20553588867188
600 159.20462036132812
700 159.20375061035156
800 159.20272827148438
cur_fold:  4
100 176.79769897460938
200 170.65309143066406
300 170.175537109375
400 170.14576721191406
500 170.1452178955078
600 170.14523315429688
700 170.14523315429688
800 170.14523315429688
hvac GRU 20 3 True 0.01 800
cur_fold:  0
100 865.4110107421875
200 838.1756591796875
300 806.2938232421875
400 774.7598266601562
500 744.8690185546875
600 716.859130859375
700 690.7388916015625
800 666.1923828125
cur_fold:  1
100 828.076171875
200 799.0645141601562
300 766.3770141601562
400 735.1004028320312
500 705.69384765625
600 678.1070556640625
700 652.4607543945312
800 628.4818725585938
cur_fold:  2
100 819.3358764648438
200 792.7797241210938
300 761.4744873046875
400 730.8911743164062
500 702.0615844726562
600 675.199951171875
700 650.3657836914062
800 627.1495361328125
cur_fold:  3
100 844.2640991210938
200 814.9933471679688
300 782.0768432617188
400 750.46142578125
500 720.5506591796875
600 692.2823486328125
700 666.050048828125
800 641.5940551757812
cur_fold:  4
100 856.2157592773438
200 828.6110229492188
300 796.34814453125
400 765.0203247070312
500 735.3413696289062
600 706.9619140625
700 680.4678955078125
800 655.8343505859375
hvac GRU 20 3 True 1 800
cur_fold:  0
100 183.7158203125
200 183.7158203125
300 183.7158203125
400 183.7158203125
500 183.7158203125
600 183.7158203125
700 183.7158203125
800 183.7158203125
cur_fold:  1
100 176.236083984375
200 176.236083984375
300 176.236083984375
400 176.236083984375
500 176.236083984375
600 176.236083984375
700 176.236083984375
800 176.236083984375
cur_fold:  2
100 177.48666381835938
200 177.48666381835938
300 177.48666381835938
400 177.48666381835938
500 177.48666381835938
600 177.48666381835938
700 177.48666381835938
800 177.48666381835938
cur_fold:  3
100 172.86708068847656
200 172.86708068847656
300 172.86708068847656
400 172.86708068847656
500 172.86708068847656
600 172.86708068847656
700 172.86708068847656
800 172.86708068847656
cur_fold:  4
100 181.05145263671875
200 181.05145263671875
300 181.05145263671875
400 181.05145263671875
500 181.05145263671875
600 181.05145263671875
700 181.05145263671875
800 181.05145263671875
hvac GRU 20 3 True 2 800
cur_fold:  0
100 183.7158203125
200 183.7158203125
300 183.7158203125
400 183.7158203125
500 183.7158203125
600 183.7158203125
700 183.7158203125
800 183.7158203125
cur_fold:  1
100 176.236083984375
200 176.236083984375
300 176.236083984375
400 176.236083984375
500 176.236083984375
600 176.236083984375
700 176.236083984375
800 176.236083984375
cur_fold:  2
100 177.48666381835938
200 177.48666381835938
300 177.48666381835938
400 177.48666381835938
500 177.48666381835938
600 177.48666381835938
700 177.48666381835938
800 177.48666381835938
cur_fold:  3
100 172.86708068847656
200 172.86708068847656
300 172.86708068847656
400 172.86708068847656
500 172.86708068847656
600 172.86708068847656
700 172.86708068847656
800 172.86708068847656
cur_fold:  4
100 181.05145263671875
200 181.05145263671875
300 181.05145263671875
400 181.05145263671875
500 181.05145263671875
600 181.05145263671875
700 181.05145263671875
800 181.05145263671875
hvac GRU 20 3 False 0.01 800
cur_fold:  0
100 865.4110107421875
200 838.1756591796875
300 806.2938232421875
400 774.7598266601562
500 744.8690185546875
600 716.859130859375
700 690.7388916015625
800 666.1923828125
cur_fold:  1
100 828.076171875
200 799.0645141601562
300 766.3770141601562
400 735.1004028320312
500 705.69384765625
600 678.1070556640625
700 652.4607543945312
800 628.4818725585938
cur_fold:  2
100 819.3358764648438
200 792.7797241210938
300 761.4744873046875
400 730.8911743164062
500 702.0615844726562
600 675.199951171875
700 650.3657836914062
800 627.1495361328125
cur_fold:  3
100 844.2640991210938
200 814.9933471679688
300 782.0768432617188
400 750.46142578125
500 720.5506591796875
600 692.2823486328125
700 666.050048828125
800 641.5940551757812
cur_fold:  4
100 856.2157592773438
200 828.6110229492188
300 796.34814453125
400 765.0203247070312
500 735.3413696289062
600 706.9619140625
700 680.4678955078125
800 655.8343505859375
hvac GRU 20 3 False 1 800
cur_fold:  0
100 183.7158203125
200 183.7158203125
300 183.7158203125
400 183.7158203125
500 183.7158203125
600 183.7158203125
700 183.7158203125
800 183.7158203125
cur_fold:  1
100 176.236083984375
200 176.236083984375
300 176.236083984375
400 176.236083984375
500 176.236083984375
600 176.236083984375
700 176.236083984375
800 176.236083984375
cur_fold:  2
100 177.48666381835938
200 177.48666381835938
300 177.48666381835938
400 177.48666381835938
500 177.48666381835938
600 177.48666381835938
700 177.48666381835938
800 177.48666381835938
cur_fold:  3
100 172.86708068847656
200 172.86708068847656
300 172.86708068847656
400 172.86708068847656
500 172.86708068847656
600 172.86708068847656
700 172.86708068847656
800 172.86708068847656
cur_fold:  4
100 181.05145263671875
200 181.05145263671875
300 181.05145263671875
400 181.05145263671875
500 181.05145263671875
600 181.05145263671875
700 181.05145263671875
800 181.05145263671875
hvac GRU 20 3 False 2 800
cur_fold:  0
100 183.7158203125
200 183.7158203125
300 183.7158203125
400 183.7158203125
500 183.7158203125
600 183.7158203125
700 183.7158203125
800 183.7158203125
cur_fold:  1
100 176.236083984375
200 176.236083984375
300 176.236083984375
400 176.236083984375
500 176.236083984375
600 176.236083984375
700 176.236083984375
800 176.236083984375
cur_fold:  2
100 177.48666381835938
200 177.48666381835938
300 177.48666381835938
400 177.48666381835938
500 177.48666381835938
600 177.48666381835938
700 177.48666381835938
800 177.48666381835938
cur_fold:  3
100 172.86708068847656
200 172.86708068847656
300 172.86708068847656
400 172.86708068847656
500 172.86708068847656
600 172.86708068847656
700 172.86708068847656
800 172.86708068847656
cur_fold:  4
100 181.05145263671875
200 181.05145263671875
300 181.05145263671875
400 181.05145263671875
500 181.05145263671875
600 181.05145263671875
700 181.05145263671875
800 181.05145263671875
hvac GRU 50 1 True 0.01 800
cur_fold:  0
100 816.1539306640625
200 736.729248046875
300 668.0146484375
400 608.6865234375
500 557.3948974609375
600 512.7679443359375
700 475.1085205078125
800 445.88299560546875
cur_fold:  1
100 774.4440307617188
200 694.4398803710938
300 625.9773559570312
400 567.3977661132812
500 517.3596801757812
600 474.4576721191406
700 436.5872802734375
800 403.93365478515625
cur_fold:  2
100 769.5048217773438
200 694.647216796875
300 629.312255859375
400 570.8353271484375
500 522.1808471679688
600 481.0849914550781
700 447.37896728515625
800 412.5698547363281
cur_fold:  3
100 795.1348266601562
200 711.65625
300 640.9109497070312
400 580.4326171875
500 529.1526489257812
600 484.388916015625
700 445.9397888183594
800 413.0890808105469
cur_fold:  4
100 810.4935302734375
200 740.3796997070312
300 676.4558715820312
400 614.0208740234375
500 563.8158569335938
600 515.8245239257812
700 475.3544921875
800 444.8095397949219
hvac GRU 50 1 True 1 800
cur_fold:  0
100 173.12510681152344
200 171.64657592773438
300 171.58010864257812
400 171.57830810546875
500 171.57830810546875
600 171.57830810546875
700 171.57830810546875
800 171.57830810546875
cur_fold:  1
100 166.06861877441406
200 164.5621337890625
300 164.46568298339844
400 164.46385192871094
500 164.46383666992188
600 164.46385192871094
700 164.46385192871094
800 164.46383666992188
cur_fold:  2
100 170.59661865234375
200 168.77081298828125
300 168.6118621826172
400 168.60760498046875
500 168.60757446289062
600 168.60757446289062
700 168.60757446289062
800 168.60757446289062
cur_fold:  3
100 160.07797241210938
200 159.278076171875
300 159.21136474609375
400 159.2041015625
500 159.2040252685547
600 159.2040252685547
700 159.2040252685547
800 159.2040252685547
cur_fold:  4
100 171.506103515625
200 170.18231201171875
300 170.145263671875
400 170.14523315429688
500 170.14523315429688
600 170.14523315429688
700 170.14523315429688
800 170.14523315429688
hvac GRU 50 1 True 2 800
cur_fold:  0
100 171.58419799804688
200 171.5783233642578
300 171.57830810546875
400 171.57830810546875
500 171.57830810546875
600 171.57830810546875
700 171.5782928466797
800 171.57830810546875
cur_fold:  1
100 164.46446228027344
200 164.46376037597656
300 164.4637908935547
400 164.4637908935547
500 164.4637908935547
600 164.4637908935547
700 164.4637908935547
800 164.4637908935547
cur_fold:  2
100 168.6074981689453
200 168.6074981689453
300 168.60748291015625
400 168.60748291015625
500 168.60748291015625
600 168.60748291015625
700 168.60748291015625
800 168.60748291015625
cur_fold:  3
100 159.22052001953125
200 159.20401000976562
300 159.20401000976562
400 159.20401000976562
500 159.20401000976562
600 159.20401000976562
700 159.20401000976562
800 159.20401000976562
cur_fold:  4
100 170.15126037597656
200 170.1456756591797
300 170.14523315429688
400 170.14523315429688
500 170.14523315429688
600 170.14523315429688
700 170.14523315429688
800 170.14523315429688
hvac GRU 50 1 False 0.01 800
cur_fold:  0
100 816.1539306640625
200 736.729248046875
300 668.0146484375
400 608.6865234375
500 557.3948974609375
600 512.7679443359375
700 475.1085205078125
800 445.88299560546875
cur_fold:  1
100 774.4440307617188
200 694.4398803710938
300 625.9773559570312
400 567.3977661132812
500 517.3596801757812
600 474.4576721191406
700 436.5872802734375
800 403.93365478515625
cur_fold:  2
100 769.5048217773438
200 694.647216796875
300 629.312255859375
400 570.8353271484375
500 522.1808471679688
600 481.0849914550781
700 447.37896728515625
800 412.5698547363281
cur_fold:  3
100 795.1348266601562
200 711.65625
300 640.9109497070312
400 580.4326171875
500 529.1526489257812
600 484.388916015625
700 445.9397888183594
800 413.0890808105469
cur_fold:  4
100 810.4935302734375
200 740.3796997070312
300 676.4558715820312
400 614.0208740234375
500 563.8158569335938
600 515.8245239257812
700 475.3544921875
800 444.8095397949219
hvac GRU 50 1 False 1 800
cur_fold:  0
100 173.12510681152344
200 171.64657592773438
300 171.58010864257812
400 171.57830810546875
500 171.57830810546875
600 171.57830810546875
700 171.57830810546875
800 171.57830810546875
cur_fold:  1
100 166.06861877441406
200 164.5621337890625
300 164.46568298339844
400 164.46385192871094
500 164.46383666992188
600 164.46385192871094
700 164.46385192871094
800 164.46383666992188
cur_fold:  2
100 170.59661865234375
200 168.77081298828125
300 168.6118621826172
400 168.60760498046875
500 168.60757446289062
600 168.60757446289062
700 168.60757446289062
800 168.60757446289062
cur_fold:  3
100 160.07797241210938
200 159.278076171875
300 159.21136474609375
400 159.2041015625
500 159.2040252685547
600 159.2040252685547
700 159.2040252685547
800 159.2040252685547
cur_fold:  4
100 171.506103515625
200 170.18231201171875
300 170.145263671875
400 170.14523315429688
500 170.14523315429688
600 170.14523315429688
700 170.14523315429688
800 170.14523315429688
hvac GRU 50 1 False 2 800
cur_fold:  0
100 171.58419799804688
200 171.5783233642578
300 171.57830810546875
400 171.57830810546875
500 171.57830810546875
600 171.57830810546875
700 171.5782928466797
800 171.57830810546875
cur_fold:  1
100 164.46446228027344
200 164.46376037597656
300 164.4637908935547
400 164.4637908935547
500 164.4637908935547
600 164.4637908935547
700 164.4637908935547
800 164.4637908935547
cur_fold:  2
100 168.6074981689453
200 168.6074981689453
300 168.60748291015625
400 168.60748291015625
500 168.60748291015625
600 168.60748291015625
700 168.60748291015625
800 168.60748291015625
cur_fold:  3
100 159.22052001953125
200 159.20401000976562
300 159.20401000976562
400 159.20401000976562
500 159.20401000976562
600 159.20401000976562
700 159.20401000976562
800 159.20401000976562
cur_fold:  4
100 170.15126037597656
200 170.1456756591797
300 170.14523315429688
400 170.14523315429688
500 170.14523315429688
600 170.14523315429688
700 170.14523315429688
800 170.14523315429688
hvac GRU 50 3 True 0.01 800
cur_fold:  0
100 823.7385864257812
200 746.7111206054688
300 680.211669921875
400 623.4926147460938
500 575.4901123046875
600 534.3931884765625
700 498.90960693359375
800 467.6282653808594
cur_fold:  1
100 784.0656127929688
200 707.4107666015625
300 642.1889038085938
400 586.9790649414062
500 540.2801513671875
600 500.0854797363281
700 465.6683349609375
800 435.6099853515625
cur_fold:  2
100 779.2235717773438
200 705.1581420898438
300 642.0568237304688
400 589.0281372070312
500 544.5571899414062
600 506.3075866699219
700 473.5438232421875
800 444.78973388671875
cur_fold:  3
100 800.5962524414062
200 723.7759399414062
300 657.3843383789062
400 601.3696899414062
500 553.7805786132812
600 512.6021728515625
700 477.3083190917969
800 446.6666259765625
cur_fold:  4
100 813.926025390625
200 737.1403198242188
300 669.887451171875
400 613.4717407226562
500 566.0069580078125
600 525.2058715820312
700 490.53155517578125
800 460.265380859375
hvac GRU 50 3 True 1 800
cur_fold:  0
100 183.7158203125
200 183.7158203125
300 183.7158203125
400 183.7158203125
500 183.7158203125
600 183.7158203125
700 183.7158203125
800 183.7158203125
cur_fold:  1
100 176.236083984375
200 176.236083984375
300 176.236083984375
400 176.236083984375
500 176.236083984375
600 176.236083984375
700 176.236083984375
800 176.236083984375
cur_fold:  2
100 177.48666381835938
200 177.48666381835938
300 177.48666381835938
400 177.48666381835938
500 177.48666381835938
600 177.48666381835938
700 177.48666381835938
800 177.48666381835938
cur_fold:  3
100 172.86708068847656
200 172.86708068847656
300 172.86708068847656
400 172.86708068847656
500 172.86708068847656
600 172.86708068847656
700 172.86708068847656
800 172.86708068847656
cur_fold:  4
100 179.62538146972656
200 170.81710815429688
300 170.1989288330078
400 170.14633178710938
500 170.14523315429688
600 170.14523315429688
700 170.14523315429688
800 170.14523315429688
hvac GRU 50 3 True 2 800
cur_fold:  0
100 183.7158203125
200 183.7158203125
300 183.7158203125
400 183.7158203125
500 183.7158203125
600 183.7158203125
700 183.7158203125
800 183.7158203125
cur_fold:  1
100 164.47708129882812
200 164.46383666992188
300 164.46383666992188
400 164.46383666992188
500 164.46383666992188
600 164.46383666992188
700 164.46383666992188
800 164.46383666992188
cur_fold:  2
100 177.48666381835938
200 177.48666381835938
300 177.48666381835938
400 177.48666381835938
500 177.48666381835938
600 177.48666381835938
700 177.48666381835938
800 177.48666381835938
cur_fold:  3
100 172.86708068847656
200 172.86708068847656
300 172.86708068847656
400 172.86708068847656
500 172.86708068847656
600 172.86708068847656
700 172.86708068847656
800 172.86708068847656
cur_fold:  4
100 181.05145263671875
200 181.05145263671875
300 181.05145263671875
400 181.05145263671875
500 181.05145263671875
600 181.05145263671875
700 181.05145263671875
800 181.05145263671875
hvac GRU 50 3 False 0.01 800
svm-2.sh: line 16:  5821 Terminated              CUDA_VISIBLE_DEVICES=2 CUDA_CACHE_PATH='~/cuda_cache' python baseline-rnn-individual-long.py $appliance $cell_type $hidden_size $num_layers $bidirectional $lr $num_iterations
hvac GRU 50 3 False 1 800
cur_fold:  0
100 183.7158203125
200 183.7158203125
300 183.7158203125
400 183.7158203125
500 183.7158203125
600 183.7158203125
700 183.7158203125
800 183.7158203125
cur_fold:  1
100 176.236083984375
200 176.236083984375
300 176.236083984375
400 176.236083984375
500 176.236083984375
600 176.236083984375
700 176.236083984375
800 176.236083984375
cur_fold:  2
100 177.48666381835938
200 177.48666381835938
300 177.48666381835938
400 177.48666381835938
500 177.48666381835938
600 177.48666381835938
700 177.48666381835938
800 177.48666381835938
cur_fold:  3
100 172.86708068847656
200 172.86708068847656
300 172.86708068847656
400 172.86708068847656
500 172.86708068847656
600 172.86708068847656
700 172.86708068847656
800 172.86708068847656
cur_fold:  4
100 179.62538146972656
200 170.81710815429688
300 170.1989288330078
400 170.14633178710938
500 170.14523315429688
600 170.14523315429688
700 170.14523315429688
800 170.14523315429688
hvac GRU 50 3 False 2 800
cur_fold:  0
100 183.7158203125
200 183.7158203125
300 183.7158203125
400 183.7158203125
500 183.7158203125
600 183.7158203125
700 183.7158203125
800 183.7158203125
cur_fold:  1
100 164.47708129882812
200 164.46383666992188
300 164.46383666992188
400 164.46383666992188
500 164.46383666992188
600 164.46383666992188
700 164.46383666992188
800 164.46383666992188
cur_fold:  2
100 177.48666381835938
200 177.48666381835938
300 177.48666381835938
400 177.48666381835938
500 177.48666381835938
600 177.48666381835938
700 177.48666381835938
800 177.48666381835938
cur_fold:  3
100 172.86708068847656
200 172.86708068847656
300 172.86708068847656
400 172.86708068847656
500 172.86708068847656
600 172.86708068847656
700 172.86708068847656
800 172.86708068847656
cur_fold:  4
100 181.05145263671875
200 181.05145263671875
300 181.05145263671875
400 181.05145263671875
500 181.05145263671875
600 181.05145263671875
700 181.05145263671875
800 181.05145263671875
hvac GRU 100 1 True 0.01 800
cur_fold:  0
100 740.243896484375
200 610.5554809570312
300 514.0984497070312
400 440.26043701171875
500 388.489013671875
600 338.5541687011719
700 306.8096618652344
800 277.7802429199219
cur_fold:  1
100 702.12548828125
200 572.3182983398438
300 476.94598388671875
400 407.47174072265625
500 357.24847412109375
600 312.3358154296875
700 278.4416809082031
800 253.0169219970703
cur_fold:  2
100 698.82421875
200 572.4671020507812
300 481.4178161621094
400 412.85302734375
500 361.4731750488281
600 317.94525146484375
700 286.6556091308594
800 258.42218017578125
cur_fold:  3
100 716.180908203125
200 584.1546020507812
300 487.4443054199219
400 415.0251159667969
500 359.3726806640625
600 316.2845458984375
700 281.69061279296875
800 253.2512969970703
cur_fold:  4
100 739.0162963867188
200 605.404296875
300 509.3002014160156
400 440.9365539550781
500 384.9009094238281
600 345.0830993652344
700 308.3643798828125
800 276.8141174316406
hvac GRU 100 1 True 1 800
cur_fold:  0
100 171.5163116455078
200 171.48973083496094
300 171.45748901367188
400 171.41952514648438
500 171.3761444091797
600 171.3284912109375
700 171.2778778076172
800 171.22412109375
cur_fold:  1
100 164.43800354003906
200 164.4356689453125
300 164.43447875976562
400 164.4330291748047
500 164.43133544921875
600 164.429443359375
700 164.42733764648438
800 164.42495727539062
cur_fold:  2
100 168.58212280273438
200 168.5790252685547
300 168.57777404785156
400 168.57662963867188
500 168.46002197265625
600 168.38442993164062
700 168.31634521484375
800 168.24310302734375
cur_fold:  3
100 159.201904296875
200 159.18765258789062
300 159.18678283691406
400 159.1856689453125
500 159.1844024658203
600 159.18287658691406
700 159.18113708496094
800 159.17913818359375
cur_fold:  4
100 170.14366149902344
200 170.1337432861328
300 170.13241577148438
400 170.13119506835938
500 170.12973022460938
600 170.12814331054688
700 170.12643432617188
800 170.12452697753906
hvac GRU 100 1 True 2 800
cur_fold:  0
100 171.7767791748047
200 171.5783233642578
300 171.57830810546875
400 171.57830810546875
500 171.57830810546875
600 171.57830810546875
700 171.57830810546875
800 171.57830810546875
cur_fold:  1
100 164.5886688232422
200 164.46377563476562
300 164.46377563476562
400 164.46377563476562
500 164.46377563476562
600 164.46377563476562
700 164.46377563476562
800 164.46377563476562
cur_fold:  2
100 169.0188751220703
200 168.6075439453125
300 168.6075439453125
400 168.6075439453125
500 168.60755920410156
600 168.60755920410156
700 168.60755920410156
800 168.60755920410156
cur_fold:  3
100 159.21267700195312
200 159.20436096191406
300 159.20431518554688
400 159.2042999267578
500 159.2042694091797
600 159.20425415039062
700 159.20420837402344
800 159.20416259765625
cur_fold:  4
100 171.4372100830078
200 169.91091918945312
300 169.7708740234375
400 169.61788940429688
500 169.43634033203125
600 169.27606201171875
700 169.12188720703125
800 168.9827423095703
hvac GRU 100 1 False 0.01 800
cur_fold:  0
100 740.243896484375
200 610.5554809570312
300 514.0984497070312
400 440.26043701171875
500 388.489013671875
600 338.5541687011719
700 306.8096618652344
800 277.7802429199219
cur_fold:  1
100 702.12548828125
200 572.3182983398438
300 476.94598388671875
400 407.47174072265625
500 357.24847412109375
600 312.3358154296875
700 278.4416809082031
800 253.0169219970703
cur_fold:  2
100 698.82421875
200 572.4671020507812
300 481.4178161621094
400 412.85302734375
500 361.4731750488281
600 317.94525146484375
700 286.6556091308594
800 258.42218017578125
cur_fold:  3
100 716.180908203125
200 584.1546020507812
300 487.4443054199219
400 415.0251159667969
500 359.3726806640625
600 316.2845458984375
700 281.69061279296875
800 253.2512969970703
cur_fold:  4
100 739.0162963867188
200 605.404296875
300 509.3002014160156
400 440.9365539550781
500 384.9009094238281
600 345.0830993652344
700 308.3643798828125
800 276.8141174316406
hvac GRU 100 1 False 1 800
cur_fold:  0
100 171.5163116455078
200 171.48973083496094
300 171.45748901367188
400 171.41952514648438
500 171.3761444091797
600 171.3284912109375
700 171.2778778076172
800 171.22412109375
cur_fold:  1
100 164.43800354003906
200 164.4356689453125
300 164.43447875976562
400 164.4330291748047
500 164.43133544921875
600 164.429443359375
700 164.42733764648438
800 164.42495727539062
cur_fold:  2
100 168.58212280273438
200 168.5790252685547
300 168.57777404785156
400 168.57662963867188
500 168.46002197265625
600 168.38442993164062
700 168.31634521484375
800 168.24310302734375
cur_fold:  3
100 159.201904296875
200 159.18765258789062
300 159.18678283691406
400 159.1856689453125
500 159.1844024658203
600 159.18287658691406
700 159.18113708496094
800 159.17913818359375
cur_fold:  4
100 170.14366149902344
200 170.1337432861328
300 170.13241577148438
400 170.13119506835938
500 170.12973022460938
600 170.12814331054688
700 170.12643432617188
800 170.12452697753906
hvac GRU 100 1 False 2 800
cur_fold:  0
100 171.7767791748047
200 171.5783233642578
300 171.57830810546875
400 171.57830810546875
500 171.57830810546875
600 171.57830810546875
700 171.57830810546875
800 171.57830810546875
cur_fold:  1
100 164.5886688232422
200 164.46377563476562
300 164.46377563476562
400 164.46377563476562
500 164.46377563476562
600 164.46377563476562
700 164.46377563476562
800 164.46377563476562
cur_fold:  2
100 169.0188751220703
200 168.6075439453125
300 168.6075439453125
400 168.6075439453125
500 168.60755920410156
600 168.60755920410156
700 168.60755920410156
800 168.60755920410156
cur_fold:  3
100 159.21267700195312
200 159.20436096191406
300 159.20431518554688
400 159.2042999267578
500 159.2042694091797
600 159.20425415039062
700 159.20420837402344
800 159.20416259765625
cur_fold:  4
100 171.4372100830078
200 169.91091918945312
300 169.7708740234375
400 169.61788940429688
500 169.43634033203125
600 169.27606201171875
700 169.12188720703125
800 168.9827423095703
hvac GRU 100 3 True 0.01 800
cur_fold:  0
100 749.3411865234375
200 624.8070678710938
300 535.317626953125
400 468.9106140136719
500 416.95379638671875
600 375.4008483886719
700 343.3953857421875
800 317.46630859375
cur_fold:  1
100 709.6211547851562
200 587.99462890625
300 500.9003601074219
400 436.8476867675781
500 387.063720703125
600 347.55133056640625
700 317.2984313964844
800 293.19842529296875
cur_fold:  2
100 706.38037109375
200 588.269287109375
300 505.0433654785156
400 443.846923828125
500 395.4570007324219
600 356.6025695800781
700 326.1922912597656
800 301.3046875
cur_fold:  3
100 724.739013671875
200 600.437255859375
300 511.2061767578125
400 445.6312255859375
500 394.80584716796875
600 354.0389404296875
700 322.3407287597656
800 296.814208984375
cur_fold:  4
100 739.5773315429688
200 614.6423950195312
300 526.05517578125
400 461.467529296875
500 411.1486511230469
600 370.5959167480469
700 337.8060302734375
800 311.1136474609375
hvac GRU 100 3 True 1 800
cur_fold:  0
100 183.7158203125
200 183.7158203125
300 183.7158203125
400 183.7158203125
500 183.7158203125
600 183.7158203125
700 183.7158203125
800 183.7158203125
cur_fold:  1
100 176.236083984375
200 176.236083984375
300 176.236083984375
400 176.236083984375
500 176.236083984375
600 176.236083984375
700 176.236083984375
800 176.236083984375
cur_fold:  2
100 177.48666381835938
200 177.48666381835938
300 177.48666381835938
400 177.48666381835938
500 177.48666381835938
600 177.48666381835938
700 177.48666381835938
800 177.48666381835938
cur_fold:  3
100 172.86708068847656
200 172.86708068847656
300 172.86708068847656
400 172.86708068847656
500 172.86708068847656
600 172.86708068847656
700 172.86708068847656
800 172.86708068847656
cur_fold:  4
100 181.05145263671875
200 181.05145263671875
300 181.05145263671875
400 181.05145263671875
500 181.05145263671875
600 181.05145263671875
700 181.05145263671875
800 181.05145263671875
hvac GRU 100 3 True 2 800
svm-2.sh: line 16: 14755 Terminated              CUDA_VISIBLE_DEVICES=2 CUDA_CACHE_PATH='~/cuda_cache' python baseline-rnn-individual-long.py $appliance $cell_type $hidden_size $num_layers $bidirectional $lr $num_iterations
hvac GRU 100 3 False 0.01 800
cur_fold:  0
100 749.3411865234375
200 624.8070678710938
300 535.317626953125
400 468.9106140136719
500 416.95379638671875
600 375.4008483886719
700 343.3953857421875
800 317.46630859375
cur_fold:  1
100 709.6211547851562
200 587.99462890625
300 500.9003601074219
400 436.8476867675781
500 387.063720703125
600 347.55133056640625
700 317.2984313964844
800 293.19842529296875
cur_fold:  2
100 706.38037109375
200 588.269287109375
300 505.0433654785156
400 443.846923828125
500 395.4570007324219
600 356.6025695800781
700 326.1922912597656
800 301.3046875
cur_fold:  3
100 724.739013671875
200 600.437255859375
300 511.2061767578125
400 445.6312255859375
500 394.80584716796875
600 354.0389404296875
700 322.3407287597656
800 296.814208984375
cur_fold:  4
100 739.5773315429688
200 614.6423950195312
300 526.05517578125
400 461.467529296875
500 411.1486511230469
600 370.5959167480469
700 337.8060302734375
800 311.1136474609375
hvac GRU 100 3 False 1 800
cur_fold:  0
100 183.7158203125
200 183.7158203125
300 183.7158203125
400 183.7158203125
500 183.7158203125
600 183.7158203125
700 183.7158203125
800 183.7158203125
cur_fold:  1
100 176.236083984375
200 176.236083984375
300 176.236083984375
400 176.236083984375
500 176.236083984375
600 176.236083984375
700 176.236083984375
800 176.236083984375
cur_fold:  2
100 177.48666381835938
200 177.48666381835938
300 177.48666381835938
400 177.48666381835938
500 177.48666381835938
600 177.48666381835938
700 177.48666381835938
800 177.48666381835938
cur_fold:  3
100 172.86708068847656
200 172.86708068847656
300 172.86708068847656
400 172.86708068847656
500 172.86708068847656
600 172.86708068847656
700 172.86708068847656
800 172.86708068847656
cur_fold:  4
100 181.05145263671875
200 181.05145263671875
300 181.05145263671875
400 181.05145263671875
500 181.05145263671875
600 181.05145263671875
700 181.05145263671875
800 181.05145263671875
hvac GRU 100 3 False 2 800
cur_fold:  0
100 183.7158203125
200 183.7158203125
300 183.7158203125
400 183.7158203125
500 183.7158203125
600 183.7158203125
700 183.7158203125
800 183.7158203125
cur_fold:  1
100 176.236083984375
200 176.236083984375
300 176.236083984375
400 176.236083984375
500 176.236083984375
600 176.236083984375
700 176.236083984375
800 176.236083984375
cur_fold:  2
100 177.48666381835938
200 177.48666381835938
300 177.48666381835938
400 177.48666381835938
500 177.48666381835938
600 177.48666381835938
700 177.48666381835938
800 177.48666381835938
cur_fold:  3
100 172.86708068847656
200 172.86708068847656
300 172.86708068847656
400 172.86708068847656
500 172.86708068847656
600 172.86708068847656
700 172.86708068847656
800 172.86708068847656
cur_fold:  4
100 170.64279174804688
200 170.1515655517578
300 170.15155029296875
400 170.1515350341797
500 170.15151977539062
600 170.15147399902344
700 170.1514434814453
800 170.1514129638672
hvac LSTM 20 1 True 0.01 800
cur_fold:  0
100 878.7353515625
200 863.9977416992188
300 849.7262573242188
400 829.9351196289062
500 807.6482543945312
600 788.1922607421875
700 769.97998046875
800 752.3189086914062
cur_fold:  1
100 843.7281494140625
200 830.6495361328125
300 816.3020629882812
400 800.5393676757812
500 783.2106323242188
600 764.6569213867188
700 745.5346069335938
800 725.96240234375
cur_fold:  2
100 832.74755859375
200 819.1708984375
300 795.847412109375
400 775.8029174804688
500 757.10498046875
600 739.2655639648438
700 722.173095703125
800 705.7333984375
cur_fold:  3
100 859.6118774414062
200 845.261474609375
300 831.1766967773438
400 816.6139526367188
500 800.7661743164062
600 785.8571166992188
700 771.3998413085938
800 757.3385009765625
cur_fold:  4
100 869.3561401367188
200 854.5919799804688
300 840.0794067382812
400 823.0414428710938
500 802.7841186523438
600 784.9002685546875
700 768.0159912109375
800 751.7996826171875
hvac LSTM 20 1 True 1 800
cur_fold:  0
100 310.5347900390625
200 217.1026611328125
300 186.4666290283203
400 177.50607299804688
500 174.3399200439453
600 173.01991271972656
700 172.36903381347656
800 171.9820556640625
cur_fold:  1
100 293.0321044921875
200 208.18185424804688
300 180.89845275878906
400 171.38970947265625
500 167.51007080078125
600 166.0267791748047
700 165.32833862304688
800 164.9225616455078
cur_fold:  2
100 309.8727722167969
200 217.3155059814453
300 185.77183532714844
400 176.06072998046875
500 172.452392578125
600 170.95602416992188
700 170.04872131347656
800 169.4932403564453
cur_fold:  3
100 268.59112548828125
200 191.36993408203125
300 167.58193969726562
400 161.79592895507812
500 160.27871704101562
600 159.7359619140625
700 159.47976684570312
800 159.3501434326172
cur_fold:  4
100 298.74615478515625
200 210.6291961669922
300 183.72862243652344
400 175.4083251953125
500 172.34669494628906
600 171.15965270996094
700 170.64944458007812
800 170.38401794433594
hvac LSTM 20 1 True 2 800
cur_fold:  0
100 203.73892211914062
200 175.4422607421875
300 172.57606506347656
400 171.82760620117188
500 171.6214599609375
600 171.5852508544922
700 171.57913208007812
800 171.57778930664062
cur_fold:  1
100 195.0408935546875
200 168.775634765625
300 165.50086975097656
400 164.75299072265625
500 164.53829956054688
600 164.475341796875
700 164.46554565429688
800 164.4639434814453
cur_fold:  2
100 200.9413604736328
200 173.2444305419922
300 170.15679931640625
400 169.14906311035156
500 168.7519073486328
600 168.6326446533203
700 168.6124267578125
800 168.6085968017578
cur_fold:  3
100 180.9512939453125
200 160.83221435546875
300 159.5789031982422
400 159.3108673095703
500 159.2359619140625
600 159.2139892578125
700 159.20498657226562
800 159.2045440673828
cur_fold:  4
100 203.0061492919922
200 174.26913452148438
300 170.98410034179688
400 170.35220336914062
500 170.17193603515625
600 170.14735412597656
700 170.14527893066406
800 170.14520263671875
hvac LSTM 20 1 False 0.01 800
cur_fold:  0
100 878.7353515625
200 863.9977416992188
300 849.7262573242188
400 829.9351196289062
500 807.6482543945312
600 788.1922607421875
700 769.97998046875
800 752.3189086914062
cur_fold:  1
100 843.7281494140625
200 830.6495361328125
300 816.3020629882812
400 800.5393676757812
500 783.2106323242188
600 764.6569213867188
700 745.5346069335938
800 725.96240234375
cur_fold:  2
100 832.74755859375
200 819.1708984375
300 795.847412109375
400 775.8029174804688
500 757.10498046875
600 739.2655639648438
700 722.173095703125
800 705.7333984375
cur_fold:  3
100 859.6118774414062
200 845.261474609375
300 831.1766967773438
400 816.6139526367188
500 800.7661743164062
600 785.8571166992188
700 771.3998413085938
800 757.3385009765625
cur_fold:  4
100 869.3561401367188
200 854.5919799804688
300 840.0794067382812
400 823.0414428710938
500 802.7841186523438
600 784.9002685546875
700 768.0159912109375
800 751.7996826171875
hvac LSTM 20 1 False 1 800
cur_fold:  0
100 310.5347900390625
200 217.1026611328125
300 186.4666290283203
400 177.50607299804688
500 174.3399200439453
600 173.01991271972656
700 172.36903381347656
800 171.9820556640625
cur_fold:  1
100 293.0321044921875
200 208.18185424804688
300 180.89845275878906
400 171.38970947265625
500 167.51007080078125
600 166.0267791748047
700 165.32833862304688
800 164.9225616455078
cur_fold:  2
100 309.8727722167969
200 217.3155059814453
300 185.77183532714844
400 176.06072998046875
500 172.452392578125
600 170.95602416992188
700 170.04872131347656
800 169.4932403564453
cur_fold:  3
100 268.59112548828125
200 191.36993408203125
300 167.58193969726562
400 161.79592895507812
500 160.27871704101562
600 159.7359619140625
700 159.47976684570312
800 159.3501434326172
cur_fold:  4
100 298.74615478515625
200 210.6291961669922
300 183.72862243652344
400 175.4083251953125
500 172.34669494628906
600 171.15965270996094
700 170.64944458007812
800 170.38401794433594
hvac LSTM 20 1 False 2 800
cur_fold:  0
100 203.73892211914062
200 175.4422607421875
300 172.57606506347656
400 171.82760620117188
500 171.6214599609375
600 171.5852508544922
700 171.57913208007812
800 171.57778930664062
cur_fold:  1
100 195.0408935546875
200 168.775634765625
300 165.50086975097656
400 164.75299072265625
500 164.53829956054688
600 164.475341796875
700 164.46554565429688
800 164.4639434814453
cur_fold:  2
100 200.9413604736328
200 173.2444305419922
300 170.15679931640625
400 169.14906311035156
500 168.7519073486328
600 168.6326446533203
700 168.6124267578125
800 168.6085968017578
cur_fold:  3
100 180.9512939453125
200 160.83221435546875
300 159.5789031982422
400 159.3108673095703
500 159.2359619140625
600 159.2139892578125
700 159.20498657226562
800 159.2045440673828
cur_fold:  4
100 203.0061492919922
200 174.26913452148438
300 170.98410034179688
400 170.35220336914062
500 170.17193603515625
600 170.14735412597656
700 170.14527893066406
800 170.14520263671875
hvac LSTM 20 3 True 0.01 800
cur_fold:  0
100 860.905517578125
200 827.5896606445312
300 796.4153442382812
400 766.3036499023438
500 737.232177734375
600 709.8616333007812
700 683.6114501953125
800 658.86279296875
cur_fold:  1
100 823.99609375
200 788.5557250976562
300 756.0302124023438
400 724.7476806640625
500 694.3671264648438
600 666.0633544921875
700 639.7340087890625
800 614.5599365234375
cur_fold:  2
100 814.390625
200 781.2359008789062
300 748.9775390625
400 719.5071411132812
500 691.5927734375
600 665.2531127929688
700 640.5267333984375
800 616.7920532226562
cur_fold:  3
100 840.0828857421875
200 803.7501220703125
300 770.1566772460938
400 739.1603393554688
500 708.972900390625
600 680.4669189453125
700 654.3173217773438
800 628.8247680664062
cur_fold:  4
100 858.1199340820312
200 817.6302490234375
300 782.099609375
400 750.2423095703125
500 720.110595703125
600 691.5138549804688
700 664.56005859375
800 638.7782592773438
hvac LSTM 20 3 True 1 800
cur_fold:  0
100 270.59033203125
200 196.62353515625
300 178.7794952392578
400 174.31100463867188
500 172.8153839111328
600 172.16848754882812
700 171.81787109375
800 171.6671600341797
cur_fold:  1
100 249.3291778564453
200 187.14889526367188
300 171.6355438232422
400 166.989990234375
500 165.6049041748047
600 164.9879150390625
700 164.69552612304688
800 164.56271362304688
cur_fold:  2
100 256.8728942871094
200 190.41786193847656
300 175.35728454589844
400 171.59837341308594
500 170.1939697265625
600 169.4401092529297
700 169.01168823242188
800 168.77906799316406
cur_fold:  3
100 250.7994384765625
200 182.48300170898438
300 164.6537322998047
400 160.8450469970703
500 159.91958618164062
600 159.54800415039062
700 159.3704071044922
800 159.28941345214844
cur_fold:  4
100 263.44207763671875
200 194.48773193359375
300 177.25418090820312
400 172.5652313232422
500 171.10232543945312
600 170.55947875976562
700 170.30935668945312
800 170.18911743164062
hvac LSTM 20 3 True 2 800
cur_fold:  0
100 190.50526428222656
200 173.76657104492188
300 172.0680694580078
400 171.65380859375
500 171.58763122558594
600 171.57940673828125
700 171.57801818847656
800 171.577880859375
cur_fold:  1
100 181.8406982421875
200 166.46205139160156
300 164.8948211669922
400 164.5502166748047
500 164.47274780273438
600 164.46412658691406
700 164.463134765625
800 164.463134765625
cur_fold:  2
100 184.9061279296875
200 171.12258911132812
300 169.32838439941406
400 168.76072692871094
500 168.6259307861328
600 168.61056518554688
700 168.60760498046875
800 168.6072540283203
cur_fold:  3
100 176.20089721679688
200 160.4575653076172
300 159.48756408691406
400 159.2804718017578
500 159.22756958007812
600 159.20814514160156
700 159.20407104492188
800 159.20391845703125
cur_fold:  4
100 188.61627197265625
200 172.0078125
300 170.47866821289062
400 170.18040466308594
500 170.1461181640625
600 170.14442443847656
700 170.14439392089844
800 170.14439392089844
hvac LSTM 20 3 False 0.01 800
cur_fold:  0
100 860.905517578125
200 827.5896606445312
300 796.4153442382812
400 766.3036499023438
500 737.232177734375
600 709.8616333007812
700 683.6114501953125
800 658.86279296875
cur_fold:  1
100 823.99609375
200 788.5557250976562
300 756.0302124023438
400 724.7476806640625
500 694.3671264648438
600 666.0633544921875
700 639.7340087890625
800 614.5599365234375
cur_fold:  2
100 814.390625
200 781.2359008789062
300 748.9775390625
400 719.5071411132812
500 691.5927734375
600 665.2531127929688
700 640.5267333984375
800 616.7920532226562
cur_fold:  3
100 840.0828857421875
200 803.7501220703125
300 770.1566772460938
400 739.1603393554688
500 708.972900390625
600 680.4669189453125
700 654.3173217773438
800 628.8247680664062
cur_fold:  4
100 858.1199340820312
200 817.6302490234375
300 782.099609375
400 750.2423095703125
500 720.110595703125
600 691.5138549804688
700 664.56005859375
800 638.7782592773438
hvac LSTM 20 3 False 1 800
