nohup: ignoring input
hvac
hvac 188.193076152
{'hvac': 188.19307615175325}
{'hvac': 226.7292817734627}
fridge
fridge 28.1949531336
{'fridge': 28.194953133577044}
{'hvac': 226.7292817734627, 'fridge': 340.69815909799178}
dr
dr 66.9294258049
{'dr': 66.929425804880026}
{'hvac': 226.7292817734627, 'fridge': 340.69815909799178, 'dr': 1048.8100582089096}
dw
dw 15.4395102012
{'dw': 15.43951020120803}
{'hvac': 226.7292817734627, 'fridge': 340.69815909799178, 'dr': 1048.8100582089096, 'dw': 1048.8099434418109}
mw
mw 9.09707779131
{'mw': 9.0970777913095713}
{'hvac': 226.7292817734627, 'fridge': 340.69815909799178, 'dr': 1048.8100582089096, 'dw': 1048.8099434418109, 'mw': 1048.8104618795846}
hvac 190.039877894
fridge 77.1108751807
hvac 188.219918315
dr 66.9294258049
hvac 188.217166813
dw 15.4395102012
hvac 554.735006647
mw 9.09706996056
fridge 28.3789527498
hvac 130.34321287
fridge 28.1954859904
dr 66.9294258049
fridge 28.1891276445
dw 15.4395102012
fridge 28.2145742578
mw 9.09707779131
dw 15.4395102012
hvac 188.217163584
dw 15.4395102012
fridge 28.1958708068
dw 15.4395102012
dr 66.9294258049
dw 15.4395102012
mw 9.09707997968
fridge 28.3612960068
hvac 132.947692585
dr 66.9294258049
fridge 28.3558966794
hvac 132.0910514
dw 15.4395102012
fridge 37.5652936293
hvac 288.230493217
mw 9.09746427524
hvac 192.857331095
fridge 76.7382311036
dr 66.9294258049
hvac 192.98500594
fridge 76.7167718367
dw 15.4395102012
hvac 438.597233329
fridge 70.386930262
mw 9.13536695904
dw 15.4395102012
hvac 191.680817947
fridge 76.9267431156
dw 15.4395102012
hvac 189.822255047
dr 66.9294258049
dw 15.4395102012
hvac 476.557633239
mw 9.04429933509
fridge 28.3670393676
hvac 133.53120555
dw 15.4395102012
dr 66.9294258049
fridge 28.3106724632
hvac 412.540305115
dw 15.4395102012
mw 9.01930724021
fridge 28.3647463848
hvac 132.778848142
dr 66.9294258049
dw 15.4395102012
fridge 28.3558119597
hvac 189.813189955
dr 66.9294258049
mw 9.09717103798
fridge 43.1974160435
hvac 315.252380159
mw 9.06176539789
dr 66.9294258049
fridge 28.5638459918
hvac 457.916639926
mw 9.09706162547
dw 15.4395102012
fridge 37.6432312934
hvac 491.23328744
dr 66.9294258049
dw 15.4395102012
mw 9.0971118433
fridge 37.8590387177
hvac 450.391034598
dw 15.4395102012
dr 66.9294258049
mw 9.16589515909
fridge 28.0173713971
hvac 319.958477759
dr 66.9294258049
mw 9.09705850411
dw 15.4395102012
fridge 28.0173713971
hvac 319.958477759
dr 66.9294258049
mw 9.09705850411
dw 15.4395102012
hvac
hvac 169.345439003
{'hvac': 169.34543900328882}
{'hvac': 204.02222303793141}
fridge
fridge 28.196053284
{'fridge': 28.19605328401229}
{'hvac': 204.02222303793141, 'fridge': 340.71145293913571}
dr
dr 66.9294258049
{'dr': 66.929425804880026}
{'hvac': 204.02222303793141, 'fridge': 340.71145293913571, 'dr': 1048.8100582089096}
dw
dw 15.4395102012
{'dw': 15.43951020120803}
{'hvac': 204.02222303793141, 'fridge': 340.71145293913571, 'dr': 1048.8100582089096, 'dw': 1048.8099434418109}
mw
mw 9.09707779131
{'mw': 9.0970777913095713}
{'hvac': 204.02222303793141, 'fridge': 340.71145293913571, 'dr': 1048.8100582089096, 'dw': 1048.8099434418109, 'mw': 1048.8104618795846}
hvac 170.318270381
fridge 81.0338157347
hvac 169.36812535
dr 66.9294258049
hvac 169.368102184
dw 15.4395102012
hvac 513.962778067
mw 9.09704517159
fridge 28.4538351437
hvac 108.745114399
fridge 28.1964129321
dr 66.9294258049
fridge 28.1890706586
dw 15.4395102012
fridge 28.1857668773
mw 9.09707779131
dw 15.4395102012
hvac 169.36788034
dw 15.4395102012
fridge 28.1961320347
dw 15.4395102012
dr 66.9294258049
dw 15.4395102012
mw 9.09707997968
fridge 28.4414658578
hvac 109.162018404
dr 66.9294258049
fridge 28.4438765117
hvac 109.022510578
dw 15.4395102012
fridge 37.8540885477
hvac 251.788899124
mw 9.09746427524
hvac 170.875584966
fridge 80.894748948
dr 66.9294258049
hvac 170.915926782
fridge 80.9433020322
dw 15.4395102012
hvac 372.283335928
fridge 75.43056548
mw 9.01320930639
dw 15.4395102012
hvac 170.62277446
fridge 80.947552939
dw 15.4395102012
hvac 169.53479112
dr 66.9294258049
dw 15.4395102012
hvac 414.156572051
mw 9.05469776742
fridge 28.4465068704
hvac 109.232858928
dw 15.4395102012
dr 66.9294258049
fridge 28.4872227881
hvac 355.401204312
dw 15.4395102012
mw 9.02761693779
fridge 28.4446072365
hvac 109.023378972
dr 66.9294258049
dw 15.4395102012
fridge 28.4464362724
hvac 137.661301287
dr 66.9294258049
mw 9.09712741829
fridge 42.2037341705
hvac 285.247331766
mw 9.07296565708
dr 66.9294258049
fridge 28.5666402969
hvac 451.330094783
mw 9.09707728358
dw 15.4395102012
fridge 37.6843812211
hvac 442.610056635
dr 66.9294258049
dw 15.4395102012
mw 9.09709399977
fridge 37.8637917138
hvac 363.230675541
dw 15.4395102012
dr 66.9294258049
mw 9.10995513295
fridge 28.3192573373
hvac 233.951553799
dr 66.9294258049
mw 9.08439966108
dw 15.4395102012
fridge 28.3192573373
hvac 233.951553799
dr 66.9294258049
mw 9.08439966108
dw 15.4395102012
hvac
hvac 167.636510319
{'hvac': 167.63651031939614}
{'hvac': 201.96335784998678}
fridge
fridge 28.1966696122
{'fridge': 28.196669612234366}
{'hvac': 201.96335784998678, 'fridge': 340.71890043832707}
dr
dr 66.9294258049
{'dr': 66.929425804880026}
{'hvac': 201.96335784998678, 'fridge': 340.71890043832707, 'dr': 1048.8100582089096}
dw
dw 15.4395102012
{'dw': 15.43951020120803}
{'hvac': 201.96335784998678, 'fridge': 340.71890043832707, 'dr': 1048.8100582089096, 'dw': 1048.8099434418109}
mw
mw 9.09707779131
{'mw': 9.0970777913095713}
{'hvac': 201.96335784998678, 'fridge': 340.71890043832707, 'dr': 1048.8100582089096, 'dw': 1048.8099434418109, 'mw': 1048.8104618795846}
hvac 168.549761858
fridge 82.0299696284
hvac 167.656139485
dr 66.9294258049
hvac 167.656108598
dw 15.4395102012
hvac 486.489014915
mw 9.09703937378
fridge 28.480359623
hvac 106.225007346
fridge 28.196776014
dr 66.9294258049
fridge 28.1890340609
dw 15.4395102012
fridge 28.1860289889
mw 9.09707779131
dw 15.4395102012
hvac 167.65605766
dw 15.4395102012
fridge 28.1971466963
dw 15.4395102012
dr 66.9294258049
dw 15.4395102012
mw 9.09707997968
fridge 28.4668987883
hvac 106.279028086
dr 66.9294258049
fridge 28.4689137492
hvac 106.275714551
dw 15.4395102012
fridge 37.9178464362
hvac 244.585652128
mw 9.09746427524
hvac 168.686156964
fridge 81.975915261
dr 66.9294258049
hvac 168.760995338
fridge 82.0616601383
dw 15.4395102012
hvac 343.765681506
fridge 77.9191799553
mw 9.01712000489
dw 15.4395102012
hvac 168.630319153
fridge 82.0004254312
dw 15.4395102012
hvac 167.711593344
dr 66.9294258049
dw 15.4395102012
hvac 386.56256927
mw 9.06362261163
fridge 28.4722906593
hvac 106.223298948
dr 66.9294258049
dw 15.4395102012
fridge 28.4814931534
hvac 121.337102984
dr 66.9294258049
mw 9.08826429093
fridge 28.4727632028
hvac 106.31925307
dw 15.4395102012
dr 66.9294258049
fridge 28.3854555812
hvac 321.977913979
dw 15.4395102012
mw 9.03955401804
fridge 41.5738749906
hvac 276.874674982
mw 9.07798050916
dr 66.9294258049
fridge 28.4806122031
hvac 451.00568699
mw 9.09705124855
dw 15.4395102012
fridge 37.6821236347
hvac 427.73604986
dr 66.9294258049
dw 15.4395102012
mw 9.09707779131
fridge 37.8431911032
hvac 319.003012896
dw 15.4395102012
dr 66.9294258049
mw 9.05666643387
fridge 28.4470468028
hvac 199.529347416
dr 66.9294258049
mw 9.08635233197
dw 15.4395102012
fridge 28.4470468028
hvac 199.529347416
dr 66.9294258049
mw 9.08635233197
dw 15.4395102012
hvac
hvac 167.369065394
{'hvac': 167.36906539358034}
{'hvac': 201.64114835543941}
fridge
fridge 28.1966334076
{'fridge': 28.196633407630159}
{'hvac': 201.64114835543941, 'fridge': 340.71846295428708}
dr
dr 66.9294258049
{'dr': 66.929425804880026}
{'hvac': 201.64114835543941, 'fridge': 340.71846295428708, 'dr': 1048.8100582089096}
dw
dw 15.4395102012
{'dw': 15.43951020120803}
{'hvac': 201.64114835543941, 'fridge': 340.71846295428708, 'dr': 1048.8100582089096, 'dw': 1048.8099434418109}
mw
mw 9.09707779131
{'mw': 9.0970777913095713}
{'hvac': 201.64114835543941, 'fridge': 340.71846295428708, 'dr': 1048.8100582089096, 'dw': 1048.8099434418109, 'mw': 1048.8104618795846}
hvac 168.147853867
fridge 82.4309623584
hvac 167.388379675
dr 66.9294258049
hvac 167.388336416
dw 15.4395102012
hvac 467.336510451
mw 9.09704534545
fridge 28.4916759608
hvac 105.742848238
fridge 28.1963667029
dr 66.9294258049
fridge 28.1903057227
dw 15.4395102012
fridge 28.1883572208
mw 9.09707779131
dw 15.4395102012
hvac 167.388295737
dw 15.4395102012
fridge 28.1969492713
dw 15.4395102012
dr 66.9294258049
dw 15.4395102012
mw 9.09707997968
fridge 28.4809632407
hvac 105.70887171
dr 66.9294258049
fridge 28.4822273947
hvac 105.726355136
dw 15.4395102012
fridge 37.957072023
hvac 242.530863314
mw 9.09746427524
hvac 168.285325848
fridge 82.3774289516
dr 66.9294258049
hvac 168.252174697
fridge 82.456511696
dw 15.4395102012
hvac 327.477238929
fridge 79.5160510987
mw 9.09757031563
dw 15.4395102012
hvac 168.190176602
fridge 82.4126878647
dw 15.4395102012
hvac 167.412126343
dr 66.9294258049
dw 15.4395102012
hvac 370.524020839
mw 9.07177994118
fridge 28.4848535919
hvac 105.686033342
dr 66.9294258049
dw 15.4395102012
fridge 28.5220268572
hvac 113.505330078
dr 66.9294258049
mw 9.08985466081
fridge 28.4848974514
hvac 105.730092635
dw 15.4395102012
dr 66.9294258049
fridge 28.4565799915
hvac 302.970429987
dw 15.4395102012
mw 9.06216592252
fridge 41.3492891968
hvac 273.959900374
mw 9.07895438489
dr 66.9294258049
fridge 28.409071441
hvac 451.059944386
mw 9.09707637439
dw 15.4395102012
fridge 37.6882437848
hvac 423.153312386
dr 66.9294258049
dw 15.4395102012
mw 9.09707779131
fridge 37.8281279876
hvac 293.128438359
dw 15.4395102012
dr 66.9294258049
mw 9.04845673382
fridge 28.4836273466
hvac 177.724080458
dr 66.9294258049
mw 9.08968280487
dw 15.4395102012
fridge 28.4836273466
hvac 177.724080458
dr 66.9294258049
mw 9.08968280487
dw 15.4395102012
THCudaCheck FAIL file=/opt/conda/conda-bld/pytorch_1512386481460/work/torch/lib/THC/generic/THCStorage.cu line=58 error=2 : out of memory
hvac
hvac 870.548352617
{'hvac': 870.54835261663027}
{'hvac': 1048.8101197659335}
fridge
fridge 28.1966426877
{'fridge': 28.196642687672647}
{'hvac': 1048.8101197659335, 'fridge': 340.71857509114278}
dr
dr 66.9294258049
{'dr': 66.929425804880026}
{'hvac': 1048.8101197659335, 'fridge': 340.71857509114278, 'dr': 1048.8100582089096}
dw
dw 15.4395102012
{'dw': 15.43951020120803}
{'hvac': 1048.8101197659335, 'fridge': 340.71857509114278, 'dr': 1048.8100582089096, 'dw': 1048.8099434418109}
mw
mw 9.09707779131
{'mw': 9.0970777913095713}
{'hvac': 1048.8101197659335, 'fridge': 340.71857509114278, 'dr': 1048.8100582089096, 'dw': 1048.8099434418109, 'mw': 1048.8104618795846}
fridge 28.1957145444
hvac 870.548352617
fridge 28.1962829915
dr 66.9294258049
fridge 28.1962578916
dw 15.4395102012
fridge 28.1963468444
mw 9.09707779131
dw 15.4395102012
hvac 870.548352617
dw 15.4395102012
fridge 28.1957412048
dw 15.4395102012
dr 66.9294258049
dw 15.4395102012
mw 9.09707779131
dr 66.9294258049
hvac 870.548352617
dr 66.9294258049
fridge 28.1957412048
dr 66.9294258049
dw 15.4395102012
dr 66.9294258049
mw 9.09707779131
Traceback (most recent call last):
  File "rnn-tree-greedy.py", line 225, in <module>
    new_error = disagg(cell_type, hidden_size, num_layers, bidirectional, lr, num_iterations, p)
  File "rnn-tree-greedy.py", line 184, in disagg
    pred, gt = disagg_fold(cur_fold, cell_type, hidden_size, num_layers, bidirectional, lr, num_iterations, p)
  File "rnn-tree-greedy.py", line 136, in disagg_fold
    pred = a(*params)
  File "/zf14/yj9xs/anaconda3/lib/python3.6/site-packages/torch/nn/modules/module.py", line 325, in __call__
    result = self.forward(*input, **kwargs)
  File "rnn-tree-greedy.py", line 90, in forward
    self.preds[appliance] = getattr(self, "Appliance_" + str(appliance))(agg_current)
  File "/zf14/yj9xs/anaconda3/lib/python3.6/site-packages/torch/nn/modules/module.py", line 325, in __call__
    result = self.forward(*input, **kwargs)
  File "rnn-tree-greedy.py", line 48, in forward
    pred, hidden = self.rnn(x, None)
  File "/zf14/yj9xs/anaconda3/lib/python3.6/site-packages/torch/nn/modules/module.py", line 325, in __call__
    result = self.forward(*input, **kwargs)
  File "/zf14/yj9xs/anaconda3/lib/python3.6/site-packages/torch/nn/modules/rnn.py", line 169, in forward
    output, hidden = func(input, self.all_weights, hx)
  File "/zf14/yj9xs/anaconda3/lib/python3.6/site-packages/torch/nn/_functions/rnn.py", line 385, in forward
    return func(input, *fargs, **fkwargs)
  File "/zf14/yj9xs/anaconda3/lib/python3.6/site-packages/torch/autograd/function.py", line 328, in _do_forward
    flat_output = super(NestedIOFunction, self)._do_forward(*flat_input)
  File "/zf14/yj9xs/anaconda3/lib/python3.6/site-packages/torch/autograd/function.py", line 350, in forward
    result = self.forward_extended(*nested_tensors)
  File "/zf14/yj9xs/anaconda3/lib/python3.6/site-packages/torch/nn/_functions/rnn.py", line 294, in forward_extended
    cudnn.rnn.forward(self, input, hx, weight, output, hy)
  File "/zf14/yj9xs/anaconda3/lib/python3.6/site-packages/torch/backends/cudnn/rnn.py", line 291, in forward
    fn.reserve = torch.cuda.ByteTensor(reserve_size.value)
RuntimeError: cuda runtime error (2) : out of memory at /opt/conda/conda-bld/pytorch_1512386481460/work/torch/lib/THC/generic/THCStorage.cu:58
THCudaCheck FAIL file=/opt/conda/conda-bld/pytorch_1512386481460/work/torch/lib/THC/generic/THCStorage.cu line=58 error=2 : out of memory
hvac
hvac 870.548352617
{'hvac': 870.54835261663027}
{'hvac': 1048.8101197659335}
fridge
fridge 28.1967588353
{'fridge': 28.19675883529532}
{'hvac': 1048.8101197659335, 'fridge': 340.71997857924367}
dr
dr 66.9294258049
{'dr': 66.929425804880026}
{'hvac': 1048.8101197659335, 'fridge': 340.71997857924367, 'dr': 1048.8100582089096}
dw
dw 15.4395102012
{'dw': 15.43951020120803}
{'hvac': 1048.8101197659335, 'fridge': 340.71997857924367, 'dr': 1048.8100582089096, 'dw': 1048.8099434418109}
mw
mw 9.09707779131
{'mw': 9.0970777913095713}
{'hvac': 1048.8101197659335, 'fridge': 340.71997857924367, 'dr': 1048.8100582089096, 'dw': 1048.8099434418109, 'mw': 1048.8104618795846}
fridge 28.1966595269
hvac 870.548352617
fridge 28.1961310756
dr 66.9294258049
fridge 28.1957169081
dw 15.4395102012
fridge 28.1960391765
mw 9.09707779131
dw 15.4395102012
hvac 870.548352617
dw 15.4395102012
fridge 28.1954327297
dw 15.4395102012
dr 66.9294258049
dw 15.4395102012
mw 9.09707779131
dr 66.9294258049
hvac 870.548352617
dr 66.9294258049
fridge 28.1954327297
dr 66.9294258049
dw 15.4395102012
dr 66.9294258049
mw 9.09707779131
Traceback (most recent call last):
  File "rnn-tree-greedy.py", line 225, in <module>
    new_error = disagg(cell_type, hidden_size, num_layers, bidirectional, lr, num_iterations, p)
  File "rnn-tree-greedy.py", line 184, in disagg
    pred, gt = disagg_fold(cur_fold, cell_type, hidden_size, num_layers, bidirectional, lr, num_iterations, p)
  File "rnn-tree-greedy.py", line 136, in disagg_fold
    pred = a(*params)
  File "/zf14/yj9xs/anaconda3/lib/python3.6/site-packages/torch/nn/modules/module.py", line 325, in __call__
    result = self.forward(*input, **kwargs)
  File "rnn-tree-greedy.py", line 90, in forward
    self.preds[appliance] = getattr(self, "Appliance_" + str(appliance))(agg_current)
  File "/zf14/yj9xs/anaconda3/lib/python3.6/site-packages/torch/nn/modules/module.py", line 325, in __call__
    result = self.forward(*input, **kwargs)
  File "rnn-tree-greedy.py", line 48, in forward
    pred, hidden = self.rnn(x, None)
  File "/zf14/yj9xs/anaconda3/lib/python3.6/site-packages/torch/nn/modules/module.py", line 325, in __call__
    result = self.forward(*input, **kwargs)
  File "/zf14/yj9xs/anaconda3/lib/python3.6/site-packages/torch/nn/modules/rnn.py", line 169, in forward
    output, hidden = func(input, self.all_weights, hx)
  File "/zf14/yj9xs/anaconda3/lib/python3.6/site-packages/torch/nn/_functions/rnn.py", line 385, in forward
    return func(input, *fargs, **fkwargs)
  File "/zf14/yj9xs/anaconda3/lib/python3.6/site-packages/torch/autograd/function.py", line 328, in _do_forward
    flat_output = super(NestedIOFunction, self)._do_forward(*flat_input)
  File "/zf14/yj9xs/anaconda3/lib/python3.6/site-packages/torch/autograd/function.py", line 350, in forward
    result = self.forward_extended(*nested_tensors)
  File "/zf14/yj9xs/anaconda3/lib/python3.6/site-packages/torch/nn/_functions/rnn.py", line 294, in forward_extended
    cudnn.rnn.forward(self, input, hx, weight, output, hy)
  File "/zf14/yj9xs/anaconda3/lib/python3.6/site-packages/torch/backends/cudnn/rnn.py", line 291, in forward
    fn.reserve = torch.cuda.ByteTensor(reserve_size.value)
RuntimeError: cuda runtime error (2) : out of memory at /opt/conda/conda-bld/pytorch_1512386481460/work/torch/lib/THC/generic/THCStorage.cu:58
svm-0.sh: line 12: 14755 Terminated              CUDA_VISIBLE_DEVICES=0 python rnn-tree-greedy.py GRU 20 4 True 1 600 0
svm-0.sh: error reading input file: Stale file handle
