nohup: ignoring input
5 4 LSTM 50 2 True 0.01 3000 0.0 ['residual', 'dw', 'mw', 'hvac', 'fridge', 'dr']
5 4 LSTM 50 2 True 0.01 3000 0.0 ['residual', 'dw', 'mw', 'hvac', 'dr', 'fridge']
5 4 LSTM 50 2 True 0.01 3000 0.0 ['residual', 'dw', 'mw', 'fridge', 'hvac', 'dr']
5 4 LSTM 50 2 True 0.01 3000 0.0 ['residual', 'dw', 'mw', 'fridge', 'dr', 'hvac']
5 4 LSTM 50 2 True 0.01 3000 0.0 ['residual', 'dw', 'mw', 'dr', 'hvac', 'fridge']
5 4 LSTM 50 2 True 0.01 3000 0.0 ['residual', 'dw', 'mw', 'dr', 'fridge', 'hvac']
5 4 LSTM 50 2 True 0.01 3000 0.0 ['residual', 'mw', 'hvac', 'fridge', 'dr', 'dw']
5 4 LSTM 50 2 True 0.01 3000 0.0 ['residual', 'mw', 'hvac', 'fridge', 'dw', 'dr']
5 4 LSTM 50 2 True 0.01 3000 0.0 ['residual', 'mw', 'hvac', 'dr', 'fridge', 'dw']
5 4 LSTM 50 2 True 0.01 3000 0.0 ['residual', 'mw', 'hvac', 'dr', 'dw', 'fridge']
5 4 LSTM 50 2 True 0.01 3000 0.0 ['residual', 'mw', 'hvac', 'dw', 'fridge', 'dr']
5 4 LSTM 50 2 True 0.01 3000 0.0 ['residual', 'mw', 'hvac', 'dw', 'dr', 'fridge']
5 4 LSTM 50 2 True 0.01 3000 0.0 ['residual', 'mw', 'fridge', 'hvac', 'dr', 'dw']
5 4 LSTM 50 2 True 0.01 3000 0.0 ['residual', 'mw', 'fridge', 'hvac', 'dw', 'dr']
5 4 LSTM 50 2 True 0.01 3000 0.0 ['residual', 'mw', 'fridge', 'dr', 'hvac', 'dw']
5 4 LSTM 50 2 True 0.01 3000 0.0 ['residual', 'mw', 'fridge', 'dr', 'dw', 'hvac']
5 4 LSTM 50 2 True 0.01 3000 0.0 ['residual', 'mw', 'fridge', 'dw', 'hvac', 'dr']
5 4 LSTM 50 2 True 0.01 3000 0.0 ['residual', 'mw', 'fridge', 'dw', 'dr', 'hvac']
5 4 LSTM 50 2 True 0.01 3000 0.0 ['residual', 'mw', 'dr', 'hvac', 'fridge', 'dw']
5 4 LSTM 50 2 True 0.01 3000 0.0 ['residual', 'mw', 'dr', 'hvac', 'dw', 'fridge']
5 4 LSTM 50 2 True 0.01 3000 0.0 ['residual', 'mw', 'dr', 'fridge', 'hvac', 'dw']
5 4 LSTM 50 2 True 0.01 3000 0.0 ['residual', 'mw', 'dr', 'fridge', 'dw', 'hvac']
5 4 LSTM 50 2 True 0.01 3000 0.0 ['residual', 'mw', 'dr', 'dw', 'hvac', 'fridge']
5 4 LSTM 50 2 True 0.01 3000 0.0 ['residual', 'mw', 'dr', 'dw', 'fridge', 'hvac']
5 4 LSTM 50 2 True 0.01 3000 0.0 ['residual', 'mw', 'dw', 'hvac', 'fridge', 'dr']
5 4 LSTM 50 2 True 0.01 3000 0.0 ['residual', 'mw', 'dw', 'hvac', 'dr', 'fridge']
5 4 LSTM 50 2 True 0.01 3000 0.0 ['residual', 'mw', 'dw', 'fridge', 'hvac', 'dr']
5 4 LSTM 50 2 True 0.01 3000 0.0 ['residual', 'mw', 'dw', 'fridge', 'dr', 'hvac']
5 4 LSTM 50 2 True 0.01 3000 0.0 ['residual', 'mw', 'dw', 'dr', 'hvac', 'fridge']
5 4 LSTM 50 2 True 0.01 3000 0.0 ['residual', 'mw', 'dw', 'dr', 'fridge', 'hvac']
5 2 RNN 50 2 True 0.01 3000 0.0 ['dr', 'mw', 'dw', 'hvac', 'residual', 'fridge']
5 2 RNN 50 2 True 0.01 3000 0.0 ['dr', 'mw', 'dw', 'fridge', 'hvac', 'residual']
5 2 RNN 50 2 True 0.01 3000 0.0 ['dr', 'mw', 'dw', 'fridge', 'residual', 'hvac']
5 2 RNN 50 2 True 0.01 3000 0.0 ['dr', 'mw', 'dw', 'residual', 'hvac', 'fridge']
5 2 RNN 50 2 True 0.01 3000 0.0 ['dr', 'mw', 'dw', 'residual', 'fridge', 'hvac']
5 2 RNN 50 2 True 0.01 3000 0.0 ['dr', 'mw', 'residual', 'hvac', 'fridge', 'dw']
5 2 RNN 50 2 True 0.01 3000 0.0 ['dr', 'mw', 'residual', 'hvac', 'dw', 'fridge']
5 2 RNN 50 2 True 0.01 3000 0.0 ['dr', 'mw', 'residual', 'fridge', 'hvac', 'dw']
5 2 RNN 50 2 True 0.01 3000 0.0 ['dr', 'mw', 'residual', 'fridge', 'dw', 'hvac']
5 2 RNN 50 2 True 0.01 3000 0.0 ['dr', 'mw', 'residual', 'dw', 'hvac', 'fridge']
5 2 RNN 50 2 True 0.01 3000 0.0 ['dr', 'mw', 'residual', 'dw', 'fridge', 'hvac']
5 2 RNN 50 2 True 0.01 3000 0.0 ['dr', 'residual', 'hvac', 'fridge', 'dw', 'mw']
5 2 RNN 50 2 True 0.01 3000 0.0 ['dr', 'residual', 'hvac', 'fridge', 'mw', 'dw']
5 2 RNN 50 2 True 0.01 3000 0.0 ['dr', 'residual', 'hvac', 'dw', 'fridge', 'mw']
5 2 RNN 50 2 True 0.01 3000 0.0 ['dr', 'residual', 'hvac', 'dw', 'mw', 'fridge']
5 2 RNN 50 2 True 0.01 3000 0.0 ['dr', 'residual', 'hvac', 'mw', 'fridge', 'dw']
5 2 RNN 50 2 True 0.01 3000 0.0 ['dr', 'residual', 'hvac', 'mw', 'dw', 'fridge']
5 2 RNN 50 2 True 0.01 3000 0.0 ['dr', 'residual', 'fridge', 'hvac', 'dw', 'mw']
5 2 RNN 50 2 True 0.01 3000 0.0 ['dr', 'residual', 'fridge', 'hvac', 'mw', 'dw']
5 2 RNN 50 2 True 0.01 3000 0.0 ['dr', 'residual', 'fridge', 'dw', 'hvac', 'mw']
5 2 RNN 50 2 True 0.01 3000 0.0 ['dr', 'residual', 'fridge', 'dw', 'mw', 'hvac']
5 2 RNN 50 2 True 0.01 3000 0.0 ['dr', 'residual', 'fridge', 'mw', 'hvac', 'dw']
5 2 RNN 50 2 True 0.01 3000 0.0 ['dr', 'residual', 'fridge', 'mw', 'dw', 'hvac']
5 2 RNN 50 2 True 0.01 3000 0.0 ['dr', 'residual', 'dw', 'hvac', 'fridge', 'mw']
5 2 RNN 50 2 True 0.01 3000 0.0 ['dr', 'residual', 'dw', 'hvac', 'mw', 'fridge']
5 2 RNN 50 2 True 0.01 3000 0.0 ['dr', 'residual', 'dw', 'fridge', 'hvac', 'mw']
5 2 RNN 50 2 True 0.01 3000 0.0 ['dr', 'residual', 'dw', 'fridge', 'mw', 'hvac']
5 2 RNN 50 2 True 0.01 3000 0.0 ['dr', 'residual', 'dw', 'mw', 'hvac', 'fridge']
5 2 RNN 50 2 True 0.01 3000 0.0 ['dr', 'residual', 'dw', 'mw', 'fridge', 'hvac']
5 2 RNN 50 2 True 0.01 3000 0.0 ['dr', 'residual', 'mw', 'hvac', 'fridge', 'dw']
5 2 RNN 50 2 True 0.01 3000 0.0 ['dr', 'residual', 'mw', 'hvac', 'dw', 'fridge']
5 2 RNN 50 2 True 0.01 3000 0.0 ['dr', 'residual', 'mw', 'fridge', 'hvac', 'dw']
5 2 RNN 50 2 True 0.01 3000 0.0 ['dr', 'residual', 'mw', 'fridge', 'dw', 'hvac']
5 2 RNN 50 2 True 0.01 3000 0.0 ['dr', 'residual', 'mw', 'dw', 'hvac', 'fridge']
5 2 RNN 50 2 True 0.01 3000 0.0 ['dr', 'residual', 'mw', 'dw', 'fridge', 'hvac']
5 2 RNN 50 2 True 0.01 3000 0.0 ['dw', 'hvac', 'fridge', 'dr', 'mw', 'residual']
5 2 RNN 50 2 True 0.01 3000 0.0 ['dw', 'hvac', 'fridge', 'dr', 'residual', 'mw']
5 2 RNN 50 2 True 0.01 3000 0.0 ['dw', 'hvac', 'fridge', 'mw', 'dr', 'residual']
5 2 RNN 50 2 True 0.01 3000 0.0 ['dw', 'hvac', 'fridge', 'mw', 'residual', 'dr']
5 2 RNN 50 2 True 0.01 3000 0.0 ['dw', 'hvac', 'fridge', 'residual', 'dr', 'mw']
5 2 RNN 50 2 True 0.01 3000 0.0 ['dw', 'hvac', 'fridge', 'residual', 'mw', 'dr']
5 2 RNN 50 2 True 0.01 3000 0.0 ['dw', 'hvac', 'dr', 'fridge', 'mw', 'residual']
5 2 RNN 50 2 True 0.01 3000 0.0 ['dw', 'hvac', 'dr', 'fridge', 'residual', 'mw']
5 2 RNN 50 2 True 0.01 3000 0.0 ['dw', 'hvac', 'dr', 'mw', 'fridge', 'residual']
5 2 RNN 50 2 True 0.01 3000 0.0 ['dw', 'hvac', 'dr', 'mw', 'residual', 'fridge']
5 2 RNN 50 2 True 0.01 3000 0.0 ['dw', 'hvac', 'dr', 'residual', 'fridge', 'mw']
5 2 RNN 50 2 True 0.01 3000 0.0 ['dw', 'hvac', 'dr', 'residual', 'mw', 'fridge']
5 2 RNN 50 2 True 0.01 3000 0.0 ['dw', 'hvac', 'mw', 'fridge', 'dr', 'residual']
5 2 RNN 50 2 True 0.01 3000 0.0 ['dw', 'hvac', 'mw', 'fridge', 'residual', 'dr']
5 2 RNN 50 2 True 0.01 3000 0.0 ['dw', 'hvac', 'mw', 'dr', 'fridge', 'residual']
5 2 RNN 50 2 True 0.01 3000 0.0 ['dw', 'hvac', 'mw', 'dr', 'residual', 'fridge']
5 2 RNN 50 2 True 0.01 3000 0.0 ['dw', 'hvac', 'mw', 'residual', 'fridge', 'dr']
5 2 RNN 50 2 True 0.01 3000 0.0 ['dw', 'hvac', 'mw', 'residual', 'dr', 'fridge']
5 2 RNN 50 2 True 0.01 3000 0.0 ['dw', 'hvac', 'residual', 'fridge', 'dr', 'mw']
5 2 RNN 50 2 True 0.01 3000 0.0 ['dw', 'hvac', 'residual', 'fridge', 'mw', 'dr']
5 2 RNN 50 2 True 0.01 3000 0.0 ['dw', 'hvac', 'residual', 'dr', 'fridge', 'mw']
5 2 RNN 50 2 True 0.01 3000 0.0 ['dw', 'hvac', 'residual', 'dr', 'mw', 'fridge']
5 2 RNN 50 2 True 0.01 3000 0.0 ['dw', 'hvac', 'residual', 'mw', 'fridge', 'dr']
5 2 RNN 50 2 True 0.01 3000 0.0 ['dw', 'hvac', 'residual', 'mw', 'dr', 'fridge']
5 2 RNN 50 2 True 0.01 3000 0.0 ['dw', 'fridge', 'hvac', 'dr', 'mw', 'residual']
5 2 RNN 50 2 True 0.01 3000 0.0 ['dw', 'fridge', 'hvac', 'dr', 'residual', 'mw']
5 2 RNN 50 2 True 0.01 3000 0.0 ['dw', 'fridge', 'hvac', 'mw', 'dr', 'residual']
5 2 RNN 50 2 True 0.01 3000 0.0 ['dw', 'fridge', 'hvac', 'mw', 'residual', 'dr']
5 2 RNN 50 2 True 0.01 3000 0.0 ['dw', 'fridge', 'hvac', 'residual', 'dr', 'mw']
5 2 RNN 50 2 True 0.01 3000 0.0 ['dw', 'fridge', 'hvac', 'residual', 'mw', 'dr']
5 2 RNN 50 2 True 0.01 3000 0.0 ['dw', 'fridge', 'dr', 'hvac', 'mw', 'residual']
5 2 RNN 50 2 True 0.01 3000 0.0 ['dw', 'fridge', 'dr', 'hvac', 'residual', 'mw']
5 2 RNN 50 2 True 0.01 3000 0.0 ['dw', 'fridge', 'dr', 'mw', 'hvac', 'residual']
5 2 RNN 50 2 True 0.01 3000 0.0 ['dw', 'fridge', 'dr', 'mw', 'residual', 'hvac']
5 2 RNN 50 2 True 0.01 3000 0.0 ['dw', 'fridge', 'dr', 'residual', 'hvac', 'mw']
